Command line invocation:
    /Applications/Xcode.app/Contents/Developer/usr/bin/xcodebuild build -project ZhiYu.xcodeproj -scheme ZhiYu -destination "generic/platform=iOS Simulator" CODE_SIGNING_ALLOWED=NO CODE_SIGNING_REQUIRED=NO

Build settings from command line:
    CODE_SIGNING_ALLOWED = NO
    CODE_SIGNING_REQUIRED = NO

Resolve Package Graph


Resolved source packages:
  swift-custom-dump: https://github.com/pointfreeco/swift-custom-dump @ 1.5.0
  GRDB: https://github.com/groue/GRDB.swift.git @ 6.29.3
  swift-syntax: https://github.com/swiftlang/swift-syntax @ 603.0.1
  xctest-dynamic-overlay: https://github.com/pointfreeco/xctest-dynamic-overlay @ 1.9.0
  swift-snapshot-testing: https://github.com/pointfreeco/swift-snapshot-testing @ 1.19.2

ComputePackagePrebuildTargetDependencyGraph

Prepare packages

CreateBuildRequest

SendProjectDescription

CreateBuildOperation

ComputeTargetDependencyGraph
note: Building targets in dependency order
note: Target dependency graph (5 targets)
    Target 'ZhiYu' in project 'ZhiYu'
        ➜ Explicit dependency on target 'GRDB' in project 'GRDB'
    Target 'GRDB' in project 'GRDB'
        ➜ Explicit dependency on target 'GRDB' in project 'GRDB'
        ➜ Explicit dependency on target 'GRDB_GRDB' in project 'GRDB'
    Target 'GRDB' in project 'GRDB'
        ➜ Explicit dependency on target 'GRDB_GRDB' in project 'GRDB'
        ➜ Explicit dependency on target 'CSQLite' in project 'GRDB'
    Target 'CSQLite' in project 'GRDB' (no dependencies)
    Target 'GRDB_GRDB' in project 'GRDB' (no dependencies)

GatherProvisioningInputs

CreateBuildDescription

ClangStatCache /Applications/Xcode.app/Contents/Developer/Toolchains/XcodeDefault.xctoolchain/usr/bin/clang-stat-cache /Applications/Xcode.app/Contents/Developer/Platforms/iPhoneSimulator.platform/Developer/SDKs/iPhoneSimulator26.4.sdk /Users/constantine/Library/Developer/Xcode/DerivedData/SDKStatCaches.noindex/iphonesimulator26.4-23E252-686eebb5dc1d8ecb277353a59184f4aa.sdkstatcache
    cd /Users/constantine/Documents/work/code/projects/km/ZhiYu.xcodeproj
    /Applications/Xcode.app/Contents/Developer/Toolchains/XcodeDefault.xctoolchain/usr/bin/clang-stat-cache /Applications/Xcode.app/Contents/Developer/Platforms/iPhoneSimulator.platform/Developer/SDKs/iPhoneSimulator26.4.sdk -o /Users/constantine/Library/Developer/Xcode/DerivedData/SDKStatCaches.noindex/iphonesimulator26.4-23E252-686eebb5dc1d8ecb277353a59184f4aa.sdkstatcache

SwiftDriver ZhiYu normal x86_64 com.apple.xcode.tools.swift.compiler (in target 'ZhiYu' from project 'ZhiYu')
    cd /Users/constantine/Documents/work/code/projects/km
    builtin-SwiftDriver -- /Applications/Xcode.app/Contents/Developer/Toolchains/XcodeDefault.xctoolchain/usr/bin/swiftc -module-name ZhiYu -Onone @/Users/constantine/Library/Developer/Xcode/DerivedData/ZhiYu-arnaztqmwbdqkgbazlegjwdymhsp/Build/Intermediates.noindex/ZhiYu.build/Debug-iphonesimulator/ZhiYu.build/Objects-normal/x86_64/ZhiYu.SwiftFileList -DDEBUG -Xcc -fmodule-map-file\=/Users/constantine/Library/Developer/Xcode/DerivedData/ZhiYu-arnaztqmwbdqkgbazlegjwdymhsp/SourcePackages/checkouts/GRDB.swift/Sources/CSQLite/module.modulemap -enable-upcoming-feature StrictConcurrency -enable-bare-slash-regex -enable-experimental-feature DebugDescriptionMacro -sdk /Applications/Xcode.app/Contents/Developer/Platforms/iPhoneSimulator.platform/Developer/SDKs/iPhoneSimulator26.4.sdk -target x86_64-apple-ios17.0-simulator -g -module-cache-path /Users/constantine/Library/Developer/Xcode/DerivedData/ModuleCache.noindex -Xfrontend -serialize-debugging-options -enable-testing -index-store-path /Users/constantine/Library/Developer/Xcode/DerivedData/ZhiYu-arnaztqmwbdqkgbazlegjwdymhsp/Index.noindex/DataStore -Xcc -D_LIBCPP_HARDENING_MODE\=_LIBCPP_HARDENING_MODE_DEBUG -swift-version 5 -I /Users/constantine/Library/Developer/Xcode/DerivedData/ZhiYu-arnaztqmwbdqkgbazlegjwdymhsp/Build/Products/Debug-iphonesimulator -F /Users/constantine/Library/Developer/Xcode/DerivedData/ZhiYu-arnaztqmwbdqkgbazlegjwdymhsp/Build/Products/Debug-iphonesimulator/PackageFrameworks -F /Users/constantine/Library/Developer/Xcode/DerivedData/ZhiYu-arnaztqmwbdqkgbazlegjwdymhsp/Build/Products/Debug-iphonesimulator -c -j18 -enable-batch-mode -incremental -Xcc -ivfsstatcache -Xcc /Users/constantine/Library/Developer/Xcode/DerivedData/SDKStatCaches.noindex/iphonesimulator26.4-23E252-686eebb5dc1d8ecb277353a59184f4aa.sdkstatcache -output-file-map /Users/constantine/Library/Developer/Xcode/DerivedData/ZhiYu-arnaztqmwbdqkgbazlegjwdymhsp/Build/Intermediates.noindex/ZhiYu.build/Debug-iphonesimulator/ZhiYu.build/Objects-normal/x86_64/ZhiYu-OutputFileMap.json -use-frontend-parseable-output -save-temps -no-color-diagnostics -explicit-module-build -module-cache-path /Users/constantine/Library/Developer/Xcode/DerivedData/ZhiYu-arnaztqmwbdqkgbazlegjwdymhsp/Build/Intermediates.noindex/SwiftExplicitPrecompiledModules -clang-scanner-module-cache-path /Users/constantine/Library/Developer/Xcode/DerivedData/ModuleCache.noindex -sdk-module-cache-path /Users/constantine/Library/Developer/Xcode/DerivedData/ModuleCache.noindex -serialize-diagnostics -emit-dependencies -emit-module -emit-module-path /Users/constantine/Library/Developer/Xcode/DerivedData/ZhiYu-arnaztqmwbdqkgbazlegjwdymhsp/Build/Intermediates.noindex/ZhiYu.build/Debug-iphonesimulator/ZhiYu.build/Objects-normal/x86_64/ZhiYu.swiftmodule -validate-clang-modules-once -clang-build-session-file /Users/constantine/Library/Developer/Xcode/DerivedData/ModuleCache.noindex/Session.modulevalidation -Xcc -I/Users/constantine/Library/Developer/Xcode/DerivedData/ZhiYu-arnaztqmwbdqkgbazlegjwdymhsp/Build/Intermediates.noindex/ZhiYu.build/Debug-iphonesimulator/ZhiYu.build/swift-overrides.hmap -emit-const-values -Xfrontend -const-gather-protocols-file -Xfrontend /Users/constantine/Library/Developer/Xcode/DerivedData/ZhiYu-arnaztqmwbdqkgbazlegjwdymhsp/Build/Intermediates.noindex/ZhiYu.build/Debug-iphonesimulator/ZhiYu.build/Objects-normal/x86_64/ZhiYu_const_extract_protocols.json -Xcc -iquote -Xcc /Users/constantine/Library/Developer/Xcode/DerivedData/ZhiYu-arnaztqmwbdqkgbazlegjwdymhsp/Build/Intermediates.noindex/ZhiYu.build/Debug-iphonesimulator/ZhiYu.build/ZhiYu-generated-files.hmap -Xcc -I/Users/constantine/Library/Developer/Xcode/DerivedData/ZhiYu-arnaztqmwbdqkgbazlegjwdymhsp/Build/Intermediates.noindex/ZhiYu.build/Debug-iphonesimulator/ZhiYu.build/ZhiYu-own-target-headers.hmap -Xcc -I/Users/constantine/Library/Developer/Xcode/DerivedData/ZhiYu-arnaztqmwbdqkgbazlegjwdymhsp/Build/Intermediates.noindex/ZhiYu.build/Debug-iphonesimulator/ZhiYu.build/ZhiYu-all-non-framework-target-headers.hmap -Xcc -ivfsoverlay -Xcc /Users/constantine/Library/Developer/Xcode/DerivedData/ZhiYu-arnaztqmwbdqkgbazlegjwdymhsp/Build/Intermediates.noindex/ZhiYu.build/Debug-iphonesimulator/ZhiYu-48e36c608b438f24ac5a43fe091185d1-VFS-iphonesimulator/all-product-headers.yaml -Xcc -iquote -Xcc /Users/constantine/Library/Developer/Xcode/DerivedData/ZhiYu-arnaztqmwbdqkgbazlegjwdymhsp/Build/Intermediates.noindex/ZhiYu.build/Debug-iphonesimulator/ZhiYu.build/ZhiYu-project-headers.hmap -Xcc -I/Users/constantine/Library/Developer/Xcode/DerivedData/ZhiYu-arnaztqmwbdqkgbazlegjwdymhsp/Build/Products/Debug-iphonesimulator/include -Xcc -I/Users/constantine/Library/Developer/Xcode/DerivedData/ZhiYu-arnaztqmwbdqkgbazlegjwdymhsp/Build/Intermediates.noindex/ZhiYu.build/Debug-iphonesimulator/ZhiYu.build/DerivedSources-normal/x86_64 -Xcc -I/Users/constantine/Library/Developer/Xcode/DerivedData/ZhiYu-arnaztqmwbdqkgbazlegjwdymhsp/Build/Intermediates.noindex/ZhiYu.build/Debug-iphonesimulator/ZhiYu.build/DerivedSources/x86_64 -Xcc -I/Users/constantine/Library/Developer/Xcode/DerivedData/ZhiYu-arnaztqmwbdqkgbazlegjwdymhsp/Build/Intermediates.noindex/ZhiYu.build/Debug-iphonesimulator/ZhiYu.build/DerivedSources -Xcc -DDEBUG\=1 -emit-objc-header -emit-objc-header-path /Users/constantine/Library/Developer/Xcode/DerivedData/ZhiYu-arnaztqmwbdqkgbazlegjwdymhsp/Build/Intermediates.noindex/ZhiYu.build/Debug-iphonesimulator/ZhiYu.build/Objects-normal/x86_64/ZhiYu-Swift.h -working-directory /Users/constantine/Documents/work/code/projects/km -experimental-emit-module-separately -disable-cmo

SwiftDriver ZhiYu normal arm64 com.apple.xcode.tools.swift.compiler (in target 'ZhiYu' from project 'ZhiYu')
    cd /Users/constantine/Documents/work/code/projects/km
    builtin-SwiftDriver -- /Applications/Xcode.app/Contents/Developer/Toolchains/XcodeDefault.xctoolchain/usr/bin/swiftc -module-name ZhiYu -Onone @/Users/constantine/Library/Developer/Xcode/DerivedData/ZhiYu-arnaztqmwbdqkgbazlegjwdymhsp/Build/Intermediates.noindex/ZhiYu.build/Debug-iphonesimulator/ZhiYu.build/Objects-normal/arm64/ZhiYu.SwiftFileList -DDEBUG -Xcc -fmodule-map-file\=/Users/constantine/Library/Developer/Xcode/DerivedData/ZhiYu-arnaztqmwbdqkgbazlegjwdymhsp/SourcePackages/checkouts/GRDB.swift/Sources/CSQLite/module.modulemap -enable-upcoming-feature StrictConcurrency -enable-bare-slash-regex -enable-experimental-feature DebugDescriptionMacro -sdk /Applications/Xcode.app/Contents/Developer/Platforms/iPhoneSimulator.platform/Developer/SDKs/iPhoneSimulator26.4.sdk -target arm64-apple-ios17.0-simulator -g -module-cache-path /Users/constantine/Library/Developer/Xcode/DerivedData/ModuleCache.noindex -Xfrontend -serialize-debugging-options -enable-testing -index-store-path /Users/constantine/Library/Developer/Xcode/DerivedData/ZhiYu-arnaztqmwbdqkgbazlegjwdymhsp/Index.noindex/DataStore -Xcc -D_LIBCPP_HARDENING_MODE\=_LIBCPP_HARDENING_MODE_DEBUG -swift-version 5 -I /Users/constantine/Library/Developer/Xcode/DerivedData/ZhiYu-arnaztqmwbdqkgbazlegjwdymhsp/Build/Products/Debug-iphonesimulator -F /Users/constantine/Library/Developer/Xcode/DerivedData/ZhiYu-arnaztqmwbdqkgbazlegjwdymhsp/Build/Products/Debug-iphonesimulator/PackageFrameworks -F /Users/constantine/Library/Developer/Xcode/DerivedData/ZhiYu-arnaztqmwbdqkgbazlegjwdymhsp/Build/Products/Debug-iphonesimulator -c -j18 -enable-batch-mode -incremental -Xcc -ivfsstatcache -Xcc /Users/constantine/Library/Developer/Xcode/DerivedData/SDKStatCaches.noindex/iphonesimulator26.4-23E252-686eebb5dc1d8ecb277353a59184f4aa.sdkstatcache -output-file-map /Users/constantine/Library/Developer/Xcode/DerivedData/ZhiYu-arnaztqmwbdqkgbazlegjwdymhsp/Build/Intermediates.noindex/ZhiYu.build/Debug-iphonesimulator/ZhiYu.build/Objects-normal/arm64/ZhiYu-OutputFileMap.json -use-frontend-parseable-output -save-temps -no-color-diagnostics -explicit-module-build -module-cache-path /Users/constantine/Library/Developer/Xcode/DerivedData/ZhiYu-arnaztqmwbdqkgbazlegjwdymhsp/Build/Intermediates.noindex/SwiftExplicitPrecompiledModules -clang-scanner-module-cache-path /Users/constantine/Library/Developer/Xcode/DerivedData/ModuleCache.noindex -sdk-module-cache-path /Users/constantine/Library/Developer/Xcode/DerivedData/ModuleCache.noindex -serialize-diagnostics -emit-dependencies -emit-module -emit-module-path /Users/constantine/Library/Developer/Xcode/DerivedData/ZhiYu-arnaztqmwbdqkgbazlegjwdymhsp/Build/Intermediates.noindex/ZhiYu.build/Debug-iphonesimulator/ZhiYu.build/Objects-normal/arm64/ZhiYu.swiftmodule -validate-clang-modules-once -clang-build-session-file /Users/constantine/Library/Developer/Xcode/DerivedData/ModuleCache.noindex/Session.modulevalidation -Xcc -I/Users/constantine/Library/Developer/Xcode/DerivedData/ZhiYu-arnaztqmwbdqkgbazlegjwdymhsp/Build/Intermediates.noindex/ZhiYu.build/Debug-iphonesimulator/ZhiYu.build/swift-overrides.hmap -emit-const-values -Xfrontend -const-gather-protocols-file -Xfrontend /Users/constantine/Library/Developer/Xcode/DerivedData/ZhiYu-arnaztqmwbdqkgbazlegjwdymhsp/Build/Intermediates.noindex/ZhiYu.build/Debug-iphonesimulator/ZhiYu.build/Objects-normal/arm64/ZhiYu_const_extract_protocols.json -Xcc -iquote -Xcc /Users/constantine/Library/Developer/Xcode/DerivedData/ZhiYu-arnaztqmwbdqkgbazlegjwdymhsp/Build/Intermediates.noindex/ZhiYu.build/Debug-iphonesimulator/ZhiYu.build/ZhiYu-generated-files.hmap -Xcc -I/Users/constantine/Library/Developer/Xcode/DerivedData/ZhiYu-arnaztqmwbdqkgbazlegjwdymhsp/Build/Intermediates.noindex/ZhiYu.build/Debug-iphonesimulator/ZhiYu.build/ZhiYu-own-target-headers.hmap -Xcc -I/Users/constantine/Library/Developer/Xcode/DerivedData/ZhiYu-arnaztqmwbdqkgbazlegjwdymhsp/Build/Intermediates.noindex/ZhiYu.build/Debug-iphonesimulator/ZhiYu.build/ZhiYu-all-non-framework-target-headers.hmap -Xcc -ivfsoverlay -Xcc /Users/constantine/Library/Developer/Xcode/DerivedData/ZhiYu-arnaztqmwbdqkgbazlegjwdymhsp/Build/Intermediates.noindex/ZhiYu.build/Debug-iphonesimulator/ZhiYu-48e36c608b438f24ac5a43fe091185d1-VFS-iphonesimulator/all-product-headers.yaml -Xcc -iquote -Xcc /Users/constantine/Library/Developer/Xcode/DerivedData/ZhiYu-arnaztqmwbdqkgbazlegjwdymhsp/Build/Intermediates.noindex/ZhiYu.build/Debug-iphonesimulator/ZhiYu.build/ZhiYu-project-headers.hmap -Xcc -I/Users/constantine/Library/Developer/Xcode/DerivedData/ZhiYu-arnaztqmwbdqkgbazlegjwdymhsp/Build/Products/Debug-iphonesimulator/include -Xcc -I/Users/constantine/Library/Developer/Xcode/DerivedData/ZhiYu-arnaztqmwbdqkgbazlegjwdymhsp/Build/Intermediates.noindex/ZhiYu.build/Debug-iphonesimulator/ZhiYu.build/DerivedSources-normal/arm64 -Xcc -I/Users/constantine/Library/Developer/Xcode/DerivedData/ZhiYu-arnaztqmwbdqkgbazlegjwdymhsp/Build/Intermediates.noindex/ZhiYu.build/Debug-iphonesimulator/ZhiYu.build/DerivedSources/arm64 -Xcc -I/Users/constantine/Library/Developer/Xcode/DerivedData/ZhiYu-arnaztqmwbdqkgbazlegjwdymhsp/Build/Intermediates.noindex/ZhiYu.build/Debug-iphonesimulator/ZhiYu.build/DerivedSources -Xcc -DDEBUG\=1 -emit-objc-header -emit-objc-header-path /Users/constantine/Library/Developer/Xcode/DerivedData/ZhiYu-arnaztqmwbdqkgbazlegjwdymhsp/Build/Intermediates.noindex/ZhiYu.build/Debug-iphonesimulator/ZhiYu.build/Objects-normal/arm64/ZhiYu-Swift.h -working-directory /Users/constantine/Documents/work/code/projects/km -experimental-emit-module-separately -disable-cmo

SwiftCompile normal arm64 Compiling\ AppCardComponents.swift,\ BacklinksView.swift /Users/constantine/Documents/work/code/projects/km/Sources/Shared/Views/Components/AppCardComponents.swift /Users/constantine/Documents/work/code/projects/km/Sources/Shared/Views/Pages/BacklinksView.swift (in target 'ZhiYu' from project 'ZhiYu')

SwiftCompile normal arm64 /Users/constantine/Documents/work/code/projects/km/Sources/Shared/Views/Components/AppCardComponents.swift (in target 'ZhiYu' from project 'ZhiYu')
    cd /Users/constantine/Documents/work/code/projects/km
    

SwiftCompile normal arm64 /Users/constantine/Documents/work/code/projects/km/Sources/Shared/Views/Pages/BacklinksView.swift (in target 'ZhiYu' from project 'ZhiYu')
    cd /Users/constantine/Documents/work/code/projects/km
    

SwiftCompile normal arm64 Compiling\ Graph3DView.swift,\ GraphComponents.swift /Users/constantine/Documents/work/code/projects/km/Sources/Shared/Views/Features/Graph3DView.swift /Users/constantine/Documents/work/code/projects/km/Sources/Shared/Views/Components/GraphComponents.swift (in target 'ZhiYu' from project 'ZhiYu')
SwiftCompile normal arm64 /Users/constantine/Documents/work/code/projects/km/Sources/Shared/Views/Features/Graph3DView.swift (in target 'ZhiYu' from project 'ZhiYu')
    cd /Users/constantine/Documents/work/code/projects/km
    

SwiftCompile normal arm64 /Users/constantine/Documents/work/code/projects/km/Sources/Shared/Views/Components/GraphComponents.swift (in target 'ZhiYu' from project 'ZhiYu')
    cd /Users/constantine/Documents/work/code/projects/km
    

SwiftCompile normal arm64 Compiling\ ChatComponents.swift,\ CreatePageView.swift /Users/constantine/Documents/work/code/projects/km/Sources/Shared/Views/Components/ChatComponents.swift /Users/constantine/Documents/work/code/projects/km/Sources/Shared/Views/Pages/CreatePageView.swift (in target 'ZhiYu' from project 'ZhiYu')

SwiftCompile normal arm64 /Users/constantine/Documents/work/code/projects/km/Sources/Shared/Views/Components/ChatComponents.swift (in target 'ZhiYu' from project 'ZhiYu')
    cd /Users/constantine/Documents/work/code/projects/km
    

SwiftCompile normal arm64 /Users/constantine/Documents/work/code/projects/km/Sources/Shared/Views/Pages/CreatePageView.swift (in target 'ZhiYu' from project 'ZhiYu')
    cd /Users/constantine/Documents/work/code/projects/km
    

SwiftCompile normal arm64 Compiling\ IngestView.swift,\ IngestViewComponents.swift /Users/constantine/Documents/work/code/projects/km/Sources/Shared/Views/Features/IngestView.swift /Users/constantine/Documents/work/code/projects/km/Sources/Shared/Views/Components/IngestViewComponents.swift (in target 'ZhiYu' from project 'ZhiYu')
Failed frontend command:
/Applications/Xcode.app/Contents/Developer/Toolchains/XcodeDefault.xctoolchain/usr/bin/swift-frontend -frontend -c -filelist /Users/constantine/Library/Developer/Xcode/DerivedData/ZhiYu-arnaztqmwbdqkgbazlegjwdymhsp/Build/Intermediates.noindex/ZhiYu.build/Debug-iphonesimulator/ZhiYu.build/Objects-normal/arm64/sources-1 -primary-file /Users/constantine/Documents/work/code/projects/km/Sources/Shared/Views/Features/IngestView.swift -primary-file /Users/constantine/Documents/work/code/projects/km/Sources/Shared/Views/Components/IngestViewComponents.swift -emit-dependencies-path /Users/constantine/Library/Developer/Xcode/DerivedData/ZhiYu-arnaztqmwbdqkgbazlegjwdymhsp/Build/Intermediates.noindex/ZhiYu.build/Debug-iphonesimulator/ZhiYu.build/Objects-normal/arm64/IngestView.d -emit-const-values-path /Users/constantine/Library/Developer/Xcode/DerivedData/ZhiYu-arnaztqmwbdqkgbazlegjwdymhsp/Build/Intermediates.noindex/ZhiYu.build/Debug-iphonesimulator/ZhiYu.build/Objects-normal/arm64/IngestView.swiftconstvalues -emit-reference-dependencies-path /Users/constantine/Library/Developer/Xcode/DerivedData/ZhiYu-arnaztqmwbdqkgbazlegjwdymhsp/Build/Intermediates.noindex/ZhiYu.build/Debug-iphonesimulator/ZhiYu.build/Objects-normal/arm64/IngestView.swiftdeps -serialize-diagnostics-path /Users/constantine/Library/Developer/Xcode/DerivedData/ZhiYu-arnaztqmwbdqkgbazlegjwdymhsp/Build/Intermediates.noindex/ZhiYu.build/Debug-iphonesimulator/ZhiYu.build/Objects-normal/arm64/IngestView.dia -emit-dependencies-path /Users/constantine/Library/Developer/Xcode/DerivedData/ZhiYu-arnaztqmwbdqkgbazlegjwdymhsp/Build/Intermediates.noindex/ZhiYu.build/Debug-iphonesimulator/ZhiYu.build/Objects-normal/arm64/IngestViewComponents.d -emit-const-values-path /Users/constantine/Library/Developer/Xcode/DerivedData/ZhiYu-arnaztqmwbdqkgbazlegjwdymhsp/Build/Intermediates.noindex/ZhiYu.build/Debug-iphonesimulator/ZhiYu.build/Objects-normal/arm64/IngestViewComponents.swiftconstvalues -emit-reference-dependencies-path /Users/constantine/Library/Developer/Xcode/DerivedData/ZhiYu-arnaztqmwbdqkgbazlegjwdymhsp/Build/Intermediates.noindex/ZhiYu.build/Debug-iphonesimulator/ZhiYu.build/Objects-normal/arm64/IngestViewComponents.swiftdeps -serialize-diagnostics-path /Users/constantine/Library/Developer/Xcode/DerivedData/ZhiYu-arnaztqmwbdqkgbazlegjwdymhsp/Build/Intermediates.noindex/ZhiYu.build/Debug-iphonesimulator/ZhiYu.build/Objects-normal/arm64/IngestViewComponents.dia -target arm64-apple-ios17.0-simulator -module-can-import-version DeveloperToolsSupport 23.40.26 23.40.26 -module-can-import MachO -module-can-import-version UIKit 9126.4.27.1 9126.4.27 -module-can-import-version WatchConnectivity 222.0.0 222.0.0 -disable-cross-import-overlay-search -swift-module-cross-import AppIntents /Applications/Xcode.app/Contents/Developer/Platforms/iPhoneSimulator.platform/Developer/SDKs/iPhoneSimulator.sdk/System/Library/Frameworks/AppIntents.framework/Modules/AppIntents.swiftcrossimport/SwiftUI.swiftoverlay -swift-module-cross-import AppIntents /Applications/Xcode.app/Contents/Developer/Platforms/iPhoneSimulator.platform/Developer/SDKs/iPhoneSimulator.sdk/System/Library/Frameworks/AppIntents.framework/Modules/AppIntents.swiftcrossimport/UIKit.swiftoverlay -swift-module-cross-import AppIntents /Applications/Xcode.app/Contents/Developer/Platforms/iPhoneSimulator.platform/Developer/SDKs/iPhoneSimulator26.4.sdk/System/Library/Frameworks/AppIntents.framework/Modules/AppIntents.swiftcrossimport/SwiftUI.swiftoverlay -swift-module-cross-import AppIntents /Applications/Xcode.app/Contents/Developer/Platforms/iPhoneSimulator.platform/Developer/SDKs/iPhoneSimulator26.4.sdk/System/Library/Frameworks/AppIntents.framework/Modules/AppIntents.swiftcrossimport/UIKit.swiftoverlay -swift-module-cross-import PhotosUI /Applications/Xcode.app/Contents/Developer/Platforms/iPhoneSimulator.platform/Developer/SDKs/iPhoneSimulator.sdk/System/Library/Frameworks/PhotosUI.framework/Modules/PhotosUI.swiftcrossimport/SwiftUI.swiftoverlay -swift-module-cross-import PhotosUI /Applications/Xcode.app/Contents/Developer/Platforms/iPhoneSimulator.platform/Developer/SDKs/iPhoneSimulator.sdk/System/Library/Frameworks/PhotosUI.framework/Modules/PhotosUI.swiftcrossimport/WidgetKit.swiftoverlay -swift-module-cross-import PhotosUI /Applications/Xcode.app/Contents/Developer/Platforms/iPhoneSimulator.platform/Developer/SDKs/iPhoneSimulator26.4.sdk/System/Library/Frameworks/PhotosUI.framework/Modules/PhotosUI.swiftcrossimport/SwiftUI.swiftoverlay -swift-module-cross-import PhotosUI /Applications/Xcode.app/Contents/Developer/Platforms/iPhoneSimulator.platform/Developer/SDKs/iPhoneSimulator26.4.sdk/System/Library/Frameworks/PhotosUI.framework/Modules/PhotosUI.swiftcrossimport/WidgetKit.swiftoverlay -swift-module-cross-import RelevanceKit /Applications/Xcode.app/Contents/Developer/Platforms/iPhoneSimulator.platform/Developer/SDKs/iPhoneSimulator.sdk/System/Library/Frameworks/RelevanceKit.framework/Modules/RelevanceKit.swiftcrossimport/MapKit.swiftoverlay -swift-module-cross-import RelevanceKit /Applications/Xcode.app/Contents/Developer/Platforms/iPhoneSimulator.platform/Developer/SDKs/iPhoneSimulator26.4.sdk/System/Library/Frameworks/RelevanceKit.framework/Modules/RelevanceKit.swiftcrossimport/MapKit.swiftoverlay -swift-module-cross-import SceneKit /Applications/Xcode.app/Contents/Developer/Platforms/iPhoneSimulator.platform/Developer/SDKs/iPhoneSimulator.sdk/System/Library/Frameworks/SceneKit.framework/Modules/SceneKit.swiftcrossimport/SwiftUI.swiftoverlay -swift-module-cross-import WebKit /Applications/Xcode.app/Contents/Developer/Platforms/iPhoneSimulator.platform/Developer/SDKs/iPhoneSimulator.sdk/System/Cryptexes/OS/System/Library/Frameworks/WebKit.framework/Modules/WebKit.swiftcrossimport/SwiftUI.swiftoverlay -swift-module-cross-import WebKit /Applications/Xcode.app/Contents/Developer/Platforms/iPhoneSimulator.platform/Developer/SDKs/iPhoneSimulator26.4.sdk/System/Library/Frameworks/WebKit.framework/Modules/WebKit.swiftcrossimport/SwiftUI.swiftoverlay -load-resolved-plugin /Applications/Xcode.app/Contents/Developer/Platforms/iPhoneOS.platform/Developer/usr/lib/swift/host/plugins/libAppIntentsMacros.dylib\#/Applications/Xcode.app/Contents/Developer/Platforms/iPhoneOS.platform/Developer/usr/bin/swift-plugin-server\#AppIntentsMacros -load-resolved-plugin /Applications/Xcode.app/Contents/Developer/Platforms/iPhoneOS.platform/Developer/usr/lib/swift/host/plugins/libFoundationMacros.dylib\#/Applications/Xcode.app/Contents/Developer/Platforms/iPhoneOS.platform/Developer/usr/bin/swift-plugin-server\#FoundationMacros -load-resolved-plugin /Applications/Xcode.app/Contents/Developer/Platforms/iPhoneOS.platform/Developer/usr/lib/swift/host/plugins/libObservationMacros.dylib\#/Applications/Xcode.app/Contents/Developer/Platforms/iPhoneOS.platform/Developer/usr/bin/swift-plugin-server\#ObservationMacros -load-resolved-plugin /Applications/Xcode.app/Contents/Developer/Platforms/iPhoneOS.platform/Developer/usr/lib/swift/host/plugins/libPreviewsMacros.dylib\#/Applications/Xcode.app/Contents/Developer/Platforms/iPhoneOS.platform/Developer/usr/bin/swift-plugin-server\#PreviewsMacros -load-resolved-plugin /Applications/Xcode.app/Contents/Developer/Platforms/iPhoneOS.platform/Developer/usr/lib/swift/host/plugins/libSwiftMacros.dylib\#/Applications/Xcode.app/Contents/Developer/Platforms/iPhoneOS.platform/Developer/usr/bin/swift-plugin-server\#SwiftMacros -load-resolved-plugin /Applications/Xcode.app/Contents/Developer/Platforms/iPhoneOS.platform/Developer/usr/lib/swift/host/plugins/libSwiftUIMacros.dylib\#/Applications/Xcode.app/Contents/Developer/Platforms/iPhoneOS.platform/Developer/usr/bin/swift-plugin-server\#SwiftUIMacros -disable-implicit-swift-modules -Xcc -fno-implicit-modules -Xcc -fno-implicit-module-maps -explicit-swift-module-map-file /Users/constantine/Library/Developer/Xcode/DerivedData/ZhiYu-arnaztqmwbdqkgbazlegjwdymhsp/Build/Intermediates.noindex/ZhiYu.build/Debug-iphonesimulator/ZhiYu.build/Objects-normal/arm64/ZhiYu-dependencies-2.json -debug-module-path /Users/constantine/Library/Developer/Xcode/DerivedData/ZhiYu-arnaztqmwbdqkgbazlegjwdymhsp/Build/Intermediates.noindex/ZhiYu.build/Debug-iphonesimulator/ZhiYu.build/Objects-normal/arm64/ZhiYu.swiftmodule -Xllvm -aarch64-use-tbi -enable-objc-interop -sdk /Applications/Xcode.app/Contents/Developer/Platforms/iPhoneSimulator.platform/Developer/SDKs/iPhoneSimulator26.4.sdk -I /Users/constantine/Library/Developer/Xcode/DerivedData/ZhiYu-arnaztqmwbdqkgbazlegjwdymhsp/Build/Products/Debug-iphonesimulator -F /Users/constantine/Library/Developer/Xcode/DerivedData/ZhiYu-arnaztqmwbdqkgbazlegjwdymhsp/Build/Products/Debug-iphonesimulator/PackageFrameworks -F /Users/constantine/Library/Developer/Xcode/DerivedData/ZhiYu-arnaztqmwbdqkgbazlegjwdymhsp/Build/Products/Debug-iphonesimulator -no-color-diagnostics -Xcc -fno-color-diagnostics -enable-testing -g -debug-info-format\=dwarf -dwarf-version\=4 -module-cache-path /Users/constantine/Library/Developer/Xcode/DerivedData/ZhiYu-arnaztqmwbdqkgbazlegjwdymhsp/Build/Intermediates.noindex/SwiftExplicitPrecompiledModules -swift-version 5 -Onone -D DEBUG -serialize-debugging-options -const-gather-protocols-file /Users/constantine/Library/Developer/Xcode/DerivedData/ZhiYu-arnaztqmwbdqkgbazlegjwdymhsp/Build/Intermediates.noindex/ZhiYu.build/Debug-iphonesimulator/ZhiYu.build/Objects-normal/arm64/ZhiYu_const_extract_protocols.json -enable-upcoming-feature StrictConcurrency -enable-experimental-feature DebugDescriptionMacro -enable-bare-slash-regex -empty-abi-descriptor -validate-clang-modules-once -clang-build-session-file /Users/constantine/Library/Developer/Xcode/DerivedData/ModuleCache.noindex/Session.modulevalidation -Xcc -working-directory -Xcc /Users/constantine/Documents/work/code/projects/km -enable-anonymous-context-mangled-names -file-compilation-dir /Users/constantine/Documents/work/code/projects/km -Xcc -fmodule-map-file\=/Users/constantine/Library/Developer/Xcode/DerivedData/ZhiYu-arnaztqmwbdqkgbazlegjwdymhsp/SourcePackages/checkouts/GRDB.swift/Sources/CSQLite/module.modulemap -Xcc -D_LIBCPP_HARDENING_MODE\=_LIBCPP_HARDENING_MODE_DEBUG -Xcc -ivfsstatcache -Xcc /Users/constantine/Library/Developer/Xcode/DerivedData/SDKStatCaches.noindex/iphonesimulator26.4-23E252-686eebb5dc1d8ecb277353a59184f4aa.sdkstatcache -Xcc -I/Users/constantine/Library/Developer/Xcode/DerivedData/ZhiYu-arnaztqmwbdqkgbazlegjwdymhsp/Build/Intermediates.noindex/ZhiYu.build/Debug-iphonesimulator/ZhiYu.build/swift-overrides.hmap -Xcc -iquote -Xcc /Users/constantine/Library/Developer/Xcode/DerivedData/ZhiYu-arnaztqmwbdqkgbazlegjwdymhsp/Build/Intermediates.noindex/ZhiYu.build/Debug-iphonesimulator/ZhiYu.build/ZhiYu-generated-files.hmap -Xcc -I/Users/constantine/Library/Developer/Xcode/DerivedData/ZhiYu-arnaztqmwbdqkgbazlegjwdymhsp/Build/Intermediates.noindex/ZhiYu.build/Debug-iphonesimulator/ZhiYu.build/ZhiYu-own-target-headers.hmap -Xcc -I/Users/constantine/Library/Developer/Xcode/DerivedData/ZhiYu-arnaztqmwbdqkgbazlegjwdymhsp/Build/Intermediates.noindex/ZhiYu.build/Debug-iphonesimulator/ZhiYu.build/ZhiYu-all-non-framework-target-headers.hmap -Xcc -ivfsoverlay -Xcc /Users/constantine/Library/Developer/Xcode/DerivedData/ZhiYu-arnaztqmwbdqkgbazlegjwdymhsp/Build/Intermediates.noindex/ZhiYu.build/Debug-iphonesimulator/ZhiYu-48e36c608b438f24ac5a43fe091185d1-VFS-iphonesimulator/all-product-headers.yaml -Xcc -iquote -Xcc /Users/constantine/Library/Developer/Xcode/DerivedData/ZhiYu-arnaztqmwbdqkgbazlegjwdymhsp/Build/Intermediates.noindex/ZhiYu.build/Debug-iphonesimulator/ZhiYu.build/ZhiYu-project-headers.hmap -Xcc -I/Users/constantine/Library/Developer/Xcode/DerivedData/ZhiYu-arnaztqmwbdqkgbazlegjwdymhsp/Build/Products/Debug-iphonesimulator/include -Xcc -I/Users/constantine/Library/Developer/Xcode/DerivedData/ZhiYu-arnaztqmwbdqkgbazlegjwdymhsp/Build/Intermediates.noindex/ZhiYu.build/Debug-iphonesimulator/ZhiYu.build/DerivedSources-normal/arm64 -Xcc -I/Users/constantine/Library/Developer/Xcode/DerivedData/ZhiYu-arnaztqmwbdqkgbazlegjwdymhsp/Build/Intermediates.noindex/ZhiYu.build/Debug-iphonesimulator/ZhiYu.build/DerivedSources/arm64 -Xcc -I/Users/constantine/Library/Developer/Xcode/DerivedData/ZhiYu-arnaztqmwbdqkgbazlegjwdymhsp/Build/Intermediates.noindex/ZhiYu.build/Debug-iphonesimulator/ZhiYu.build/DerivedSources -Xcc -DDEBUG\=1 -no-auto-bridging-header-chaining -module-name ZhiYu -frontend-parseable-output -disable-clang-spi -clang-target arm64-apple-ios26.4-simulator -target-sdk-version 26.4 -target-sdk-name iphonesimulator26.4 -in-process-plugin-server-path /Applications/Xcode.app/Contents/Developer/Toolchains/XcodeDefault.xctoolchain/usr/lib/swift/host/libSwiftInProcPluginServer.dylib -o /Users/constantine/Library/Developer/Xcode/DerivedData/ZhiYu-arnaztqmwbdqkgbazlegjwdymhsp/Build/Intermediates.noindex/ZhiYu.build/Debug-iphonesimulator/ZhiYu.build/Objects-normal/arm64/IngestView.o -o /Users/constantine/Library/Developer/Xcode/DerivedData/ZhiYu-arnaztqmwbdqkgbazlegjwdymhsp/Build/Intermediates.noindex/ZhiYu.build/Debug-iphonesimulator/ZhiYu.build/Objects-normal/arm64/IngestViewComponents.o -index-unit-output-path /ZhiYu.build/Debug-iphonesimulator/ZhiYu.build/Objects-normal/arm64/IngestView.o -index-unit-output-path /ZhiYu.build/Debug-iphonesimulator/ZhiYu.build/Objects-normal/arm64/IngestViewComponents.o -index-store-path /Users/constantine/Library/Developer/Xcode/DerivedData/ZhiYu-arnaztqmwbdqkgbazlegjwdymhsp/Index.noindex/DataStore -index-system-modules

SwiftCompile normal arm64 /Users/constantine/Documents/work/code/projects/km/Sources/Shared/Views/Features/IngestView.swift (in target 'ZhiYu' from project 'ZhiYu')
    cd /Users/constantine/Documents/work/code/projects/km
    
/Users/constantine/Documents/work/code/projects/km/Sources/Shared/Views/Features/IngestView.swift:588:15: error: incorrect argument label in call (have 'action:_:', expected 'role:action:')
        Button(action: {
              ^~~~~~~
               role
/Users/constantine/Documents/work/code/projects/km/Sources/Shared/Views/Features/IngestView.swift:593:12: error: trailing closure passed to parameter of type 'ButtonRole' that does not accept a closure
        }) {
           ^
SwiftUI.Button.init:2:24: note: 'init(role:action:)' declared here
@preconcurrency public init(role: ButtonRole, action: @escaping @MainActor () -> Void)}
                       ^

SwiftCompile normal arm64 /Users/constantine/Documents/work/code/projects/km/Sources/Shared/Views/Components/IngestViewComponents.swift (in target 'ZhiYu' from project 'ZhiYu')
    cd /Users/constantine/Documents/work/code/projects/km
    

SwiftCompile normal arm64 Compiling\ GraphView.swift,\ IndexView.swift /Users/constantine/Documents/work/code/projects/km/Sources/Shared/Views/Features/GraphView.swift /Users/constantine/Documents/work/code/projects/km/Sources/Shared/Views/Pages/IndexView.swift (in target 'ZhiYu' from project 'ZhiYu')
SwiftCompile normal arm64 /Users/constantine/Documents/work/code/projects/km/Sources/Shared/Views/Features/GraphView.swift (in target 'ZhiYu' from project 'ZhiYu')
    cd /Users/constantine/Documents/work/code/projects/km
    

SwiftCompile normal arm64 /Users/constantine/Documents/work/code/projects/km/Sources/Shared/Views/Pages/IndexView.swift (in target 'ZhiYu' from project 'ZhiYu')
    cd /Users/constantine/Documents/work/code/projects/km
    

SwiftCompile normal arm64 Compiling\ DragDropComponents.swift,\ EditorComponents.swift /Users/constantine/Documents/work/code/projects/km/Sources/Shared/Views/Components/DragDropComponents.swift /Users/constantine/Documents/work/code/projects/km/Sources/Shared/Views/Components/EditorComponents.swift (in target 'ZhiYu' from project 'ZhiYu')

SwiftCompile normal arm64 /Users/constantine/Documents/work/code/projects/km/Sources/Shared/Views/Components/DragDropComponents.swift (in target 'ZhiYu' from project 'ZhiYu')
    cd /Users/constantine/Documents/work/code/projects/km
    

SwiftCompile normal arm64 /Users/constantine/Documents/work/code/projects/km/Sources/Shared/Views/Components/EditorComponents.swift (in target 'ZhiYu' from project 'ZhiYu')
    cd /Users/constantine/Documents/work/code/projects/km
    

SwiftCompile normal arm64 Compiling\ LintIssue.swift,\ LintView.swift /Users/constantine/Documents/work/code/projects/km/Sources/Shared/Models/LintIssue.swift /Users/constantine/Documents/work/code/projects/km/Sources/Shared/Views/Features/LintView.swift (in target 'ZhiYu' from project 'ZhiYu')

SwiftCompile normal arm64 /Users/constantine/Documents/work/code/projects/km/Sources/Shared/Models/LintIssue.swift (in target 'ZhiYu' from project 'ZhiYu')
    cd /Users/constantine/Documents/work/code/projects/km
    

SwiftCompile normal arm64 /Users/constantine/Documents/work/code/projects/km/Sources/Shared/Views/Features/LintView.swift (in target 'ZhiYu' from project 'ZhiYu')
    cd /Users/constantine/Documents/work/code/projects/km
    

SwiftCompile normal arm64 Compiling\ ModelColorView.swift /Users/constantine/Documents/work/code/projects/km/Sources/Shared/Views/Components/ModelColorView.swift (in target 'ZhiYu' from project 'ZhiYu')

SwiftCompile normal arm64 /Users/constantine/Documents/work/code/projects/km/Sources/Shared/Views/Components/ModelColorView.swift (in target 'ZhiYu' from project 'ZhiYu')
    cd /Users/constantine/Documents/work/code/projects/km
    

SwiftCompile normal arm64 Compiling\ LogView.swift /Users/constantine/Documents/work/code/projects/km/Sources/Shared/Views/Features/LogView.swift (in target 'ZhiYu' from project 'ZhiYu')

SwiftCompile normal arm64 /Users/constantine/Documents/work/code/projects/km/Sources/Shared/Views/Features/LogView.swift (in target 'ZhiYu' from project 'ZhiYu')
    cd /Users/constantine/Documents/work/code/projects/km
    

SwiftCompile normal arm64 Compiling\ PageDetailHeader.swift /Users/constantine/Documents/work/code/projects/km/Sources/Shared/Views/Components/PageDetailHeader.swift (in target 'ZhiYu' from project 'ZhiYu')

SwiftCompile normal arm64 /Users/constantine/Documents/work/code/projects/km/Sources/Shared/Views/Components/PageDetailHeader.swift (in target 'ZhiYu' from project 'ZhiYu')
    cd /Users/constantine/Documents/work/code/projects/km
    

SwiftCompile normal arm64 Compiling\ PageType.swift /Users/constantine/Documents/work/code/projects/km/Sources/Shared/Models/PageType.swift (in target 'ZhiYu' from project 'ZhiYu')

SwiftCompile normal arm64 /Users/constantine/Documents/work/code/projects/km/Sources/Shared/Models/PageType.swift (in target 'ZhiYu' from project 'ZhiYu')
    cd /Users/constantine/Documents/work/code/projects/km
    

SwiftCompile normal arm64 Compiling\ SearchView.swift /Users/constantine/Documents/work/code/projects/km/Sources/Shared/Views/Pages/SearchView.swift (in target 'ZhiYu' from project 'ZhiYu')

SwiftCompile normal arm64 /Users/constantine/Documents/work/code/projects/km/Sources/Shared/Views/Pages/SearchView.swift (in target 'ZhiYu' from project 'ZhiYu')
    cd /Users/constantine/Documents/work/code/projects/km
    

SwiftCompile normal arm64 Compiling\ PageDetailView.swift /Users/constantine/Documents/work/code/projects/km/Sources/Shared/Views/Pages/PageDetailView.swift (in target 'ZhiYu' from project 'ZhiYu')

SwiftCompile normal arm64 /Users/constantine/Documents/work/code/projects/km/Sources/Shared/Views/Pages/PageDetailView.swift (in target 'ZhiYu' from project 'ZhiYu')
    cd /Users/constantine/Documents/work/code/projects/km
    

SwiftCompile normal arm64 Compiling\ OCRScanComponents.swift /Users/constantine/Documents/work/code/projects/km/Sources/Shared/Views/Components/OCRScanComponents.swift (in target 'ZhiYu' from project 'ZhiYu')

SwiftCompile normal arm64 /Users/constantine/Documents/work/code/projects/km/Sources/Shared/Views/Components/OCRScanComponents.swift (in target 'ZhiYu' from project 'ZhiYu')
    cd /Users/constantine/Documents/work/code/projects/km
    

SwiftCompile normal arm64 Compiling\ ExportReportView.swift,\ Graph3DComponents.swift /Users/constantine/Documents/work/code/projects/km/Sources/Shared/Views/Components/ExportReportView.swift /Users/constantine/Documents/work/code/projects/km/Sources/Shared/Views/Components/Graph3DComponents.swift (in target 'ZhiYu' from project 'ZhiYu')

SwiftCompile normal arm64 /Users/constantine/Documents/work/code/projects/km/Sources/Shared/Views/Components/ExportReportView.swift (in target 'ZhiYu' from project 'ZhiYu')
    cd /Users/constantine/Documents/work/code/projects/km
    

SwiftCompile normal arm64 /Users/constantine/Documents/work/code/projects/km/Sources/Shared/Views/Components/Graph3DComponents.swift (in target 'ZhiYu' from project 'ZhiYu')
    cd /Users/constantine/Documents/work/code/projects/km
    

SwiftCompile normal arm64 Compiling\ SidebarView.swift /Users/constantine/Documents/work/code/projects/km/Sources/Shared/Views/Core/SidebarView.swift (in target 'ZhiYu' from project 'ZhiYu')

SwiftCompile normal arm64 /Users/constantine/Documents/work/code/projects/km/Sources/Shared/Views/Core/SidebarView.swift (in target 'ZhiYu' from project 'ZhiYu')
    cd /Users/constantine/Documents/work/code/projects/km
    
/Users/constantine/Documents/work/code/projects/km/Sources/Shared/Views/Core/SidebarView.swift:42:13: warning: default will never be executed
            default: return .index()
            ^

SwiftCompile normal arm64 Compiling\ LogAction.swift /Users/constantine/Documents/work/code/projects/km/Sources/Shared/Models/LogAction.swift (in target 'ZhiYu' from project 'ZhiYu')

SwiftCompile normal arm64 /Users/constantine/Documents/work/code/projects/km/Sources/Shared/Models/LogAction.swift (in target 'ZhiYu' from project 'ZhiYu')
    cd /Users/constantine/Documents/work/code/projects/km
    

SwiftEmitModule normal arm64 Emitting\ module\ for\ ZhiYu (in target 'ZhiYu' from project 'ZhiYu')

EmitSwiftModule normal arm64 (in target 'ZhiYu' from project 'ZhiYu')
    cd /Users/constantine/Documents/work/code/projects/km
    

SwiftEmitModule normal x86_64 Emitting\ module\ for\ ZhiYu (in target 'ZhiYu' from project 'ZhiYu')

EmitSwiftModule normal x86_64 (in target 'ZhiYu' from project 'ZhiYu')
    cd /Users/constantine/Documents/work/code/projects/km
    

SwiftDriverJobDiscovery normal arm64 Compiling ModelColorView.swift (in target 'ZhiYu' from project 'ZhiYu')

SwiftCompile normal arm64 Compiling\ SettingsAboutView.swift,\ SettingsComponents.swift,\ SettingsView.swift /Users/constantine/Documents/work/code/projects/km/Sources/Shared/Views/Settings/SettingsAboutView.swift /Users/constantine/Documents/work/code/projects/km/Sources/Shared/Views/Components/SettingsComponents.swift /Users/constantine/Documents/work/code/projects/km/Sources/Shared/Views/Settings/SettingsView.swift (in target 'ZhiYu' from project 'ZhiYu')

SwiftCompile normal arm64 /Users/constantine/Documents/work/code/projects/km/Sources/Shared/Views/Settings/SettingsAboutView.swift (in target 'ZhiYu' from project 'ZhiYu')
    cd /Users/constantine/Documents/work/code/projects/km
    

SwiftCompile normal arm64 /Users/constantine/Documents/work/code/projects/km/Sources/Shared/Views/Components/SettingsComponents.swift (in target 'ZhiYu' from project 'ZhiYu')
    cd /Users/constantine/Documents/work/code/projects/km
    

SwiftCompile normal arm64 /Users/constantine/Documents/work/code/projects/km/Sources/Shared/Views/Settings/SettingsView.swift (in target 'ZhiYu' from project 'ZhiYu')
    cd /Users/constantine/Documents/work/code/projects/km
    

SwiftDriverJobDiscovery normal arm64 Compiling LogAction.swift (in target 'ZhiYu' from project 'ZhiYu')

SwiftCompile normal arm64 Compiling\ AppBackupService.swift /Users/constantine/Documents/work/code/projects/km/Sources/Shared/Data/Persistence/AppBackupService.swift (in target 'ZhiYu' from project 'ZhiYu')

SwiftCompile normal arm64 /Users/constantine/Documents/work/code/projects/km/Sources/Shared/Data/Persistence/AppBackupService.swift (in target 'ZhiYu' from project 'ZhiYu')
    cd /Users/constantine/Documents/work/code/projects/km
    

SwiftDriverJobDiscovery normal arm64 Compiling PageType.swift (in target 'ZhiYu' from project 'ZhiYu')

SwiftCompile normal arm64 Compiling\ AISynthesisService.swift,\ AccessibilityService.swift /Users/constantine/Documents/work/code/projects/km/Sources/Shared/Domain/Logic/AISynthesisService.swift /Users/constantine/Documents/work/code/projects/km/Sources/Shared/Core/Platform/AccessibilityService.swift (in target 'ZhiYu' from project 'ZhiYu')

SwiftCompile normal arm64 /Users/constantine/Documents/work/code/projects/km/Sources/Shared/Domain/Logic/AISynthesisService.swift (in target 'ZhiYu' from project 'ZhiYu')
    cd /Users/constantine/Documents/work/code/projects/km
    

SwiftCompile normal arm64 /Users/constantine/Documents/work/code/projects/km/Sources/Shared/Core/Platform/AccessibilityService.swift (in target 'ZhiYu' from project 'ZhiYu')
    cd /Users/constantine/Documents/work/code/projects/km
    

SwiftDriverJobDiscovery normal arm64 Compiling PageDetailHeader.swift (in target 'ZhiYu' from project 'ZhiYu')

SwiftCompile normal arm64 Compiling\ SecurityManager.swift /Users/constantine/Documents/work/code/projects/km/Sources/Shared/Core/Platform/SecurityManager.swift (in target 'ZhiYu' from project 'ZhiYu')

SwiftCompile normal arm64 /Users/constantine/Documents/work/code/projects/km/Sources/Shared/Core/Platform/SecurityManager.swift (in target 'ZhiYu' from project 'ZhiYu')
    cd /Users/constantine/Documents/work/code/projects/km
    

SwiftDriverJobDiscovery normal arm64 Compiling OCRScanComponents.swift (in target 'ZhiYu' from project 'ZhiYu')

SwiftCompile normal x86_64 Compiling\ IngestView.swift,\ IngestViewComponents.swift /Users/constantine/Documents/work/code/projects/km/Sources/Shared/Views/Features/IngestView.swift /Users/constantine/Documents/work/code/projects/km/Sources/Shared/Views/Components/IngestViewComponents.swift (in target 'ZhiYu' from project 'ZhiYu')

SwiftCompile normal x86_64 /Users/constantine/Documents/work/code/projects/km/Sources/Shared/Views/Features/IngestView.swift (in target 'ZhiYu' from project 'ZhiYu')
    cd /Users/constantine/Documents/work/code/projects/km
    

SwiftCompile normal x86_64 /Users/constantine/Documents/work/code/projects/km/Sources/Shared/Views/Components/IngestViewComponents.swift (in target 'ZhiYu' from project 'ZhiYu')
    cd /Users/constantine/Documents/work/code/projects/km
    

SwiftCompile normal arm64 Compiling\ KnowledgePage.swift,\ KnowledgePageStore.swift /Users/constantine/Documents/work/code/projects/km/Sources/Shared/Models/KnowledgePage.swift /Users/constantine/Documents/work/code/projects/km/Sources/Shared/Data/Persistence/KnowledgePageStore.swift (in target 'ZhiYu' from project 'ZhiYu')

SwiftCompile normal arm64 /Users/constantine/Documents/work/code/projects/km/Sources/Shared/Models/KnowledgePage.swift (in target 'ZhiYu' from project 'ZhiYu')
    cd /Users/constantine/Documents/work/code/projects/km
    

SwiftCompile normal arm64 /Users/constantine/Documents/work/code/projects/km/Sources/Shared/Data/Persistence/KnowledgePageStore.swift (in target 'ZhiYu' from project 'ZhiYu')
    cd /Users/constantine/Documents/work/code/projects/km
    

SwiftDriverJobDiscovery normal arm64 Compiling AppCardComponents.swift, BacklinksView.swift (in target 'ZhiYu' from project 'ZhiYu')

SwiftDriverJobDiscovery normal arm64 Compiling DragDropComponents.swift, EditorComponents.swift (in target 'ZhiYu' from project 'ZhiYu')

SwiftCompile normal x86_64 Compiling\ OCRScanComponents.swift /Users/constantine/Documents/work/code/projects/km/Sources/Shared/Views/Components/OCRScanComponents.swift (in target 'ZhiYu' from project 'ZhiYu')

SwiftCompile normal x86_64 /Users/constantine/Documents/work/code/projects/km/Sources/Shared/Views/Components/OCRScanComponents.swift (in target 'ZhiYu' from project 'ZhiYu')
    cd /Users/constantine/Documents/work/code/projects/km
    

SwiftDriverJobDiscovery normal arm64 Compiling AppBackupService.swift (in target 'ZhiYu' from project 'ZhiYu')

SwiftCompile normal arm64 Compiling\ VaultStorageService.swift /Users/constantine/Documents/work/code/projects/km/Sources/Shared/Data/Persistence/VaultStorageService.swift (in target 'ZhiYu' from project 'ZhiYu')

SwiftCompile normal arm64 /Users/constantine/Documents/work/code/projects/km/Sources/Shared/Data/Persistence/VaultStorageService.swift (in target 'ZhiYu' from project 'ZhiYu')
    cd /Users/constantine/Documents/work/code/projects/km
    

SwiftDriverJobDiscovery normal arm64 Compiling LogView.swift (in target 'ZhiYu' from project 'ZhiYu')

SwiftCompile normal arm64 Compiling\ IconPickerView.swift,\ KnowledgeDashboardView.swift,\ LLMSettingsView.swift,\ LintService.swift /Users/constantine/Documents/work/code/projects/km/Sources/Shared/Views/Editors/IconPickerView.swift /Users/constantine/Documents/work/code/projects/km/Sources/Shared/Views/KnowledgeDashboardView.swift /Users/constantine/Documents/work/code/projects/km/Sources/Shared/Views/Settings/LLMSettingsView.swift /Users/constantine/Documents/work/code/projects/km/Sources/Shared/Domain/Features/LintService.swift (in target 'ZhiYu' from project 'ZhiYu')

SwiftCompile normal arm64 /Users/constantine/Documents/work/code/projects/km/Sources/Shared/Views/Editors/IconPickerView.swift (in target 'ZhiYu' from project 'ZhiYu')
    cd /Users/constantine/Documents/work/code/projects/km
    

SwiftCompile normal arm64 /Users/constantine/Documents/work/code/projects/km/Sources/Shared/Views/KnowledgeDashboardView.swift (in target 'ZhiYu' from project 'ZhiYu')
    cd /Users/constantine/Documents/work/code/projects/km
    

SwiftCompile normal arm64 /Users/constantine/Documents/work/code/projects/km/Sources/Shared/Views/Settings/LLMSettingsView.swift (in target 'ZhiYu' from project 'ZhiYu')
    cd /Users/constantine/Documents/work/code/projects/km
    

SwiftCompile normal arm64 /Users/constantine/Documents/work/code/projects/km/Sources/Shared/Domain/Features/LintService.swift (in target 'ZhiYu' from project 'ZhiYu')
    cd /Users/constantine/Documents/work/code/projects/km
    

SwiftDriverJobDiscovery normal arm64 Compiling AISynthesisService.swift, AccessibilityService.swift (in target 'ZhiYu' from project 'ZhiYu')

SwiftCompile normal x86_64 Compiling\ SidebarView.swift /Users/constantine/Documents/work/code/projects/km/Sources/Shared/Views/Core/SidebarView.swift (in target 'ZhiYu' from project 'ZhiYu')

SwiftCompile normal x86_64 /Users/constantine/Documents/work/code/projects/km/Sources/Shared/Views/Core/SidebarView.swift (in target 'ZhiYu' from project 'ZhiYu')
    cd /Users/constantine/Documents/work/code/projects/km
    

SwiftDriverJobDiscovery normal arm64 Compiling SecurityManager.swift (in target 'ZhiYu' from project 'ZhiYu')

SwiftCompile normal arm64 Compiling\ RelatedPageDropDelegate.swift,\ SearchStore.swift /Users/constantine/Documents/work/code/projects/km/Sources/Shared/Views/Pages/Subviews/RelatedPageDropDelegate.swift /Users/constantine/Documents/work/code/projects/km/Sources/Shared/Data/Persistence/SearchStore.swift (in target 'ZhiYu' from project 'ZhiYu')

SwiftCompile normal arm64 /Users/constantine/Documents/work/code/projects/km/Sources/Shared/Views/Pages/Subviews/RelatedPageDropDelegate.swift (in target 'ZhiYu' from project 'ZhiYu')
    cd /Users/constantine/Documents/work/code/projects/km
    

SwiftCompile normal arm64 /Users/constantine/Documents/work/code/projects/km/Sources/Shared/Data/Persistence/SearchStore.swift (in target 'ZhiYu' from project 'ZhiYu')
    cd /Users/constantine/Documents/work/code/projects/km
    

SwiftDriverJobDiscovery normal arm64 Compiling VaultStorageService.swift (in target 'ZhiYu' from project 'ZhiYu')

SwiftCompile normal arm64 Compiling\ SynthesisView.swift,\ SystemStatsView.swift,\ TagCapsule.swift /Users/constantine/Documents/work/code/projects/km/Sources/Shared/Views/Features/SynthesisView.swift /Users/constantine/Documents/work/code/projects/km/Sources/Shared/Views/Settings/SystemStatsView.swift /Users/constantine/Documents/work/code/projects/km/Sources/Shared/Views/Components/TagCapsule.swift (in target 'ZhiYu' from project 'ZhiYu')

SwiftCompile normal arm64 /Users/constantine/Documents/work/code/projects/km/Sources/Shared/Views/Features/SynthesisView.swift (in target 'ZhiYu' from project 'ZhiYu')
    cd /Users/constantine/Documents/work/code/projects/km
    

SwiftCompile normal arm64 /Users/constantine/Documents/work/code/projects/km/Sources/Shared/Views/Settings/SystemStatsView.swift (in target 'ZhiYu' from project 'ZhiYu')
    cd /Users/constantine/Documents/work/code/projects/km
    

SwiftCompile normal arm64 /Users/constantine/Documents/work/code/projects/km/Sources/Shared/Views/Components/TagCapsule.swift (in target 'ZhiYu' from project 'ZhiYu')
    cd /Users/constantine/Documents/work/code/projects/km
    

SwiftDriverJobDiscovery normal arm64 Compiling SidebarView.swift (in target 'ZhiYu' from project 'ZhiYu')

SwiftCompile normal x86_64 Compiling\ ModelColorView.swift /Users/constantine/Documents/work/code/projects/km/Sources/Shared/Views/Components/ModelColorView.swift (in target 'ZhiYu' from project 'ZhiYu')

SwiftDriverJobDiscovery normal arm64 Compiling ExportReportView.swift, Graph3DComponents.swift (in target 'ZhiYu' from project 'ZhiYu')

SwiftCompile normal x86_64 Compiling\ ExportReportView.swift,\ Graph3DComponents.swift /Users/constantine/Documents/work/code/projects/km/Sources/Shared/Views/Components/ExportReportView.swift /Users/constantine/Documents/work/code/projects/km/Sources/Shared/Views/Components/Graph3DComponents.swift (in target 'ZhiYu' from project 'ZhiYu')

** BUILD FAILED **


The following build commands failed:
	SwiftCompile normal arm64 Compiling\ IngestView.swift,\ IngestViewComponents.swift /Users/constantine/Documents/work/code/projects/km/Sources/Shared/Views/Features/IngestView.swift /Users/constantine/Documents/work/code/projects/km/Sources/Shared/Views/Components/IngestViewComponents.swift (in target 'ZhiYu' from project 'ZhiYu')
	SwiftCompile normal arm64 /Users/constantine/Documents/work/code/projects/km/Sources/Shared/Views/Features/IngestView.swift (in target 'ZhiYu' from project 'ZhiYu')
	Building project ZhiYu with scheme ZhiYu
(3 failures)
