Command line invocation:
    /Applications/Xcode.app/Contents/Developer/usr/bin/xcodebuild build -project KM.xcodeproj -scheme KM -destination "generic/platform=iOS Simulator" CODE_SIGNING_ALLOWED=NO CODE_SIGNING_REQUIRED=NO

Build settings from command line:
    CODE_SIGNING_ALLOWED = NO
    CODE_SIGNING_REQUIRED = NO

Resolve Package Graph


Resolved source packages:
  swift-syntax: https://github.com/swiftlang/swift-syntax @ 603.0.1
  GRDB: https://github.com/groue/GRDB.swift.git @ 6.29.3
  xctest-dynamic-overlay: https://github.com/pointfreeco/xctest-dynamic-overlay @ 1.9.0
  swift-custom-dump: https://github.com/pointfreeco/swift-custom-dump @ 1.5.0
  swift-snapshot-testing: https://github.com/pointfreeco/swift-snapshot-testing @ 1.19.2

ComputePackagePrebuildTargetDependencyGraph

Prepare packages

CreateBuildRequest

SendProjectDescription

CreateBuildOperation

ComputeTargetDependencyGraph
note: Building targets in dependency order
note: Target dependency graph (5 targets)
    Target 'KM' in project 'KM'
        ➜ Explicit dependency on target 'GRDB' in project 'GRDB'
    Target 'GRDB' in project 'GRDB'
        ➜ Explicit dependency on target 'GRDB' in project 'GRDB'
        ➜ Explicit dependency on target 'GRDB_GRDB' in project 'GRDB'
    Target 'GRDB' in project 'GRDB'
        ➜ Explicit dependency on target 'GRDB_GRDB' in project 'GRDB'
        ➜ Explicit dependency on target 'CSQLite' in project 'GRDB'
    Target 'CSQLite' in project 'GRDB' (no dependencies)
    Target 'GRDB_GRDB' in project 'GRDB' (no dependencies)

GatherProvisioningInputs

CreateBuildDescription

ExecuteExternalTool /Applications/Xcode.app/Contents/Developer/Toolchains/XcodeDefault.xctoolchain/usr/bin/clang -v -E -dM -isysroot /Applications/Xcode.app/Contents/Developer/Platforms/iPhoneSimulator.platform/Developer/SDKs/iPhoneSimulator26.4.sdk -x c -c /dev/null

ExecuteExternalTool /Applications/Xcode.app/Contents/Developer/usr/bin/ibtool --version --output-format xml1

ExecuteExternalTool /Applications/Xcode.app/Contents/Developer/usr/bin/actool --print-asset-tag-combinations --output-format xml1 /Users/constantine/Documents/work/code/projects/km/Sources/Assets.xcassets

ExecuteExternalTool /Applications/Xcode.app/Contents/Developer/Toolchains/XcodeDefault.xctoolchain/usr/bin/swiftc --version

ExecuteExternalTool /Applications/Xcode.app/Contents/Developer/Toolchains/XcodeDefault.xctoolchain/usr/bin/ld -version_details

ReadFileContents /Applications/Xcode.app/Contents/Developer/Toolchains/XcodeDefault.xctoolchain/usr/share/docc/features.json

ExecuteExternalTool /Applications/Xcode.app/Contents/Developer/usr/bin/xcstringstool compile --dry-run --output-directory /Users/constantine/Library/Developer/Xcode/DerivedData/KM-dumqlooxnczgiebhdhmwylfdzlpq/Build/Intermediates.noindex/KM.build/Debug-iphonesimulator/KM.build /Users/constantine/Documents/work/code/projects/km/Sources/Localization/AITasks.xcstrings

ExecuteExternalTool /Applications/Xcode.app/Contents/Developer/usr/bin/actool --version --output-format xml1

ExecuteExternalTool /Applications/Xcode.app/Contents/Developer/usr/bin/xcstringstool compile --dry-run --output-directory /Users/constantine/Library/Developer/Xcode/DerivedData/KM-dumqlooxnczgiebhdhmwylfdzlpq/Build/Intermediates.noindex/KM.build/Debug-iphonesimulator/KM.build /Users/constantine/Documents/work/code/projects/km/Sources/Localization/Accessibility.xcstrings

ExecuteExternalTool /Applications/Xcode.app/Contents/Developer/usr/bin/xcstringstool compile --dry-run --output-directory /Users/constantine/Library/Developer/Xcode/DerivedData/KM-dumqlooxnczgiebhdhmwylfdzlpq/Build/Intermediates.noindex/KM.build/Debug-iphonesimulator/KM.build /Users/constantine/Documents/work/code/projects/km/Sources/Localization/Actions.xcstrings

ExecuteExternalTool /Applications/Xcode.app/Contents/Developer/usr/bin/xcstringstool compile --dry-run --output-directory /Users/constantine/Library/Developer/Xcode/DerivedData/KM-dumqlooxnczgiebhdhmwylfdzlpq/Build/Intermediates.noindex/KM.build/Debug-iphonesimulator/KM.build /Users/constantine/Documents/work/code/projects/km/Sources/Localization/Backup.xcstrings

ExecuteExternalTool /Applications/Xcode.app/Contents/Developer/usr/bin/xcstringstool compile --dry-run --output-directory /Users/constantine/Library/Developer/Xcode/DerivedData/KM-dumqlooxnczgiebhdhmwylfdzlpq/Build/Intermediates.noindex/KM.build/Debug-iphonesimulator/KM.build /Users/constantine/Documents/work/code/projects/km/Sources/Localization/Chat.xcstrings

ExecuteExternalTool /Applications/Xcode.app/Contents/Developer/usr/bin/xcstringstool compile --dry-run --output-directory /Users/constantine/Library/Developer/Xcode/DerivedData/KM-dumqlooxnczgiebhdhmwylfdzlpq/Build/Intermediates.noindex/KM.build/Debug-iphonesimulator/KM.build /Users/constantine/Documents/work/code/projects/km/Sources/Localization/Coachmark.xcstrings

ExecuteExternalTool /Applications/Xcode.app/Contents/Developer/usr/bin/xcstringstool compile --dry-run --output-directory /Users/constantine/Library/Developer/Xcode/DerivedData/KM-dumqlooxnczgiebhdhmwylfdzlpq/Build/Intermediates.noindex/KM.build/Debug-iphonesimulator/KM.build /Users/constantine/Documents/work/code/projects/km/Sources/Localization/Collaboration.xcstrings

ExecuteExternalTool /Applications/Xcode.app/Contents/Developer/usr/bin/xcstringstool compile --dry-run --output-directory /Users/constantine/Library/Developer/Xcode/DerivedData/KM-dumqlooxnczgiebhdhmwylfdzlpq/Build/Intermediates.noindex/KM.build/Debug-iphonesimulator/KM.build /Users/constantine/Documents/work/code/projects/km/Sources/Localization/Common.xcstrings

ExecuteExternalTool /Applications/Xcode.app/Contents/Developer/usr/bin/xcstringstool compile --dry-run --output-directory /Users/constantine/Library/Developer/Xcode/DerivedData/KM-dumqlooxnczgiebhdhmwylfdzlpq/Build/Intermediates.noindex/KM.build/Debug-iphonesimulator/KM.build /Users/constantine/Documents/work/code/projects/km/Sources/Localization/Components.xcstrings

ExecuteExternalTool /Applications/Xcode.app/Contents/Developer/usr/bin/xcstringstool compile --dry-run --output-directory /Users/constantine/Library/Developer/Xcode/DerivedData/KM-dumqlooxnczgiebhdhmwylfdzlpq/Build/Intermediates.noindex/KM.build/Debug-iphonesimulator/KM.build /Users/constantine/Documents/work/code/projects/km/Sources/Localization/CoreModels.xcstrings

ExecuteExternalTool /Applications/Xcode.app/Contents/Developer/usr/bin/xcstringstool compile --dry-run --output-directory /Users/constantine/Library/Developer/Xcode/DerivedData/KM-dumqlooxnczgiebhdhmwylfdzlpq/Build/Intermediates.noindex/KM.build/Debug-iphonesimulator/KM.build /Users/constantine/Documents/work/code/projects/km/Sources/Localization/Creation.xcstrings

ExecuteExternalTool /Applications/Xcode.app/Contents/Developer/usr/bin/xcstringstool compile --dry-run --output-directory /Users/constantine/Library/Developer/Xcode/DerivedData/KM-dumqlooxnczgiebhdhmwylfdzlpq/Build/Intermediates.noindex/KM.build/Debug-iphonesimulator/KM.build /Users/constantine/Documents/work/code/projects/km/Sources/Localization/Dashboard.xcstrings

ExecuteExternalTool /Applications/Xcode.app/Contents/Developer/usr/bin/xcstringstool compile --dry-run --output-directory /Users/constantine/Library/Developer/Xcode/DerivedData/KM-dumqlooxnczgiebhdhmwylfdzlpq/Build/Intermediates.noindex/KM.build/Debug-iphonesimulator/KM.build /Users/constantine/Documents/work/code/projects/km/Sources/Localization/Editor.xcstrings

ExecuteExternalTool /Applications/Xcode.app/Contents/Developer/usr/bin/xcstringstool compile --dry-run --output-directory /Users/constantine/Library/Developer/Xcode/DerivedData/KM-dumqlooxnczgiebhdhmwylfdzlpq/Build/Intermediates.noindex/KM.build/Debug-iphonesimulator/KM.build /Users/constantine/Documents/work/code/projects/km/Sources/Localization/Graph.xcstrings

ExecuteExternalTool /Applications/Xcode.app/Contents/Developer/usr/bin/xcstringstool compile --dry-run --output-directory /Users/constantine/Library/Developer/Xcode/DerivedData/KM-dumqlooxnczgiebhdhmwylfdzlpq/Build/Intermediates.noindex/KM.build/Debug-iphonesimulator/KM.build /Users/constantine/Documents/work/code/projects/km/Sources/Localization/ICloud.xcstrings

ExecuteExternalTool /Applications/Xcode.app/Contents/Developer/usr/bin/xcstringstool compile --dry-run --output-directory /Users/constantine/Library/Developer/Xcode/DerivedData/KM-dumqlooxnczgiebhdhmwylfdzlpq/Build/Intermediates.noindex/KM.build/Debug-iphonesimulator/KM.build /Users/constantine/Documents/work/code/projects/km/Sources/Localization/InfoPlist.xcstrings

ExecuteExternalTool /Applications/Xcode.app/Contents/Developer/usr/bin/xcstringstool compile --dry-run --output-directory /Users/constantine/Library/Developer/Xcode/DerivedData/KM-dumqlooxnczgiebhdhmwylfdzlpq/Build/Intermediates.noindex/KM.build/Debug-iphonesimulator/KM.build /Users/constantine/Documents/work/code/projects/km/Sources/Localization/Ingest.xcstrings

ExecuteExternalTool /Applications/Xcode.app/Contents/Developer/usr/bin/xcstringstool compile --dry-run --output-directory /Users/constantine/Library/Developer/Xcode/DerivedData/KM-dumqlooxnczgiebhdhmwylfdzlpq/Build/Intermediates.noindex/KM.build/Debug-iphonesimulator/KM.build /Users/constantine/Documents/work/code/projects/km/Sources/Localization/Lint.xcstrings

ExecuteExternalTool /Applications/Xcode.app/Contents/Developer/usr/bin/xcstringstool compile --dry-run --output-directory /Users/constantine/Library/Developer/Xcode/DerivedData/KM-dumqlooxnczgiebhdhmwylfdzlpq/Build/Intermediates.noindex/KM.build/Debug-iphonesimulator/KM.build /Users/constantine/Documents/work/code/projects/km/Sources/Localization/Localizable.xcstrings

ExecuteExternalTool /Applications/Xcode.app/Contents/Developer/usr/bin/xcstringstool compile --dry-run --output-directory /Users/constantine/Library/Developer/Xcode/DerivedData/KM-dumqlooxnczgiebhdhmwylfdzlpq/Build/Intermediates.noindex/KM.build/Debug-iphonesimulator/KM.build /Users/constantine/Documents/work/code/projects/km/Sources/Localization/Schema.xcstrings

ExecuteExternalTool /Applications/Xcode.app/Contents/Developer/usr/bin/xcstringstool compile --dry-run --output-directory /Users/constantine/Library/Developer/Xcode/DerivedData/KM-dumqlooxnczgiebhdhmwylfdzlpq/Build/Intermediates.noindex/KM.build/Debug-iphonesimulator/KM.build /Users/constantine/Documents/work/code/projects/km/Sources/Localization/Settings.xcstrings

ExecuteExternalTool /Applications/Xcode.app/Contents/Developer/usr/bin/xcstringstool compile --dry-run --output-directory /Users/constantine/Library/Developer/Xcode/DerivedData/KM-dumqlooxnczgiebhdhmwylfdzlpq/Build/Intermediates.noindex/KM.build/Debug-iphonesimulator/KM.build /Users/constantine/Documents/work/code/projects/km/Sources/Localization/Transfer.xcstrings

ExecuteExternalTool /Applications/Xcode.app/Contents/Developer/usr/bin/xcstringstool compile --dry-run --output-directory /Users/constantine/Library/Developer/Xcode/DerivedData/KM-dumqlooxnczgiebhdhmwylfdzlpq/Build/Intermediates.noindex/KM.build/Debug-iphonesimulator/KM.build /Users/constantine/Documents/work/code/projects/km/Sources/Localization/Watch.xcstrings

ExecuteExternalTool /Applications/Xcode.app/Contents/Developer/usr/bin/xcstringstool compile --dry-run --output-directory /Users/constantine/Library/Developer/Xcode/DerivedData/KM-dumqlooxnczgiebhdhmwylfdzlpq/Build/Intermediates.noindex/KM.build/Debug-iphonesimulator/KM.build /Users/constantine/Documents/work/code/projects/km/Sources/Localization/Widget.xcstrings

Build description signature: c458f32fc00505261c89ff4360f2ec1e
Build description path: /Users/constantine/Library/Developer/Xcode/DerivedData/KM-dumqlooxnczgiebhdhmwylfdzlpq/Build/Intermediates.noindex/XCBuildData/c458f32fc00505261c89ff4360f2ec1e.xcbuilddata
ClangStatCache /Applications/Xcode.app/Contents/Developer/Toolchains/XcodeDefault.xctoolchain/usr/bin/clang-stat-cache /Applications/Xcode.app/Contents/Developer/Platforms/iPhoneSimulator.platform/Developer/SDKs/iPhoneSimulator26.4.sdk /Users/constantine/Library/Developer/Xcode/DerivedData/SDKStatCaches.noindex/iphonesimulator26.4-23E252-686eebb5dc1d8ecb277353a59184f4aa.sdkstatcache
    cd /Users/constantine/Documents/work/code/projects/km/KM.xcodeproj
    /Applications/Xcode.app/Contents/Developer/Toolchains/XcodeDefault.xctoolchain/usr/bin/clang-stat-cache /Applications/Xcode.app/Contents/Developer/Platforms/iPhoneSimulator.platform/Developer/SDKs/iPhoneSimulator26.4.sdk -o /Users/constantine/Library/Developer/Xcode/DerivedData/SDKStatCaches.noindex/iphonesimulator26.4-23E252-686eebb5dc1d8ecb277353a59184f4aa.sdkstatcache

ProcessInfoPlistFile /Users/constantine/Library/Developer/Xcode/DerivedData/KM-dumqlooxnczgiebhdhmwylfdzlpq/Build/Products/Debug-iphonesimulator/GRDB_GRDB.bundle/Info.plist /Users/constantine/Library/Developer/Xcode/DerivedData/KM-dumqlooxnczgiebhdhmwylfdzlpq/Build/Intermediates.noindex/GRDB.build/Debug-iphonesimulator/GRDB_GRDB.build/empty-GRDB_GRDB.plist (in target 'GRDB_GRDB' from project 'GRDB')
    cd /Users/constantine/Library/Developer/Xcode/DerivedData/KM-dumqlooxnczgiebhdhmwylfdzlpq/SourcePackages/checkouts/GRDB.swift
    builtin-infoPlistUtility /Users/constantine/Library/Developer/Xcode/DerivedData/KM-dumqlooxnczgiebhdhmwylfdzlpq/Build/Intermediates.noindex/GRDB.build/Debug-iphonesimulator/GRDB_GRDB.build/empty-GRDB_GRDB.plist -producttype com.apple.product-type.bundle -expandbuildsettings -format binary -platform iphonesimulator -o /Users/constantine/Library/Developer/Xcode/DerivedData/KM-dumqlooxnczgiebhdhmwylfdzlpq/Build/Products/Debug-iphonesimulator/GRDB_GRDB.bundle/Info.plist

WriteAuxiliaryFile /Users/constantine/Library/Developer/Xcode/DerivedData/KM-dumqlooxnczgiebhdhmwylfdzlpq/Build/Intermediates.noindex/KM.build/Debug-iphonesimulator/KM.build/Objects-normal/x86_64/KM.SwiftConstValuesFileList (in target 'KM' from project 'KM')
    cd /Users/constantine/Documents/work/code/projects/km
    write-file /Users/constantine/Library/Developer/Xcode/DerivedData/KM-dumqlooxnczgiebhdhmwylfdzlpq/Build/Intermediates.noindex/KM.build/Debug-iphonesimulator/KM.build/Objects-normal/x86_64/KM.SwiftConstValuesFileList

WriteAuxiliaryFile /Users/constantine/Library/Developer/Xcode/DerivedData/KM-dumqlooxnczgiebhdhmwylfdzlpq/Build/Intermediates.noindex/KM.build/Debug-iphonesimulator/KM.build/Objects-normal/arm64/KM.SwiftFileList (in target 'KM' from project 'KM')
    cd /Users/constantine/Documents/work/code/projects/km
    write-file /Users/constantine/Library/Developer/Xcode/DerivedData/KM-dumqlooxnczgiebhdhmwylfdzlpq/Build/Intermediates.noindex/KM.build/Debug-iphonesimulator/KM.build/Objects-normal/arm64/KM.SwiftFileList

WriteAuxiliaryFile /Users/constantine/Library/Developer/Xcode/DerivedData/KM-dumqlooxnczgiebhdhmwylfdzlpq/Build/Intermediates.noindex/KM.build/Debug-iphonesimulator/KM.build/Objects-normal/x86_64/KM-OutputFileMap.json (in target 'KM' from project 'KM')
    cd /Users/constantine/Documents/work/code/projects/km
    write-file /Users/constantine/Library/Developer/Xcode/DerivedData/KM-dumqlooxnczgiebhdhmwylfdzlpq/Build/Intermediates.noindex/KM.build/Debug-iphonesimulator/KM.build/Objects-normal/x86_64/KM-OutputFileMap.json

WriteAuxiliaryFile /Users/constantine/Library/Developer/Xcode/DerivedData/KM-dumqlooxnczgiebhdhmwylfdzlpq/Build/Intermediates.noindex/KM.build/Debug-iphonesimulator/KM.build/Objects-normal/arm64/KM.SwiftConstValuesFileList (in target 'KM' from project 'KM')
    cd /Users/constantine/Documents/work/code/projects/km
    write-file /Users/constantine/Library/Developer/Xcode/DerivedData/KM-dumqlooxnczgiebhdhmwylfdzlpq/Build/Intermediates.noindex/KM.build/Debug-iphonesimulator/KM.build/Objects-normal/arm64/KM.SwiftConstValuesFileList

WriteAuxiliaryFile /Users/constantine/Library/Developer/Xcode/DerivedData/KM-dumqlooxnczgiebhdhmwylfdzlpq/Build/Intermediates.noindex/KM.build/Debug-iphonesimulator/KM.build/Objects-normal/x86_64/KM.LinkFileList (in target 'KM' from project 'KM')
    cd /Users/constantine/Documents/work/code/projects/km
    write-file /Users/constantine/Library/Developer/Xcode/DerivedData/KM-dumqlooxnczgiebhdhmwylfdzlpq/Build/Intermediates.noindex/KM.build/Debug-iphonesimulator/KM.build/Objects-normal/x86_64/KM.LinkFileList

WriteAuxiliaryFile /Users/constantine/Library/Developer/Xcode/DerivedData/KM-dumqlooxnczgiebhdhmwylfdzlpq/Build/Intermediates.noindex/KM.build/Debug-iphonesimulator/KM.build/Objects-normal/x86_64/KM.SwiftFileList (in target 'KM' from project 'KM')
    cd /Users/constantine/Documents/work/code/projects/km
    write-file /Users/constantine/Library/Developer/Xcode/DerivedData/KM-dumqlooxnczgiebhdhmwylfdzlpq/Build/Intermediates.noindex/KM.build/Debug-iphonesimulator/KM.build/Objects-normal/x86_64/KM.SwiftFileList

WriteAuxiliaryFile /Users/constantine/Library/Developer/Xcode/DerivedData/KM-dumqlooxnczgiebhdhmwylfdzlpq/Build/Intermediates.noindex/KM.build/Debug-iphonesimulator/KM.build/Objects-normal/arm64/KM-OutputFileMap.json (in target 'KM' from project 'KM')
    cd /Users/constantine/Documents/work/code/projects/km
    write-file /Users/constantine/Library/Developer/Xcode/DerivedData/KM-dumqlooxnczgiebhdhmwylfdzlpq/Build/Intermediates.noindex/KM.build/Debug-iphonesimulator/KM.build/Objects-normal/arm64/KM-OutputFileMap.json

WriteAuxiliaryFile /Users/constantine/Library/Developer/Xcode/DerivedData/KM-dumqlooxnczgiebhdhmwylfdzlpq/Build/Intermediates.noindex/KM.build/Debug-iphonesimulator/KM.build/Objects-normal/arm64/KM.LinkFileList (in target 'KM' from project 'KM')
    cd /Users/constantine/Documents/work/code/projects/km
    write-file /Users/constantine/Library/Developer/Xcode/DerivedData/KM-dumqlooxnczgiebhdhmwylfdzlpq/Build/Intermediates.noindex/KM.build/Debug-iphonesimulator/KM.build/Objects-normal/arm64/KM.LinkFileList

CompileXCStrings /Users/constantine/Library/Developer/Xcode/DerivedData/KM-dumqlooxnczgiebhdhmwylfdzlpq/Build/Intermediates.noindex/KM.build/Debug-iphonesimulator/KM.build/ /Users/constantine/Documents/work/code/projects/km/Sources/Localization/Collaboration.xcstrings (in target 'KM' from project 'KM')
    cd /Users/constantine/Documents/work/code/projects/km
    /Applications/Xcode.app/Contents/Developer/usr/bin/xcstringstool compile --output-directory /Users/constantine/Library/Developer/Xcode/DerivedData/KM-dumqlooxnczgiebhdhmwylfdzlpq/Build/Intermediates.noindex/KM.build/Debug-iphonesimulator/KM.build /Users/constantine/Documents/work/code/projects/km/Sources/Localization/Collaboration.xcstrings

CompileXCStrings /Users/constantine/Library/Developer/Xcode/DerivedData/KM-dumqlooxnczgiebhdhmwylfdzlpq/Build/Intermediates.noindex/KM.build/Debug-iphonesimulator/KM.build/ /Users/constantine/Documents/work/code/projects/km/Sources/Localization/Components.xcstrings (in target 'KM' from project 'KM')
    cd /Users/constantine/Documents/work/code/projects/km
    /Applications/Xcode.app/Contents/Developer/usr/bin/xcstringstool compile --output-directory /Users/constantine/Library/Developer/Xcode/DerivedData/KM-dumqlooxnczgiebhdhmwylfdzlpq/Build/Intermediates.noindex/KM.build/Debug-iphonesimulator/KM.build /Users/constantine/Documents/work/code/projects/km/Sources/Localization/Components.xcstrings

CompileXCStrings /Users/constantine/Library/Developer/Xcode/DerivedData/KM-dumqlooxnczgiebhdhmwylfdzlpq/Build/Intermediates.noindex/KM.build/Debug-iphonesimulator/KM.build/ /Users/constantine/Documents/work/code/projects/km/Sources/Localization/Chat.xcstrings (in target 'KM' from project 'KM')
    cd /Users/constantine/Documents/work/code/projects/km
    /Applications/Xcode.app/Contents/Developer/usr/bin/xcstringstool compile --output-directory /Users/constantine/Library/Developer/Xcode/DerivedData/KM-dumqlooxnczgiebhdhmwylfdzlpq/Build/Intermediates.noindex/KM.build/Debug-iphonesimulator/KM.build /Users/constantine/Documents/work/code/projects/km/Sources/Localization/Chat.xcstrings

CompileXCStrings /Users/constantine/Library/Developer/Xcode/DerivedData/KM-dumqlooxnczgiebhdhmwylfdzlpq/Build/Intermediates.noindex/KM.build/Debug-iphonesimulator/KM.build/ /Users/constantine/Documents/work/code/projects/km/Sources/Localization/AITasks.xcstrings (in target 'KM' from project 'KM')
    cd /Users/constantine/Documents/work/code/projects/km
    /Applications/Xcode.app/Contents/Developer/usr/bin/xcstringstool compile --output-directory /Users/constantine/Library/Developer/Xcode/DerivedData/KM-dumqlooxnczgiebhdhmwylfdzlpq/Build/Intermediates.noindex/KM.build/Debug-iphonesimulator/KM.build /Users/constantine/Documents/work/code/projects/km/Sources/Localization/AITasks.xcstrings

CompileXCStrings /Users/constantine/Library/Developer/Xcode/DerivedData/KM-dumqlooxnczgiebhdhmwylfdzlpq/Build/Intermediates.noindex/KM.build/Debug-iphonesimulator/KM.build/ /Users/constantine/Documents/work/code/projects/km/Sources/Localization/Backup.xcstrings (in target 'KM' from project 'KM')
    cd /Users/constantine/Documents/work/code/projects/km
    /Applications/Xcode.app/Contents/Developer/usr/bin/xcstringstool compile --output-directory /Users/constantine/Library/Developer/Xcode/DerivedData/KM-dumqlooxnczgiebhdhmwylfdzlpq/Build/Intermediates.noindex/KM.build/Debug-iphonesimulator/KM.build /Users/constantine/Documents/work/code/projects/km/Sources/Localization/Backup.xcstrings

CompileXCStrings /Users/constantine/Library/Developer/Xcode/DerivedData/KM-dumqlooxnczgiebhdhmwylfdzlpq/Build/Intermediates.noindex/KM.build/Debug-iphonesimulator/KM.build/ /Users/constantine/Documents/work/code/projects/km/Sources/Localization/Accessibility.xcstrings (in target 'KM' from project 'KM')
    cd /Users/constantine/Documents/work/code/projects/km
    /Applications/Xcode.app/Contents/Developer/usr/bin/xcstringstool compile --output-directory /Users/constantine/Library/Developer/Xcode/DerivedData/KM-dumqlooxnczgiebhdhmwylfdzlpq/Build/Intermediates.noindex/KM.build/Debug-iphonesimulator/KM.build /Users/constantine/Documents/work/code/projects/km/Sources/Localization/Accessibility.xcstrings

CompileXCStrings /Users/constantine/Library/Developer/Xcode/DerivedData/KM-dumqlooxnczgiebhdhmwylfdzlpq/Build/Intermediates.noindex/KM.build/Debug-iphonesimulator/KM.build/ /Users/constantine/Documents/work/code/projects/km/Sources/Localization/Creation.xcstrings (in target 'KM' from project 'KM')
    cd /Users/constantine/Documents/work/code/projects/km
    /Applications/Xcode.app/Contents/Developer/usr/bin/xcstringstool compile --output-directory /Users/constantine/Library/Developer/Xcode/DerivedData/KM-dumqlooxnczgiebhdhmwylfdzlpq/Build/Intermediates.noindex/KM.build/Debug-iphonesimulator/KM.build /Users/constantine/Documents/work/code/projects/km/Sources/Localization/Creation.xcstrings

CompileXCStrings /Users/constantine/Library/Developer/Xcode/DerivedData/KM-dumqlooxnczgiebhdhmwylfdzlpq/Build/Intermediates.noindex/KM.build/Debug-iphonesimulator/KM.build/ /Users/constantine/Documents/work/code/projects/km/Sources/Localization/Watch.xcstrings (in target 'KM' from project 'KM')
    cd /Users/constantine/Documents/work/code/projects/km
    /Applications/Xcode.app/Contents/Developer/usr/bin/xcstringstool compile --output-directory /Users/constantine/Library/Developer/Xcode/DerivedData/KM-dumqlooxnczgiebhdhmwylfdzlpq/Build/Intermediates.noindex/KM.build/Debug-iphonesimulator/KM.build /Users/constantine/Documents/work/code/projects/km/Sources/Localization/Watch.xcstrings

CompileXCStrings /Users/constantine/Library/Developer/Xcode/DerivedData/KM-dumqlooxnczgiebhdhmwylfdzlpq/Build/Intermediates.noindex/KM.build/Debug-iphonesimulator/KM.build/ /Users/constantine/Documents/work/code/projects/km/Sources/Localization/Settings.xcstrings (in target 'KM' from project 'KM')
    cd /Users/constantine/Documents/work/code/projects/km
    /Applications/Xcode.app/Contents/Developer/usr/bin/xcstringstool compile --output-directory /Users/constantine/Library/Developer/Xcode/DerivedData/KM-dumqlooxnczgiebhdhmwylfdzlpq/Build/Intermediates.noindex/KM.build/Debug-iphonesimulator/KM.build /Users/constantine/Documents/work/code/projects/km/Sources/Localization/Settings.xcstrings

CompileXCStrings /Users/constantine/Library/Developer/Xcode/DerivedData/KM-dumqlooxnczgiebhdhmwylfdzlpq/Build/Intermediates.noindex/KM.build/Debug-iphonesimulator/KM.build/ /Users/constantine/Documents/work/code/projects/km/Sources/Localization/Dashboard.xcstrings (in target 'KM' from project 'KM')
    cd /Users/constantine/Documents/work/code/projects/km
    /Applications/Xcode.app/Contents/Developer/usr/bin/xcstringstool compile --output-directory /Users/constantine/Library/Developer/Xcode/DerivedData/KM-dumqlooxnczgiebhdhmwylfdzlpq/Build/Intermediates.noindex/KM.build/Debug-iphonesimulator/KM.build /Users/constantine/Documents/work/code/projects/km/Sources/Localization/Dashboard.xcstrings

ProcessInfoPlistFile /Users/constantine/Library/Developer/Xcode/DerivedData/KM-dumqlooxnczgiebhdhmwylfdzlpq/Build/Products/Debug-iphonesimulator/KM.app/Info.plist /Users/constantine/Documents/work/code/projects/km/Sources/Info.plist (in target 'KM' from project 'KM')
    cd /Users/constantine/Documents/work/code/projects/km
    builtin-infoPlistUtility /Users/constantine/Documents/work/code/projects/km/Sources/Info.plist -producttype com.apple.product-type.application -genpkginfo /Users/constantine/Library/Developer/Xcode/DerivedData/KM-dumqlooxnczgiebhdhmwylfdzlpq/Build/Products/Debug-iphonesimulator/KM.app/PkgInfo -expandbuildsettings -format binary -platform iphonesimulator -additionalcontentfile /Users/constantine/Library/Developer/Xcode/DerivedData/KM-dumqlooxnczgiebhdhmwylfdzlpq/Build/Intermediates.noindex/KM.build/Debug-iphonesimulator/KM.build/Base.lproj/LaunchScreen-SBPartialInfo.plist -additionalcontentfile /Users/constantine/Library/Developer/Xcode/DerivedData/KM-dumqlooxnczgiebhdhmwylfdzlpq/Build/Intermediates.noindex/KM.build/Debug-iphonesimulator/KM.build/assetcatalog_generated_info.plist -scanforprivacyfile /Users/constantine/Library/Developer/Xcode/DerivedData/KM-dumqlooxnczgiebhdhmwylfdzlpq/Build/Products/Debug-iphonesimulator/KM.app/GRDB_GRDB.bundle -o /Users/constantine/Library/Developer/Xcode/DerivedData/KM-dumqlooxnczgiebhdhmwylfdzlpq/Build/Products/Debug-iphonesimulator/KM.app/Info.plist

CompileXCStrings /Users/constantine/Library/Developer/Xcode/DerivedData/KM-dumqlooxnczgiebhdhmwylfdzlpq/Build/Intermediates.noindex/KM.build/Debug-iphonesimulator/KM.build/ /Users/constantine/Documents/work/code/projects/km/Sources/Localization/ICloud.xcstrings (in target 'KM' from project 'KM')
    cd /Users/constantine/Documents/work/code/projects/km
    /Applications/Xcode.app/Contents/Developer/usr/bin/xcstringstool compile --output-directory /Users/constantine/Library/Developer/Xcode/DerivedData/KM-dumqlooxnczgiebhdhmwylfdzlpq/Build/Intermediates.noindex/KM.build/Debug-iphonesimulator/KM.build /Users/constantine/Documents/work/code/projects/km/Sources/Localization/ICloud.xcstrings

CompileXCStrings /Users/constantine/Library/Developer/Xcode/DerivedData/KM-dumqlooxnczgiebhdhmwylfdzlpq/Build/Intermediates.noindex/KM.build/Debug-iphonesimulator/KM.build/ /Users/constantine/Documents/work/code/projects/km/Sources/Localization/InfoPlist.xcstrings (in target 'KM' from project 'KM')
    cd /Users/constantine/Documents/work/code/projects/km
    /Applications/Xcode.app/Contents/Developer/usr/bin/xcstringstool compile --output-directory /Users/constantine/Library/Developer/Xcode/DerivedData/KM-dumqlooxnczgiebhdhmwylfdzlpq/Build/Intermediates.noindex/KM.build/Debug-iphonesimulator/KM.build /Users/constantine/Documents/work/code/projects/km/Sources/Localization/InfoPlist.xcstrings

CompileXCStrings /Users/constantine/Library/Developer/Xcode/DerivedData/KM-dumqlooxnczgiebhdhmwylfdzlpq/Build/Intermediates.noindex/KM.build/Debug-iphonesimulator/KM.build/ /Users/constantine/Documents/work/code/projects/km/Sources/Localization/CoreModels.xcstrings (in target 'KM' from project 'KM')
    cd /Users/constantine/Documents/work/code/projects/km
    /Applications/Xcode.app/Contents/Developer/usr/bin/xcstringstool compile --output-directory /Users/constantine/Library/Developer/Xcode/DerivedData/KM-dumqlooxnczgiebhdhmwylfdzlpq/Build/Intermediates.noindex/KM.build/Debug-iphonesimulator/KM.build /Users/constantine/Documents/work/code/projects/km/Sources/Localization/CoreModels.xcstrings

SwiftDriver KM normal x86_64 com.apple.xcode.tools.swift.compiler (in target 'KM' from project 'KM')
    cd /Users/constantine/Documents/work/code/projects/km
    builtin-SwiftDriver -- /Applications/Xcode.app/Contents/Developer/Toolchains/XcodeDefault.xctoolchain/usr/bin/swiftc -module-name KM -Onone @/Users/constantine/Library/Developer/Xcode/DerivedData/KM-dumqlooxnczgiebhdhmwylfdzlpq/Build/Intermediates.noindex/KM.build/Debug-iphonesimulator/KM.build/Objects-normal/x86_64/KM.SwiftFileList -DDEBUG -Xcc -fmodule-map-file\=/Users/constantine/Library/Developer/Xcode/DerivedData/KM-dumqlooxnczgiebhdhmwylfdzlpq/SourcePackages/checkouts/GRDB.swift/Sources/CSQLite/module.modulemap -enable-upcoming-feature StrictConcurrency -enable-bare-slash-regex -enable-experimental-feature DebugDescriptionMacro -sdk /Applications/Xcode.app/Contents/Developer/Platforms/iPhoneSimulator.platform/Developer/SDKs/iPhoneSimulator26.4.sdk -target x86_64-apple-ios17.0-simulator -g -module-cache-path /Users/constantine/Library/Developer/Xcode/DerivedData/ModuleCache.noindex -Xfrontend -serialize-debugging-options -enable-testing -index-store-path /Users/constantine/Library/Developer/Xcode/DerivedData/KM-dumqlooxnczgiebhdhmwylfdzlpq/Index.noindex/DataStore -Xcc -D_LIBCPP_HARDENING_MODE\=_LIBCPP_HARDENING_MODE_DEBUG -swift-version 5 -I /Users/constantine/Library/Developer/Xcode/DerivedData/KM-dumqlooxnczgiebhdhmwylfdzlpq/Build/Products/Debug-iphonesimulator -F /Users/constantine/Library/Developer/Xcode/DerivedData/KM-dumqlooxnczgiebhdhmwylfdzlpq/Build/Products/Debug-iphonesimulator/PackageFrameworks -F /Users/constantine/Library/Developer/Xcode/DerivedData/KM-dumqlooxnczgiebhdhmwylfdzlpq/Build/Products/Debug-iphonesimulator -c -j18 -enable-batch-mode -incremental -Xcc -ivfsstatcache -Xcc /Users/constantine/Library/Developer/Xcode/DerivedData/SDKStatCaches.noindex/iphonesimulator26.4-23E252-686eebb5dc1d8ecb277353a59184f4aa.sdkstatcache -output-file-map /Users/constantine/Library/Developer/Xcode/DerivedData/KM-dumqlooxnczgiebhdhmwylfdzlpq/Build/Intermediates.noindex/KM.build/Debug-iphonesimulator/KM.build/Objects-normal/x86_64/KM-OutputFileMap.json -use-frontend-parseable-output -save-temps -no-color-diagnostics -explicit-module-build -module-cache-path /Users/constantine/Library/Developer/Xcode/DerivedData/KM-dumqlooxnczgiebhdhmwylfdzlpq/Build/Intermediates.noindex/SwiftExplicitPrecompiledModules -clang-scanner-module-cache-path /Users/constantine/Library/Developer/Xcode/DerivedData/ModuleCache.noindex -sdk-module-cache-path /Users/constantine/Library/Developer/Xcode/DerivedData/ModuleCache.noindex -serialize-diagnostics -emit-dependencies -emit-module -emit-module-path /Users/constantine/Library/Developer/Xcode/DerivedData/KM-dumqlooxnczgiebhdhmwylfdzlpq/Build/Intermediates.noindex/KM.build/Debug-iphonesimulator/KM.build/Objects-normal/x86_64/KM.swiftmodule -validate-clang-modules-once -clang-build-session-file /Users/constantine/Library/Developer/Xcode/DerivedData/ModuleCache.noindex/Session.modulevalidation -Xcc -I/Users/constantine/Library/Developer/Xcode/DerivedData/KM-dumqlooxnczgiebhdhmwylfdzlpq/Build/Intermediates.noindex/KM.build/Debug-iphonesimulator/KM.build/swift-overrides.hmap -emit-const-values -Xfrontend -const-gather-protocols-file -Xfrontend /Users/constantine/Library/Developer/Xcode/DerivedData/KM-dumqlooxnczgiebhdhmwylfdzlpq/Build/Intermediates.noindex/KM.build/Debug-iphonesimulator/KM.build/Objects-normal/x86_64/KM_const_extract_protocols.json -Xcc -iquote -Xcc /Users/constantine/Library/Developer/Xcode/DerivedData/KM-dumqlooxnczgiebhdhmwylfdzlpq/Build/Intermediates.noindex/KM.build/Debug-iphonesimulator/KM.build/KM-generated-files.hmap -Xcc -I/Users/constantine/Library/Developer/Xcode/DerivedData/KM-dumqlooxnczgiebhdhmwylfdzlpq/Build/Intermediates.noindex/KM.build/Debug-iphonesimulator/KM.build/KM-own-target-headers.hmap -Xcc -I/Users/constantine/Library/Developer/Xcode/DerivedData/KM-dumqlooxnczgiebhdhmwylfdzlpq/Build/Intermediates.noindex/KM.build/Debug-iphonesimulator/KM.build/KM-all-non-framework-target-headers.hmap -Xcc -ivfsoverlay -Xcc /Users/constantine/Library/Developer/Xcode/DerivedData/KM-dumqlooxnczgiebhdhmwylfdzlpq/Build/Intermediates.noindex/KM.build/Debug-iphonesimulator/KM-05e6cc8c0e79676be58e6679ba008eb7-VFS-iphonesimulator/all-product-headers.yaml -Xcc -iquote -Xcc /Users/constantine/Library/Developer/Xcode/DerivedData/KM-dumqlooxnczgiebhdhmwylfdzlpq/Build/Intermediates.noindex/KM.build/Debug-iphonesimulator/KM.build/KM-project-headers.hmap -Xcc -I/Users/constantine/Library/Developer/Xcode/DerivedData/KM-dumqlooxnczgiebhdhmwylfdzlpq/Build/Products/Debug-iphonesimulator/include -Xcc -I/Users/constantine/Library/Developer/Xcode/DerivedData/KM-dumqlooxnczgiebhdhmwylfdzlpq/Build/Intermediates.noindex/KM.build/Debug-iphonesimulator/KM.build/DerivedSources-normal/x86_64 -Xcc -I/Users/constantine/Library/Developer/Xcode/DerivedData/KM-dumqlooxnczgiebhdhmwylfdzlpq/Build/Intermediates.noindex/KM.build/Debug-iphonesimulator/KM.build/DerivedSources/x86_64 -Xcc -I/Users/constantine/Library/Developer/Xcode/DerivedData/KM-dumqlooxnczgiebhdhmwylfdzlpq/Build/Intermediates.noindex/KM.build/Debug-iphonesimulator/KM.build/DerivedSources -Xcc -DDEBUG\=1 -emit-objc-header -emit-objc-header-path /Users/constantine/Library/Developer/Xcode/DerivedData/KM-dumqlooxnczgiebhdhmwylfdzlpq/Build/Intermediates.noindex/KM.build/Debug-iphonesimulator/KM.build/Objects-normal/x86_64/KM-Swift.h -working-directory /Users/constantine/Documents/work/code/projects/km -experimental-emit-module-separately -disable-cmo
/Users/constantine/Documents/work/code/projects/km/Sources/Shared/Views/Settings/SystemStatsView.swift:234:1: error: extraneous '}' at top level
}
^
/Users/constantine/Documents/work/code/projects/km/Sources/Shared/Views/Settings/SystemStatsView.swift:234:1: error: extraneous '}' at top level
}
^
/Users/constantine/Documents/work/code/projects/km/Sources/Shared/Views/Settings/SystemStatsView.swift:234:1: error: Extraneous '}' at top level
}
^ (in target 'KM' from project 'KM')

SwiftDriver KM normal arm64 com.apple.xcode.tools.swift.compiler (in target 'KM' from project 'KM')
    cd /Users/constantine/Documents/work/code/projects/km
    builtin-SwiftDriver -- /Applications/Xcode.app/Contents/Developer/Toolchains/XcodeDefault.xctoolchain/usr/bin/swiftc -module-name KM -Onone @/Users/constantine/Library/Developer/Xcode/DerivedData/KM-dumqlooxnczgiebhdhmwylfdzlpq/Build/Intermediates.noindex/KM.build/Debug-iphonesimulator/KM.build/Objects-normal/arm64/KM.SwiftFileList -DDEBUG -Xcc -fmodule-map-file\=/Users/constantine/Library/Developer/Xcode/DerivedData/KM-dumqlooxnczgiebhdhmwylfdzlpq/SourcePackages/checkouts/GRDB.swift/Sources/CSQLite/module.modulemap -enable-upcoming-feature StrictConcurrency -enable-bare-slash-regex -enable-experimental-feature DebugDescriptionMacro -sdk /Applications/Xcode.app/Contents/Developer/Platforms/iPhoneSimulator.platform/Developer/SDKs/iPhoneSimulator26.4.sdk -target arm64-apple-ios17.0-simulator -g -module-cache-path /Users/constantine/Library/Developer/Xcode/DerivedData/ModuleCache.noindex -Xfrontend -serialize-debugging-options -enable-testing -index-store-path /Users/constantine/Library/Developer/Xcode/DerivedData/KM-dumqlooxnczgiebhdhmwylfdzlpq/Index.noindex/DataStore -Xcc -D_LIBCPP_HARDENING_MODE\=_LIBCPP_HARDENING_MODE_DEBUG -swift-version 5 -I /Users/constantine/Library/Developer/Xcode/DerivedData/KM-dumqlooxnczgiebhdhmwylfdzlpq/Build/Products/Debug-iphonesimulator -F /Users/constantine/Library/Developer/Xcode/DerivedData/KM-dumqlooxnczgiebhdhmwylfdzlpq/Build/Products/Debug-iphonesimulator/PackageFrameworks -F /Users/constantine/Library/Developer/Xcode/DerivedData/KM-dumqlooxnczgiebhdhmwylfdzlpq/Build/Products/Debug-iphonesimulator -c -j18 -enable-batch-mode -incremental -Xcc -ivfsstatcache -Xcc /Users/constantine/Library/Developer/Xcode/DerivedData/SDKStatCaches.noindex/iphonesimulator26.4-23E252-686eebb5dc1d8ecb277353a59184f4aa.sdkstatcache -output-file-map /Users/constantine/Library/Developer/Xcode/DerivedData/KM-dumqlooxnczgiebhdhmwylfdzlpq/Build/Intermediates.noindex/KM.build/Debug-iphonesimulator/KM.build/Objects-normal/arm64/KM-OutputFileMap.json -use-frontend-parseable-output -save-temps -no-color-diagnostics -explicit-module-build -module-cache-path /Users/constantine/Library/Developer/Xcode/DerivedData/KM-dumqlooxnczgiebhdhmwylfdzlpq/Build/Intermediates.noindex/SwiftExplicitPrecompiledModules -clang-scanner-module-cache-path /Users/constantine/Library/Developer/Xcode/DerivedData/ModuleCache.noindex -sdk-module-cache-path /Users/constantine/Library/Developer/Xcode/DerivedData/ModuleCache.noindex -serialize-diagnostics -emit-dependencies -emit-module -emit-module-path /Users/constantine/Library/Developer/Xcode/DerivedData/KM-dumqlooxnczgiebhdhmwylfdzlpq/Build/Intermediates.noindex/KM.build/Debug-iphonesimulator/KM.build/Objects-normal/arm64/KM.swiftmodule -validate-clang-modules-once -clang-build-session-file /Users/constantine/Library/Developer/Xcode/DerivedData/ModuleCache.noindex/Session.modulevalidation -Xcc -I/Users/constantine/Library/Developer/Xcode/DerivedData/KM-dumqlooxnczgiebhdhmwylfdzlpq/Build/Intermediates.noindex/KM.build/Debug-iphonesimulator/KM.build/swift-overrides.hmap -emit-const-values -Xfrontend -const-gather-protocols-file -Xfrontend /Users/constantine/Library/Developer/Xcode/DerivedData/KM-dumqlooxnczgiebhdhmwylfdzlpq/Build/Intermediates.noindex/KM.build/Debug-iphonesimulator/KM.build/Objects-normal/arm64/KM_const_extract_protocols.json -Xcc -iquote -Xcc /Users/constantine/Library/Developer/Xcode/DerivedData/KM-dumqlooxnczgiebhdhmwylfdzlpq/Build/Intermediates.noindex/KM.build/Debug-iphonesimulator/KM.build/KM-generated-files.hmap -Xcc -I/Users/constantine/Library/Developer/Xcode/DerivedData/KM-dumqlooxnczgiebhdhmwylfdzlpq/Build/Intermediates.noindex/KM.build/Debug-iphonesimulator/KM.build/KM-own-target-headers.hmap -Xcc -I/Users/constantine/Library/Developer/Xcode/DerivedData/KM-dumqlooxnczgiebhdhmwylfdzlpq/Build/Intermediates.noindex/KM.build/Debug-iphonesimulator/KM.build/KM-all-non-framework-target-headers.hmap -Xcc -ivfsoverlay -Xcc /Users/constantine/Library/Developer/Xcode/DerivedData/KM-dumqlooxnczgiebhdhmwylfdzlpq/Build/Intermediates.noindex/KM.build/Debug-iphonesimulator/KM-05e6cc8c0e79676be58e6679ba008eb7-VFS-iphonesimulator/all-product-headers.yaml -Xcc -iquote -Xcc /Users/constantine/Library/Developer/Xcode/DerivedData/KM-dumqlooxnczgiebhdhmwylfdzlpq/Build/Intermediates.noindex/KM.build/Debug-iphonesimulator/KM.build/KM-project-headers.hmap -Xcc -I/Users/constantine/Library/Developer/Xcode/DerivedData/KM-dumqlooxnczgiebhdhmwylfdzlpq/Build/Products/Debug-iphonesimulator/include -Xcc -I/Users/constantine/Library/Developer/Xcode/DerivedData/KM-dumqlooxnczgiebhdhmwylfdzlpq/Build/Intermediates.noindex/KM.build/Debug-iphonesimulator/KM.build/DerivedSources-normal/arm64 -Xcc -I/Users/constantine/Library/Developer/Xcode/DerivedData/KM-dumqlooxnczgiebhdhmwylfdzlpq/Build/Intermediates.noindex/KM.build/Debug-iphonesimulator/KM.build/DerivedSources/arm64 -Xcc -I/Users/constantine/Library/Developer/Xcode/DerivedData/KM-dumqlooxnczgiebhdhmwylfdzlpq/Build/Intermediates.noindex/KM.build/Debug-iphonesimulator/KM.build/DerivedSources -Xcc -DDEBUG\=1 -emit-objc-header -emit-objc-header-path /Users/constantine/Library/Developer/Xcode/DerivedData/KM-dumqlooxnczgiebhdhmwylfdzlpq/Build/Intermediates.noindex/KM.build/Debug-iphonesimulator/KM.build/Objects-normal/arm64/KM-Swift.h -working-directory /Users/constantine/Documents/work/code/projects/km -experimental-emit-module-separately -disable-cmo
/Users/constantine/Documents/work/code/projects/km/Sources/Shared/Views/Settings/SystemStatsView.swift:234:1: error: Extraneous '}' at top level
}
^ (in target 'KM' from project 'KM')

CopyStringsFile /Users/constantine/Library/Developer/Xcode/DerivedData/KM-dumqlooxnczgiebhdhmwylfdzlpq/Build/Products/Debug-iphonesimulator/KM.app/zh-Hans.lproj/Watch.strings /Users/constantine/Library/Developer/Xcode/DerivedData/KM-dumqlooxnczgiebhdhmwylfdzlpq/Build/Intermediates.noindex/KM.build/Debug-iphonesimulator/KM.build/zh-Hans.lproj/Watch.strings (in target 'KM' from project 'KM')
    cd /Users/constantine/Documents/work/code/projects/km
    builtin-copyStrings --validate --outputencoding binary --outfilename Watch.strings --outdir /Users/constantine/Library/Developer/Xcode/DerivedData/KM-dumqlooxnczgiebhdhmwylfdzlpq/Build/Products/Debug-iphonesimulator/KM.app/zh-Hans.lproj -- /Users/constantine/Library/Developer/Xcode/DerivedData/KM-dumqlooxnczgiebhdhmwylfdzlpq/Build/Intermediates.noindex/KM.build/Debug-iphonesimulator/KM.build/zh-Hans.lproj/Watch.strings
/Users/constantine/Library/Developer/Xcode/DerivedData/KM-dumqlooxnczgiebhdhmwylfdzlpq/Build/Intermediates.noindex/KM.build/Debug-iphonesimulator/KM.build/zh-Hans.lproj/Watch.strings:1:1: note: detected encoding of input file as Unicode (UTF-8) (in target 'KM' from project 'KM')

CopyStringsFile /Users/constantine/Library/Developer/Xcode/DerivedData/KM-dumqlooxnczgiebhdhmwylfdzlpq/Build/Products/Debug-iphonesimulator/KM.app/zh-Hans.lproj/Accessibility.strings /Users/constantine/Library/Developer/Xcode/DerivedData/KM-dumqlooxnczgiebhdhmwylfdzlpq/Build/Intermediates.noindex/KM.build/Debug-iphonesimulator/KM.build/zh-Hans.lproj/Accessibility.strings (in target 'KM' from project 'KM')
    cd /Users/constantine/Documents/work/code/projects/km
    builtin-copyStrings --validate --outputencoding binary --outfilename Accessibility.strings --outdir /Users/constantine/Library/Developer/Xcode/DerivedData/KM-dumqlooxnczgiebhdhmwylfdzlpq/Build/Products/Debug-iphonesimulator/KM.app/zh-Hans.lproj -- /Users/constantine/Library/Developer/Xcode/DerivedData/KM-dumqlooxnczgiebhdhmwylfdzlpq/Build/Intermediates.noindex/KM.build/Debug-iphonesimulator/KM.build/zh-Hans.lproj/Accessibility.strings
/Users/constantine/Library/Developer/Xcode/DerivedData/KM-dumqlooxnczgiebhdhmwylfdzlpq/Build/Intermediates.noindex/KM.build/Debug-iphonesimulator/KM.build/zh-Hans.lproj/Accessibility.strings:1:1: note: detected encoding of input file as Unicode (UTF-8) (in target 'KM' from project 'KM')

CopyStringsFile /Users/constantine/Library/Developer/Xcode/DerivedData/KM-dumqlooxnczgiebhdhmwylfdzlpq/Build/Products/Debug-iphonesimulator/KM.app/en.lproj/Accessibility.strings /Users/constantine/Library/Developer/Xcode/DerivedData/KM-dumqlooxnczgiebhdhmwylfdzlpq/Build/Intermediates.noindex/KM.build/Debug-iphonesimulator/KM.build/en.lproj/Accessibility.strings (in target 'KM' from project 'KM')
    cd /Users/constantine/Documents/work/code/projects/km
    builtin-copyStrings --validate --outputencoding binary --outfilename Accessibility.strings --outdir /Users/constantine/Library/Developer/Xcode/DerivedData/KM-dumqlooxnczgiebhdhmwylfdzlpq/Build/Products/Debug-iphonesimulator/KM.app/en.lproj -- /Users/constantine/Library/Developer/Xcode/DerivedData/KM-dumqlooxnczgiebhdhmwylfdzlpq/Build/Intermediates.noindex/KM.build/Debug-iphonesimulator/KM.build/en.lproj/Accessibility.strings
/Users/constantine/Library/Developer/Xcode/DerivedData/KM-dumqlooxnczgiebhdhmwylfdzlpq/Build/Intermediates.noindex/KM.build/Debug-iphonesimulator/KM.build/en.lproj/Accessibility.strings:1:1: note: detected encoding of input file as Unicode (UTF-8) (in target 'KM' from project 'KM')

CopyStringsFile /Users/constantine/Library/Developer/Xcode/DerivedData/KM-dumqlooxnczgiebhdhmwylfdzlpq/Build/Products/Debug-iphonesimulator/KM.app/en.lproj/Watch.strings /Users/constantine/Library/Developer/Xcode/DerivedData/KM-dumqlooxnczgiebhdhmwylfdzlpq/Build/Intermediates.noindex/KM.build/Debug-iphonesimulator/KM.build/en.lproj/Watch.strings (in target 'KM' from project 'KM')
    cd /Users/constantine/Documents/work/code/projects/km
    builtin-copyStrings --validate --outputencoding binary --outfilename Watch.strings --outdir /Users/constantine/Library/Developer/Xcode/DerivedData/KM-dumqlooxnczgiebhdhmwylfdzlpq/Build/Products/Debug-iphonesimulator/KM.app/en.lproj -- /Users/constantine/Library/Developer/Xcode/DerivedData/KM-dumqlooxnczgiebhdhmwylfdzlpq/Build/Intermediates.noindex/KM.build/Debug-iphonesimulator/KM.build/en.lproj/Watch.strings
/Users/constantine/Library/Developer/Xcode/DerivedData/KM-dumqlooxnczgiebhdhmwylfdzlpq/Build/Intermediates.noindex/KM.build/Debug-iphonesimulator/KM.build/en.lproj/Watch.strings:1:1: note: detected encoding of input file as Unicode (UTF-8) (in target 'KM' from project 'KM')

CopyStringsFile /Users/constantine/Library/Developer/Xcode/DerivedData/KM-dumqlooxnczgiebhdhmwylfdzlpq/Build/Products/Debug-iphonesimulator/KM.app/zh-Hans.lproj/Components.strings /Users/constantine/Library/Developer/Xcode/DerivedData/KM-dumqlooxnczgiebhdhmwylfdzlpq/Build/Intermediates.noindex/KM.build/Debug-iphonesimulator/KM.build/zh-Hans.lproj/Components.strings (in target 'KM' from project 'KM')
    cd /Users/constantine/Documents/work/code/projects/km
    builtin-copyStrings --validate --outputencoding binary --outfilename Components.strings --outdir /Users/constantine/Library/Developer/Xcode/DerivedData/KM-dumqlooxnczgiebhdhmwylfdzlpq/Build/Products/Debug-iphonesimulator/KM.app/zh-Hans.lproj -- /Users/constantine/Library/Developer/Xcode/DerivedData/KM-dumqlooxnczgiebhdhmwylfdzlpq/Build/Intermediates.noindex/KM.build/Debug-iphonesimulator/KM.build/zh-Hans.lproj/Components.strings
/Users/constantine/Library/Developer/Xcode/DerivedData/KM-dumqlooxnczgiebhdhmwylfdzlpq/Build/Intermediates.noindex/KM.build/Debug-iphonesimulator/KM.build/zh-Hans.lproj/Components.strings:1:1: note: detected encoding of input file as Unicode (UTF-8) (in target 'KM' from project 'KM')

CopyStringsFile /Users/constantine/Library/Developer/Xcode/DerivedData/KM-dumqlooxnczgiebhdhmwylfdzlpq/Build/Products/Debug-iphonesimulator/KM.app/en.lproj/Components.strings /Users/constantine/Library/Developer/Xcode/DerivedData/KM-dumqlooxnczgiebhdhmwylfdzlpq/Build/Intermediates.noindex/KM.build/Debug-iphonesimulator/KM.build/en.lproj/Components.strings (in target 'KM' from project 'KM')
    cd /Users/constantine/Documents/work/code/projects/km
    builtin-copyStrings --validate --outputencoding binary --outfilename Components.strings --outdir /Users/constantine/Library/Developer/Xcode/DerivedData/KM-dumqlooxnczgiebhdhmwylfdzlpq/Build/Products/Debug-iphonesimulator/KM.app/en.lproj -- /Users/constantine/Library/Developer/Xcode/DerivedData/KM-dumqlooxnczgiebhdhmwylfdzlpq/Build/Intermediates.noindex/KM.build/Debug-iphonesimulator/KM.build/en.lproj/Components.strings
/Users/constantine/Library/Developer/Xcode/DerivedData/KM-dumqlooxnczgiebhdhmwylfdzlpq/Build/Intermediates.noindex/KM.build/Debug-iphonesimulator/KM.build/en.lproj/Components.strings:1:1: note: detected encoding of input file as Unicode (UTF-8) (in target 'KM' from project 'KM')

CopyStringsFile /Users/constantine/Library/Developer/Xcode/DerivedData/KM-dumqlooxnczgiebhdhmwylfdzlpq/Build/Products/Debug-iphonesimulator/KM.app/zh-Hans.lproj/Collaboration.strings /Users/constantine/Library/Developer/Xcode/DerivedData/KM-dumqlooxnczgiebhdhmwylfdzlpq/Build/Intermediates.noindex/KM.build/Debug-iphonesimulator/KM.build/zh-Hans.lproj/Collaboration.strings (in target 'KM' from project 'KM')
    cd /Users/constantine/Documents/work/code/projects/km
    builtin-copyStrings --validate --outputencoding binary --outfilename Collaboration.strings --outdir /Users/constantine/Library/Developer/Xcode/DerivedData/KM-dumqlooxnczgiebhdhmwylfdzlpq/Build/Products/Debug-iphonesimulator/KM.app/zh-Hans.lproj -- /Users/constantine/Library/Developer/Xcode/DerivedData/KM-dumqlooxnczgiebhdhmwylfdzlpq/Build/Intermediates.noindex/KM.build/Debug-iphonesimulator/KM.build/zh-Hans.lproj/Collaboration.strings
/Users/constantine/Library/Developer/Xcode/DerivedData/KM-dumqlooxnczgiebhdhmwylfdzlpq/Build/Intermediates.noindex/KM.build/Debug-iphonesimulator/KM.build/zh-Hans.lproj/Collaboration.strings:1:1: note: detected encoding of input file as Unicode (UTF-8) (in target 'KM' from project 'KM')

CopyStringsFile /Users/constantine/Library/Developer/Xcode/DerivedData/KM-dumqlooxnczgiebhdhmwylfdzlpq/Build/Products/Debug-iphonesimulator/KM.app/zh-Hans.lproj/Creation.strings /Users/constantine/Library/Developer/Xcode/DerivedData/KM-dumqlooxnczgiebhdhmwylfdzlpq/Build/Intermediates.noindex/KM.build/Debug-iphonesimulator/KM.build/zh-Hans.lproj/Creation.strings (in target 'KM' from project 'KM')
    cd /Users/constantine/Documents/work/code/projects/km
    builtin-copyStrings --validate --outputencoding binary --outfilename Creation.strings --outdir /Users/constantine/Library/Developer/Xcode/DerivedData/KM-dumqlooxnczgiebhdhmwylfdzlpq/Build/Products/Debug-iphonesimulator/KM.app/zh-Hans.lproj -- /Users/constantine/Library/Developer/Xcode/DerivedData/KM-dumqlooxnczgiebhdhmwylfdzlpq/Build/Intermediates.noindex/KM.build/Debug-iphonesimulator/KM.build/zh-Hans.lproj/Creation.strings
/Users/constantine/Library/Developer/Xcode/DerivedData/KM-dumqlooxnczgiebhdhmwylfdzlpq/Build/Intermediates.noindex/KM.build/Debug-iphonesimulator/KM.build/zh-Hans.lproj/Creation.strings:1:1: note: detected encoding of input file as Unicode (UTF-8) (in target 'KM' from project 'KM')

CopyStringsFile /Users/constantine/Library/Developer/Xcode/DerivedData/KM-dumqlooxnczgiebhdhmwylfdzlpq/Build/Products/Debug-iphonesimulator/KM.app/en.lproj/Creation.strings /Users/constantine/Library/Developer/Xcode/DerivedData/KM-dumqlooxnczgiebhdhmwylfdzlpq/Build/Intermediates.noindex/KM.build/Debug-iphonesimulator/KM.build/en.lproj/Creation.strings (in target 'KM' from project 'KM')
    cd /Users/constantine/Documents/work/code/projects/km
    builtin-copyStrings --validate --outputencoding binary --outfilename Creation.strings --outdir /Users/constantine/Library/Developer/Xcode/DerivedData/KM-dumqlooxnczgiebhdhmwylfdzlpq/Build/Products/Debug-iphonesimulator/KM.app/en.lproj -- /Users/constantine/Library/Developer/Xcode/DerivedData/KM-dumqlooxnczgiebhdhmwylfdzlpq/Build/Intermediates.noindex/KM.build/Debug-iphonesimulator/KM.build/en.lproj/Creation.strings
/Users/constantine/Library/Developer/Xcode/DerivedData/KM-dumqlooxnczgiebhdhmwylfdzlpq/Build/Intermediates.noindex/KM.build/Debug-iphonesimulator/KM.build/en.lproj/Creation.strings:1:1: note: detected encoding of input file as Unicode (UTF-8) (in target 'KM' from project 'KM')

CopyStringsFile /Users/constantine/Library/Developer/Xcode/DerivedData/KM-dumqlooxnczgiebhdhmwylfdzlpq/Build/Products/Debug-iphonesimulator/KM.app/zh-Hans.lproj/CoreModels.strings /Users/constantine/Library/Developer/Xcode/DerivedData/KM-dumqlooxnczgiebhdhmwylfdzlpq/Build/Intermediates.noindex/KM.build/Debug-iphonesimulator/KM.build/zh-Hans.lproj/CoreModels.strings (in target 'KM' from project 'KM')
    cd /Users/constantine/Documents/work/code/projects/km
    builtin-copyStrings --validate --outputencoding binary --outfilename CoreModels.strings --outdir /Users/constantine/Library/Developer/Xcode/DerivedData/KM-dumqlooxnczgiebhdhmwylfdzlpq/Build/Products/Debug-iphonesimulator/KM.app/zh-Hans.lproj -- /Users/constantine/Library/Developer/Xcode/DerivedData/KM-dumqlooxnczgiebhdhmwylfdzlpq/Build/Intermediates.noindex/KM.build/Debug-iphonesimulator/KM.build/zh-Hans.lproj/CoreModels.strings
/Users/constantine/Library/Developer/Xcode/DerivedData/KM-dumqlooxnczgiebhdhmwylfdzlpq/Build/Intermediates.noindex/KM.build/Debug-iphonesimulator/KM.build/zh-Hans.lproj/CoreModels.strings:1:1: note: detected encoding of input file as Unicode (UTF-8) (in target 'KM' from project 'KM')

CopyStringsFile /Users/constantine/Library/Developer/Xcode/DerivedData/KM-dumqlooxnczgiebhdhmwylfdzlpq/Build/Products/Debug-iphonesimulator/KM.app/en.lproj/CoreModels.strings /Users/constantine/Library/Developer/Xcode/DerivedData/KM-dumqlooxnczgiebhdhmwylfdzlpq/Build/Intermediates.noindex/KM.build/Debug-iphonesimulator/KM.build/en.lproj/CoreModels.strings (in target 'KM' from project 'KM')
    cd /Users/constantine/Documents/work/code/projects/km
    builtin-copyStrings --validate --outputencoding binary --outfilename CoreModels.strings --outdir /Users/constantine/Library/Developer/Xcode/DerivedData/KM-dumqlooxnczgiebhdhmwylfdzlpq/Build/Products/Debug-iphonesimulator/KM.app/en.lproj -- /Users/constantine/Library/Developer/Xcode/DerivedData/KM-dumqlooxnczgiebhdhmwylfdzlpq/Build/Intermediates.noindex/KM.build/Debug-iphonesimulator/KM.build/en.lproj/CoreModels.strings
/Users/constantine/Library/Developer/Xcode/DerivedData/KM-dumqlooxnczgiebhdhmwylfdzlpq/Build/Intermediates.noindex/KM.build/Debug-iphonesimulator/KM.build/en.lproj/CoreModels.strings:1:1: note: detected encoding of input file as Unicode (UTF-8) (in target 'KM' from project 'KM')

CopyStringsFile /Users/constantine/Library/Developer/Xcode/DerivedData/KM-dumqlooxnczgiebhdhmwylfdzlpq/Build/Products/Debug-iphonesimulator/KM.app/en.lproj/Collaboration.strings /Users/constantine/Library/Developer/Xcode/DerivedData/KM-dumqlooxnczgiebhdhmwylfdzlpq/Build/Intermediates.noindex/KM.build/Debug-iphonesimulator/KM.build/en.lproj/Collaboration.strings (in target 'KM' from project 'KM')
    cd /Users/constantine/Documents/work/code/projects/km
    builtin-copyStrings --validate --outputencoding binary --outfilename Collaboration.strings --outdir /Users/constantine/Library/Developer/Xcode/DerivedData/KM-dumqlooxnczgiebhdhmwylfdzlpq/Build/Products/Debug-iphonesimulator/KM.app/en.lproj -- /Users/constantine/Library/Developer/Xcode/DerivedData/KM-dumqlooxnczgiebhdhmwylfdzlpq/Build/Intermediates.noindex/KM.build/Debug-iphonesimulator/KM.build/en.lproj/Collaboration.strings
/Users/constantine/Library/Developer/Xcode/DerivedData/KM-dumqlooxnczgiebhdhmwylfdzlpq/Build/Intermediates.noindex/KM.build/Debug-iphonesimulator/KM.build/en.lproj/Collaboration.strings:1:1: note: detected encoding of input file as Unicode (UTF-8) (in target 'KM' from project 'KM')

CopyStringsFile /Users/constantine/Library/Developer/Xcode/DerivedData/KM-dumqlooxnczgiebhdhmwylfdzlpq/Build/Products/Debug-iphonesimulator/KM.app/zh-Hans.lproj/Dashboard.strings /Users/constantine/Library/Developer/Xcode/DerivedData/KM-dumqlooxnczgiebhdhmwylfdzlpq/Build/Intermediates.noindex/KM.build/Debug-iphonesimulator/KM.build/zh-Hans.lproj/Dashboard.strings (in target 'KM' from project 'KM')
    cd /Users/constantine/Documents/work/code/projects/km
    builtin-copyStrings --validate --outputencoding binary --outfilename Dashboard.strings --outdir /Users/constantine/Library/Developer/Xcode/DerivedData/KM-dumqlooxnczgiebhdhmwylfdzlpq/Build/Products/Debug-iphonesimulator/KM.app/zh-Hans.lproj -- /Users/constantine/Library/Developer/Xcode/DerivedData/KM-dumqlooxnczgiebhdhmwylfdzlpq/Build/Intermediates.noindex/KM.build/Debug-iphonesimulator/KM.build/zh-Hans.lproj/Dashboard.strings
/Users/constantine/Library/Developer/Xcode/DerivedData/KM-dumqlooxnczgiebhdhmwylfdzlpq/Build/Intermediates.noindex/KM.build/Debug-iphonesimulator/KM.build/zh-Hans.lproj/Dashboard.strings:1:1: note: detected encoding of input file as Unicode (UTF-8) (in target 'KM' from project 'KM')

CopyStringsFile /Users/constantine/Library/Developer/Xcode/DerivedData/KM-dumqlooxnczgiebhdhmwylfdzlpq/Build/Products/Debug-iphonesimulator/KM.app/zh-Hans.lproj/Chat.strings /Users/constantine/Library/Developer/Xcode/DerivedData/KM-dumqlooxnczgiebhdhmwylfdzlpq/Build/Intermediates.noindex/KM.build/Debug-iphonesimulator/KM.build/zh-Hans.lproj/Chat.strings (in target 'KM' from project 'KM')
    cd /Users/constantine/Documents/work/code/projects/km
    builtin-copyStrings --validate --outputencoding binary --outfilename Chat.strings --outdir /Users/constantine/Library/Developer/Xcode/DerivedData/KM-dumqlooxnczgiebhdhmwylfdzlpq/Build/Products/Debug-iphonesimulator/KM.app/zh-Hans.lproj -- /Users/constantine/Library/Developer/Xcode/DerivedData/KM-dumqlooxnczgiebhdhmwylfdzlpq/Build/Intermediates.noindex/KM.build/Debug-iphonesimulator/KM.build/zh-Hans.lproj/Chat.strings
/Users/constantine/Library/Developer/Xcode/DerivedData/KM-dumqlooxnczgiebhdhmwylfdzlpq/Build/Intermediates.noindex/KM.build/Debug-iphonesimulator/KM.build/zh-Hans.lproj/Chat.strings:1:1: note: detected encoding of input file as Unicode (UTF-8) (in target 'KM' from project 'KM')

CopyStringsFile /Users/constantine/Library/Developer/Xcode/DerivedData/KM-dumqlooxnczgiebhdhmwylfdzlpq/Build/Products/Debug-iphonesimulator/KM.app/zh-Hans.lproj/InfoPlist.strings /Users/constantine/Library/Developer/Xcode/DerivedData/KM-dumqlooxnczgiebhdhmwylfdzlpq/Build/Intermediates.noindex/KM.build/Debug-iphonesimulator/KM.build/zh-Hans.lproj/InfoPlist.strings (in target 'KM' from project 'KM')
    cd /Users/constantine/Documents/work/code/projects/km
    builtin-copyStrings --validate --outputencoding binary --outfilename InfoPlist.strings --outdir /Users/constantine/Library/Developer/Xcode/DerivedData/KM-dumqlooxnczgiebhdhmwylfdzlpq/Build/Products/Debug-iphonesimulator/KM.app/zh-Hans.lproj -- /Users/constantine/Library/Developer/Xcode/DerivedData/KM-dumqlooxnczgiebhdhmwylfdzlpq/Build/Intermediates.noindex/KM.build/Debug-iphonesimulator/KM.build/zh-Hans.lproj/InfoPlist.strings
/Users/constantine/Library/Developer/Xcode/DerivedData/KM-dumqlooxnczgiebhdhmwylfdzlpq/Build/Intermediates.noindex/KM.build/Debug-iphonesimulator/KM.build/zh-Hans.lproj/InfoPlist.strings:1:1: note: detected encoding of input file as Unicode (UTF-8) (in target 'KM' from project 'KM')

CopyStringsFile /Users/constantine/Library/Developer/Xcode/DerivedData/KM-dumqlooxnczgiebhdhmwylfdzlpq/Build/Products/Debug-iphonesimulator/KM.app/zh-Hans.lproj/ICloud.strings /Users/constantine/Library/Developer/Xcode/DerivedData/KM-dumqlooxnczgiebhdhmwylfdzlpq/Build/Intermediates.noindex/KM.build/Debug-iphonesimulator/KM.build/zh-Hans.lproj/ICloud.strings (in target 'KM' from project 'KM')
    cd /Users/constantine/Documents/work/code/projects/km
    builtin-copyStrings --validate --outputencoding binary --outfilename ICloud.strings --outdir /Users/constantine/Library/Developer/Xcode/DerivedData/KM-dumqlooxnczgiebhdhmwylfdzlpq/Build/Products/Debug-iphonesimulator/KM.app/zh-Hans.lproj -- /Users/constantine/Library/Developer/Xcode/DerivedData/KM-dumqlooxnczgiebhdhmwylfdzlpq/Build/Intermediates.noindex/KM.build/Debug-iphonesimulator/KM.build/zh-Hans.lproj/ICloud.strings
/Users/constantine/Library/Developer/Xcode/DerivedData/KM-dumqlooxnczgiebhdhmwylfdzlpq/Build/Intermediates.noindex/KM.build/Debug-iphonesimulator/KM.build/zh-Hans.lproj/ICloud.strings:1:1: note: detected encoding of input file as Unicode (UTF-8) (in target 'KM' from project 'KM')

CopyStringsFile /Users/constantine/Library/Developer/Xcode/DerivedData/KM-dumqlooxnczgiebhdhmwylfdzlpq/Build/Products/Debug-iphonesimulator/KM.app/zh-Hans.lproj/Settings.strings /Users/constantine/Library/Developer/Xcode/DerivedData/KM-dumqlooxnczgiebhdhmwylfdzlpq/Build/Intermediates.noindex/KM.build/Debug-iphonesimulator/KM.build/zh-Hans.lproj/Settings.strings (in target 'KM' from project 'KM')
    cd /Users/constantine/Documents/work/code/projects/km
    builtin-copyStrings --validate --outputencoding binary --outfilename Settings.strings --outdir /Users/constantine/Library/Developer/Xcode/DerivedData/KM-dumqlooxnczgiebhdhmwylfdzlpq/Build/Products/Debug-iphonesimulator/KM.app/zh-Hans.lproj -- /Users/constantine/Library/Developer/Xcode/DerivedData/KM-dumqlooxnczgiebhdhmwylfdzlpq/Build/Intermediates.noindex/KM.build/Debug-iphonesimulator/KM.build/zh-Hans.lproj/Settings.strings
/Users/constantine/Library/Developer/Xcode/DerivedData/KM-dumqlooxnczgiebhdhmwylfdzlpq/Build/Intermediates.noindex/KM.build/Debug-iphonesimulator/KM.build/zh-Hans.lproj/Settings.strings:1:1: note: detected encoding of input file as Unicode (UTF-8) (in target 'KM' from project 'KM')

CopyStringsFile /Users/constantine/Library/Developer/Xcode/DerivedData/KM-dumqlooxnczgiebhdhmwylfdzlpq/Build/Products/Debug-iphonesimulator/KM.app/zh-Hans.lproj/Backup.strings /Users/constantine/Library/Developer/Xcode/DerivedData/KM-dumqlooxnczgiebhdhmwylfdzlpq/Build/Intermediates.noindex/KM.build/Debug-iphonesimulator/KM.build/zh-Hans.lproj/Backup.strings (in target 'KM' from project 'KM')
    cd /Users/constantine/Documents/work/code/projects/km
    builtin-copyStrings --validate --outputencoding binary --outfilename Backup.strings --outdir /Users/constantine/Library/Developer/Xcode/DerivedData/KM-dumqlooxnczgiebhdhmwylfdzlpq/Build/Products/Debug-iphonesimulator/KM.app/zh-Hans.lproj -- /Users/constantine/Library/Developer/Xcode/DerivedData/KM-dumqlooxnczgiebhdhmwylfdzlpq/Build/Intermediates.noindex/KM.build/Debug-iphonesimulator/KM.build/zh-Hans.lproj/Backup.strings
/Users/constantine/Library/Developer/Xcode/DerivedData/KM-dumqlooxnczgiebhdhmwylfdzlpq/Build/Intermediates.noindex/KM.build/Debug-iphonesimulator/KM.build/zh-Hans.lproj/Backup.strings:1:1: note: detected encoding of input file as Unicode (UTF-8) (in target 'KM' from project 'KM')

CopyStringsFile /Users/constantine/Library/Developer/Xcode/DerivedData/KM-dumqlooxnczgiebhdhmwylfdzlpq/Build/Products/Debug-iphonesimulator/KM.app/zh-Hans.lproj/AITasks.strings /Users/constantine/Library/Developer/Xcode/DerivedData/KM-dumqlooxnczgiebhdhmwylfdzlpq/Build/Intermediates.noindex/KM.build/Debug-iphonesimulator/KM.build/zh-Hans.lproj/AITasks.strings (in target 'KM' from project 'KM')
    cd /Users/constantine/Documents/work/code/projects/km
    builtin-copyStrings --validate --outputencoding binary --outfilename AITasks.strings --outdir /Users/constantine/Library/Developer/Xcode/DerivedData/KM-dumqlooxnczgiebhdhmwylfdzlpq/Build/Products/Debug-iphonesimulator/KM.app/zh-Hans.lproj -- /Users/constantine/Library/Developer/Xcode/DerivedData/KM-dumqlooxnczgiebhdhmwylfdzlpq/Build/Intermediates.noindex/KM.build/Debug-iphonesimulator/KM.build/zh-Hans.lproj/AITasks.strings
/Users/constantine/Library/Developer/Xcode/DerivedData/KM-dumqlooxnczgiebhdhmwylfdzlpq/Build/Intermediates.noindex/KM.build/Debug-iphonesimulator/KM.build/zh-Hans.lproj/AITasks.strings:1:1: note: detected encoding of input file as Unicode (UTF-8) (in target 'KM' from project 'KM')

CopyStringsFile /Users/constantine/Library/Developer/Xcode/DerivedData/KM-dumqlooxnczgiebhdhmwylfdzlpq/Build/Products/Debug-iphonesimulator/KM.app/en.lproj/Settings.strings /Users/constantine/Library/Developer/Xcode/DerivedData/KM-dumqlooxnczgiebhdhmwylfdzlpq/Build/Intermediates.noindex/KM.build/Debug-iphonesimulator/KM.build/en.lproj/Settings.strings (in target 'KM' from project 'KM')
    cd /Users/constantine/Documents/work/code/projects/km
    builtin-copyStrings --validate --outputencoding binary --outfilename Settings.strings --outdir /Users/constantine/Library/Developer/Xcode/DerivedData/KM-dumqlooxnczgiebhdhmwylfdzlpq/Build/Products/Debug-iphonesimulator/KM.app/en.lproj -- /Users/constantine/Library/Developer/Xcode/DerivedData/KM-dumqlooxnczgiebhdhmwylfdzlpq/Build/Intermediates.noindex/KM.build/Debug-iphonesimulator/KM.build/en.lproj/Settings.strings
/Users/constantine/Library/Developer/Xcode/DerivedData/KM-dumqlooxnczgiebhdhmwylfdzlpq/Build/Intermediates.noindex/KM.build/Debug-iphonesimulator/KM.build/en.lproj/Settings.strings:1:1: note: detected encoding of input file as Unicode (UTF-8) (in target 'KM' from project 'KM')

CopyStringsFile /Users/constantine/Library/Developer/Xcode/DerivedData/KM-dumqlooxnczgiebhdhmwylfdzlpq/Build/Products/Debug-iphonesimulator/KM.app/en.lproj/InfoPlist.strings /Users/constantine/Library/Developer/Xcode/DerivedData/KM-dumqlooxnczgiebhdhmwylfdzlpq/Build/Intermediates.noindex/KM.build/Debug-iphonesimulator/KM.build/en.lproj/InfoPlist.strings (in target 'KM' from project 'KM')
    cd /Users/constantine/Documents/work/code/projects/km
    builtin-copyStrings --validate --outputencoding binary --outfilename InfoPlist.strings --outdir /Users/constantine/Library/Developer/Xcode/DerivedData/KM-dumqlooxnczgiebhdhmwylfdzlpq/Build/Products/Debug-iphonesimulator/KM.app/en.lproj -- /Users/constantine/Library/Developer/Xcode/DerivedData/KM-dumqlooxnczgiebhdhmwylfdzlpq/Build/Intermediates.noindex/KM.build/Debug-iphonesimulator/KM.build/en.lproj/InfoPlist.strings
/Users/constantine/Library/Developer/Xcode/DerivedData/KM-dumqlooxnczgiebhdhmwylfdzlpq/Build/Intermediates.noindex/KM.build/Debug-iphonesimulator/KM.build/en.lproj/InfoPlist.strings:1:1: note: detected encoding of input file as Unicode (UTF-8) (in target 'KM' from project 'KM')

CopyStringsFile /Users/constantine/Library/Developer/Xcode/DerivedData/KM-dumqlooxnczgiebhdhmwylfdzlpq/Build/Products/Debug-iphonesimulator/KM.app/en.lproj/ICloud.strings /Users/constantine/Library/Developer/Xcode/DerivedData/KM-dumqlooxnczgiebhdhmwylfdzlpq/Build/Intermediates.noindex/KM.build/Debug-iphonesimulator/KM.build/en.lproj/ICloud.strings (in target 'KM' from project 'KM')
    cd /Users/constantine/Documents/work/code/projects/km
    builtin-copyStrings --validate --outputencoding binary --outfilename ICloud.strings --outdir /Users/constantine/Library/Developer/Xcode/DerivedData/KM-dumqlooxnczgiebhdhmwylfdzlpq/Build/Products/Debug-iphonesimulator/KM.app/en.lproj -- /Users/constantine/Library/Developer/Xcode/DerivedData/KM-dumqlooxnczgiebhdhmwylfdzlpq/Build/Intermediates.noindex/KM.build/Debug-iphonesimulator/KM.build/en.lproj/ICloud.strings
/Users/constantine/Library/Developer/Xcode/DerivedData/KM-dumqlooxnczgiebhdhmwylfdzlpq/Build/Intermediates.noindex/KM.build/Debug-iphonesimulator/KM.build/en.lproj/ICloud.strings:1:1: note: detected encoding of input file as Unicode (UTF-8) (in target 'KM' from project 'KM')

CopyStringsFile /Users/constantine/Library/Developer/Xcode/DerivedData/KM-dumqlooxnczgiebhdhmwylfdzlpq/Build/Products/Debug-iphonesimulator/KM.app/en.lproj/Dashboard.strings /Users/constantine/Library/Developer/Xcode/DerivedData/KM-dumqlooxnczgiebhdhmwylfdzlpq/Build/Intermediates.noindex/KM.build/Debug-iphonesimulator/KM.build/en.lproj/Dashboard.strings (in target 'KM' from project 'KM')
    cd /Users/constantine/Documents/work/code/projects/km
    builtin-copyStrings --validate --outputencoding binary --outfilename Dashboard.strings --outdir /Users/constantine/Library/Developer/Xcode/DerivedData/KM-dumqlooxnczgiebhdhmwylfdzlpq/Build/Products/Debug-iphonesimulator/KM.app/en.lproj -- /Users/constantine/Library/Developer/Xcode/DerivedData/KM-dumqlooxnczgiebhdhmwylfdzlpq/Build/Intermediates.noindex/KM.build/Debug-iphonesimulator/KM.build/en.lproj/Dashboard.strings
/Users/constantine/Library/Developer/Xcode/DerivedData/KM-dumqlooxnczgiebhdhmwylfdzlpq/Build/Intermediates.noindex/KM.build/Debug-iphonesimulator/KM.build/en.lproj/Dashboard.strings:1:1: note: detected encoding of input file as Unicode (UTF-8) (in target 'KM' from project 'KM')

CopyStringsFile /Users/constantine/Library/Developer/Xcode/DerivedData/KM-dumqlooxnczgiebhdhmwylfdzlpq/Build/Products/Debug-iphonesimulator/KM.app/en.lproj/Chat.strings /Users/constantine/Library/Developer/Xcode/DerivedData/KM-dumqlooxnczgiebhdhmwylfdzlpq/Build/Intermediates.noindex/KM.build/Debug-iphonesimulator/KM.build/en.lproj/Chat.strings (in target 'KM' from project 'KM')
    cd /Users/constantine/Documents/work/code/projects/km
    builtin-copyStrings --validate --outputencoding binary --outfilename Chat.strings --outdir /Users/constantine/Library/Developer/Xcode/DerivedData/KM-dumqlooxnczgiebhdhmwylfdzlpq/Build/Products/Debug-iphonesimulator/KM.app/en.lproj -- /Users/constantine/Library/Developer/Xcode/DerivedData/KM-dumqlooxnczgiebhdhmwylfdzlpq/Build/Intermediates.noindex/KM.build/Debug-iphonesimulator/KM.build/en.lproj/Chat.strings
/Users/constantine/Library/Developer/Xcode/DerivedData/KM-dumqlooxnczgiebhdhmwylfdzlpq/Build/Intermediates.noindex/KM.build/Debug-iphonesimulator/KM.build/en.lproj/Chat.strings:1:1: note: detected encoding of input file as Unicode (UTF-8) (in target 'KM' from project 'KM')

CopyStringsFile /Users/constantine/Library/Developer/Xcode/DerivedData/KM-dumqlooxnczgiebhdhmwylfdzlpq/Build/Products/Debug-iphonesimulator/KM.app/en.lproj/Backup.strings /Users/constantine/Library/Developer/Xcode/DerivedData/KM-dumqlooxnczgiebhdhmwylfdzlpq/Build/Intermediates.noindex/KM.build/Debug-iphonesimulator/KM.build/en.lproj/Backup.strings (in target 'KM' from project 'KM')
    cd /Users/constantine/Documents/work/code/projects/km
    builtin-copyStrings --validate --outputencoding binary --outfilename Backup.strings --outdir /Users/constantine/Library/Developer/Xcode/DerivedData/KM-dumqlooxnczgiebhdhmwylfdzlpq/Build/Products/Debug-iphonesimulator/KM.app/en.lproj -- /Users/constantine/Library/Developer/Xcode/DerivedData/KM-dumqlooxnczgiebhdhmwylfdzlpq/Build/Intermediates.noindex/KM.build/Debug-iphonesimulator/KM.build/en.lproj/Backup.strings
/Users/constantine/Library/Developer/Xcode/DerivedData/KM-dumqlooxnczgiebhdhmwylfdzlpq/Build/Intermediates.noindex/KM.build/Debug-iphonesimulator/KM.build/en.lproj/Backup.strings:1:1: note: detected encoding of input file as Unicode (UTF-8) (in target 'KM' from project 'KM')

CopyStringsFile /Users/constantine/Library/Developer/Xcode/DerivedData/KM-dumqlooxnczgiebhdhmwylfdzlpq/Build/Products/Debug-iphonesimulator/KM.app/en.lproj/AITasks.strings /Users/constantine/Library/Developer/Xcode/DerivedData/KM-dumqlooxnczgiebhdhmwylfdzlpq/Build/Intermediates.noindex/KM.build/Debug-iphonesimulator/KM.build/en.lproj/AITasks.strings (in target 'KM' from project 'KM')
    cd /Users/constantine/Documents/work/code/projects/km
    builtin-copyStrings --validate --outputencoding binary --outfilename AITasks.strings --outdir /Users/constantine/Library/Developer/Xcode/DerivedData/KM-dumqlooxnczgiebhdhmwylfdzlpq/Build/Products/Debug-iphonesimulator/KM.app/en.lproj -- /Users/constantine/Library/Developer/Xcode/DerivedData/KM-dumqlooxnczgiebhdhmwylfdzlpq/Build/Intermediates.noindex/KM.build/Debug-iphonesimulator/KM.build/en.lproj/AITasks.strings
/Users/constantine/Library/Developer/Xcode/DerivedData/KM-dumqlooxnczgiebhdhmwylfdzlpq/Build/Intermediates.noindex/KM.build/Debug-iphonesimulator/KM.build/en.lproj/AITasks.strings:1:1: note: detected encoding of input file as Unicode (UTF-8) (in target 'KM' from project 'KM')

** BUILD FAILED **


The following build commands failed:
	SwiftDriver KM normal x86_64 com.apple.xcode.tools.swift.compiler (in target 'KM' from project 'KM')
	SwiftDriver KM normal arm64 com.apple.xcode.tools.swift.compiler (in target 'KM' from project 'KM')
	Building project KM with scheme KM
(3 failures)
