Command line invocation:
    /Applications/Xcode.app/Contents/Developer/usr/bin/xcodebuild build -project ZhiYu.xcodeproj -scheme ZhiYu -destination "generic/platform=iOS Simulator" CODE_SIGNING_ALLOWED=NO CODE_SIGNING_REQUIRED=NO

Build settings from command line:
    CODE_SIGNING_ALLOWED = NO
    CODE_SIGNING_REQUIRED = NO

Resolve Package Graph


Resolved source packages:
  xctest-dynamic-overlay: https://github.com/pointfreeco/xctest-dynamic-overlay @ 1.9.0
  swift-snapshot-testing: https://github.com/pointfreeco/swift-snapshot-testing @ 1.19.2
  swift-custom-dump: https://github.com/pointfreeco/swift-custom-dump @ 1.5.0
  GRDB: https://github.com/groue/GRDB.swift.git @ 6.29.3
  swift-syntax: https://github.com/swiftlang/swift-syntax @ 603.0.1

ComputePackagePrebuildTargetDependencyGraph

Prepare packages

CreateBuildRequest

SendProjectDescription

CreateBuildOperation

ComputeTargetDependencyGraph
note: Building targets in dependency order
note: Target dependency graph (5 targets)
    Target 'ZhiYu' in project 'ZhiYu'
        ➜ Explicit dependency on target 'GRDB' in project 'GRDB'
    Target 'GRDB' in project 'GRDB'
        ➜ Explicit dependency on target 'GRDB' in project 'GRDB'
        ➜ Explicit dependency on target 'GRDB_GRDB' in project 'GRDB'
    Target 'GRDB' in project 'GRDB'
        ➜ Explicit dependency on target 'GRDB_GRDB' in project 'GRDB'
        ➜ Explicit dependency on target 'CSQLite' in project 'GRDB'
    Target 'CSQLite' in project 'GRDB' (no dependencies)
    Target 'GRDB_GRDB' in project 'GRDB' (no dependencies)

GatherProvisioningInputs

CreateBuildDescription

ClangStatCache /Applications/Xcode.app/Contents/Developer/Toolchains/XcodeDefault.xctoolchain/usr/bin/clang-stat-cache /Applications/Xcode.app/Contents/Developer/Platforms/iPhoneSimulator.platform/Developer/SDKs/iPhoneSimulator26.4.sdk /Users/constantine/Library/Developer/Xcode/DerivedData/SDKStatCaches.noindex/iphonesimulator26.4-23E252-686eebb5dc1d8ecb277353a59184f4aa.sdkstatcache
    cd /Users/constantine/Documents/work/code/projects/ZhiYu/ZhiYu.xcodeproj
    /Applications/Xcode.app/Contents/Developer/Toolchains/XcodeDefault.xctoolchain/usr/bin/clang-stat-cache /Applications/Xcode.app/Contents/Developer/Platforms/iPhoneSimulator.platform/Developer/SDKs/iPhoneSimulator26.4.sdk -o /Users/constantine/Library/Developer/Xcode/DerivedData/SDKStatCaches.noindex/iphonesimulator26.4-23E252-686eebb5dc1d8ecb277353a59184f4aa.sdkstatcache

CompileAssetCatalogVariant thinned /Users/constantine/Library/Developer/Xcode/DerivedData/ZhiYu-ahhasqosjhnjphavyaflyigbvjqi/Build/Products/Debug-iphonesimulator/ZhiYu.app /Users/constantine/Documents/work/code/projects/ZhiYu/Sources/Assets.xcassets (in target 'ZhiYu' from project 'ZhiYu')
    cd /Users/constantine/Documents/work/code/projects/ZhiYu
    /Applications/Xcode.app/Contents/Developer/usr/bin/actool /Users/constantine/Documents/work/code/projects/ZhiYu/Sources/Assets.xcassets --compile /Users/constantine/Library/Developer/Xcode/DerivedData/ZhiYu-ahhasqosjhnjphavyaflyigbvjqi/Build/Intermediates.noindex/ZhiYu.build/Debug-iphonesimulator/ZhiYu.build/assetcatalog_output/thinned --output-format human-readable-text --notices --warnings --export-dependency-info /Users/constantine/Library/Developer/Xcode/DerivedData/ZhiYu-ahhasqosjhnjphavyaflyigbvjqi/Build/Intermediates.noindex/ZhiYu.build/Debug-iphonesimulator/ZhiYu.build/assetcatalog_dependencies_thinned --output-partial-info-plist /Users/constantine/Library/Developer/Xcode/DerivedData/ZhiYu-ahhasqosjhnjphavyaflyigbvjqi/Build/Intermediates.noindex/ZhiYu.build/Debug-iphonesimulator/ZhiYu.build/assetcatalog_generated_info.plist_thinned --app-icon AppIcon --compress-pngs --enable-on-demand-resources YES --development-region en --target-device iphone --target-device ipad --minimum-deployment-target 17.0 --platform iphonesimulator
/Users/constantine/Documents/work/code/projects/ZhiYu/Sources/Shared/Views/Settings/PluginCenterView.swift:74:5: error: attribute 'private' can only be used in a non-local scope
    private var headerSection: some View {
    ^
/Users/constantine/Documents/work/code/projects/ZhiYu/Sources/Shared/Views/Settings/PluginCenterView.swift:129:5: error: attribute 'private' can only be used in a non-local scope
    private var myPluginsSection: some View {
    ^
/Users/constantine/Documents/work/code/projects/ZhiYu/Sources/Shared/Views/Settings/PluginCenterView.swift:153:5: error: attribute 'private' can only be used in a non-local scope
    private var marketSection: some View {
    ^
/Users/constantine/Documents/work/code/projects/ZhiYu/Sources/Shared/Views/Settings/PluginCenterView.swift:174:5: error: attribute 'private' can only be used in a non-local scope
    private func emptyStateView(icon: String, title: String, sub: String) -> some View {
    ^
/Users/constantine/Documents/work/code/projects/ZhiYu/Sources/Shared/Views/Settings/PluginCenterView.swift:233:1: error: expected '}' in struct

^
/Users/constantine/Documents/work/code/projects/ZhiYu/Sources/Shared/Views/Settings/PluginCenterView.swift:15:31: note: to match this opening '{'
struct PluginCenterView: View {
                              ^
/Users/constantine/Documents/work/code/projects/ZhiYu/Sources/Shared/Views/Settings/PluginCenterView.swift:74:5: error: attribute 'private' can only be used in a non-local scope
    private var headerSection: some View {
    ^
/Users/constantine/Documents/work/code/projects/ZhiYu/Sources/Shared/Views/Settings/PluginCenterView.swift:129:5: error: attribute 'private' can only be used in a non-local scope
    private var myPluginsSection: some View {
    ^
/Users/constantine/Documents/work/code/projects/ZhiYu/Sources/Shared/Views/Settings/PluginCenterView.swift:153:5: error: attribute 'private' can only be used in a non-local scope
    private var marketSection: some View {
    ^
/Users/constantine/Documents/work/code/projects/ZhiYu/Sources/Shared/Views/Settings/PluginCenterView.swift:174:5: error: attribute 'private' can only be used in a non-local scope
    private func emptyStateView(icon: String, title: String, sub: String) -> some View {
    ^
/Users/constantine/Documents/work/code/projects/ZhiYu/Sources/Shared/Views/Settings/PluginCenterView.swift:233:1: error: expected '}' in struct

^
/Users/constantine/Documents/work/code/projects/ZhiYu/Sources/Shared/Views/Settings/PluginCenterView.swift:15:31: note: to match this opening '{'
struct PluginCenterView: View {
                              ^

SwiftDriver ZhiYu normal x86_64 com.apple.xcode.tools.swift.compiler (in target 'ZhiYu' from project 'ZhiYu')
    cd /Users/constantine/Documents/work/code/projects/ZhiYu
    builtin-SwiftDriver -- /Applications/Xcode.app/Contents/Developer/Toolchains/XcodeDefault.xctoolchain/usr/bin/swiftc -module-name ZhiYu -Onone @/Users/constantine/Library/Developer/Xcode/DerivedData/ZhiYu-ahhasqosjhnjphavyaflyigbvjqi/Build/Intermediates.noindex/ZhiYu.build/Debug-iphonesimulator/ZhiYu.build/Objects-normal/x86_64/ZhiYu.SwiftFileList -DDEBUG -Xcc -fmodule-map-file\=/Users/constantine/Library/Developer/Xcode/DerivedData/ZhiYu-ahhasqosjhnjphavyaflyigbvjqi/SourcePackages/checkouts/GRDB.swift/Sources/CSQLite/module.modulemap -enable-upcoming-feature StrictConcurrency -enable-bare-slash-regex -enable-experimental-feature DebugDescriptionMacro -sdk /Applications/Xcode.app/Contents/Developer/Platforms/iPhoneSimulator.platform/Developer/SDKs/iPhoneSimulator26.4.sdk -target x86_64-apple-ios17.0-simulator -g -module-cache-path /Users/constantine/Library/Developer/Xcode/DerivedData/ModuleCache.noindex -Xfrontend -serialize-debugging-options -enable-testing -index-store-path /Users/constantine/Library/Developer/Xcode/DerivedData/ZhiYu-ahhasqosjhnjphavyaflyigbvjqi/Index.noindex/DataStore -Xcc -D_LIBCPP_HARDENING_MODE\=_LIBCPP_HARDENING_MODE_DEBUG -swift-version 5 -I /Users/constantine/Library/Developer/Xcode/DerivedData/ZhiYu-ahhasqosjhnjphavyaflyigbvjqi/Build/Products/Debug-iphonesimulator -F /Users/constantine/Library/Developer/Xcode/DerivedData/ZhiYu-ahhasqosjhnjphavyaflyigbvjqi/Build/Products/Debug-iphonesimulator/PackageFrameworks -F /Users/constantine/Library/Developer/Xcode/DerivedData/ZhiYu-ahhasqosjhnjphavyaflyigbvjqi/Build/Products/Debug-iphonesimulator -c -j18 -enable-batch-mode -incremental -Xcc -ivfsstatcache -Xcc /Users/constantine/Library/Developer/Xcode/DerivedData/SDKStatCaches.noindex/iphonesimulator26.4-23E252-686eebb5dc1d8ecb277353a59184f4aa.sdkstatcache -output-file-map /Users/constantine/Library/Developer/Xcode/DerivedData/ZhiYu-ahhasqosjhnjphavyaflyigbvjqi/Build/Intermediates.noindex/ZhiYu.build/Debug-iphonesimulator/ZhiYu.build/Objects-normal/x86_64/ZhiYu-OutputFileMap.json -use-frontend-parseable-output -save-temps -no-color-diagnostics -explicit-module-build -module-cache-path /Users/constantine/Library/Developer/Xcode/DerivedData/ZhiYu-ahhasqosjhnjphavyaflyigbvjqi/Build/Intermediates.noindex/SwiftExplicitPrecompiledModules -clang-scanner-module-cache-path /Users/constantine/Library/Developer/Xcode/DerivedData/ModuleCache.noindex -sdk-module-cache-path /Users/constantine/Library/Developer/Xcode/DerivedData/ModuleCache.noindex -serialize-diagnostics -emit-dependencies -emit-module -emit-module-path /Users/constantine/Library/Developer/Xcode/DerivedData/ZhiYu-ahhasqosjhnjphavyaflyigbvjqi/Build/Intermediates.noindex/ZhiYu.build/Debug-iphonesimulator/ZhiYu.build/Objects-normal/x86_64/ZhiYu.swiftmodule -validate-clang-modules-once -clang-build-session-file /Users/constantine/Library/Developer/Xcode/DerivedData/ModuleCache.noindex/Session.modulevalidation -Xcc -I/Users/constantine/Library/Developer/Xcode/DerivedData/ZhiYu-ahhasqosjhnjphavyaflyigbvjqi/Build/Intermediates.noindex/ZhiYu.build/Debug-iphonesimulator/ZhiYu.build/swift-overrides.hmap -emit-const-values -Xfrontend -const-gather-protocols-file -Xfrontend /Users/constantine/Library/Developer/Xcode/DerivedData/ZhiYu-ahhasqosjhnjphavyaflyigbvjqi/Build/Intermediates.noindex/ZhiYu.build/Debug-iphonesimulator/ZhiYu.build/Objects-normal/x86_64/ZhiYu_const_extract_protocols.json -Xcc -iquote -Xcc /Users/constantine/Library/Developer/Xcode/DerivedData/ZhiYu-ahhasqosjhnjphavyaflyigbvjqi/Build/Intermediates.noindex/ZhiYu.build/Debug-iphonesimulator/ZhiYu.build/ZhiYu-generated-files.hmap -Xcc -I/Users/constantine/Library/Developer/Xcode/DerivedData/ZhiYu-ahhasqosjhnjphavyaflyigbvjqi/Build/Intermediates.noindex/ZhiYu.build/Debug-iphonesimulator/ZhiYu.build/ZhiYu-own-target-headers.hmap -Xcc -I/Users/constantine/Library/Developer/Xcode/DerivedData/ZhiYu-ahhasqosjhnjphavyaflyigbvjqi/Build/Intermediates.noindex/ZhiYu.build/Debug-iphonesimulator/ZhiYu.build/ZhiYu-all-non-framework-target-headers.hmap -Xcc -ivfsoverlay -Xcc /Users/constantine/Library/Developer/Xcode/DerivedData/ZhiYu-ahhasqosjhnjphavyaflyigbvjqi/Build/Intermediates.noindex/ZhiYu.build/Debug-iphonesimulator/ZhiYu-48e36c608b438f24ac5a43fe091185d1-VFS-iphonesimulator/all-product-headers.yaml -Xcc -iquote -Xcc /Users/constantine/Library/Developer/Xcode/DerivedData/ZhiYu-ahhasqosjhnjphavyaflyigbvjqi/Build/Intermediates.noindex/ZhiYu.build/Debug-iphonesimulator/ZhiYu.build/ZhiYu-project-headers.hmap -Xcc -I/Users/constantine/Library/Developer/Xcode/DerivedData/ZhiYu-ahhasqosjhnjphavyaflyigbvjqi/Build/Products/Debug-iphonesimulator/include -Xcc -I/Users/constantine/Library/Developer/Xcode/DerivedData/ZhiYu-ahhasqosjhnjphavyaflyigbvjqi/Build/Intermediates.noindex/ZhiYu.build/Debug-iphonesimulator/ZhiYu.build/DerivedSources-normal/x86_64 -Xcc -I/Users/constantine/Library/Developer/Xcode/DerivedData/ZhiYu-ahhasqosjhnjphavyaflyigbvjqi/Build/Intermediates.noindex/ZhiYu.build/Debug-iphonesimulator/ZhiYu.build/DerivedSources/x86_64 -Xcc -I/Users/constantine/Library/Developer/Xcode/DerivedData/ZhiYu-ahhasqosjhnjphavyaflyigbvjqi/Build/Intermediates.noindex/ZhiYu.build/Debug-iphonesimulator/ZhiYu.build/DerivedSources -Xcc -DDEBUG\=1 -emit-objc-header -emit-objc-header-path /Users/constantine/Library/Developer/Xcode/DerivedData/ZhiYu-ahhasqosjhnjphavyaflyigbvjqi/Build/Intermediates.noindex/ZhiYu.build/Debug-iphonesimulator/ZhiYu.build/Objects-normal/x86_64/ZhiYu-Swift.h -working-directory /Users/constantine/Documents/work/code/projects/ZhiYu -experimental-emit-module-separately -disable-cmo
/Users/constantine/Documents/work/code/projects/ZhiYu/Sources/Shared/Views/Settings/PluginCenterView.swift:74:5: error: Attribute 'private' can only be used in a non-local scope
    private var headerSection: some View {
    ^ (in target 'ZhiYu' from project 'ZhiYu')
/Users/constantine/Documents/work/code/projects/ZhiYu/Sources/Shared/Views/Settings/PluginCenterView.swift:129:5: error: Attribute 'private' can only be used in a non-local scope
    private var myPluginsSection: some View {
    ^ (in target 'ZhiYu' from project 'ZhiYu')
/Users/constantine/Documents/work/code/projects/ZhiYu/Sources/Shared/Views/Settings/PluginCenterView.swift:153:5: error: Attribute 'private' can only be used in a non-local scope
    private var marketSection: some View {
    ^ (in target 'ZhiYu' from project 'ZhiYu')
/Users/constantine/Documents/work/code/projects/ZhiYu/Sources/Shared/Views/Settings/PluginCenterView.swift:174:5: error: Attribute 'private' can only be used in a non-local scope
    private func emptyStateView(icon: String, title: String, sub: String) -> some View {
    ^ (in target 'ZhiYu' from project 'ZhiYu')
/Users/constantine/Documents/work/code/projects/ZhiYu/Sources/Shared/Views/Settings/PluginCenterView.swift:233:1: error: Expected '}' in struct

^ (in target 'ZhiYu' from project 'ZhiYu')
/Users/constantine/Documents/work/code/projects/ZhiYu/Sources/Shared/Views/Settings/PluginCenterView.swift:15:31: note: To match this opening '{'
struct PluginCenterView: View {
                              ^ (in target 'ZhiYu' from project 'ZhiYu')

SwiftDriver ZhiYu normal arm64 com.apple.xcode.tools.swift.compiler (in target 'ZhiYu' from project 'ZhiYu')
    cd /Users/constantine/Documents/work/code/projects/ZhiYu
    builtin-SwiftDriver -- /Applications/Xcode.app/Contents/Developer/Toolchains/XcodeDefault.xctoolchain/usr/bin/swiftc -module-name ZhiYu -Onone @/Users/constantine/Library/Developer/Xcode/DerivedData/ZhiYu-ahhasqosjhnjphavyaflyigbvjqi/Build/Intermediates.noindex/ZhiYu.build/Debug-iphonesimulator/ZhiYu.build/Objects-normal/arm64/ZhiYu.SwiftFileList -DDEBUG -Xcc -fmodule-map-file\=/Users/constantine/Library/Developer/Xcode/DerivedData/ZhiYu-ahhasqosjhnjphavyaflyigbvjqi/SourcePackages/checkouts/GRDB.swift/Sources/CSQLite/module.modulemap -enable-upcoming-feature StrictConcurrency -enable-bare-slash-regex -enable-experimental-feature DebugDescriptionMacro -sdk /Applications/Xcode.app/Contents/Developer/Platforms/iPhoneSimulator.platform/Developer/SDKs/iPhoneSimulator26.4.sdk -target arm64-apple-ios17.0-simulator -g -module-cache-path /Users/constantine/Library/Developer/Xcode/DerivedData/ModuleCache.noindex -Xfrontend -serialize-debugging-options -enable-testing -index-store-path /Users/constantine/Library/Developer/Xcode/DerivedData/ZhiYu-ahhasqosjhnjphavyaflyigbvjqi/Index.noindex/DataStore -Xcc -D_LIBCPP_HARDENING_MODE\=_LIBCPP_HARDENING_MODE_DEBUG -swift-version 5 -I /Users/constantine/Library/Developer/Xcode/DerivedData/ZhiYu-ahhasqosjhnjphavyaflyigbvjqi/Build/Products/Debug-iphonesimulator -F /Users/constantine/Library/Developer/Xcode/DerivedData/ZhiYu-ahhasqosjhnjphavyaflyigbvjqi/Build/Products/Debug-iphonesimulator/PackageFrameworks -F /Users/constantine/Library/Developer/Xcode/DerivedData/ZhiYu-ahhasqosjhnjphavyaflyigbvjqi/Build/Products/Debug-iphonesimulator -c -j18 -enable-batch-mode -incremental -Xcc -ivfsstatcache -Xcc /Users/constantine/Library/Developer/Xcode/DerivedData/SDKStatCaches.noindex/iphonesimulator26.4-23E252-686eebb5dc1d8ecb277353a59184f4aa.sdkstatcache -output-file-map /Users/constantine/Library/Developer/Xcode/DerivedData/ZhiYu-ahhasqosjhnjphavyaflyigbvjqi/Build/Intermediates.noindex/ZhiYu.build/Debug-iphonesimulator/ZhiYu.build/Objects-normal/arm64/ZhiYu-OutputFileMap.json -use-frontend-parseable-output -save-temps -no-color-diagnostics -explicit-module-build -module-cache-path /Users/constantine/Library/Developer/Xcode/DerivedData/ZhiYu-ahhasqosjhnjphavyaflyigbvjqi/Build/Intermediates.noindex/SwiftExplicitPrecompiledModules -clang-scanner-module-cache-path /Users/constantine/Library/Developer/Xcode/DerivedData/ModuleCache.noindex -sdk-module-cache-path /Users/constantine/Library/Developer/Xcode/DerivedData/ModuleCache.noindex -serialize-diagnostics -emit-dependencies -emit-module -emit-module-path /Users/constantine/Library/Developer/Xcode/DerivedData/ZhiYu-ahhasqosjhnjphavyaflyigbvjqi/Build/Intermediates.noindex/ZhiYu.build/Debug-iphonesimulator/ZhiYu.build/Objects-normal/arm64/ZhiYu.swiftmodule -validate-clang-modules-once -clang-build-session-file /Users/constantine/Library/Developer/Xcode/DerivedData/ModuleCache.noindex/Session.modulevalidation -Xcc -I/Users/constantine/Library/Developer/Xcode/DerivedData/ZhiYu-ahhasqosjhnjphavyaflyigbvjqi/Build/Intermediates.noindex/ZhiYu.build/Debug-iphonesimulator/ZhiYu.build/swift-overrides.hmap -emit-const-values -Xfrontend -const-gather-protocols-file -Xfrontend /Users/constantine/Library/Developer/Xcode/DerivedData/ZhiYu-ahhasqosjhnjphavyaflyigbvjqi/Build/Intermediates.noindex/ZhiYu.build/Debug-iphonesimulator/ZhiYu.build/Objects-normal/arm64/ZhiYu_const_extract_protocols.json -Xcc -iquote -Xcc /Users/constantine/Library/Developer/Xcode/DerivedData/ZhiYu-ahhasqosjhnjphavyaflyigbvjqi/Build/Intermediates.noindex/ZhiYu.build/Debug-iphonesimulator/ZhiYu.build/ZhiYu-generated-files.hmap -Xcc -I/Users/constantine/Library/Developer/Xcode/DerivedData/ZhiYu-ahhasqosjhnjphavyaflyigbvjqi/Build/Intermediates.noindex/ZhiYu.build/Debug-iphonesimulator/ZhiYu.build/ZhiYu-own-target-headers.hmap -Xcc -I/Users/constantine/Library/Developer/Xcode/DerivedData/ZhiYu-ahhasqosjhnjphavyaflyigbvjqi/Build/Intermediates.noindex/ZhiYu.build/Debug-iphonesimulator/ZhiYu.build/ZhiYu-all-non-framework-target-headers.hmap -Xcc -ivfsoverlay -Xcc /Users/constantine/Library/Developer/Xcode/DerivedData/ZhiYu-ahhasqosjhnjphavyaflyigbvjqi/Build/Intermediates.noindex/ZhiYu.build/Debug-iphonesimulator/ZhiYu-48e36c608b438f24ac5a43fe091185d1-VFS-iphonesimulator/all-product-headers.yaml -Xcc -iquote -Xcc /Users/constantine/Library/Developer/Xcode/DerivedData/ZhiYu-ahhasqosjhnjphavyaflyigbvjqi/Build/Intermediates.noindex/ZhiYu.build/Debug-iphonesimulator/ZhiYu.build/ZhiYu-project-headers.hmap -Xcc -I/Users/constantine/Library/Developer/Xcode/DerivedData/ZhiYu-ahhasqosjhnjphavyaflyigbvjqi/Build/Products/Debug-iphonesimulator/include -Xcc -I/Users/constantine/Library/Developer/Xcode/DerivedData/ZhiYu-ahhasqosjhnjphavyaflyigbvjqi/Build/Intermediates.noindex/ZhiYu.build/Debug-iphonesimulator/ZhiYu.build/DerivedSources-normal/arm64 -Xcc -I/Users/constantine/Library/Developer/Xcode/DerivedData/ZhiYu-ahhasqosjhnjphavyaflyigbvjqi/Build/Intermediates.noindex/ZhiYu.build/Debug-iphonesimulator/ZhiYu.build/DerivedSources/arm64 -Xcc -I/Users/constantine/Library/Developer/Xcode/DerivedData/ZhiYu-ahhasqosjhnjphavyaflyigbvjqi/Build/Intermediates.noindex/ZhiYu.build/Debug-iphonesimulator/ZhiYu.build/DerivedSources -Xcc -DDEBUG\=1 -emit-objc-header -emit-objc-header-path /Users/constantine/Library/Developer/Xcode/DerivedData/ZhiYu-ahhasqosjhnjphavyaflyigbvjqi/Build/Intermediates.noindex/ZhiYu.build/Debug-iphonesimulator/ZhiYu.build/Objects-normal/arm64/ZhiYu-Swift.h -working-directory /Users/constantine/Documents/work/code/projects/ZhiYu -experimental-emit-module-separately -disable-cmo
/Users/constantine/Documents/work/code/projects/ZhiYu/Sources/Shared/Views/Settings/PluginCenterView.swift:74:5: error: Attribute 'private' can only be used in a non-local scope
    private var headerSection: some View {
    ^ (in target 'ZhiYu' from project 'ZhiYu')
/Users/constantine/Documents/work/code/projects/ZhiYu/Sources/Shared/Views/Settings/PluginCenterView.swift:129:5: error: Attribute 'private' can only be used in a non-local scope
    private var myPluginsSection: some View {
    ^ (in target 'ZhiYu' from project 'ZhiYu')
/Users/constantine/Documents/work/code/projects/ZhiYu/Sources/Shared/Views/Settings/PluginCenterView.swift:153:5: error: Attribute 'private' can only be used in a non-local scope
    private var marketSection: some View {
    ^ (in target 'ZhiYu' from project 'ZhiYu')
/Users/constantine/Documents/work/code/projects/ZhiYu/Sources/Shared/Views/Settings/PluginCenterView.swift:174:5: error: Attribute 'private' can only be used in a non-local scope
    private func emptyStateView(icon: String, title: String, sub: String) -> some View {
    ^ (in target 'ZhiYu' from project 'ZhiYu')
/Users/constantine/Documents/work/code/projects/ZhiYu/Sources/Shared/Views/Settings/PluginCenterView.swift:233:1: error: Expected '}' in struct

^ (in target 'ZhiYu' from project 'ZhiYu')
/Users/constantine/Documents/work/code/projects/ZhiYu/Sources/Shared/Views/Settings/PluginCenterView.swift:15:31: note: To match this opening '{'
struct PluginCenterView: View {
                              ^ (in target 'ZhiYu' from project 'ZhiYu')

** BUILD FAILED **


The following build commands failed:
	SwiftDriver ZhiYu normal x86_64 com.apple.xcode.tools.swift.compiler (in target 'ZhiYu' from project 'ZhiYu')
	SwiftDriver ZhiYu normal arm64 com.apple.xcode.tools.swift.compiler (in target 'ZhiYu' from project 'ZhiYu')
	Building project ZhiYu with scheme ZhiYu
(3 failures)
