Command line invocation:
    /Applications/Xcode.app/Contents/Developer/usr/bin/xcodebuild build -project ZhiYu.xcodeproj -scheme ZhiYu -destination "generic/platform=iOS Simulator" CODE_SIGNING_ALLOWED=NO CODE_SIGNING_REQUIRED=NO

Build settings from command line:
    CODE_SIGNING_ALLOWED = NO
    CODE_SIGNING_REQUIRED = NO

Resolve Package Graph


Resolved source packages:
  xctest-dynamic-overlay: https://github.com/pointfreeco/xctest-dynamic-overlay @ 1.9.0
  swift-snapshot-testing: https://github.com/pointfreeco/swift-snapshot-testing @ 1.19.2
  GRDB: https://github.com/groue/GRDB.swift.git @ 6.29.3
  swift-custom-dump: https://github.com/pointfreeco/swift-custom-dump @ 1.5.0
  swift-syntax: https://github.com/swiftlang/swift-syntax @ 603.0.1

ComputePackagePrebuildTargetDependencyGraph

Prepare packages

CreateBuildRequest

SendProjectDescription

CreateBuildOperation

ComputeTargetDependencyGraph
note: Building targets in dependency order
note: Target dependency graph (5 targets)
    Target 'ZhiYu' in project 'ZhiYu'
        ➜ Explicit dependency on target 'GRDB' in project 'GRDB'
    Target 'GRDB' in project 'GRDB'
        ➜ Explicit dependency on target 'GRDB' in project 'GRDB'
        ➜ Explicit dependency on target 'GRDB_GRDB' in project 'GRDB'
    Target 'GRDB' in project 'GRDB'
        ➜ Explicit dependency on target 'GRDB_GRDB' in project 'GRDB'
        ➜ Explicit dependency on target 'CSQLite' in project 'GRDB'
    Target 'CSQLite' in project 'GRDB' (no dependencies)
    Target 'GRDB_GRDB' in project 'GRDB' (no dependencies)

GatherProvisioningInputs

CreateBuildDescription

ProcessInfoPlistFile /Users/constantine/Library/Developer/Xcode/DerivedData/ZhiYu-ahhasqosjhnjphavyaflyigbvjqi/Build/Products/Debug-iphonesimulator/GRDB_GRDB.bundle/Info.plist /Users/constantine/Library/Developer/Xcode/DerivedData/ZhiYu-ahhasqosjhnjphavyaflyigbvjqi/Build/Intermediates.noindex/GRDB.build/Debug-iphonesimulator/GRDB_GRDB.build/empty-GRDB_GRDB.plist (in target 'GRDB_GRDB' from project 'GRDB')
    cd /Users/constantine/Library/Developer/Xcode/DerivedData/ZhiYu-ahhasqosjhnjphavyaflyigbvjqi/SourcePackages/checkouts/GRDB.swift
    builtin-infoPlistUtility /Users/constantine/Library/Developer/Xcode/DerivedData/ZhiYu-ahhasqosjhnjphavyaflyigbvjqi/Build/Intermediates.noindex/GRDB.build/Debug-iphonesimulator/GRDB_GRDB.build/empty-GRDB_GRDB.plist -producttype com.apple.product-type.bundle -expandbuildsettings -format binary -platform iphonesimulator -o /Users/constantine/Library/Developer/Xcode/DerivedData/ZhiYu-ahhasqosjhnjphavyaflyigbvjqi/Build/Products/Debug-iphonesimulator/GRDB_GRDB.bundle/Info.plist

ClangStatCache /Applications/Xcode.app/Contents/Developer/Toolchains/XcodeDefault.xctoolchain/usr/bin/clang-stat-cache /Applications/Xcode.app/Contents/Developer/Platforms/iPhoneSimulator.platform/Developer/SDKs/iPhoneSimulator26.5.sdk /Users/constantine/Library/Developer/Xcode/DerivedData/SDKStatCaches.noindex/iphonesimulator26.5-23F73-6cfe768891a92b912361537c460fe42b.sdkstatcache
    cd /Users/constantine/Documents/work/code/projects/ZhiYu/ZhiYu.xcodeproj
    /Applications/Xcode.app/Contents/Developer/Toolchains/XcodeDefault.xctoolchain/usr/bin/clang-stat-cache /Applications/Xcode.app/Contents/Developer/Platforms/iPhoneSimulator.platform/Developer/SDKs/iPhoneSimulator26.5.sdk -o /Users/constantine/Library/Developer/Xcode/DerivedData/SDKStatCaches.noindex/iphonesimulator26.5-23F73-6cfe768891a92b912361537c460fe42b.sdkstatcache

CompileXCStrings /Users/constantine/Library/Developer/Xcode/DerivedData/ZhiYu-ahhasqosjhnjphavyaflyigbvjqi/Build/Intermediates.noindex/ZhiYu.build/Debug-iphonesimulator/ZhiYu.build/ /Users/constantine/Documents/work/code/projects/ZhiYu/Sources/Localization/Chat.xcstrings (in target 'ZhiYu' from project 'ZhiYu')
    cd /Users/constantine/Documents/work/code/projects/ZhiYu
    /Applications/Xcode.app/Contents/Developer/usr/bin/xcstringstool compile --output-directory /Users/constantine/Library/Developer/Xcode/DerivedData/ZhiYu-ahhasqosjhnjphavyaflyigbvjqi/Build/Intermediates.noindex/ZhiYu.build/Debug-iphonesimulator/ZhiYu.build /Users/constantine/Documents/work/code/projects/ZhiYu/Sources/Localization/Chat.xcstrings

CompileXCStrings /Users/constantine/Library/Developer/Xcode/DerivedData/ZhiYu-ahhasqosjhnjphavyaflyigbvjqi/Build/Intermediates.noindex/ZhiYu.build/Debug-iphonesimulator/ZhiYu.build/ /Users/constantine/Documents/work/code/projects/ZhiYu/Sources/Localization/Coachmark.xcstrings (in target 'ZhiYu' from project 'ZhiYu')
    cd /Users/constantine/Documents/work/code/projects/ZhiYu
    /Applications/Xcode.app/Contents/Developer/usr/bin/xcstringstool compile --output-directory /Users/constantine/Library/Developer/Xcode/DerivedData/ZhiYu-ahhasqosjhnjphavyaflyigbvjqi/Build/Intermediates.noindex/ZhiYu.build/Debug-iphonesimulator/ZhiYu.build /Users/constantine/Documents/work/code/projects/ZhiYu/Sources/Localization/Coachmark.xcstrings

CompileXCStrings /Users/constantine/Library/Developer/Xcode/DerivedData/ZhiYu-ahhasqosjhnjphavyaflyigbvjqi/Build/Intermediates.noindex/ZhiYu.build/Debug-iphonesimulator/ZhiYu.build/ /Users/constantine/Documents/work/code/projects/ZhiYu/Sources/Localization/CoreModels.xcstrings (in target 'ZhiYu' from project 'ZhiYu')
    cd /Users/constantine/Documents/work/code/projects/ZhiYu
    /Applications/Xcode.app/Contents/Developer/usr/bin/xcstringstool compile --output-directory /Users/constantine/Library/Developer/Xcode/DerivedData/ZhiYu-ahhasqosjhnjphavyaflyigbvjqi/Build/Intermediates.noindex/ZhiYu.build/Debug-iphonesimulator/ZhiYu.build /Users/constantine/Documents/work/code/projects/ZhiYu/Sources/Localization/CoreModels.xcstrings

CompileXCStrings /Users/constantine/Library/Developer/Xcode/DerivedData/ZhiYu-ahhasqosjhnjphavyaflyigbvjqi/Build/Intermediates.noindex/ZhiYu.build/Debug-iphonesimulator/ZhiYu.build/ /Users/constantine/Documents/work/code/projects/ZhiYu/Sources/Localization/Dashboard.xcstrings (in target 'ZhiYu' from project 'ZhiYu')
    cd /Users/constantine/Documents/work/code/projects/ZhiYu
    /Applications/Xcode.app/Contents/Developer/usr/bin/xcstringstool compile --output-directory /Users/constantine/Library/Developer/Xcode/DerivedData/ZhiYu-ahhasqosjhnjphavyaflyigbvjqi/Build/Intermediates.noindex/ZhiYu.build/Debug-iphonesimulator/ZhiYu.build /Users/constantine/Documents/work/code/projects/ZhiYu/Sources/Localization/Dashboard.xcstrings

CompileXCStrings /Users/constantine/Library/Developer/Xcode/DerivedData/ZhiYu-ahhasqosjhnjphavyaflyigbvjqi/Build/Intermediates.noindex/ZhiYu.build/Debug-iphonesimulator/ZhiYu.build/ /Users/constantine/Documents/work/code/projects/ZhiYu/Sources/Localization/InfoPlist.xcstrings (in target 'ZhiYu' from project 'ZhiYu')
    cd /Users/constantine/Documents/work/code/projects/ZhiYu
    /Applications/Xcode.app/Contents/Developer/usr/bin/xcstringstool compile --output-directory /Users/constantine/Library/Developer/Xcode/DerivedData/ZhiYu-ahhasqosjhnjphavyaflyigbvjqi/Build/Intermediates.noindex/ZhiYu.build/Debug-iphonesimulator/ZhiYu.build /Users/constantine/Documents/work/code/projects/ZhiYu/Sources/Localization/InfoPlist.xcstrings

CompileXCStrings /Users/constantine/Library/Developer/Xcode/DerivedData/ZhiYu-ahhasqosjhnjphavyaflyigbvjqi/Build/Intermediates.noindex/ZhiYu.build/Debug-iphonesimulator/ZhiYu.build/ /Users/constantine/Documents/work/code/projects/ZhiYu/Sources/Localization/Creation.xcstrings (in target 'ZhiYu' from project 'ZhiYu')
    cd /Users/constantine/Documents/work/code/projects/ZhiYu
    /Applications/Xcode.app/Contents/Developer/usr/bin/xcstringstool compile --output-directory /Users/constantine/Library/Developer/Xcode/DerivedData/ZhiYu-ahhasqosjhnjphavyaflyigbvjqi/Build/Intermediates.noindex/ZhiYu.build/Debug-iphonesimulator/ZhiYu.build /Users/constantine/Documents/work/code/projects/ZhiYu/Sources/Localization/Creation.xcstrings

CompileXCStrings /Users/constantine/Library/Developer/Xcode/DerivedData/ZhiYu-ahhasqosjhnjphavyaflyigbvjqi/Build/Intermediates.noindex/ZhiYu.build/Debug-iphonesimulator/ZhiYu.build/ /Users/constantine/Documents/work/code/projects/ZhiYu/Sources/Localization/ICloud.xcstrings (in target 'ZhiYu' from project 'ZhiYu')
    cd /Users/constantine/Documents/work/code/projects/ZhiYu
    /Applications/Xcode.app/Contents/Developer/usr/bin/xcstringstool compile --output-directory /Users/constantine/Library/Developer/Xcode/DerivedData/ZhiYu-ahhasqosjhnjphavyaflyigbvjqi/Build/Intermediates.noindex/ZhiYu.build/Debug-iphonesimulator/ZhiYu.build /Users/constantine/Documents/work/code/projects/ZhiYu/Sources/Localization/ICloud.xcstrings

CompileXCStrings /Users/constantine/Library/Developer/Xcode/DerivedData/ZhiYu-ahhasqosjhnjphavyaflyigbvjqi/Build/Intermediates.noindex/ZhiYu.build/Debug-iphonesimulator/ZhiYu.build/ /Users/constantine/Documents/work/code/projects/ZhiYu/Sources/Localization/Editor.xcstrings (in target 'ZhiYu' from project 'ZhiYu')
    cd /Users/constantine/Documents/work/code/projects/ZhiYu
    /Applications/Xcode.app/Contents/Developer/usr/bin/xcstringstool compile --output-directory /Users/constantine/Library/Developer/Xcode/DerivedData/ZhiYu-ahhasqosjhnjphavyaflyigbvjqi/Build/Intermediates.noindex/ZhiYu.build/Debug-iphonesimulator/ZhiYu.build /Users/constantine/Documents/work/code/projects/ZhiYu/Sources/Localization/Editor.xcstrings

CompileXCStrings /Users/constantine/Library/Developer/Xcode/DerivedData/ZhiYu-ahhasqosjhnjphavyaflyigbvjqi/Build/Intermediates.noindex/ZhiYu.build/Debug-iphonesimulator/ZhiYu.build/ /Users/constantine/Documents/work/code/projects/ZhiYu/Sources/Localization/Components.xcstrings (in target 'ZhiYu' from project 'ZhiYu')
    cd /Users/constantine/Documents/work/code/projects/ZhiYu
    /Applications/Xcode.app/Contents/Developer/usr/bin/xcstringstool compile --output-directory /Users/constantine/Library/Developer/Xcode/DerivedData/ZhiYu-ahhasqosjhnjphavyaflyigbvjqi/Build/Intermediates.noindex/ZhiYu.build/Debug-iphonesimulator/ZhiYu.build /Users/constantine/Documents/work/code/projects/ZhiYu/Sources/Localization/Components.xcstrings

CompileXCStrings /Users/constantine/Library/Developer/Xcode/DerivedData/ZhiYu-ahhasqosjhnjphavyaflyigbvjqi/Build/Intermediates.noindex/ZhiYu.build/Debug-iphonesimulator/ZhiYu.build/ /Users/constantine/Documents/work/code/projects/ZhiYu/Sources/Localization/Common.xcstrings (in target 'ZhiYu' from project 'ZhiYu')
    cd /Users/constantine/Documents/work/code/projects/ZhiYu
    /Applications/Xcode.app/Contents/Developer/usr/bin/xcstringstool compile --output-directory /Users/constantine/Library/Developer/Xcode/DerivedData/ZhiYu-ahhasqosjhnjphavyaflyigbvjqi/Build/Intermediates.noindex/ZhiYu.build/Debug-iphonesimulator/ZhiYu.build /Users/constantine/Documents/work/code/projects/ZhiYu/Sources/Localization/Common.xcstrings

CompileXCStrings /Users/constantine/Library/Developer/Xcode/DerivedData/ZhiYu-ahhasqosjhnjphavyaflyigbvjqi/Build/Intermediates.noindex/ZhiYu.build/Debug-iphonesimulator/ZhiYu.build/ /Users/constantine/Documents/work/code/projects/ZhiYu/Sources/Localization/Ingest.xcstrings (in target 'ZhiYu' from project 'ZhiYu')
    cd /Users/constantine/Documents/work/code/projects/ZhiYu
    /Applications/Xcode.app/Contents/Developer/usr/bin/xcstringstool compile --output-directory /Users/constantine/Library/Developer/Xcode/DerivedData/ZhiYu-ahhasqosjhnjphavyaflyigbvjqi/Build/Intermediates.noindex/ZhiYu.build/Debug-iphonesimulator/ZhiYu.build /Users/constantine/Documents/work/code/projects/ZhiYu/Sources/Localization/Ingest.xcstrings

CompileXCStrings /Users/constantine/Library/Developer/Xcode/DerivedData/ZhiYu-ahhasqosjhnjphavyaflyigbvjqi/Build/Intermediates.noindex/ZhiYu.build/Debug-iphonesimulator/ZhiYu.build/ /Users/constantine/Documents/work/code/projects/ZhiYu/Sources/Localization/Backup.xcstrings (in target 'ZhiYu' from project 'ZhiYu')
    cd /Users/constantine/Documents/work/code/projects/ZhiYu
    /Applications/Xcode.app/Contents/Developer/usr/bin/xcstringstool compile --output-directory /Users/constantine/Library/Developer/Xcode/DerivedData/ZhiYu-ahhasqosjhnjphavyaflyigbvjqi/Build/Intermediates.noindex/ZhiYu.build/Debug-iphonesimulator/ZhiYu.build /Users/constantine/Documents/work/code/projects/ZhiYu/Sources/Localization/Backup.xcstrings

CompileXCStrings /Users/constantine/Library/Developer/Xcode/DerivedData/ZhiYu-ahhasqosjhnjphavyaflyigbvjqi/Build/Intermediates.noindex/ZhiYu.build/Debug-iphonesimulator/ZhiYu.build/ /Users/constantine/Documents/work/code/projects/ZhiYu/Sources/Localization/Auth.xcstrings (in target 'ZhiYu' from project 'ZhiYu')
    cd /Users/constantine/Documents/work/code/projects/ZhiYu
    /Applications/Xcode.app/Contents/Developer/usr/bin/xcstringstool compile --output-directory /Users/constantine/Library/Developer/Xcode/DerivedData/ZhiYu-ahhasqosjhnjphavyaflyigbvjqi/Build/Intermediates.noindex/ZhiYu.build/Debug-iphonesimulator/ZhiYu.build /Users/constantine/Documents/work/code/projects/ZhiYu/Sources/Localization/Auth.xcstrings

CompileXCStrings /Users/constantine/Library/Developer/Xcode/DerivedData/ZhiYu-ahhasqosjhnjphavyaflyigbvjqi/Build/Intermediates.noindex/ZhiYu.build/Debug-iphonesimulator/ZhiYu.build/ /Users/constantine/Documents/work/code/projects/ZhiYu/Sources/Localization/Actions.xcstrings (in target 'ZhiYu' from project 'ZhiYu')
    cd /Users/constantine/Documents/work/code/projects/ZhiYu
    /Applications/Xcode.app/Contents/Developer/usr/bin/xcstringstool compile --output-directory /Users/constantine/Library/Developer/Xcode/DerivedData/ZhiYu-ahhasqosjhnjphavyaflyigbvjqi/Build/Intermediates.noindex/ZhiYu.build/Debug-iphonesimulator/ZhiYu.build /Users/constantine/Documents/work/code/projects/ZhiYu/Sources/Localization/Actions.xcstrings

CompileXCStrings /Users/constantine/Library/Developer/Xcode/DerivedData/ZhiYu-ahhasqosjhnjphavyaflyigbvjqi/Build/Intermediates.noindex/ZhiYu.build/Debug-iphonesimulator/ZhiYu.build/ /Users/constantine/Documents/work/code/projects/ZhiYu/Sources/Localization/Watch.xcstrings (in target 'ZhiYu' from project 'ZhiYu')
    cd /Users/constantine/Documents/work/code/projects/ZhiYu
    /Applications/Xcode.app/Contents/Developer/usr/bin/xcstringstool compile --output-directory /Users/constantine/Library/Developer/Xcode/DerivedData/ZhiYu-ahhasqosjhnjphavyaflyigbvjqi/Build/Intermediates.noindex/ZhiYu.build/Debug-iphonesimulator/ZhiYu.build /Users/constantine/Documents/work/code/projects/ZhiYu/Sources/Localization/Watch.xcstrings

CompileXCStrings /Users/constantine/Library/Developer/Xcode/DerivedData/ZhiYu-ahhasqosjhnjphavyaflyigbvjqi/Build/Intermediates.noindex/ZhiYu.build/Debug-iphonesimulator/ZhiYu.build/ /Users/constantine/Documents/work/code/projects/ZhiYu/Sources/Localization/Settings.xcstrings (in target 'ZhiYu' from project 'ZhiYu')
    cd /Users/constantine/Documents/work/code/projects/ZhiYu
    /Applications/Xcode.app/Contents/Developer/usr/bin/xcstringstool compile --output-directory /Users/constantine/Library/Developer/Xcode/DerivedData/ZhiYu-ahhasqosjhnjphavyaflyigbvjqi/Build/Intermediates.noindex/ZhiYu.build/Debug-iphonesimulator/ZhiYu.build /Users/constantine/Documents/work/code/projects/ZhiYu/Sources/Localization/Settings.xcstrings

CopyStringsFile /Users/constantine/Library/Developer/Xcode/DerivedData/ZhiYu-ahhasqosjhnjphavyaflyigbvjqi/Build/Products/Debug-iphonesimulator/ZhiYu.app/zh-Hans.lproj/InfoPlist.strings /Users/constantine/Library/Developer/Xcode/DerivedData/ZhiYu-ahhasqosjhnjphavyaflyigbvjqi/Build/Intermediates.noindex/ZhiYu.build/Debug-iphonesimulator/ZhiYu.build/zh-Hans.lproj/InfoPlist.strings (in target 'ZhiYu' from project 'ZhiYu')
    cd /Users/constantine/Documents/work/code/projects/ZhiYu
    builtin-copyStrings --validate --outputencoding binary --outfilename InfoPlist.strings --outdir /Users/constantine/Library/Developer/Xcode/DerivedData/ZhiYu-ahhasqosjhnjphavyaflyigbvjqi/Build/Products/Debug-iphonesimulator/ZhiYu.app/zh-Hans.lproj -- /Users/constantine/Library/Developer/Xcode/DerivedData/ZhiYu-ahhasqosjhnjphavyaflyigbvjqi/Build/Intermediates.noindex/ZhiYu.build/Debug-iphonesimulator/ZhiYu.build/zh-Hans.lproj/InfoPlist.strings
/Users/constantine/Library/Developer/Xcode/DerivedData/ZhiYu-ahhasqosjhnjphavyaflyigbvjqi/Build/Intermediates.noindex/ZhiYu.build/Debug-iphonesimulator/ZhiYu.build/zh-Hans.lproj/InfoPlist.strings:1:1: note: detected encoding of input file as Unicode (UTF-8) (in target 'ZhiYu' from project 'ZhiYu')

CopyStringsFile /Users/constantine/Library/Developer/Xcode/DerivedData/ZhiYu-ahhasqosjhnjphavyaflyigbvjqi/Build/Products/Debug-iphonesimulator/ZhiYu.app/zh-Hans.lproj/Coachmark.strings /Users/constantine/Library/Developer/Xcode/DerivedData/ZhiYu-ahhasqosjhnjphavyaflyigbvjqi/Build/Intermediates.noindex/ZhiYu.build/Debug-iphonesimulator/ZhiYu.build/zh-Hans.lproj/Coachmark.strings (in target 'ZhiYu' from project 'ZhiYu')
    cd /Users/constantine/Documents/work/code/projects/ZhiYu
    builtin-copyStrings --validate --outputencoding binary --outfilename Coachmark.strings --outdir /Users/constantine/Library/Developer/Xcode/DerivedData/ZhiYu-ahhasqosjhnjphavyaflyigbvjqi/Build/Products/Debug-iphonesimulator/ZhiYu.app/zh-Hans.lproj -- /Users/constantine/Library/Developer/Xcode/DerivedData/ZhiYu-ahhasqosjhnjphavyaflyigbvjqi/Build/Intermediates.noindex/ZhiYu.build/Debug-iphonesimulator/ZhiYu.build/zh-Hans.lproj/Coachmark.strings
/Users/constantine/Library/Developer/Xcode/DerivedData/ZhiYu-ahhasqosjhnjphavyaflyigbvjqi/Build/Intermediates.noindex/ZhiYu.build/Debug-iphonesimulator/ZhiYu.build/zh-Hans.lproj/Coachmark.strings:1:1: note: detected encoding of input file as Unicode (UTF-8) (in target 'ZhiYu' from project 'ZhiYu')

CopyStringsFile /Users/constantine/Library/Developer/Xcode/DerivedData/ZhiYu-ahhasqosjhnjphavyaflyigbvjqi/Build/Products/Debug-iphonesimulator/ZhiYu.app/en.lproj/InfoPlist.strings /Users/constantine/Library/Developer/Xcode/DerivedData/ZhiYu-ahhasqosjhnjphavyaflyigbvjqi/Build/Intermediates.noindex/ZhiYu.build/Debug-iphonesimulator/ZhiYu.build/en.lproj/InfoPlist.strings (in target 'ZhiYu' from project 'ZhiYu')
    cd /Users/constantine/Documents/work/code/projects/ZhiYu
    builtin-copyStrings --validate --outputencoding binary --outfilename InfoPlist.strings --outdir /Users/constantine/Library/Developer/Xcode/DerivedData/ZhiYu-ahhasqosjhnjphavyaflyigbvjqi/Build/Products/Debug-iphonesimulator/ZhiYu.app/en.lproj -- /Users/constantine/Library/Developer/Xcode/DerivedData/ZhiYu-ahhasqosjhnjphavyaflyigbvjqi/Build/Intermediates.noindex/ZhiYu.build/Debug-iphonesimulator/ZhiYu.build/en.lproj/InfoPlist.strings
/Users/constantine/Library/Developer/Xcode/DerivedData/ZhiYu-ahhasqosjhnjphavyaflyigbvjqi/Build/Intermediates.noindex/ZhiYu.build/Debug-iphonesimulator/ZhiYu.build/en.lproj/InfoPlist.strings:1:1: note: detected encoding of input file as Unicode (UTF-8) (in target 'ZhiYu' from project 'ZhiYu')

CopyStringsFile /Users/constantine/Library/Developer/Xcode/DerivedData/ZhiYu-ahhasqosjhnjphavyaflyigbvjqi/Build/Products/Debug-iphonesimulator/ZhiYu.app/en.lproj/Coachmark.strings /Users/constantine/Library/Developer/Xcode/DerivedData/ZhiYu-ahhasqosjhnjphavyaflyigbvjqi/Build/Intermediates.noindex/ZhiYu.build/Debug-iphonesimulator/ZhiYu.build/en.lproj/Coachmark.strings (in target 'ZhiYu' from project 'ZhiYu')
    cd /Users/constantine/Documents/work/code/projects/ZhiYu
    builtin-copyStrings --validate --outputencoding binary --outfilename Coachmark.strings --outdir /Users/constantine/Library/Developer/Xcode/DerivedData/ZhiYu-ahhasqosjhnjphavyaflyigbvjqi/Build/Products/Debug-iphonesimulator/ZhiYu.app/en.lproj -- /Users/constantine/Library/Developer/Xcode/DerivedData/ZhiYu-ahhasqosjhnjphavyaflyigbvjqi/Build/Intermediates.noindex/ZhiYu.build/Debug-iphonesimulator/ZhiYu.build/en.lproj/Coachmark.strings
/Users/constantine/Library/Developer/Xcode/DerivedData/ZhiYu-ahhasqosjhnjphavyaflyigbvjqi/Build/Intermediates.noindex/ZhiYu.build/Debug-iphonesimulator/ZhiYu.build/en.lproj/Coachmark.strings:1:1: note: detected encoding of input file as Unicode (UTF-8) (in target 'ZhiYu' from project 'ZhiYu')

CopyStringsFile /Users/constantine/Library/Developer/Xcode/DerivedData/ZhiYu-ahhasqosjhnjphavyaflyigbvjqi/Build/Products/Debug-iphonesimulator/ZhiYu.app/zh-Hans.lproj/Components.strings /Users/constantine/Library/Developer/Xcode/DerivedData/ZhiYu-ahhasqosjhnjphavyaflyigbvjqi/Build/Intermediates.noindex/ZhiYu.build/Debug-iphonesimulator/ZhiYu.build/zh-Hans.lproj/Components.strings (in target 'ZhiYu' from project 'ZhiYu')
    cd /Users/constantine/Documents/work/code/projects/ZhiYu
    builtin-copyStrings --validate --outputencoding binary --outfilename Components.strings --outdir /Users/constantine/Library/Developer/Xcode/DerivedData/ZhiYu-ahhasqosjhnjphavyaflyigbvjqi/Build/Products/Debug-iphonesimulator/ZhiYu.app/zh-Hans.lproj -- /Users/constantine/Library/Developer/Xcode/DerivedData/ZhiYu-ahhasqosjhnjphavyaflyigbvjqi/Build/Intermediates.noindex/ZhiYu.build/Debug-iphonesimulator/ZhiYu.build/zh-Hans.lproj/Components.strings
/Users/constantine/Library/Developer/Xcode/DerivedData/ZhiYu-ahhasqosjhnjphavyaflyigbvjqi/Build/Intermediates.noindex/ZhiYu.build/Debug-iphonesimulator/ZhiYu.build/zh-Hans.lproj/Components.strings:1:1: note: detected encoding of input file as Unicode (UTF-8) (in target 'ZhiYu' from project 'ZhiYu')

CopyStringsFile /Users/constantine/Library/Developer/Xcode/DerivedData/ZhiYu-ahhasqosjhnjphavyaflyigbvjqi/Build/Products/Debug-iphonesimulator/ZhiYu.app/en.lproj/Components.strings /Users/constantine/Library/Developer/Xcode/DerivedData/ZhiYu-ahhasqosjhnjphavyaflyigbvjqi/Build/Intermediates.noindex/ZhiYu.build/Debug-iphonesimulator/ZhiYu.build/en.lproj/Components.strings (in target 'ZhiYu' from project 'ZhiYu')
    cd /Users/constantine/Documents/work/code/projects/ZhiYu
    builtin-copyStrings --validate --outputencoding binary --outfilename Components.strings --outdir /Users/constantine/Library/Developer/Xcode/DerivedData/ZhiYu-ahhasqosjhnjphavyaflyigbvjqi/Build/Products/Debug-iphonesimulator/ZhiYu.app/en.lproj -- /Users/constantine/Library/Developer/Xcode/DerivedData/ZhiYu-ahhasqosjhnjphavyaflyigbvjqi/Build/Intermediates.noindex/ZhiYu.build/Debug-iphonesimulator/ZhiYu.build/en.lproj/Components.strings
/Users/constantine/Library/Developer/Xcode/DerivedData/ZhiYu-ahhasqosjhnjphavyaflyigbvjqi/Build/Intermediates.noindex/ZhiYu.build/Debug-iphonesimulator/ZhiYu.build/en.lproj/Components.strings:1:1: note: detected encoding of input file as Unicode (UTF-8) (in target 'ZhiYu' from project 'ZhiYu')

CopyStringsFile /Users/constantine/Library/Developer/Xcode/DerivedData/ZhiYu-ahhasqosjhnjphavyaflyigbvjqi/Build/Products/Debug-iphonesimulator/ZhiYu.app/zh-Hans.lproj/CoreModels.strings /Users/constantine/Library/Developer/Xcode/DerivedData/ZhiYu-ahhasqosjhnjphavyaflyigbvjqi/Build/Intermediates.noindex/ZhiYu.build/Debug-iphonesimulator/ZhiYu.build/zh-Hans.lproj/CoreModels.strings (in target 'ZhiYu' from project 'ZhiYu')
    cd /Users/constantine/Documents/work/code/projects/ZhiYu
    builtin-copyStrings --validate --outputencoding binary --outfilename CoreModels.strings --outdir /Users/constantine/Library/Developer/Xcode/DerivedData/ZhiYu-ahhasqosjhnjphavyaflyigbvjqi/Build/Products/Debug-iphonesimulator/ZhiYu.app/zh-Hans.lproj -- /Users/constantine/Library/Developer/Xcode/DerivedData/ZhiYu-ahhasqosjhnjphavyaflyigbvjqi/Build/Intermediates.noindex/ZhiYu.build/Debug-iphonesimulator/ZhiYu.build/zh-Hans.lproj/CoreModels.strings
/Users/constantine/Library/Developer/Xcode/DerivedData/ZhiYu-ahhasqosjhnjphavyaflyigbvjqi/Build/Intermediates.noindex/ZhiYu.build/Debug-iphonesimulator/ZhiYu.build/zh-Hans.lproj/CoreModels.strings:1:1: note: detected encoding of input file as Unicode (UTF-8) (in target 'ZhiYu' from project 'ZhiYu')

CopyStringsFile /Users/constantine/Library/Developer/Xcode/DerivedData/ZhiYu-ahhasqosjhnjphavyaflyigbvjqi/Build/Products/Debug-iphonesimulator/ZhiYu.app/zh-Hans.lproj/Creation.strings /Users/constantine/Library/Developer/Xcode/DerivedData/ZhiYu-ahhasqosjhnjphavyaflyigbvjqi/Build/Intermediates.noindex/ZhiYu.build/Debug-iphonesimulator/ZhiYu.build/zh-Hans.lproj/Creation.strings (in target 'ZhiYu' from project 'ZhiYu')
    cd /Users/constantine/Documents/work/code/projects/ZhiYu
    builtin-copyStrings --validate --outputencoding binary --outfilename Creation.strings --outdir /Users/constantine/Library/Developer/Xcode/DerivedData/ZhiYu-ahhasqosjhnjphavyaflyigbvjqi/Build/Products/Debug-iphonesimulator/ZhiYu.app/zh-Hans.lproj -- /Users/constantine/Library/Developer/Xcode/DerivedData/ZhiYu-ahhasqosjhnjphavyaflyigbvjqi/Build/Intermediates.noindex/ZhiYu.build/Debug-iphonesimulator/ZhiYu.build/zh-Hans.lproj/Creation.strings
/Users/constantine/Library/Developer/Xcode/DerivedData/ZhiYu-ahhasqosjhnjphavyaflyigbvjqi/Build/Intermediates.noindex/ZhiYu.build/Debug-iphonesimulator/ZhiYu.build/zh-Hans.lproj/Creation.strings:1:1: note: detected encoding of input file as Unicode (UTF-8) (in target 'ZhiYu' from project 'ZhiYu')

CopyStringsFile /Users/constantine/Library/Developer/Xcode/DerivedData/ZhiYu-ahhasqosjhnjphavyaflyigbvjqi/Build/Products/Debug-iphonesimulator/ZhiYu.app/zh-Hans.lproj/Chat.strings /Users/constantine/Library/Developer/Xcode/DerivedData/ZhiYu-ahhasqosjhnjphavyaflyigbvjqi/Build/Intermediates.noindex/ZhiYu.build/Debug-iphonesimulator/ZhiYu.build/zh-Hans.lproj/Chat.strings (in target 'ZhiYu' from project 'ZhiYu')
    cd /Users/constantine/Documents/work/code/projects/ZhiYu
    builtin-copyStrings --validate --outputencoding binary --outfilename Chat.strings --outdir /Users/constantine/Library/Developer/Xcode/DerivedData/ZhiYu-ahhasqosjhnjphavyaflyigbvjqi/Build/Products/Debug-iphonesimulator/ZhiYu.app/zh-Hans.lproj -- /Users/constantine/Library/Developer/Xcode/DerivedData/ZhiYu-ahhasqosjhnjphavyaflyigbvjqi/Build/Intermediates.noindex/ZhiYu.build/Debug-iphonesimulator/ZhiYu.build/zh-Hans.lproj/Chat.strings
/Users/constantine/Library/Developer/Xcode/DerivedData/ZhiYu-ahhasqosjhnjphavyaflyigbvjqi/Build/Intermediates.noindex/ZhiYu.build/Debug-iphonesimulator/ZhiYu.build/zh-Hans.lproj/Chat.strings:1:1: note: detected encoding of input file as Unicode (UTF-8) (in target 'ZhiYu' from project 'ZhiYu')

CopyStringsFile /Users/constantine/Library/Developer/Xcode/DerivedData/ZhiYu-ahhasqosjhnjphavyaflyigbvjqi/Build/Products/Debug-iphonesimulator/ZhiYu.app/zh-Hans.lproj/Editor.strings /Users/constantine/Library/Developer/Xcode/DerivedData/ZhiYu-ahhasqosjhnjphavyaflyigbvjqi/Build/Intermediates.noindex/ZhiYu.build/Debug-iphonesimulator/ZhiYu.build/zh-Hans.lproj/Editor.strings (in target 'ZhiYu' from project 'ZhiYu')
    cd /Users/constantine/Documents/work/code/projects/ZhiYu
    builtin-copyStrings --validate --outputencoding binary --outfilename Editor.strings --outdir /Users/constantine/Library/Developer/Xcode/DerivedData/ZhiYu-ahhasqosjhnjphavyaflyigbvjqi/Build/Products/Debug-iphonesimulator/ZhiYu.app/zh-Hans.lproj -- /Users/constantine/Library/Developer/Xcode/DerivedData/ZhiYu-ahhasqosjhnjphavyaflyigbvjqi/Build/Intermediates.noindex/ZhiYu.build/Debug-iphonesimulator/ZhiYu.build/zh-Hans.lproj/Editor.strings
/Users/constantine/Library/Developer/Xcode/DerivedData/ZhiYu-ahhasqosjhnjphavyaflyigbvjqi/Build/Intermediates.noindex/ZhiYu.build/Debug-iphonesimulator/ZhiYu.build/zh-Hans.lproj/Editor.strings:1:1: note: detected encoding of input file as Unicode (UTF-8) (in target 'ZhiYu' from project 'ZhiYu')

CopyStringsFile /Users/constantine/Library/Developer/Xcode/DerivedData/ZhiYu-ahhasqosjhnjphavyaflyigbvjqi/Build/Products/Debug-iphonesimulator/ZhiYu.app/en.lproj/Editor.strings /Users/constantine/Library/Developer/Xcode/DerivedData/ZhiYu-ahhasqosjhnjphavyaflyigbvjqi/Build/Intermediates.noindex/ZhiYu.build/Debug-iphonesimulator/ZhiYu.build/en.lproj/Editor.strings (in target 'ZhiYu' from project 'ZhiYu')
    cd /Users/constantine/Documents/work/code/projects/ZhiYu
    builtin-copyStrings --validate --outputencoding binary --outfilename Editor.strings --outdir /Users/constantine/Library/Developer/Xcode/DerivedData/ZhiYu-ahhasqosjhnjphavyaflyigbvjqi/Build/Products/Debug-iphonesimulator/ZhiYu.app/en.lproj -- /Users/constantine/Library/Developer/Xcode/DerivedData/ZhiYu-ahhasqosjhnjphavyaflyigbvjqi/Build/Intermediates.noindex/ZhiYu.build/Debug-iphonesimulator/ZhiYu.build/en.lproj/Editor.strings
/Users/constantine/Library/Developer/Xcode/DerivedData/ZhiYu-ahhasqosjhnjphavyaflyigbvjqi/Build/Intermediates.noindex/ZhiYu.build/Debug-iphonesimulator/ZhiYu.build/en.lproj/Editor.strings:1:1: note: detected encoding of input file as Unicode (UTF-8) (in target 'ZhiYu' from project 'ZhiYu')

CopyStringsFile /Users/constantine/Library/Developer/Xcode/DerivedData/ZhiYu-ahhasqosjhnjphavyaflyigbvjqi/Build/Products/Debug-iphonesimulator/ZhiYu.app/en.lproj/Creation.strings /Users/constantine/Library/Developer/Xcode/DerivedData/ZhiYu-ahhasqosjhnjphavyaflyigbvjqi/Build/Intermediates.noindex/ZhiYu.build/Debug-iphonesimulator/ZhiYu.build/en.lproj/Creation.strings (in target 'ZhiYu' from project 'ZhiYu')
    cd /Users/constantine/Documents/work/code/projects/ZhiYu
    builtin-copyStrings --validate --outputencoding binary --outfilename Creation.strings --outdir /Users/constantine/Library/Developer/Xcode/DerivedData/ZhiYu-ahhasqosjhnjphavyaflyigbvjqi/Build/Products/Debug-iphonesimulator/ZhiYu.app/en.lproj -- /Users/constantine/Library/Developer/Xcode/DerivedData/ZhiYu-ahhasqosjhnjphavyaflyigbvjqi/Build/Intermediates.noindex/ZhiYu.build/Debug-iphonesimulator/ZhiYu.build/en.lproj/Creation.strings
/Users/constantine/Library/Developer/Xcode/DerivedData/ZhiYu-ahhasqosjhnjphavyaflyigbvjqi/Build/Intermediates.noindex/ZhiYu.build/Debug-iphonesimulator/ZhiYu.build/en.lproj/Creation.strings:1:1: note: detected encoding of input file as Unicode (UTF-8) (in target 'ZhiYu' from project 'ZhiYu')

CopyStringsFile /Users/constantine/Library/Developer/Xcode/DerivedData/ZhiYu-ahhasqosjhnjphavyaflyigbvjqi/Build/Products/Debug-iphonesimulator/ZhiYu.app/en.lproj/CoreModels.strings /Users/constantine/Library/Developer/Xcode/DerivedData/ZhiYu-ahhasqosjhnjphavyaflyigbvjqi/Build/Intermediates.noindex/ZhiYu.build/Debug-iphonesimulator/ZhiYu.build/en.lproj/CoreModels.strings (in target 'ZhiYu' from project 'ZhiYu')
    cd /Users/constantine/Documents/work/code/projects/ZhiYu
    builtin-copyStrings --validate --outputencoding binary --outfilename CoreModels.strings --outdir /Users/constantine/Library/Developer/Xcode/DerivedData/ZhiYu-ahhasqosjhnjphavyaflyigbvjqi/Build/Products/Debug-iphonesimulator/ZhiYu.app/en.lproj -- /Users/constantine/Library/Developer/Xcode/DerivedData/ZhiYu-ahhasqosjhnjphavyaflyigbvjqi/Build/Intermediates.noindex/ZhiYu.build/Debug-iphonesimulator/ZhiYu.build/en.lproj/CoreModels.strings
/Users/constantine/Library/Developer/Xcode/DerivedData/ZhiYu-ahhasqosjhnjphavyaflyigbvjqi/Build/Intermediates.noindex/ZhiYu.build/Debug-iphonesimulator/ZhiYu.build/en.lproj/CoreModels.strings:1:1: note: detected encoding of input file as Unicode (UTF-8) (in target 'ZhiYu' from project 'ZhiYu')

CopyStringsFile /Users/constantine/Library/Developer/Xcode/DerivedData/ZhiYu-ahhasqosjhnjphavyaflyigbvjqi/Build/Products/Debug-iphonesimulator/ZhiYu.app/en.lproj/Chat.strings /Users/constantine/Library/Developer/Xcode/DerivedData/ZhiYu-ahhasqosjhnjphavyaflyigbvjqi/Build/Intermediates.noindex/ZhiYu.build/Debug-iphonesimulator/ZhiYu.build/en.lproj/Chat.strings (in target 'ZhiYu' from project 'ZhiYu')
    cd /Users/constantine/Documents/work/code/projects/ZhiYu
    builtin-copyStrings --validate --outputencoding binary --outfilename Chat.strings --outdir /Users/constantine/Library/Developer/Xcode/DerivedData/ZhiYu-ahhasqosjhnjphavyaflyigbvjqi/Build/Products/Debug-iphonesimulator/ZhiYu.app/en.lproj -- /Users/constantine/Library/Developer/Xcode/DerivedData/ZhiYu-ahhasqosjhnjphavyaflyigbvjqi/Build/Intermediates.noindex/ZhiYu.build/Debug-iphonesimulator/ZhiYu.build/en.lproj/Chat.strings
/Users/constantine/Library/Developer/Xcode/DerivedData/ZhiYu-ahhasqosjhnjphavyaflyigbvjqi/Build/Intermediates.noindex/ZhiYu.build/Debug-iphonesimulator/ZhiYu.build/en.lproj/Chat.strings:1:1: note: detected encoding of input file as Unicode (UTF-8) (in target 'ZhiYu' from project 'ZhiYu')

CopyStringsFile /Users/constantine/Library/Developer/Xcode/DerivedData/ZhiYu-ahhasqosjhnjphavyaflyigbvjqi/Build/Products/Debug-iphonesimulator/ZhiYu.app/en.lproj/ICloud.strings /Users/constantine/Library/Developer/Xcode/DerivedData/ZhiYu-ahhasqosjhnjphavyaflyigbvjqi/Build/Intermediates.noindex/ZhiYu.build/Debug-iphonesimulator/ZhiYu.build/en.lproj/ICloud.strings (in target 'ZhiYu' from project 'ZhiYu')
    cd /Users/constantine/Documents/work/code/projects/ZhiYu
    builtin-copyStrings --validate --outputencoding binary --outfilename ICloud.strings --outdir /Users/constantine/Library/Developer/Xcode/DerivedData/ZhiYu-ahhasqosjhnjphavyaflyigbvjqi/Build/Products/Debug-iphonesimulator/ZhiYu.app/en.lproj -- /Users/constantine/Library/Developer/Xcode/DerivedData/ZhiYu-ahhasqosjhnjphavyaflyigbvjqi/Build/Intermediates.noindex/ZhiYu.build/Debug-iphonesimulator/ZhiYu.build/en.lproj/ICloud.strings
/Users/constantine/Library/Developer/Xcode/DerivedData/ZhiYu-ahhasqosjhnjphavyaflyigbvjqi/Build/Intermediates.noindex/ZhiYu.build/Debug-iphonesimulator/ZhiYu.build/en.lproj/ICloud.strings:1:1: note: detected encoding of input file as Unicode (UTF-8) (in target 'ZhiYu' from project 'ZhiYu')

CopyStringsFile /Users/constantine/Library/Developer/Xcode/DerivedData/ZhiYu-ahhasqosjhnjphavyaflyigbvjqi/Build/Products/Debug-iphonesimulator/ZhiYu.app/zh-Hans.lproj/ICloud.strings /Users/constantine/Library/Developer/Xcode/DerivedData/ZhiYu-ahhasqosjhnjphavyaflyigbvjqi/Build/Intermediates.noindex/ZhiYu.build/Debug-iphonesimulator/ZhiYu.build/zh-Hans.lproj/ICloud.strings (in target 'ZhiYu' from project 'ZhiYu')
    cd /Users/constantine/Documents/work/code/projects/ZhiYu
    builtin-copyStrings --validate --outputencoding binary --outfilename ICloud.strings --outdir /Users/constantine/Library/Developer/Xcode/DerivedData/ZhiYu-ahhasqosjhnjphavyaflyigbvjqi/Build/Products/Debug-iphonesimulator/ZhiYu.app/zh-Hans.lproj -- /Users/constantine/Library/Developer/Xcode/DerivedData/ZhiYu-ahhasqosjhnjphavyaflyigbvjqi/Build/Intermediates.noindex/ZhiYu.build/Debug-iphonesimulator/ZhiYu.build/zh-Hans.lproj/ICloud.strings
/Users/constantine/Library/Developer/Xcode/DerivedData/ZhiYu-ahhasqosjhnjphavyaflyigbvjqi/Build/Intermediates.noindex/ZhiYu.build/Debug-iphonesimulator/ZhiYu.build/zh-Hans.lproj/ICloud.strings:1:1: note: detected encoding of input file as Unicode (UTF-8) (in target 'ZhiYu' from project 'ZhiYu')

CopyStringsFile /Users/constantine/Library/Developer/Xcode/DerivedData/ZhiYu-ahhasqosjhnjphavyaflyigbvjqi/Build/Products/Debug-iphonesimulator/ZhiYu.app/zh-Hans.lproj/Watch.strings /Users/constantine/Library/Developer/Xcode/DerivedData/ZhiYu-ahhasqosjhnjphavyaflyigbvjqi/Build/Intermediates.noindex/ZhiYu.build/Debug-iphonesimulator/ZhiYu.build/zh-Hans.lproj/Watch.strings (in target 'ZhiYu' from project 'ZhiYu')
    cd /Users/constantine/Documents/work/code/projects/ZhiYu
    builtin-copyStrings --validate --outputencoding binary --outfilename Watch.strings --outdir /Users/constantine/Library/Developer/Xcode/DerivedData/ZhiYu-ahhasqosjhnjphavyaflyigbvjqi/Build/Products/Debug-iphonesimulator/ZhiYu.app/zh-Hans.lproj -- /Users/constantine/Library/Developer/Xcode/DerivedData/ZhiYu-ahhasqosjhnjphavyaflyigbvjqi/Build/Intermediates.noindex/ZhiYu.build/Debug-iphonesimulator/ZhiYu.build/zh-Hans.lproj/Watch.strings
/Users/constantine/Library/Developer/Xcode/DerivedData/ZhiYu-ahhasqosjhnjphavyaflyigbvjqi/Build/Intermediates.noindex/ZhiYu.build/Debug-iphonesimulator/ZhiYu.build/zh-Hans.lproj/Watch.strings:1:1: note: detected encoding of input file as Unicode (UTF-8) (in target 'ZhiYu' from project 'ZhiYu')

CopyStringsFile /Users/constantine/Library/Developer/Xcode/DerivedData/ZhiYu-ahhasqosjhnjphavyaflyigbvjqi/Build/Products/Debug-iphonesimulator/ZhiYu.app/en.lproj/Watch.strings /Users/constantine/Library/Developer/Xcode/DerivedData/ZhiYu-ahhasqosjhnjphavyaflyigbvjqi/Build/Intermediates.noindex/ZhiYu.build/Debug-iphonesimulator/ZhiYu.build/en.lproj/Watch.strings (in target 'ZhiYu' from project 'ZhiYu')
    cd /Users/constantine/Documents/work/code/projects/ZhiYu
    builtin-copyStrings --validate --outputencoding binary --outfilename Watch.strings --outdir /Users/constantine/Library/Developer/Xcode/DerivedData/ZhiYu-ahhasqosjhnjphavyaflyigbvjqi/Build/Products/Debug-iphonesimulator/ZhiYu.app/en.lproj -- /Users/constantine/Library/Developer/Xcode/DerivedData/ZhiYu-ahhasqosjhnjphavyaflyigbvjqi/Build/Intermediates.noindex/ZhiYu.build/Debug-iphonesimulator/ZhiYu.build/en.lproj/Watch.strings
/Users/constantine/Library/Developer/Xcode/DerivedData/ZhiYu-ahhasqosjhnjphavyaflyigbvjqi/Build/Intermediates.noindex/ZhiYu.build/Debug-iphonesimulator/ZhiYu.build/en.lproj/Watch.strings:1:1: note: detected encoding of input file as Unicode (UTF-8) (in target 'ZhiYu' from project 'ZhiYu')

CopyStringsFile /Users/constantine/Library/Developer/Xcode/DerivedData/ZhiYu-ahhasqosjhnjphavyaflyigbvjqi/Build/Products/Debug-iphonesimulator/ZhiYu.app/zh-Hans.lproj/Auth.strings /Users/constantine/Library/Developer/Xcode/DerivedData/ZhiYu-ahhasqosjhnjphavyaflyigbvjqi/Build/Intermediates.noindex/ZhiYu.build/Debug-iphonesimulator/ZhiYu.build/zh-Hans.lproj/Auth.strings (in target 'ZhiYu' from project 'ZhiYu')
    cd /Users/constantine/Documents/work/code/projects/ZhiYu
    builtin-copyStrings --validate --outputencoding binary --outfilename Auth.strings --outdir /Users/constantine/Library/Developer/Xcode/DerivedData/ZhiYu-ahhasqosjhnjphavyaflyigbvjqi/Build/Products/Debug-iphonesimulator/ZhiYu.app/zh-Hans.lproj -- /Users/constantine/Library/Developer/Xcode/DerivedData/ZhiYu-ahhasqosjhnjphavyaflyigbvjqi/Build/Intermediates.noindex/ZhiYu.build/Debug-iphonesimulator/ZhiYu.build/zh-Hans.lproj/Auth.strings
/Users/constantine/Library/Developer/Xcode/DerivedData/ZhiYu-ahhasqosjhnjphavyaflyigbvjqi/Build/Intermediates.noindex/ZhiYu.build/Debug-iphonesimulator/ZhiYu.build/zh-Hans.lproj/Auth.strings:1:1: note: detected encoding of input file as Unicode (UTF-8) (in target 'ZhiYu' from project 'ZhiYu')

CopyStringsFile /Users/constantine/Library/Developer/Xcode/DerivedData/ZhiYu-ahhasqosjhnjphavyaflyigbvjqi/Build/Products/Debug-iphonesimulator/ZhiYu.app/zh-Hans.lproj/Actions.strings /Users/constantine/Library/Developer/Xcode/DerivedData/ZhiYu-ahhasqosjhnjphavyaflyigbvjqi/Build/Intermediates.noindex/ZhiYu.build/Debug-iphonesimulator/ZhiYu.build/zh-Hans.lproj/Actions.strings (in target 'ZhiYu' from project 'ZhiYu')
    cd /Users/constantine/Documents/work/code/projects/ZhiYu
    builtin-copyStrings --validate --outputencoding binary --outfilename Actions.strings --outdir /Users/constantine/Library/Developer/Xcode/DerivedData/ZhiYu-ahhasqosjhnjphavyaflyigbvjqi/Build/Products/Debug-iphonesimulator/ZhiYu.app/zh-Hans.lproj -- /Users/constantine/Library/Developer/Xcode/DerivedData/ZhiYu-ahhasqosjhnjphavyaflyigbvjqi/Build/Intermediates.noindex/ZhiYu.build/Debug-iphonesimulator/ZhiYu.build/zh-Hans.lproj/Actions.strings
/Users/constantine/Library/Developer/Xcode/DerivedData/ZhiYu-ahhasqosjhnjphavyaflyigbvjqi/Build/Intermediates.noindex/ZhiYu.build/Debug-iphonesimulator/ZhiYu.build/zh-Hans.lproj/Actions.strings:1:1: note: detected encoding of input file as Unicode (UTF-8) (in target 'ZhiYu' from project 'ZhiYu')

CopyStringsFile /Users/constantine/Library/Developer/Xcode/DerivedData/ZhiYu-ahhasqosjhnjphavyaflyigbvjqi/Build/Products/Debug-iphonesimulator/ZhiYu.app/en.lproj/Auth.strings /Users/constantine/Library/Developer/Xcode/DerivedData/ZhiYu-ahhasqosjhnjphavyaflyigbvjqi/Build/Intermediates.noindex/ZhiYu.build/Debug-iphonesimulator/ZhiYu.build/en.lproj/Auth.strings (in target 'ZhiYu' from project 'ZhiYu')
    cd /Users/constantine/Documents/work/code/projects/ZhiYu
    builtin-copyStrings --validate --outputencoding binary --outfilename Auth.strings --outdir /Users/constantine/Library/Developer/Xcode/DerivedData/ZhiYu-ahhasqosjhnjphavyaflyigbvjqi/Build/Products/Debug-iphonesimulator/ZhiYu.app/en.lproj -- /Users/constantine/Library/Developer/Xcode/DerivedData/ZhiYu-ahhasqosjhnjphavyaflyigbvjqi/Build/Intermediates.noindex/ZhiYu.build/Debug-iphonesimulator/ZhiYu.build/en.lproj/Auth.strings
/Users/constantine/Library/Developer/Xcode/DerivedData/ZhiYu-ahhasqosjhnjphavyaflyigbvjqi/Build/Intermediates.noindex/ZhiYu.build/Debug-iphonesimulator/ZhiYu.build/en.lproj/Auth.strings:1:1: note: detected encoding of input file as Unicode (UTF-8) (in target 'ZhiYu' from project 'ZhiYu')

CopyStringsFile /Users/constantine/Library/Developer/Xcode/DerivedData/ZhiYu-ahhasqosjhnjphavyaflyigbvjqi/Build/Products/Debug-iphonesimulator/ZhiYu.app/en.lproj/Actions.strings /Users/constantine/Library/Developer/Xcode/DerivedData/ZhiYu-ahhasqosjhnjphavyaflyigbvjqi/Build/Intermediates.noindex/ZhiYu.build/Debug-iphonesimulator/ZhiYu.build/en.lproj/Actions.strings (in target 'ZhiYu' from project 'ZhiYu')
    cd /Users/constantine/Documents/work/code/projects/ZhiYu
    builtin-copyStrings --validate --outputencoding binary --outfilename Actions.strings --outdir /Users/constantine/Library/Developer/Xcode/DerivedData/ZhiYu-ahhasqosjhnjphavyaflyigbvjqi/Build/Products/Debug-iphonesimulator/ZhiYu.app/en.lproj -- /Users/constantine/Library/Developer/Xcode/DerivedData/ZhiYu-ahhasqosjhnjphavyaflyigbvjqi/Build/Intermediates.noindex/ZhiYu.build/Debug-iphonesimulator/ZhiYu.build/en.lproj/Actions.strings
/Users/constantine/Library/Developer/Xcode/DerivedData/ZhiYu-ahhasqosjhnjphavyaflyigbvjqi/Build/Intermediates.noindex/ZhiYu.build/Debug-iphonesimulator/ZhiYu.build/en.lproj/Actions.strings:1:1: note: detected encoding of input file as Unicode (UTF-8) (in target 'ZhiYu' from project 'ZhiYu')

CopyStringsFile /Users/constantine/Library/Developer/Xcode/DerivedData/ZhiYu-ahhasqosjhnjphavyaflyigbvjqi/Build/Products/Debug-iphonesimulator/ZhiYu.app/zh-Hans.lproj/Backup.strings /Users/constantine/Library/Developer/Xcode/DerivedData/ZhiYu-ahhasqosjhnjphavyaflyigbvjqi/Build/Intermediates.noindex/ZhiYu.build/Debug-iphonesimulator/ZhiYu.build/zh-Hans.lproj/Backup.strings (in target 'ZhiYu' from project 'ZhiYu')
    cd /Users/constantine/Documents/work/code/projects/ZhiYu
    builtin-copyStrings --validate --outputencoding binary --outfilename Backup.strings --outdir /Users/constantine/Library/Developer/Xcode/DerivedData/ZhiYu-ahhasqosjhnjphavyaflyigbvjqi/Build/Products/Debug-iphonesimulator/ZhiYu.app/zh-Hans.lproj -- /Users/constantine/Library/Developer/Xcode/DerivedData/ZhiYu-ahhasqosjhnjphavyaflyigbvjqi/Build/Intermediates.noindex/ZhiYu.build/Debug-iphonesimulator/ZhiYu.build/zh-Hans.lproj/Backup.strings
/Users/constantine/Library/Developer/Xcode/DerivedData/ZhiYu-ahhasqosjhnjphavyaflyigbvjqi/Build/Intermediates.noindex/ZhiYu.build/Debug-iphonesimulator/ZhiYu.build/zh-Hans.lproj/Backup.strings:1:1: note: detected encoding of input file as Unicode (UTF-8) (in target 'ZhiYu' from project 'ZhiYu')

CopyStringsFile /Users/constantine/Library/Developer/Xcode/DerivedData/ZhiYu-ahhasqosjhnjphavyaflyigbvjqi/Build/Products/Debug-iphonesimulator/ZhiYu.app/en.lproj/Backup.strings /Users/constantine/Library/Developer/Xcode/DerivedData/ZhiYu-ahhasqosjhnjphavyaflyigbvjqi/Build/Intermediates.noindex/ZhiYu.build/Debug-iphonesimulator/ZhiYu.build/en.lproj/Backup.strings (in target 'ZhiYu' from project 'ZhiYu')
    cd /Users/constantine/Documents/work/code/projects/ZhiYu
    builtin-copyStrings --validate --outputencoding binary --outfilename Backup.strings --outdir /Users/constantine/Library/Developer/Xcode/DerivedData/ZhiYu-ahhasqosjhnjphavyaflyigbvjqi/Build/Products/Debug-iphonesimulator/ZhiYu.app/en.lproj -- /Users/constantine/Library/Developer/Xcode/DerivedData/ZhiYu-ahhasqosjhnjphavyaflyigbvjqi/Build/Intermediates.noindex/ZhiYu.build/Debug-iphonesimulator/ZhiYu.build/en.lproj/Backup.strings
/Users/constantine/Library/Developer/Xcode/DerivedData/ZhiYu-ahhasqosjhnjphavyaflyigbvjqi/Build/Intermediates.noindex/ZhiYu.build/Debug-iphonesimulator/ZhiYu.build/en.lproj/Backup.strings:1:1: note: detected encoding of input file as Unicode (UTF-8) (in target 'ZhiYu' from project 'ZhiYu')

CopyStringsFile /Users/constantine/Library/Developer/Xcode/DerivedData/ZhiYu-ahhasqosjhnjphavyaflyigbvjqi/Build/Products/Debug-iphonesimulator/ZhiYu.app/zh-Hans.lproj/Dashboard.strings /Users/constantine/Library/Developer/Xcode/DerivedData/ZhiYu-ahhasqosjhnjphavyaflyigbvjqi/Build/Intermediates.noindex/ZhiYu.build/Debug-iphonesimulator/ZhiYu.build/zh-Hans.lproj/Dashboard.strings (in target 'ZhiYu' from project 'ZhiYu')
    cd /Users/constantine/Documents/work/code/projects/ZhiYu
    builtin-copyStrings --validate --outputencoding binary --outfilename Dashboard.strings --outdir /Users/constantine/Library/Developer/Xcode/DerivedData/ZhiYu-ahhasqosjhnjphavyaflyigbvjqi/Build/Products/Debug-iphonesimulator/ZhiYu.app/zh-Hans.lproj -- /Users/constantine/Library/Developer/Xcode/DerivedData/ZhiYu-ahhasqosjhnjphavyaflyigbvjqi/Build/Intermediates.noindex/ZhiYu.build/Debug-iphonesimulator/ZhiYu.build/zh-Hans.lproj/Dashboard.strings
/Users/constantine/Library/Developer/Xcode/DerivedData/ZhiYu-ahhasqosjhnjphavyaflyigbvjqi/Build/Intermediates.noindex/ZhiYu.build/Debug-iphonesimulator/ZhiYu.build/zh-Hans.lproj/Dashboard.strings:1:1: note: detected encoding of input file as Unicode (UTF-8) (in target 'ZhiYu' from project 'ZhiYu')

CopyStringsFile /Users/constantine/Library/Developer/Xcode/DerivedData/ZhiYu-ahhasqosjhnjphavyaflyigbvjqi/Build/Products/Debug-iphonesimulator/ZhiYu.app/en.lproj/Dashboard.strings /Users/constantine/Library/Developer/Xcode/DerivedData/ZhiYu-ahhasqosjhnjphavyaflyigbvjqi/Build/Intermediates.noindex/ZhiYu.build/Debug-iphonesimulator/ZhiYu.build/en.lproj/Dashboard.strings (in target 'ZhiYu' from project 'ZhiYu')
    cd /Users/constantine/Documents/work/code/projects/ZhiYu
    builtin-copyStrings --validate --outputencoding binary --outfilename Dashboard.strings --outdir /Users/constantine/Library/Developer/Xcode/DerivedData/ZhiYu-ahhasqosjhnjphavyaflyigbvjqi/Build/Products/Debug-iphonesimulator/ZhiYu.app/en.lproj -- /Users/constantine/Library/Developer/Xcode/DerivedData/ZhiYu-ahhasqosjhnjphavyaflyigbvjqi/Build/Intermediates.noindex/ZhiYu.build/Debug-iphonesimulator/ZhiYu.build/en.lproj/Dashboard.strings
/Users/constantine/Library/Developer/Xcode/DerivedData/ZhiYu-ahhasqosjhnjphavyaflyigbvjqi/Build/Intermediates.noindex/ZhiYu.build/Debug-iphonesimulator/ZhiYu.build/en.lproj/Dashboard.strings:1:1: note: detected encoding of input file as Unicode (UTF-8) (in target 'ZhiYu' from project 'ZhiYu')

CopyStringsFile /Users/constantine/Library/Developer/Xcode/DerivedData/ZhiYu-ahhasqosjhnjphavyaflyigbvjqi/Build/Products/Debug-iphonesimulator/ZhiYu.app/zh-Hans.lproj/Common.strings /Users/constantine/Library/Developer/Xcode/DerivedData/ZhiYu-ahhasqosjhnjphavyaflyigbvjqi/Build/Intermediates.noindex/ZhiYu.build/Debug-iphonesimulator/ZhiYu.build/zh-Hans.lproj/Common.strings (in target 'ZhiYu' from project 'ZhiYu')
    cd /Users/constantine/Documents/work/code/projects/ZhiYu
    builtin-copyStrings --validate --outputencoding binary --outfilename Common.strings --outdir /Users/constantine/Library/Developer/Xcode/DerivedData/ZhiYu-ahhasqosjhnjphavyaflyigbvjqi/Build/Products/Debug-iphonesimulator/ZhiYu.app/zh-Hans.lproj -- /Users/constantine/Library/Developer/Xcode/DerivedData/ZhiYu-ahhasqosjhnjphavyaflyigbvjqi/Build/Intermediates.noindex/ZhiYu.build/Debug-iphonesimulator/ZhiYu.build/zh-Hans.lproj/Common.strings
/Users/constantine/Library/Developer/Xcode/DerivedData/ZhiYu-ahhasqosjhnjphavyaflyigbvjqi/Build/Intermediates.noindex/ZhiYu.build/Debug-iphonesimulator/ZhiYu.build/zh-Hans.lproj/Common.strings:1:1: note: detected encoding of input file as Unicode (UTF-8) (in target 'ZhiYu' from project 'ZhiYu')

CopyStringsFile /Users/constantine/Library/Developer/Xcode/DerivedData/ZhiYu-ahhasqosjhnjphavyaflyigbvjqi/Build/Products/Debug-iphonesimulator/ZhiYu.app/en.lproj/Common.strings /Users/constantine/Library/Developer/Xcode/DerivedData/ZhiYu-ahhasqosjhnjphavyaflyigbvjqi/Build/Intermediates.noindex/ZhiYu.build/Debug-iphonesimulator/ZhiYu.build/en.lproj/Common.strings (in target 'ZhiYu' from project 'ZhiYu')
    cd /Users/constantine/Documents/work/code/projects/ZhiYu
    builtin-copyStrings --validate --outputencoding binary --outfilename Common.strings --outdir /Users/constantine/Library/Developer/Xcode/DerivedData/ZhiYu-ahhasqosjhnjphavyaflyigbvjqi/Build/Products/Debug-iphonesimulator/ZhiYu.app/en.lproj -- /Users/constantine/Library/Developer/Xcode/DerivedData/ZhiYu-ahhasqosjhnjphavyaflyigbvjqi/Build/Intermediates.noindex/ZhiYu.build/Debug-iphonesimulator/ZhiYu.build/en.lproj/Common.strings
/Users/constantine/Library/Developer/Xcode/DerivedData/ZhiYu-ahhasqosjhnjphavyaflyigbvjqi/Build/Intermediates.noindex/ZhiYu.build/Debug-iphonesimulator/ZhiYu.build/en.lproj/Common.strings:1:1: note: detected encoding of input file as Unicode (UTF-8) (in target 'ZhiYu' from project 'ZhiYu')

CopyStringsFile /Users/constantine/Library/Developer/Xcode/DerivedData/ZhiYu-ahhasqosjhnjphavyaflyigbvjqi/Build/Products/Debug-iphonesimulator/ZhiYu.app/zh-Hans.lproj/Ingest.strings /Users/constantine/Library/Developer/Xcode/DerivedData/ZhiYu-ahhasqosjhnjphavyaflyigbvjqi/Build/Intermediates.noindex/ZhiYu.build/Debug-iphonesimulator/ZhiYu.build/zh-Hans.lproj/Ingest.strings (in target 'ZhiYu' from project 'ZhiYu')
    cd /Users/constantine/Documents/work/code/projects/ZhiYu
    builtin-copyStrings --validate --outputencoding binary --outfilename Ingest.strings --outdir /Users/constantine/Library/Developer/Xcode/DerivedData/ZhiYu-ahhasqosjhnjphavyaflyigbvjqi/Build/Products/Debug-iphonesimulator/ZhiYu.app/zh-Hans.lproj -- /Users/constantine/Library/Developer/Xcode/DerivedData/ZhiYu-ahhasqosjhnjphavyaflyigbvjqi/Build/Intermediates.noindex/ZhiYu.build/Debug-iphonesimulator/ZhiYu.build/zh-Hans.lproj/Ingest.strings
/Users/constantine/Library/Developer/Xcode/DerivedData/ZhiYu-ahhasqosjhnjphavyaflyigbvjqi/Build/Intermediates.noindex/ZhiYu.build/Debug-iphonesimulator/ZhiYu.build/zh-Hans.lproj/Ingest.strings:1:1: note: detected encoding of input file as Unicode (UTF-8) (in target 'ZhiYu' from project 'ZhiYu')

CopyStringsFile /Users/constantine/Library/Developer/Xcode/DerivedData/ZhiYu-ahhasqosjhnjphavyaflyigbvjqi/Build/Products/Debug-iphonesimulator/ZhiYu.app/en.lproj/Ingest.strings /Users/constantine/Library/Developer/Xcode/DerivedData/ZhiYu-ahhasqosjhnjphavyaflyigbvjqi/Build/Intermediates.noindex/ZhiYu.build/Debug-iphonesimulator/ZhiYu.build/en.lproj/Ingest.strings (in target 'ZhiYu' from project 'ZhiYu')
    cd /Users/constantine/Documents/work/code/projects/ZhiYu
    builtin-copyStrings --validate --outputencoding binary --outfilename Ingest.strings --outdir /Users/constantine/Library/Developer/Xcode/DerivedData/ZhiYu-ahhasqosjhnjphavyaflyigbvjqi/Build/Products/Debug-iphonesimulator/ZhiYu.app/en.lproj -- /Users/constantine/Library/Developer/Xcode/DerivedData/ZhiYu-ahhasqosjhnjphavyaflyigbvjqi/Build/Intermediates.noindex/ZhiYu.build/Debug-iphonesimulator/ZhiYu.build/en.lproj/Ingest.strings
/Users/constantine/Library/Developer/Xcode/DerivedData/ZhiYu-ahhasqosjhnjphavyaflyigbvjqi/Build/Intermediates.noindex/ZhiYu.build/Debug-iphonesimulator/ZhiYu.build/en.lproj/Ingest.strings:1:1: note: detected encoding of input file as Unicode (UTF-8) (in target 'ZhiYu' from project 'ZhiYu')

CopyStringsFile /Users/constantine/Library/Developer/Xcode/DerivedData/ZhiYu-ahhasqosjhnjphavyaflyigbvjqi/Build/Products/Debug-iphonesimulator/ZhiYu.app/zh-Hans.lproj/Settings.strings /Users/constantine/Library/Developer/Xcode/DerivedData/ZhiYu-ahhasqosjhnjphavyaflyigbvjqi/Build/Intermediates.noindex/ZhiYu.build/Debug-iphonesimulator/ZhiYu.build/zh-Hans.lproj/Settings.strings (in target 'ZhiYu' from project 'ZhiYu')
    cd /Users/constantine/Documents/work/code/projects/ZhiYu
    builtin-copyStrings --validate --outputencoding binary --outfilename Settings.strings --outdir /Users/constantine/Library/Developer/Xcode/DerivedData/ZhiYu-ahhasqosjhnjphavyaflyigbvjqi/Build/Products/Debug-iphonesimulator/ZhiYu.app/zh-Hans.lproj -- /Users/constantine/Library/Developer/Xcode/DerivedData/ZhiYu-ahhasqosjhnjphavyaflyigbvjqi/Build/Intermediates.noindex/ZhiYu.build/Debug-iphonesimulator/ZhiYu.build/zh-Hans.lproj/Settings.strings
/Users/constantine/Library/Developer/Xcode/DerivedData/ZhiYu-ahhasqosjhnjphavyaflyigbvjqi/Build/Intermediates.noindex/ZhiYu.build/Debug-iphonesimulator/ZhiYu.build/zh-Hans.lproj/Settings.strings:1:1: note: detected encoding of input file as Unicode (UTF-8) (in target 'ZhiYu' from project 'ZhiYu')

CopyStringsFile /Users/constantine/Library/Developer/Xcode/DerivedData/ZhiYu-ahhasqosjhnjphavyaflyigbvjqi/Build/Products/Debug-iphonesimulator/ZhiYu.app/en.lproj/Settings.strings /Users/constantine/Library/Developer/Xcode/DerivedData/ZhiYu-ahhasqosjhnjphavyaflyigbvjqi/Build/Intermediates.noindex/ZhiYu.build/Debug-iphonesimulator/ZhiYu.build/en.lproj/Settings.strings (in target 'ZhiYu' from project 'ZhiYu')
    cd /Users/constantine/Documents/work/code/projects/ZhiYu
    builtin-copyStrings --validate --outputencoding binary --outfilename Settings.strings --outdir /Users/constantine/Library/Developer/Xcode/DerivedData/ZhiYu-ahhasqosjhnjphavyaflyigbvjqi/Build/Products/Debug-iphonesimulator/ZhiYu.app/en.lproj -- /Users/constantine/Library/Developer/Xcode/DerivedData/ZhiYu-ahhasqosjhnjphavyaflyigbvjqi/Build/Intermediates.noindex/ZhiYu.build/Debug-iphonesimulator/ZhiYu.build/en.lproj/Settings.strings
/Users/constantine/Library/Developer/Xcode/DerivedData/ZhiYu-ahhasqosjhnjphavyaflyigbvjqi/Build/Intermediates.noindex/ZhiYu.build/Debug-iphonesimulator/ZhiYu.build/en.lproj/Settings.strings:1:1: note: detected encoding of input file as Unicode (UTF-8) (in target 'ZhiYu' from project 'ZhiYu')

ProcessInfoPlistFile /Users/constantine/Library/Developer/Xcode/DerivedData/ZhiYu-ahhasqosjhnjphavyaflyigbvjqi/Build/Products/Debug-iphonesimulator/ZhiYu.app/Info.plist /Users/constantine/Documents/work/code/projects/ZhiYu/Sources/Info.plist (in target 'ZhiYu' from project 'ZhiYu')
    cd /Users/constantine/Documents/work/code/projects/ZhiYu
    builtin-infoPlistUtility /Users/constantine/Documents/work/code/projects/ZhiYu/Sources/Info.plist -producttype com.apple.product-type.application -genpkginfo /Users/constantine/Library/Developer/Xcode/DerivedData/ZhiYu-ahhasqosjhnjphavyaflyigbvjqi/Build/Products/Debug-iphonesimulator/ZhiYu.app/PkgInfo -expandbuildsettings -format binary -platform iphonesimulator -additionalcontentfile /Users/constantine/Library/Developer/Xcode/DerivedData/ZhiYu-ahhasqosjhnjphavyaflyigbvjqi/Build/Intermediates.noindex/ZhiYu.build/Debug-iphonesimulator/ZhiYu.build/Base.lproj/LaunchScreen-SBPartialInfo.plist -additionalcontentfile /Users/constantine/Library/Developer/Xcode/DerivedData/ZhiYu-ahhasqosjhnjphavyaflyigbvjqi/Build/Intermediates.noindex/ZhiYu.build/Debug-iphonesimulator/ZhiYu.build/assetcatalog_generated_info.plist -scanforprivacyfile /Users/constantine/Library/Developer/Xcode/DerivedData/ZhiYu-ahhasqosjhnjphavyaflyigbvjqi/Build/Products/Debug-iphonesimulator/ZhiYu.app/GRDB_GRDB.bundle -o /Users/constantine/Library/Developer/Xcode/DerivedData/ZhiYu-ahhasqosjhnjphavyaflyigbvjqi/Build/Products/Debug-iphonesimulator/ZhiYu.app/Info.plist

CopySwiftLibs /Users/constantine/Library/Developer/Xcode/DerivedData/ZhiYu-ahhasqosjhnjphavyaflyigbvjqi/Build/Products/Debug-iphonesimulator/ZhiYu.app (in target 'ZhiYu' from project 'ZhiYu')
    cd /Users/constantine/Documents/work/code/projects/ZhiYu
    builtin-swiftStdLibTool --copy --verbose --scan-executable /Users/constantine/Library/Developer/Xcode/DerivedData/ZhiYu-ahhasqosjhnjphavyaflyigbvjqi/Build/Products/Debug-iphonesimulator/ZhiYu.app/ZhiYu.debug.dylib --scan-folder /Users/constantine/Library/Developer/Xcode/DerivedData/ZhiYu-ahhasqosjhnjphavyaflyigbvjqi/Build/Products/Debug-iphonesimulator/ZhiYu.app/Frameworks --scan-folder /Users/constantine/Library/Developer/Xcode/DerivedData/ZhiYu-ahhasqosjhnjphavyaflyigbvjqi/Build/Products/Debug-iphonesimulator/ZhiYu.app/PlugIns --scan-folder /Users/constantine/Library/Developer/Xcode/DerivedData/ZhiYu-ahhasqosjhnjphavyaflyigbvjqi/Build/Products/Debug-iphonesimulator/ZhiYu.app/SystemExtensions --scan-folder /Users/constantine/Library/Developer/Xcode/DerivedData/ZhiYu-ahhasqosjhnjphavyaflyigbvjqi/Build/Products/Debug-iphonesimulator/ZhiYu.app/Extensions --platform iphonesimulator --toolchain /Applications/Xcode.app/Contents/Developer/Toolchains/XcodeDefault.xctoolchain --destination /Users/constantine/Library/Developer/Xcode/DerivedData/ZhiYu-ahhasqosjhnjphavyaflyigbvjqi/Build/Products/Debug-iphonesimulator/ZhiYu.app/Frameworks --strip-bitcode --strip-bitcode-tool /Applications/Xcode.app/Contents/Developer/Toolchains/XcodeDefault.xctoolchain/usr/bin/bitcode_strip --emit-dependency-info /Users/constantine/Library/Developer/Xcode/DerivedData/ZhiYu-ahhasqosjhnjphavyaflyigbvjqi/Build/Intermediates.noindex/ZhiYu.build/Debug-iphonesimulator/ZhiYu.build/SwiftStdLibToolInputDependencies.dep --filter-for-swift-os --back-deploy-swift-span
Ignoring --strip-bitcode because --sign was not passed

** BUILD SUCCEEDED **

