Command line invocation:
    /Applications/Xcode.app/Contents/Developer/usr/bin/xcodebuild build -project ZhiYu.xcodeproj -scheme ZhiYu -destination "generic/platform=iOS Simulator" CODE_SIGNING_ALLOWED=NO CODE_SIGNING_REQUIRED=NO

Build settings from command line:
    CODE_SIGNING_ALLOWED = NO
    CODE_SIGNING_REQUIRED = NO

Resolve Package Graph


Resolved source packages:
  swift-custom-dump: https://github.com/pointfreeco/swift-custom-dump @ 1.5.0
  xctest-dynamic-overlay: https://github.com/pointfreeco/xctest-dynamic-overlay @ 1.9.0
  GRDB: https://github.com/groue/GRDB.swift.git @ 6.29.3
  swift-syntax: https://github.com/swiftlang/swift-syntax @ 603.0.1
  swift-snapshot-testing: https://github.com/pointfreeco/swift-snapshot-testing @ 1.19.2

ComputePackagePrebuildTargetDependencyGraph

Prepare packages

CreateBuildRequest

SendProjectDescription

CreateBuildOperation

ComputeTargetDependencyGraph
note: Building targets in dependency order
note: Target dependency graph (5 targets)
    Target 'ZhiYu' in project 'ZhiYu'
        ➜ Explicit dependency on target 'GRDB' in project 'GRDB'
    Target 'GRDB' in project 'GRDB'
        ➜ Explicit dependency on target 'GRDB' in project 'GRDB'
        ➜ Explicit dependency on target 'GRDB_GRDB' in project 'GRDB'
    Target 'GRDB' in project 'GRDB'
        ➜ Explicit dependency on target 'GRDB_GRDB' in project 'GRDB'
        ➜ Explicit dependency on target 'CSQLite' in project 'GRDB'
    Target 'CSQLite' in project 'GRDB' (no dependencies)
    Target 'GRDB_GRDB' in project 'GRDB' (no dependencies)

GatherProvisioningInputs

CreateBuildDescription

ClangStatCache /Applications/Xcode.app/Contents/Developer/Toolchains/XcodeDefault.xctoolchain/usr/bin/clang-stat-cache /Applications/Xcode.app/Contents/Developer/Platforms/iPhoneSimulator.platform/Developer/SDKs/iPhoneSimulator26.5.sdk /Users/constantine/Library/Developer/Xcode/DerivedData/SDKStatCaches.noindex/iphonesimulator26.5-23F73-6cfe768891a92b912361537c460fe42b.sdkstatcache
    cd /Users/constantine/Documents/work/code/projects/ZhiYu/ZhiYu.xcodeproj
    /Applications/Xcode.app/Contents/Developer/Toolchains/XcodeDefault.xctoolchain/usr/bin/clang-stat-cache /Applications/Xcode.app/Contents/Developer/Platforms/iPhoneSimulator.platform/Developer/SDKs/iPhoneSimulator26.5.sdk -o /Users/constantine/Library/Developer/Xcode/DerivedData/SDKStatCaches.noindex/iphonesimulator26.5-23F73-6cfe768891a92b912361537c460fe42b.sdkstatcache

SwiftDriver ZhiYu normal arm64 com.apple.xcode.tools.swift.compiler (in target 'ZhiYu' from project 'ZhiYu')
    cd /Users/constantine/Documents/work/code/projects/ZhiYu
    builtin-SwiftDriver -- /Applications/Xcode.app/Contents/Developer/Toolchains/XcodeDefault.xctoolchain/usr/bin/swiftc -module-name ZhiYu -Onone @/Users/constantine/Library/Developer/Xcode/DerivedData/ZhiYu-ahhasqosjhnjphavyaflyigbvjqi/Build/Intermediates.noindex/ZhiYu.build/Debug-iphonesimulator/ZhiYu.build/Objects-normal/arm64/ZhiYu.SwiftFileList -DDEBUG -Xcc -fmodule-map-file\=/Users/constantine/Library/Developer/Xcode/DerivedData/ZhiYu-ahhasqosjhnjphavyaflyigbvjqi/SourcePackages/checkouts/GRDB.swift/Sources/CSQLite/module.modulemap -enable-upcoming-feature StrictConcurrency -enable-bare-slash-regex -enable-experimental-feature DebugDescriptionMacro -sdk /Applications/Xcode.app/Contents/Developer/Platforms/iPhoneSimulator.platform/Developer/SDKs/iPhoneSimulator26.5.sdk -target arm64-apple-ios17.0-simulator -g -module-cache-path /Users/constantine/Library/Developer/Xcode/DerivedData/ModuleCache.noindex -Xfrontend -serialize-debugging-options -enable-testing -index-store-path /Users/constantine/Library/Developer/Xcode/DerivedData/ZhiYu-ahhasqosjhnjphavyaflyigbvjqi/Index.noindex/DataStore -Xcc -D_LIBCPP_HARDENING_MODE\=_LIBCPP_HARDENING_MODE_DEBUG -swift-version 5 -I /Users/constantine/Library/Developer/Xcode/DerivedData/ZhiYu-ahhasqosjhnjphavyaflyigbvjqi/Build/Products/Debug-iphonesimulator -F /Users/constantine/Library/Developer/Xcode/DerivedData/ZhiYu-ahhasqosjhnjphavyaflyigbvjqi/Build/Products/Debug-iphonesimulator/PackageFrameworks -F /Users/constantine/Library/Developer/Xcode/DerivedData/ZhiYu-ahhasqosjhnjphavyaflyigbvjqi/Build/Products/Debug-iphonesimulator -c -j18 -enable-batch-mode -incremental -Xcc -ivfsstatcache -Xcc /Users/constantine/Library/Developer/Xcode/DerivedData/SDKStatCaches.noindex/iphonesimulator26.5-23F73-6cfe768891a92b912361537c460fe42b.sdkstatcache -output-file-map /Users/constantine/Library/Developer/Xcode/DerivedData/ZhiYu-ahhasqosjhnjphavyaflyigbvjqi/Build/Intermediates.noindex/ZhiYu.build/Debug-iphonesimulator/ZhiYu.build/Objects-normal/arm64/ZhiYu-OutputFileMap.json -use-frontend-parseable-output -save-temps -no-color-diagnostics -explicit-module-build -module-cache-path /Users/constantine/Library/Developer/Xcode/DerivedData/ZhiYu-ahhasqosjhnjphavyaflyigbvjqi/Build/Intermediates.noindex/SwiftExplicitPrecompiledModules -clang-scanner-module-cache-path /Users/constantine/Library/Developer/Xcode/DerivedData/ModuleCache.noindex -sdk-module-cache-path /Users/constantine/Library/Developer/Xcode/DerivedData/ModuleCache.noindex -serialize-diagnostics -emit-dependencies -emit-module -emit-module-path /Users/constantine/Library/Developer/Xcode/DerivedData/ZhiYu-ahhasqosjhnjphavyaflyigbvjqi/Build/Intermediates.noindex/ZhiYu.build/Debug-iphonesimulator/ZhiYu.build/Objects-normal/arm64/ZhiYu.swiftmodule -validate-clang-modules-once -clang-build-session-file /Users/constantine/Library/Developer/Xcode/DerivedData/ModuleCache.noindex/Session.modulevalidation -Xcc -I/Users/constantine/Library/Developer/Xcode/DerivedData/ZhiYu-ahhasqosjhnjphavyaflyigbvjqi/Build/Intermediates.noindex/ZhiYu.build/Debug-iphonesimulator/ZhiYu.build/swift-overrides.hmap -emit-const-values -Xfrontend -const-gather-protocols-file -Xfrontend /Users/constantine/Library/Developer/Xcode/DerivedData/ZhiYu-ahhasqosjhnjphavyaflyigbvjqi/Build/Intermediates.noindex/ZhiYu.build/Debug-iphonesimulator/ZhiYu.build/Objects-normal/arm64/ZhiYu_const_extract_protocols.json -Xcc -iquote -Xcc /Users/constantine/Library/Developer/Xcode/DerivedData/ZhiYu-ahhasqosjhnjphavyaflyigbvjqi/Build/Intermediates.noindex/ZhiYu.build/Debug-iphonesimulator/ZhiYu.build/ZhiYu-generated-files.hmap -Xcc -I/Users/constantine/Library/Developer/Xcode/DerivedData/ZhiYu-ahhasqosjhnjphavyaflyigbvjqi/Build/Intermediates.noindex/ZhiYu.build/Debug-iphonesimulator/ZhiYu.build/ZhiYu-own-target-headers.hmap -Xcc -I/Users/constantine/Library/Developer/Xcode/DerivedData/ZhiYu-ahhasqosjhnjphavyaflyigbvjqi/Build/Intermediates.noindex/ZhiYu.build/Debug-iphonesimulator/ZhiYu.build/ZhiYu-all-non-framework-target-headers.hmap -Xcc -ivfsoverlay -Xcc /Users/constantine/Library/Developer/Xcode/DerivedData/ZhiYu-ahhasqosjhnjphavyaflyigbvjqi/Build/Intermediates.noindex/ZhiYu.build/Debug-iphonesimulator/ZhiYu-48e36c608b438f24ac5a43fe091185d1-VFS-iphonesimulator/all-product-headers.yaml -Xcc -iquote -Xcc /Users/constantine/Library/Developer/Xcode/DerivedData/ZhiYu-ahhasqosjhnjphavyaflyigbvjqi/Build/Intermediates.noindex/ZhiYu.build/Debug-iphonesimulator/ZhiYu.build/ZhiYu-project-headers.hmap -Xcc -I/Users/constantine/Library/Developer/Xcode/DerivedData/ZhiYu-ahhasqosjhnjphavyaflyigbvjqi/Build/Products/Debug-iphonesimulator/include -Xcc -I/Users/constantine/Library/Developer/Xcode/DerivedData/ZhiYu-ahhasqosjhnjphavyaflyigbvjqi/Build/Intermediates.noindex/ZhiYu.build/Debug-iphonesimulator/ZhiYu.build/DerivedSources-normal/arm64 -Xcc -I/Users/constantine/Library/Developer/Xcode/DerivedData/ZhiYu-ahhasqosjhnjphavyaflyigbvjqi/Build/Intermediates.noindex/ZhiYu.build/Debug-iphonesimulator/ZhiYu.build/DerivedSources/arm64 -Xcc -I/Users/constantine/Library/Developer/Xcode/DerivedData/ZhiYu-ahhasqosjhnjphavyaflyigbvjqi/Build/Intermediates.noindex/ZhiYu.build/Debug-iphonesimulator/ZhiYu.build/DerivedSources -Xcc -DDEBUG\=1 -emit-objc-header -emit-objc-header-path /Users/constantine/Library/Developer/Xcode/DerivedData/ZhiYu-ahhasqosjhnjphavyaflyigbvjqi/Build/Intermediates.noindex/ZhiYu.build/Debug-iphonesimulator/ZhiYu.build/Objects-normal/arm64/ZhiYu-Swift.h -working-directory /Users/constantine/Documents/work/code/projects/ZhiYu -experimental-emit-module-separately -disable-cmo

SwiftDriver ZhiYu normal x86_64 com.apple.xcode.tools.swift.compiler (in target 'ZhiYu' from project 'ZhiYu')
    cd /Users/constantine/Documents/work/code/projects/ZhiYu
    builtin-SwiftDriver -- /Applications/Xcode.app/Contents/Developer/Toolchains/XcodeDefault.xctoolchain/usr/bin/swiftc -module-name ZhiYu -Onone @/Users/constantine/Library/Developer/Xcode/DerivedData/ZhiYu-ahhasqosjhnjphavyaflyigbvjqi/Build/Intermediates.noindex/ZhiYu.build/Debug-iphonesimulator/ZhiYu.build/Objects-normal/x86_64/ZhiYu.SwiftFileList -DDEBUG -Xcc -fmodule-map-file\=/Users/constantine/Library/Developer/Xcode/DerivedData/ZhiYu-ahhasqosjhnjphavyaflyigbvjqi/SourcePackages/checkouts/GRDB.swift/Sources/CSQLite/module.modulemap -enable-upcoming-feature StrictConcurrency -enable-bare-slash-regex -enable-experimental-feature DebugDescriptionMacro -sdk /Applications/Xcode.app/Contents/Developer/Platforms/iPhoneSimulator.platform/Developer/SDKs/iPhoneSimulator26.5.sdk -target x86_64-apple-ios17.0-simulator -g -module-cache-path /Users/constantine/Library/Developer/Xcode/DerivedData/ModuleCache.noindex -Xfrontend -serialize-debugging-options -enable-testing -index-store-path /Users/constantine/Library/Developer/Xcode/DerivedData/ZhiYu-ahhasqosjhnjphavyaflyigbvjqi/Index.noindex/DataStore -Xcc -D_LIBCPP_HARDENING_MODE\=_LIBCPP_HARDENING_MODE_DEBUG -swift-version 5 -I /Users/constantine/Library/Developer/Xcode/DerivedData/ZhiYu-ahhasqosjhnjphavyaflyigbvjqi/Build/Products/Debug-iphonesimulator -F /Users/constantine/Library/Developer/Xcode/DerivedData/ZhiYu-ahhasqosjhnjphavyaflyigbvjqi/Build/Products/Debug-iphonesimulator/PackageFrameworks -F /Users/constantine/Library/Developer/Xcode/DerivedData/ZhiYu-ahhasqosjhnjphavyaflyigbvjqi/Build/Products/Debug-iphonesimulator -c -j18 -enable-batch-mode -incremental -Xcc -ivfsstatcache -Xcc /Users/constantine/Library/Developer/Xcode/DerivedData/SDKStatCaches.noindex/iphonesimulator26.5-23F73-6cfe768891a92b912361537c460fe42b.sdkstatcache -output-file-map /Users/constantine/Library/Developer/Xcode/DerivedData/ZhiYu-ahhasqosjhnjphavyaflyigbvjqi/Build/Intermediates.noindex/ZhiYu.build/Debug-iphonesimulator/ZhiYu.build/Objects-normal/x86_64/ZhiYu-OutputFileMap.json -use-frontend-parseable-output -save-temps -no-color-diagnostics -explicit-module-build -module-cache-path /Users/constantine/Library/Developer/Xcode/DerivedData/ZhiYu-ahhasqosjhnjphavyaflyigbvjqi/Build/Intermediates.noindex/SwiftExplicitPrecompiledModules -clang-scanner-module-cache-path /Users/constantine/Library/Developer/Xcode/DerivedData/ModuleCache.noindex -sdk-module-cache-path /Users/constantine/Library/Developer/Xcode/DerivedData/ModuleCache.noindex -serialize-diagnostics -emit-dependencies -emit-module -emit-module-path /Users/constantine/Library/Developer/Xcode/DerivedData/ZhiYu-ahhasqosjhnjphavyaflyigbvjqi/Build/Intermediates.noindex/ZhiYu.build/Debug-iphonesimulator/ZhiYu.build/Objects-normal/x86_64/ZhiYu.swiftmodule -validate-clang-modules-once -clang-build-session-file /Users/constantine/Library/Developer/Xcode/DerivedData/ModuleCache.noindex/Session.modulevalidation -Xcc -I/Users/constantine/Library/Developer/Xcode/DerivedData/ZhiYu-ahhasqosjhnjphavyaflyigbvjqi/Build/Intermediates.noindex/ZhiYu.build/Debug-iphonesimulator/ZhiYu.build/swift-overrides.hmap -emit-const-values -Xfrontend -const-gather-protocols-file -Xfrontend /Users/constantine/Library/Developer/Xcode/DerivedData/ZhiYu-ahhasqosjhnjphavyaflyigbvjqi/Build/Intermediates.noindex/ZhiYu.build/Debug-iphonesimulator/ZhiYu.build/Objects-normal/x86_64/ZhiYu_const_extract_protocols.json -Xcc -iquote -Xcc /Users/constantine/Library/Developer/Xcode/DerivedData/ZhiYu-ahhasqosjhnjphavyaflyigbvjqi/Build/Intermediates.noindex/ZhiYu.build/Debug-iphonesimulator/ZhiYu.build/ZhiYu-generated-files.hmap -Xcc -I/Users/constantine/Library/Developer/Xcode/DerivedData/ZhiYu-ahhasqosjhnjphavyaflyigbvjqi/Build/Intermediates.noindex/ZhiYu.build/Debug-iphonesimulator/ZhiYu.build/ZhiYu-own-target-headers.hmap -Xcc -I/Users/constantine/Library/Developer/Xcode/DerivedData/ZhiYu-ahhasqosjhnjphavyaflyigbvjqi/Build/Intermediates.noindex/ZhiYu.build/Debug-iphonesimulator/ZhiYu.build/ZhiYu-all-non-framework-target-headers.hmap -Xcc -ivfsoverlay -Xcc /Users/constantine/Library/Developer/Xcode/DerivedData/ZhiYu-ahhasqosjhnjphavyaflyigbvjqi/Build/Intermediates.noindex/ZhiYu.build/Debug-iphonesimulator/ZhiYu-48e36c608b438f24ac5a43fe091185d1-VFS-iphonesimulator/all-product-headers.yaml -Xcc -iquote -Xcc /Users/constantine/Library/Developer/Xcode/DerivedData/ZhiYu-ahhasqosjhnjphavyaflyigbvjqi/Build/Intermediates.noindex/ZhiYu.build/Debug-iphonesimulator/ZhiYu.build/ZhiYu-project-headers.hmap -Xcc -I/Users/constantine/Library/Developer/Xcode/DerivedData/ZhiYu-ahhasqosjhnjphavyaflyigbvjqi/Build/Products/Debug-iphonesimulator/include -Xcc -I/Users/constantine/Library/Developer/Xcode/DerivedData/ZhiYu-ahhasqosjhnjphavyaflyigbvjqi/Build/Intermediates.noindex/ZhiYu.build/Debug-iphonesimulator/ZhiYu.build/DerivedSources-normal/x86_64 -Xcc -I/Users/constantine/Library/Developer/Xcode/DerivedData/ZhiYu-ahhasqosjhnjphavyaflyigbvjqi/Build/Intermediates.noindex/ZhiYu.build/Debug-iphonesimulator/ZhiYu.build/DerivedSources/x86_64 -Xcc -I/Users/constantine/Library/Developer/Xcode/DerivedData/ZhiYu-ahhasqosjhnjphavyaflyigbvjqi/Build/Intermediates.noindex/ZhiYu.build/Debug-iphonesimulator/ZhiYu.build/DerivedSources -Xcc -DDEBUG\=1 -emit-objc-header -emit-objc-header-path /Users/constantine/Library/Developer/Xcode/DerivedData/ZhiYu-ahhasqosjhnjphavyaflyigbvjqi/Build/Intermediates.noindex/ZhiYu.build/Debug-iphonesimulator/ZhiYu.build/Objects-normal/x86_64/ZhiYu-Swift.h -working-directory /Users/constantine/Documents/work/code/projects/ZhiYu -experimental-emit-module-separately -disable-cmo

SwiftEmitModule normal arm64 Emitting\ module\ for\ ZhiYu (in target 'ZhiYu' from project 'ZhiYu')

EmitSwiftModule normal arm64 (in target 'ZhiYu' from project 'ZhiYu')
    cd /Users/constantine/Documents/work/code/projects/ZhiYu
    

SwiftCompile normal arm64 Compiling\ NotebookHubView.swift /Users/constantine/Documents/work/code/projects/ZhiYu/Sources/Features/NotebookHub/View/NotebookHubView.swift (in target 'ZhiYu' from project 'ZhiYu')

SwiftCompile normal arm64 /Users/constantine/Documents/work/code/projects/ZhiYu/Sources/Features/NotebookHub/View/NotebookHubView.swift (in target 'ZhiYu' from project 'ZhiYu')
    cd /Users/constantine/Documents/work/code/projects/ZhiYu
    
/Users/constantine/Documents/work/code/projects/ZhiYu/Sources/Features/NotebookHub/View/NotebookHubView.swift:110:27: warning: call to main actor-isolated instance method 'toggleDisplayMode()' in a synchronous nonisolated context
                viewModel.toggleDisplayMode()
                          ^
/Users/constantine/Documents/work/code/projects/ZhiYu/Sources/Features/NotebookHub/ViewModel/NotebookHubViewModel.swift:106:17: note: calls to instance method 'toggleDisplayMode()' from outside of its actor context are implicitly asynchronous
    public func toggleDisplayMode() {
                ^
/Users/constantine/Documents/work/code/projects/ZhiYu/Sources/Features/NotebookHub/View/NotebookHubView.swift:110:17: warning: reference to captured var 'viewModel' in concurrently-executing code
                viewModel.toggleDisplayMode()
                ^

SwiftCompile normal arm64 Compiling\ VaultService.swift /Users/constantine/Documents/work/code/projects/ZhiYu/Sources/Shared/Domain/Services/VaultService.swift (in target 'ZhiYu' from project 'ZhiYu')

SwiftCompile normal arm64 /Users/constantine/Documents/work/code/projects/ZhiYu/Sources/Shared/Domain/Services/VaultService.swift (in target 'ZhiYu' from project 'ZhiYu')
    cd /Users/constantine/Documents/work/code/projects/ZhiYu
    

SwiftCompile normal arm64 Compiling\ ContentView.swift /Users/constantine/Documents/work/code/projects/ZhiYu/Sources/App/ContentView.swift (in target 'ZhiYu' from project 'ZhiYu')

SwiftCompile normal arm64 /Users/constantine/Documents/work/code/projects/ZhiYu/Sources/App/ContentView.swift (in target 'ZhiYu' from project 'ZhiYu')
    cd /Users/constantine/Documents/work/code/projects/ZhiYu
    

SwiftEmitModule normal x86_64 Emitting\ module\ for\ ZhiYu (in target 'ZhiYu' from project 'ZhiYu')
EmitSwiftModule normal x86_64 (in target 'ZhiYu' from project 'ZhiYu')
    cd /Users/constantine/Documents/work/code/projects/ZhiYu
    

SwiftCompile normal arm64 Compiling\ VaultBadge.swift /Users/constantine/Documents/work/code/projects/ZhiYu/Sources/Shared/Views/Core/VaultBadge.swift (in target 'ZhiYu' from project 'ZhiYu')

SwiftCompile normal arm64 /Users/constantine/Documents/work/code/projects/ZhiYu/Sources/Shared/Views/Core/VaultBadge.swift (in target 'ZhiYu' from project 'ZhiYu')
    cd /Users/constantine/Documents/work/code/projects/ZhiYu
    

SwiftCompile normal x86_64 Compiling\ VaultBadge.swift /Users/constantine/Documents/work/code/projects/ZhiYu/Sources/Shared/Views/Core/VaultBadge.swift (in target 'ZhiYu' from project 'ZhiYu')

SwiftCompile normal x86_64 /Users/constantine/Documents/work/code/projects/ZhiYu/Sources/Shared/Views/Core/VaultBadge.swift (in target 'ZhiYu' from project 'ZhiYu')
    cd /Users/constantine/Documents/work/code/projects/ZhiYu
    

SwiftCompile normal x86_64 Compiling\ VaultService.swift /Users/constantine/Documents/work/code/projects/ZhiYu/Sources/Shared/Domain/Services/VaultService.swift (in target 'ZhiYu' from project 'ZhiYu')

SwiftCompile normal x86_64 /Users/constantine/Documents/work/code/projects/ZhiYu/Sources/Shared/Domain/Services/VaultService.swift (in target 'ZhiYu' from project 'ZhiYu')
    cd /Users/constantine/Documents/work/code/projects/ZhiYu
    

SwiftCompile normal x86_64 Compiling\ ZhiYuApp.swift /Users/constantine/Documents/work/code/projects/ZhiYu/Sources/App/ZhiYuApp.swift (in target 'ZhiYu' from project 'ZhiYu')

SwiftCompile normal x86_64 /Users/constantine/Documents/work/code/projects/ZhiYu/Sources/App/ZhiYuApp.swift (in target 'ZhiYu' from project 'ZhiYu')
    cd /Users/constantine/Documents/work/code/projects/ZhiYu
    

SwiftCompile normal x86_64 Compiling\ ContentView.swift /Users/constantine/Documents/work/code/projects/ZhiYu/Sources/App/ContentView.swift (in target 'ZhiYu' from project 'ZhiYu')

SwiftCompile normal x86_64 /Users/constantine/Documents/work/code/projects/ZhiYu/Sources/App/ContentView.swift (in target 'ZhiYu' from project 'ZhiYu')
    cd /Users/constantine/Documents/work/code/projects/ZhiYu
    

SwiftCompile normal arm64 Compiling\ ZhiYuApp.swift /Users/constantine/Documents/work/code/projects/ZhiYu/Sources/App/ZhiYuApp.swift (in target 'ZhiYu' from project 'ZhiYu')

SwiftCompile normal arm64 /Users/constantine/Documents/work/code/projects/ZhiYu/Sources/App/ZhiYuApp.swift (in target 'ZhiYu' from project 'ZhiYu')
    cd /Users/constantine/Documents/work/code/projects/ZhiYu
    

SwiftCompile normal x86_64 Compiling\ NotebookHubView.swift /Users/constantine/Documents/work/code/projects/ZhiYu/Sources/Features/NotebookHub/View/NotebookHubView.swift (in target 'ZhiYu' from project 'ZhiYu')

SwiftCompile normal x86_64 /Users/constantine/Documents/work/code/projects/ZhiYu/Sources/Features/NotebookHub/View/NotebookHubView.swift (in target 'ZhiYu' from project 'ZhiYu')
    cd /Users/constantine/Documents/work/code/projects/ZhiYu
    
/Users/constantine/Documents/work/code/projects/ZhiYu/Sources/Features/NotebookHub/View/NotebookHubView.swift:110:27: warning: call to main actor-isolated instance method 'toggleDisplayMode()' in a synchronous nonisolated context
                viewModel.toggleDisplayMode()
                          ^
/Users/constantine/Documents/work/code/projects/ZhiYu/Sources/Features/NotebookHub/ViewModel/NotebookHubViewModel.swift:106:17: note: calls to instance method 'toggleDisplayMode()' from outside of its actor context are implicitly asynchronous
    public func toggleDisplayMode() {
                ^
/Users/constantine/Documents/work/code/projects/ZhiYu/Sources/Features/NotebookHub/View/NotebookHubView.swift:110:17: warning: reference to captured var 'viewModel' in concurrently-executing code
                viewModel.toggleDisplayMode()
                ^

SwiftDriverJobDiscovery normal x86_64 Compiling VaultBadge.swift (in target 'ZhiYu' from project 'ZhiYu')

SwiftDriverJobDiscovery normal arm64 Compiling VaultBadge.swift (in target 'ZhiYu' from project 'ZhiYu')

SwiftCompile normal arm64 Compiling\ AppToolbarModifier.swift /Users/constantine/Documents/work/code/projects/ZhiYu/Sources/Shared/Views/Core/AppToolbarModifier.swift (in target 'ZhiYu' from project 'ZhiYu')

SwiftCompile normal arm64 /Users/constantine/Documents/work/code/projects/ZhiYu/Sources/Shared/Views/Core/AppToolbarModifier.swift (in target 'ZhiYu' from project 'ZhiYu')
    cd /Users/constantine/Documents/work/code/projects/ZhiYu
    

SwiftCompile normal arm64 Compiling\ AdaptiveSidebarView.swift /Users/constantine/Documents/work/code/projects/ZhiYu/Sources/Shared/Views/Components/AdaptiveSidebarView.swift (in target 'ZhiYu' from project 'ZhiYu')

SwiftCompile normal arm64 /Users/constantine/Documents/work/code/projects/ZhiYu/Sources/Shared/Views/Components/AdaptiveSidebarView.swift (in target 'ZhiYu' from project 'ZhiYu')
    cd /Users/constantine/Documents/work/code/projects/ZhiYu
    

SwiftCompile normal x86_64 Compiling\ AppToolbarModifier.swift /Users/constantine/Documents/work/code/projects/ZhiYu/Sources/Shared/Views/Core/AppToolbarModifier.swift (in target 'ZhiYu' from project 'ZhiYu')

SwiftCompile normal x86_64 /Users/constantine/Documents/work/code/projects/ZhiYu/Sources/Shared/Views/Core/AppToolbarModifier.swift (in target 'ZhiYu' from project 'ZhiYu')
    cd /Users/constantine/Documents/work/code/projects/ZhiYu
    

SwiftCompile normal x86_64 Compiling\ AdaptiveSidebarView.swift /Users/constantine/Documents/work/code/projects/ZhiYu/Sources/Shared/Views/Components/AdaptiveSidebarView.swift (in target 'ZhiYu' from project 'ZhiYu')

SwiftCompile normal x86_64 /Users/constantine/Documents/work/code/projects/ZhiYu/Sources/Shared/Views/Components/AdaptiveSidebarView.swift (in target 'ZhiYu' from project 'ZhiYu')
    cd /Users/constantine/Documents/work/code/projects/ZhiYu
    

SwiftDriverJobDiscovery normal x86_64 Compiling VaultService.swift (in target 'ZhiYu' from project 'ZhiYu')

SwiftDriverJobDiscovery normal arm64 Compiling VaultService.swift (in target 'ZhiYu' from project 'ZhiYu')

SwiftCompile normal x86_64 Compiling\ AppWindowSceneDelegate.swift /Users/constantine/Documents/work/code/projects/ZhiYu/Sources/Core/Platform/AppWindowSceneDelegate.swift (in target 'ZhiYu' from project 'ZhiYu')

SwiftCompile normal x86_64 /Users/constantine/Documents/work/code/projects/ZhiYu/Sources/Core/Platform/AppWindowSceneDelegate.swift (in target 'ZhiYu' from project 'ZhiYu')
    cd /Users/constantine/Documents/work/code/projects/ZhiYu
    

SwiftCompile normal x86_64 Compiling\ FeatureProtocols.swift /Users/constantine/Documents/work/code/projects/ZhiYu/Sources/Core/Protocols/FeatureProtocols.swift (in target 'ZhiYu' from project 'ZhiYu')

SwiftCompile normal x86_64 /Users/constantine/Documents/work/code/projects/ZhiYu/Sources/Core/Protocols/FeatureProtocols.swift (in target 'ZhiYu' from project 'ZhiYu')
    cd /Users/constantine/Documents/work/code/projects/ZhiYu
    

SwiftCompile normal x86_64 Compiling\ AuthService.swift /Users/constantine/Documents/work/code/projects/ZhiYu/Sources/Shared/Domain/Services/AuthService.swift (in target 'ZhiYu' from project 'ZhiYu')

SwiftCompile normal x86_64 /Users/constantine/Documents/work/code/projects/ZhiYu/Sources/Shared/Domain/Services/AuthService.swift (in target 'ZhiYu' from project 'ZhiYu')
    cd /Users/constantine/Documents/work/code/projects/ZhiYu
    

SwiftCompile normal x86_64 Compiling\ SplashView.swift /Users/constantine/Documents/work/code/projects/ZhiYu/Sources/App/SplashView.swift (in target 'ZhiYu' from project 'ZhiYu')

SwiftCompile normal x86_64 /Users/constantine/Documents/work/code/projects/ZhiYu/Sources/App/SplashView.swift (in target 'ZhiYu' from project 'ZhiYu')
    cd /Users/constantine/Documents/work/code/projects/ZhiYu
    

SwiftCompile normal x86_64 Compiling\ KnowledgePageListView.swift /Users/constantine/Documents/work/code/projects/ZhiYu/Sources/Features/Dashboard/View/KnowledgePageListView.swift (in target 'ZhiYu' from project 'ZhiYu')

SwiftCompile normal x86_64 /Users/constantine/Documents/work/code/projects/ZhiYu/Sources/Features/Dashboard/View/KnowledgePageListView.swift (in target 'ZhiYu' from project 'ZhiYu')
    cd /Users/constantine/Documents/work/code/projects/ZhiYu
    
/Users/constantine/Documents/work/code/projects/ZhiYu/Sources/Features/Dashboard/View/KnowledgePageListView.swift:104:39: warning: call to main actor-isolated instance method 'trigger' in a synchronous nonisolated context
                HapticFeedback.shared.trigger(.selection)
                                      ^
/Users/constantine/Documents/work/code/projects/ZhiYu/Sources/Core/Platform/HapticFeedback.swift:26:10: note: calls to instance method 'trigger' from outside of its actor context are implicitly asynchronous
    func trigger(_ pattern: HapticPattern) {
         ^
/Users/constantine/Documents/work/code/projects/ZhiYu/Sources/Core/Platform/HapticFeedback.swift:26:10: note: main actor isolation inferred from conformance to protocol 'HapticFeedbackProtocol'
    func trigger(_ pattern: HapticPattern) {
         ^
/Users/constantine/Documents/work/code/projects/ZhiYu/Sources/Features/Dashboard/View/KnowledgePageListView.swift:104:32: warning: main actor-isolated static property 'shared' can not be referenced from a Sendable closure
                HapticFeedback.shared.trigger(.selection)
                               ^
/Users/constantine/Documents/work/code/projects/ZhiYu/Sources/Core/Platform/HapticFeedback.swift:19:16: note: static property declared here
    static let shared = HapticFeedback()
               ^
/Users/constantine/Documents/work/code/projects/ZhiYu/Sources/Features/Dashboard/View/KnowledgePageListView.swift:106:21: warning: main actor-isolated property 'viewMode' can not be mutated from a nonisolated context
                    viewMode = (viewMode == .list) ? .grid : .list
                    ^
/Users/constantine/Documents/work/code/projects/ZhiYu/Sources/Features/Dashboard/View/KnowledgePageListView.swift:33:54: note: mutation of this property is only permitted within the actor
    @AppStorage("app.pageList.viewMode") private var viewMode: ViewMode = .list
                                                     ^
/Users/constantine/Documents/work/code/projects/ZhiYu/Sources/Features/Dashboard/View/KnowledgePageListView.swift:106:33: warning: main actor-isolated property 'viewMode' can not be referenced from a nonisolated context
                    viewMode = (viewMode == .list) ? .grid : .list
                                ^
/Users/constantine/Documents/work/code/projects/ZhiYu/Sources/Features/Dashboard/View/KnowledgePageListView.swift:33:54: note: property declared here
    @AppStorage("app.pageList.viewMode") private var viewMode: ViewMode = .list
                                                     ^

SwiftCompile normal x86_64 Compiling\ KnowledgeDashboardView.swift /Users/constantine/Documents/work/code/projects/ZhiYu/Sources/Features/Dashboard/View/KnowledgeDashboardView.swift (in target 'ZhiYu' from project 'ZhiYu')

SwiftCompile normal x86_64 /Users/constantine/Documents/work/code/projects/ZhiYu/Sources/Features/Dashboard/View/KnowledgeDashboardView.swift (in target 'ZhiYu' from project 'ZhiYu')
    cd /Users/constantine/Documents/work/code/projects/ZhiYu
    

SwiftCompile normal arm64 Compiling\ WidgetAndWatchViews.swift /Users/constantine/Documents/work/code/projects/ZhiYu/Sources/Shared/Views/WidgetAndWatchViews.swift (in target 'ZhiYu' from project 'ZhiYu')

SwiftCompile normal arm64 /Users/constantine/Documents/work/code/projects/ZhiYu/Sources/Shared/Views/WidgetAndWatchViews.swift (in target 'ZhiYu' from project 'ZhiYu')
    cd /Users/constantine/Documents/work/code/projects/ZhiYu
    

SwiftDriverJobDiscovery normal x86_64 Compiling ZhiYuApp.swift (in target 'ZhiYu' from project 'ZhiYu')

SwiftCompile normal arm64 Compiling\ NotebookHubViewModel.swift /Users/constantine/Documents/work/code/projects/ZhiYu/Sources/Features/NotebookHub/ViewModel/NotebookHubViewModel.swift (in target 'ZhiYu' from project 'ZhiYu')

SwiftCompile normal arm64 /Users/constantine/Documents/work/code/projects/ZhiYu/Sources/Features/NotebookHub/ViewModel/NotebookHubViewModel.swift (in target 'ZhiYu' from project 'ZhiYu')
    cd /Users/constantine/Documents/work/code/projects/ZhiYu
    

SwiftDriverJobDiscovery normal arm64 Compiling ZhiYuApp.swift (in target 'ZhiYu' from project 'ZhiYu')

SwiftCompile normal arm64 Compiling\ KnowledgeDashboardView.swift /Users/constantine/Documents/work/code/projects/ZhiYu/Sources/Features/Dashboard/View/KnowledgeDashboardView.swift (in target 'ZhiYu' from project 'ZhiYu')

SwiftCompile normal arm64 /Users/constantine/Documents/work/code/projects/ZhiYu/Sources/Features/Dashboard/View/KnowledgeDashboardView.swift (in target 'ZhiYu' from project 'ZhiYu')
    cd /Users/constantine/Documents/work/code/projects/ZhiYu
    

SwiftDriverJobDiscovery normal x86_64 Compiling FeatureProtocols.swift (in target 'ZhiYu' from project 'ZhiYu')

SwiftCompile normal arm64 Compiling\ NavigationView.swift /Users/constantine/Documents/work/code/projects/ZhiYu/Sources/App/NavigationView.swift (in target 'ZhiYu' from project 'ZhiYu')

SwiftCompile normal arm64 /Users/constantine/Documents/work/code/projects/ZhiYu/Sources/App/NavigationView.swift (in target 'ZhiYu' from project 'ZhiYu')
    cd /Users/constantine/Documents/work/code/projects/ZhiYu
    

SwiftDriverJobDiscovery normal x86_64 Compiling AppToolbarModifier.swift (in target 'ZhiYu' from project 'ZhiYu')

SwiftCompile normal x86_64 Compiling\ FloatingContextCapsule.swift /Users/constantine/Documents/work/code/projects/ZhiYu/Sources/Shared/Views/Core/FloatingContextCapsule.swift (in target 'ZhiYu' from project 'ZhiYu')

SwiftCompile normal x86_64 /Users/constantine/Documents/work/code/projects/ZhiYu/Sources/Shared/Views/Core/FloatingContextCapsule.swift (in target 'ZhiYu' from project 'ZhiYu')
    cd /Users/constantine/Documents/work/code/projects/ZhiYu
    

SwiftDriverJobDiscovery normal arm64 Compiling AppToolbarModifier.swift (in target 'ZhiYu' from project 'ZhiYu')

SwiftCompile normal x86_64 Compiling\ VaultInsightsPanel.swift /Users/constantine/Documents/work/code/projects/ZhiYu/Sources/Shared/Views/Core/VaultInsightsPanel.swift (in target 'ZhiYu' from project 'ZhiYu')

SwiftCompile normal x86_64 /Users/constantine/Documents/work/code/projects/ZhiYu/Sources/Shared/Views/Core/VaultInsightsPanel.swift (in target 'ZhiYu' from project 'ZhiYu')
    cd /Users/constantine/Documents/work/code/projects/ZhiYu
    

SwiftDriverJobDiscovery normal x86_64 Compiling AuthService.swift (in target 'ZhiYu' from project 'ZhiYu')

SwiftCompile normal x86_64 Compiling\ WidgetAndWatchViews.swift /Users/constantine/Documents/work/code/projects/ZhiYu/Sources/Shared/Views/WidgetAndWatchViews.swift (in target 'ZhiYu' from project 'ZhiYu')

SwiftCompile normal x86_64 /Users/constantine/Documents/work/code/projects/ZhiYu/Sources/Shared/Views/WidgetAndWatchViews.swift (in target 'ZhiYu' from project 'ZhiYu')
    cd /Users/constantine/Documents/work/code/projects/ZhiYu
    

SwiftDriverJobDiscovery normal x86_64 Compiling AppWindowSceneDelegate.swift (in target 'ZhiYu' from project 'ZhiYu')

SwiftCompile normal arm64 Compiling\ SplashView.swift /Users/constantine/Documents/work/code/projects/ZhiYu/Sources/App/SplashView.swift (in target 'ZhiYu' from project 'ZhiYu')

SwiftCompile normal arm64 /Users/constantine/Documents/work/code/projects/ZhiYu/Sources/App/SplashView.swift (in target 'ZhiYu' from project 'ZhiYu')
    cd /Users/constantine/Documents/work/code/projects/ZhiYu
    

SwiftDriverJobDiscovery normal arm64 Compiling AdaptiveSidebarView.swift (in target 'ZhiYu' from project 'ZhiYu')

SwiftCompile normal x86_64 Compiling\ ModuleRegistrar.swift /Users/constantine/Documents/work/code/projects/ZhiYu/Sources/Core/ModuleRegistrar.swift (in target 'ZhiYu' from project 'ZhiYu')

SwiftCompile normal x86_64 /Users/constantine/Documents/work/code/projects/ZhiYu/Sources/Core/ModuleRegistrar.swift (in target 'ZhiYu' from project 'ZhiYu')
    cd /Users/constantine/Documents/work/code/projects/ZhiYu
    

SwiftDriverJobDiscovery normal x86_64 Compiling SplashView.swift (in target 'ZhiYu' from project 'ZhiYu')

SwiftCompile normal x86_64 Compiling\ NotebookHubViewModel.swift /Users/constantine/Documents/work/code/projects/ZhiYu/Sources/Features/NotebookHub/ViewModel/NotebookHubViewModel.swift (in target 'ZhiYu' from project 'ZhiYu')

SwiftCompile normal x86_64 /Users/constantine/Documents/work/code/projects/ZhiYu/Sources/Features/NotebookHub/ViewModel/NotebookHubViewModel.swift (in target 'ZhiYu' from project 'ZhiYu')
    cd /Users/constantine/Documents/work/code/projects/ZhiYu
    

SwiftDriverJobDiscovery normal x86_64 Compiling AdaptiveSidebarView.swift (in target 'ZhiYu' from project 'ZhiYu')

SwiftCompile normal x86_64 Compiling\ SidebarView.swift /Users/constantine/Documents/work/code/projects/ZhiYu/Sources/App/SidebarView.swift (in target 'ZhiYu' from project 'ZhiYu')

SwiftCompile normal x86_64 /Users/constantine/Documents/work/code/projects/ZhiYu/Sources/App/SidebarView.swift (in target 'ZhiYu' from project 'ZhiYu')
    cd /Users/constantine/Documents/work/code/projects/ZhiYu
    

SwiftDriverJobDiscovery normal arm64 Compiling NotebookHubViewModel.swift (in target 'ZhiYu' from project 'ZhiYu')

SwiftCompile normal arm64 Compiling\ KnowledgePageListView.swift /Users/constantine/Documents/work/code/projects/ZhiYu/Sources/Features/Dashboard/View/KnowledgePageListView.swift (in target 'ZhiYu' from project 'ZhiYu')

SwiftCompile normal arm64 /Users/constantine/Documents/work/code/projects/ZhiYu/Sources/Features/Dashboard/View/KnowledgePageListView.swift (in target 'ZhiYu' from project 'ZhiYu')
    cd /Users/constantine/Documents/work/code/projects/ZhiYu
    
/Users/constantine/Documents/work/code/projects/ZhiYu/Sources/Features/Dashboard/View/KnowledgePageListView.swift:104:39: warning: call to main actor-isolated instance method 'trigger' in a synchronous nonisolated context
                HapticFeedback.shared.trigger(.selection)
                                      ^
/Users/constantine/Documents/work/code/projects/ZhiYu/Sources/Core/Platform/HapticFeedback.swift:26:10: note: calls to instance method 'trigger' from outside of its actor context are implicitly asynchronous
    func trigger(_ pattern: HapticPattern) {
         ^
/Users/constantine/Documents/work/code/projects/ZhiYu/Sources/Core/Platform/HapticFeedback.swift:26:10: note: main actor isolation inferred from conformance to protocol 'HapticFeedbackProtocol'
    func trigger(_ pattern: HapticPattern) {
         ^
/Users/constantine/Documents/work/code/projects/ZhiYu/Sources/Features/Dashboard/View/KnowledgePageListView.swift:104:32: warning: main actor-isolated static property 'shared' can not be referenced from a Sendable closure
                HapticFeedback.shared.trigger(.selection)
                               ^
/Users/constantine/Documents/work/code/projects/ZhiYu/Sources/Core/Platform/HapticFeedback.swift:19:16: note: static property declared here
    static let shared = HapticFeedback()
               ^
/Users/constantine/Documents/work/code/projects/ZhiYu/Sources/Features/Dashboard/View/KnowledgePageListView.swift:106:21: warning: main actor-isolated property 'viewMode' can not be mutated from a nonisolated context
                    viewMode = (viewMode == .list) ? .grid : .list
                    ^
/Users/constantine/Documents/work/code/projects/ZhiYu/Sources/Features/Dashboard/View/KnowledgePageListView.swift:33:54: note: mutation of this property is only permitted within the actor
    @AppStorage("app.pageList.viewMode") private var viewMode: ViewMode = .list
                                                     ^
/Users/constantine/Documents/work/code/projects/ZhiYu/Sources/Features/Dashboard/View/KnowledgePageListView.swift:106:33: warning: main actor-isolated property 'viewMode' can not be referenced from a nonisolated context
                    viewMode = (viewMode == .list) ? .grid : .list
                                ^
/Users/constantine/Documents/work/code/projects/ZhiYu/Sources/Features/Dashboard/View/KnowledgePageListView.swift:33:54: note: property declared here
    @AppStorage("app.pageList.viewMode") private var viewMode: ViewMode = .list
                                                     ^

SwiftDriverJobDiscovery normal x86_64 Compiling FloatingContextCapsule.swift (in target 'ZhiYu' from project 'ZhiYu')

SwiftCompile normal arm64 Compiling\ SidebarView.swift /Users/constantine/Documents/work/code/projects/ZhiYu/Sources/App/SidebarView.swift (in target 'ZhiYu' from project 'ZhiYu')

SwiftCompile normal arm64 /Users/constantine/Documents/work/code/projects/ZhiYu/Sources/App/SidebarView.swift (in target 'ZhiYu' from project 'ZhiYu')
    cd /Users/constantine/Documents/work/code/projects/ZhiYu
    

SwiftDriverJobDiscovery normal arm64 Compiling WidgetAndWatchViews.swift (in target 'ZhiYu' from project 'ZhiYu')

SwiftCompile normal arm64 Compiling\ VaultInsightsPanel.swift /Users/constantine/Documents/work/code/projects/ZhiYu/Sources/Shared/Views/Core/VaultInsightsPanel.swift (in target 'ZhiYu' from project 'ZhiYu')

SwiftCompile normal arm64 /Users/constantine/Documents/work/code/projects/ZhiYu/Sources/Shared/Views/Core/VaultInsightsPanel.swift (in target 'ZhiYu' from project 'ZhiYu')
    cd /Users/constantine/Documents/work/code/projects/ZhiYu
    

SwiftDriverJobDiscovery normal arm64 Compiling NavigationView.swift (in target 'ZhiYu' from project 'ZhiYu')

SwiftCompile normal arm64 Compiling\ AppWindowSceneDelegate.swift /Users/constantine/Documents/work/code/projects/ZhiYu/Sources/Core/Platform/AppWindowSceneDelegate.swift (in target 'ZhiYu' from project 'ZhiYu')

SwiftCompile normal arm64 /Users/constantine/Documents/work/code/projects/ZhiYu/Sources/Core/Platform/AppWindowSceneDelegate.swift (in target 'ZhiYu' from project 'ZhiYu')
    cd /Users/constantine/Documents/work/code/projects/ZhiYu
    

SwiftDriverJobDiscovery normal x86_64 Compiling VaultInsightsPanel.swift (in target 'ZhiYu' from project 'ZhiYu')

SwiftCompile normal arm64 Compiling\ ModuleRegistrar.swift /Users/constantine/Documents/work/code/projects/ZhiYu/Sources/Core/ModuleRegistrar.swift (in target 'ZhiYu' from project 'ZhiYu')

SwiftCompile normal arm64 /Users/constantine/Documents/work/code/projects/ZhiYu/Sources/Core/ModuleRegistrar.swift (in target 'ZhiYu' from project 'ZhiYu')
    cd /Users/constantine/Documents/work/code/projects/ZhiYu
    

SwiftDriverJobDiscovery normal x86_64 Compiling WidgetAndWatchViews.swift (in target 'ZhiYu' from project 'ZhiYu')

SwiftCompile normal x86_64 Compiling\ NavigationView.swift /Users/constantine/Documents/work/code/projects/ZhiYu/Sources/App/NavigationView.swift (in target 'ZhiYu' from project 'ZhiYu')

SwiftCompile normal x86_64 /Users/constantine/Documents/work/code/projects/ZhiYu/Sources/App/NavigationView.swift (in target 'ZhiYu' from project 'ZhiYu')
    cd /Users/constantine/Documents/work/code/projects/ZhiYu
    

SwiftDriverJobDiscovery normal x86_64 Compiling ModuleRegistrar.swift (in target 'ZhiYu' from project 'ZhiYu')

SwiftCompile normal arm64 Compiling\ FloatingContextCapsule.swift /Users/constantine/Documents/work/code/projects/ZhiYu/Sources/Shared/Views/Core/FloatingContextCapsule.swift (in target 'ZhiYu' from project 'ZhiYu')

SwiftCompile normal arm64 /Users/constantine/Documents/work/code/projects/ZhiYu/Sources/Shared/Views/Core/FloatingContextCapsule.swift (in target 'ZhiYu' from project 'ZhiYu')
    cd /Users/constantine/Documents/work/code/projects/ZhiYu
    

SwiftDriverJobDiscovery normal x86_64 Compiling NotebookHubViewModel.swift (in target 'ZhiYu' from project 'ZhiYu')

SwiftCompile normal arm64 Compiling\ FeatureProtocols.swift /Users/constantine/Documents/work/code/projects/ZhiYu/Sources/Core/Protocols/FeatureProtocols.swift (in target 'ZhiYu' from project 'ZhiYu')

SwiftCompile normal arm64 /Users/constantine/Documents/work/code/projects/ZhiYu/Sources/Core/Protocols/FeatureProtocols.swift (in target 'ZhiYu' from project 'ZhiYu')
    cd /Users/constantine/Documents/work/code/projects/ZhiYu
    

SwiftDriverJobDiscovery normal arm64 Compiling SplashView.swift (in target 'ZhiYu' from project 'ZhiYu')

SwiftCompile normal arm64 Compiling\ AuthService.swift /Users/constantine/Documents/work/code/projects/ZhiYu/Sources/Shared/Domain/Services/AuthService.swift (in target 'ZhiYu' from project 'ZhiYu')

SwiftCompile normal arm64 /Users/constantine/Documents/work/code/projects/ZhiYu/Sources/Shared/Domain/Services/AuthService.swift (in target 'ZhiYu' from project 'ZhiYu')
    cd /Users/constantine/Documents/work/code/projects/ZhiYu
    

SwiftDriverJobDiscovery normal arm64 Compiling NotebookHubView.swift (in target 'ZhiYu' from project 'ZhiYu')

SwiftDriverJobDiscovery normal x86_64 Compiling NotebookHubView.swift (in target 'ZhiYu' from project 'ZhiYu')

SwiftDriverJobDiscovery normal arm64 Compiling VaultInsightsPanel.swift (in target 'ZhiYu' from project 'ZhiYu')

SwiftDriverJobDiscovery normal arm64 Compiling ContentView.swift (in target 'ZhiYu' from project 'ZhiYu')

SwiftDriverJobDiscovery normal arm64 Compiling AppWindowSceneDelegate.swift (in target 'ZhiYu' from project 'ZhiYu')

SwiftDriverJobDiscovery normal x86_64 Compiling ContentView.swift (in target 'ZhiYu' from project 'ZhiYu')

SwiftDriverJobDiscovery normal x86_64 Compiling KnowledgePageListView.swift (in target 'ZhiYu' from project 'ZhiYu')

SwiftDriverJobDiscovery normal arm64 Compiling FeatureProtocols.swift (in target 'ZhiYu' from project 'ZhiYu')

SwiftDriverJobDiscovery normal x86_64 Compiling SidebarView.swift (in target 'ZhiYu' from project 'ZhiYu')

SwiftDriverJobDiscovery normal arm64 Compiling ModuleRegistrar.swift (in target 'ZhiYu' from project 'ZhiYu')

SwiftDriverJobDiscovery normal arm64 Compiling SidebarView.swift (in target 'ZhiYu' from project 'ZhiYu')

SwiftDriverJobDiscovery normal arm64 Compiling AuthService.swift (in target 'ZhiYu' from project 'ZhiYu')

SwiftDriverJobDiscovery normal arm64 Compiling FloatingContextCapsule.swift (in target 'ZhiYu' from project 'ZhiYu')

SwiftDriverJobDiscovery normal x86_64 Compiling NavigationView.swift (in target 'ZhiYu' from project 'ZhiYu')

SwiftDriverJobDiscovery normal arm64 Compiling KnowledgePageListView.swift (in target 'ZhiYu' from project 'ZhiYu')

SwiftDriverJobDiscovery normal x86_64 Compiling KnowledgeDashboardView.swift (in target 'ZhiYu' from project 'ZhiYu')

SwiftDriverJobDiscovery normal arm64 Compiling KnowledgeDashboardView.swift (in target 'ZhiYu' from project 'ZhiYu')

SwiftDriverJobDiscovery normal x86_64 Emitting module for ZhiYu (in target 'ZhiYu' from project 'ZhiYu')

SwiftDriverJobDiscovery normal arm64 Emitting module for ZhiYu (in target 'ZhiYu' from project 'ZhiYu')

SwiftDriver\ Compilation\ Requirements ZhiYu normal arm64 com.apple.xcode.tools.swift.compiler (in target 'ZhiYu' from project 'ZhiYu')
    cd /Users/constantine/Documents/work/code/projects/ZhiYu
    builtin-Swift-Compilation-Requirements -- /Applications/Xcode.app/Contents/Developer/Toolchains/XcodeDefault.xctoolchain/usr/bin/swiftc -module-name ZhiYu -Onone @/Users/constantine/Library/Developer/Xcode/DerivedData/ZhiYu-ahhasqosjhnjphavyaflyigbvjqi/Build/Intermediates.noindex/ZhiYu.build/Debug-iphonesimulator/ZhiYu.build/Objects-normal/arm64/ZhiYu.SwiftFileList -DDEBUG -Xcc -fmodule-map-file\=/Users/constantine/Library/Developer/Xcode/DerivedData/ZhiYu-ahhasqosjhnjphavyaflyigbvjqi/SourcePackages/checkouts/GRDB.swift/Sources/CSQLite/module.modulemap -enable-upcoming-feature StrictConcurrency -enable-bare-slash-regex -enable-experimental-feature DebugDescriptionMacro -sdk /Applications/Xcode.app/Contents/Developer/Platforms/iPhoneSimulator.platform/Developer/SDKs/iPhoneSimulator26.5.sdk -target arm64-apple-ios17.0-simulator -g -module-cache-path /Users/constantine/Library/Developer/Xcode/DerivedData/ModuleCache.noindex -Xfrontend -serialize-debugging-options -enable-testing -index-store-path /Users/constantine/Library/Developer/Xcode/DerivedData/ZhiYu-ahhasqosjhnjphavyaflyigbvjqi/Index.noindex/DataStore -Xcc -D_LIBCPP_HARDENING_MODE\=_LIBCPP_HARDENING_MODE_DEBUG -swift-version 5 -I /Users/constantine/Library/Developer/Xcode/DerivedData/ZhiYu-ahhasqosjhnjphavyaflyigbvjqi/Build/Products/Debug-iphonesimulator -F /Users/constantine/Library/Developer/Xcode/DerivedData/ZhiYu-ahhasqosjhnjphavyaflyigbvjqi/Build/Products/Debug-iphonesimulator/PackageFrameworks -F /Users/constantine/Library/Developer/Xcode/DerivedData/ZhiYu-ahhasqosjhnjphavyaflyigbvjqi/Build/Products/Debug-iphonesimulator -c -j18 -enable-batch-mode -incremental -Xcc -ivfsstatcache -Xcc /Users/constantine/Library/Developer/Xcode/DerivedData/SDKStatCaches.noindex/iphonesimulator26.5-23F73-6cfe768891a92b912361537c460fe42b.sdkstatcache -output-file-map /Users/constantine/Library/Developer/Xcode/DerivedData/ZhiYu-ahhasqosjhnjphavyaflyigbvjqi/Build/Intermediates.noindex/ZhiYu.build/Debug-iphonesimulator/ZhiYu.build/Objects-normal/arm64/ZhiYu-OutputFileMap.json -use-frontend-parseable-output -save-temps -no-color-diagnostics -explicit-module-build -module-cache-path /Users/constantine/Library/Developer/Xcode/DerivedData/ZhiYu-ahhasqosjhnjphavyaflyigbvjqi/Build/Intermediates.noindex/SwiftExplicitPrecompiledModules -clang-scanner-module-cache-path /Users/constantine/Library/Developer/Xcode/DerivedData/ModuleCache.noindex -sdk-module-cache-path /Users/constantine/Library/Developer/Xcode/DerivedData/ModuleCache.noindex -serialize-diagnostics -emit-dependencies -emit-module -emit-module-path /Users/constantine/Library/Developer/Xcode/DerivedData/ZhiYu-ahhasqosjhnjphavyaflyigbvjqi/Build/Intermediates.noindex/ZhiYu.build/Debug-iphonesimulator/ZhiYu.build/Objects-normal/arm64/ZhiYu.swiftmodule -validate-clang-modules-once -clang-build-session-file /Users/constantine/Library/Developer/Xcode/DerivedData/ModuleCache.noindex/Session.modulevalidation -Xcc -I/Users/constantine/Library/Developer/Xcode/DerivedData/ZhiYu-ahhasqosjhnjphavyaflyigbvjqi/Build/Intermediates.noindex/ZhiYu.build/Debug-iphonesimulator/ZhiYu.build/swift-overrides.hmap -emit-const-values -Xfrontend -const-gather-protocols-file -Xfrontend /Users/constantine/Library/Developer/Xcode/DerivedData/ZhiYu-ahhasqosjhnjphavyaflyigbvjqi/Build/Intermediates.noindex/ZhiYu.build/Debug-iphonesimulator/ZhiYu.build/Objects-normal/arm64/ZhiYu_const_extract_protocols.json -Xcc -iquote -Xcc /Users/constantine/Library/Developer/Xcode/DerivedData/ZhiYu-ahhasqosjhnjphavyaflyigbvjqi/Build/Intermediates.noindex/ZhiYu.build/Debug-iphonesimulator/ZhiYu.build/ZhiYu-generated-files.hmap -Xcc -I/Users/constantine/Library/Developer/Xcode/DerivedData/ZhiYu-ahhasqosjhnjphavyaflyigbvjqi/Build/Intermediates.noindex/ZhiYu.build/Debug-iphonesimulator/ZhiYu.build/ZhiYu-own-target-headers.hmap -Xcc -I/Users/constantine/Library/Developer/Xcode/DerivedData/ZhiYu-ahhasqosjhnjphavyaflyigbvjqi/Build/Intermediates.noindex/ZhiYu.build/Debug-iphonesimulator/ZhiYu.build/ZhiYu-all-non-framework-target-headers.hmap -Xcc -ivfsoverlay -Xcc /Users/constantine/Library/Developer/Xcode/DerivedData/ZhiYu-ahhasqosjhnjphavyaflyigbvjqi/Build/Intermediates.noindex/ZhiYu.build/Debug-iphonesimulator/ZhiYu-48e36c608b438f24ac5a43fe091185d1-VFS-iphonesimulator/all-product-headers.yaml -Xcc -iquote -Xcc /Users/constantine/Library/Developer/Xcode/DerivedData/ZhiYu-ahhasqosjhnjphavyaflyigbvjqi/Build/Intermediates.noindex/ZhiYu.build/Debug-iphonesimulator/ZhiYu.build/ZhiYu-project-headers.hmap -Xcc -I/Users/constantine/Library/Developer/Xcode/DerivedData/ZhiYu-ahhasqosjhnjphavyaflyigbvjqi/Build/Products/Debug-iphonesimulator/include -Xcc -I/Users/constantine/Library/Developer/Xcode/DerivedData/ZhiYu-ahhasqosjhnjphavyaflyigbvjqi/Build/Intermediates.noindex/ZhiYu.build/Debug-iphonesimulator/ZhiYu.build/DerivedSources-normal/arm64 -Xcc -I/Users/constantine/Library/Developer/Xcode/DerivedData/ZhiYu-ahhasqosjhnjphavyaflyigbvjqi/Build/Intermediates.noindex/ZhiYu.build/Debug-iphonesimulator/ZhiYu.build/DerivedSources/arm64 -Xcc -I/Users/constantine/Library/Developer/Xcode/DerivedData/ZhiYu-ahhasqosjhnjphavyaflyigbvjqi/Build/Intermediates.noindex/ZhiYu.build/Debug-iphonesimulator/ZhiYu.build/DerivedSources -Xcc -DDEBUG\=1 -emit-objc-header -emit-objc-header-path /Users/constantine/Library/Developer/Xcode/DerivedData/ZhiYu-ahhasqosjhnjphavyaflyigbvjqi/Build/Intermediates.noindex/ZhiYu.build/Debug-iphonesimulator/ZhiYu.build/Objects-normal/arm64/ZhiYu-Swift.h -working-directory /Users/constantine/Documents/work/code/projects/ZhiYu -experimental-emit-module-separately -disable-cmo

SwiftDriver\ Compilation\ Requirements ZhiYu normal x86_64 com.apple.xcode.tools.swift.compiler (in target 'ZhiYu' from project 'ZhiYu')
    cd /Users/constantine/Documents/work/code/projects/ZhiYu
    builtin-Swift-Compilation-Requirements -- /Applications/Xcode.app/Contents/Developer/Toolchains/XcodeDefault.xctoolchain/usr/bin/swiftc -module-name ZhiYu -Onone @/Users/constantine/Library/Developer/Xcode/DerivedData/ZhiYu-ahhasqosjhnjphavyaflyigbvjqi/Build/Intermediates.noindex/ZhiYu.build/Debug-iphonesimulator/ZhiYu.build/Objects-normal/x86_64/ZhiYu.SwiftFileList -DDEBUG -Xcc -fmodule-map-file\=/Users/constantine/Library/Developer/Xcode/DerivedData/ZhiYu-ahhasqosjhnjphavyaflyigbvjqi/SourcePackages/checkouts/GRDB.swift/Sources/CSQLite/module.modulemap -enable-upcoming-feature StrictConcurrency -enable-bare-slash-regex -enable-experimental-feature DebugDescriptionMacro -sdk /Applications/Xcode.app/Contents/Developer/Platforms/iPhoneSimulator.platform/Developer/SDKs/iPhoneSimulator26.5.sdk -target x86_64-apple-ios17.0-simulator -g -module-cache-path /Users/constantine/Library/Developer/Xcode/DerivedData/ModuleCache.noindex -Xfrontend -serialize-debugging-options -enable-testing -index-store-path /Users/constantine/Library/Developer/Xcode/DerivedData/ZhiYu-ahhasqosjhnjphavyaflyigbvjqi/Index.noindex/DataStore -Xcc -D_LIBCPP_HARDENING_MODE\=_LIBCPP_HARDENING_MODE_DEBUG -swift-version 5 -I /Users/constantine/Library/Developer/Xcode/DerivedData/ZhiYu-ahhasqosjhnjphavyaflyigbvjqi/Build/Products/Debug-iphonesimulator -F /Users/constantine/Library/Developer/Xcode/DerivedData/ZhiYu-ahhasqosjhnjphavyaflyigbvjqi/Build/Products/Debug-iphonesimulator/PackageFrameworks -F /Users/constantine/Library/Developer/Xcode/DerivedData/ZhiYu-ahhasqosjhnjphavyaflyigbvjqi/Build/Products/Debug-iphonesimulator -c -j18 -enable-batch-mode -incremental -Xcc -ivfsstatcache -Xcc /Users/constantine/Library/Developer/Xcode/DerivedData/SDKStatCaches.noindex/iphonesimulator26.5-23F73-6cfe768891a92b912361537c460fe42b.sdkstatcache -output-file-map /Users/constantine/Library/Developer/Xcode/DerivedData/ZhiYu-ahhasqosjhnjphavyaflyigbvjqi/Build/Intermediates.noindex/ZhiYu.build/Debug-iphonesimulator/ZhiYu.build/Objects-normal/x86_64/ZhiYu-OutputFileMap.json -use-frontend-parseable-output -save-temps -no-color-diagnostics -explicit-module-build -module-cache-path /Users/constantine/Library/Developer/Xcode/DerivedData/ZhiYu-ahhasqosjhnjphavyaflyigbvjqi/Build/Intermediates.noindex/SwiftExplicitPrecompiledModules -clang-scanner-module-cache-path /Users/constantine/Library/Developer/Xcode/DerivedData/ModuleCache.noindex -sdk-module-cache-path /Users/constantine/Library/Developer/Xcode/DerivedData/ModuleCache.noindex -serialize-diagnostics -emit-dependencies -emit-module -emit-module-path /Users/constantine/Library/Developer/Xcode/DerivedData/ZhiYu-ahhasqosjhnjphavyaflyigbvjqi/Build/Intermediates.noindex/ZhiYu.build/Debug-iphonesimulator/ZhiYu.build/Objects-normal/x86_64/ZhiYu.swiftmodule -validate-clang-modules-once -clang-build-session-file /Users/constantine/Library/Developer/Xcode/DerivedData/ModuleCache.noindex/Session.modulevalidation -Xcc -I/Users/constantine/Library/Developer/Xcode/DerivedData/ZhiYu-ahhasqosjhnjphavyaflyigbvjqi/Build/Intermediates.noindex/ZhiYu.build/Debug-iphonesimulator/ZhiYu.build/swift-overrides.hmap -emit-const-values -Xfrontend -const-gather-protocols-file -Xfrontend /Users/constantine/Library/Developer/Xcode/DerivedData/ZhiYu-ahhasqosjhnjphavyaflyigbvjqi/Build/Intermediates.noindex/ZhiYu.build/Debug-iphonesimulator/ZhiYu.build/Objects-normal/x86_64/ZhiYu_const_extract_protocols.json -Xcc -iquote -Xcc /Users/constantine/Library/Developer/Xcode/DerivedData/ZhiYu-ahhasqosjhnjphavyaflyigbvjqi/Build/Intermediates.noindex/ZhiYu.build/Debug-iphonesimulator/ZhiYu.build/ZhiYu-generated-files.hmap -Xcc -I/Users/constantine/Library/Developer/Xcode/DerivedData/ZhiYu-ahhasqosjhnjphavyaflyigbvjqi/Build/Intermediates.noindex/ZhiYu.build/Debug-iphonesimulator/ZhiYu.build/ZhiYu-own-target-headers.hmap -Xcc -I/Users/constantine/Library/Developer/Xcode/DerivedData/ZhiYu-ahhasqosjhnjphavyaflyigbvjqi/Build/Intermediates.noindex/ZhiYu.build/Debug-iphonesimulator/ZhiYu.build/ZhiYu-all-non-framework-target-headers.hmap -Xcc -ivfsoverlay -Xcc /Users/constantine/Library/Developer/Xcode/DerivedData/ZhiYu-ahhasqosjhnjphavyaflyigbvjqi/Build/Intermediates.noindex/ZhiYu.build/Debug-iphonesimulator/ZhiYu-48e36c608b438f24ac5a43fe091185d1-VFS-iphonesimulator/all-product-headers.yaml -Xcc -iquote -Xcc /Users/constantine/Library/Developer/Xcode/DerivedData/ZhiYu-ahhasqosjhnjphavyaflyigbvjqi/Build/Intermediates.noindex/ZhiYu.build/Debug-iphonesimulator/ZhiYu.build/ZhiYu-project-headers.hmap -Xcc -I/Users/constantine/Library/Developer/Xcode/DerivedData/ZhiYu-ahhasqosjhnjphavyaflyigbvjqi/Build/Products/Debug-iphonesimulator/include -Xcc -I/Users/constantine/Library/Developer/Xcode/DerivedData/ZhiYu-ahhasqosjhnjphavyaflyigbvjqi/Build/Intermediates.noindex/ZhiYu.build/Debug-iphonesimulator/ZhiYu.build/DerivedSources-normal/x86_64 -Xcc -I/Users/constantine/Library/Developer/Xcode/DerivedData/ZhiYu-ahhasqosjhnjphavyaflyigbvjqi/Build/Intermediates.noindex/ZhiYu.build/Debug-iphonesimulator/ZhiYu.build/DerivedSources/x86_64 -Xcc -I/Users/constantine/Library/Developer/Xcode/DerivedData/ZhiYu-ahhasqosjhnjphavyaflyigbvjqi/Build/Intermediates.noindex/ZhiYu.build/Debug-iphonesimulator/ZhiYu.build/DerivedSources -Xcc -DDEBUG\=1 -emit-objc-header -emit-objc-header-path /Users/constantine/Library/Developer/Xcode/DerivedData/ZhiYu-ahhasqosjhnjphavyaflyigbvjqi/Build/Intermediates.noindex/ZhiYu.build/Debug-iphonesimulator/ZhiYu.build/Objects-normal/x86_64/ZhiYu-Swift.h -working-directory /Users/constantine/Documents/work/code/projects/ZhiYu -experimental-emit-module-separately -disable-cmo

SwiftDriver\ Compilation ZhiYu normal arm64 com.apple.xcode.tools.swift.compiler (in target 'ZhiYu' from project 'ZhiYu')
    cd /Users/constantine/Documents/work/code/projects/ZhiYu
    builtin-Swift-Compilation -- /Applications/Xcode.app/Contents/Developer/Toolchains/XcodeDefault.xctoolchain/usr/bin/swiftc -module-name ZhiYu -Onone @/Users/constantine/Library/Developer/Xcode/DerivedData/ZhiYu-ahhasqosjhnjphavyaflyigbvjqi/Build/Intermediates.noindex/ZhiYu.build/Debug-iphonesimulator/ZhiYu.build/Objects-normal/arm64/ZhiYu.SwiftFileList -DDEBUG -Xcc -fmodule-map-file\=/Users/constantine/Library/Developer/Xcode/DerivedData/ZhiYu-ahhasqosjhnjphavyaflyigbvjqi/SourcePackages/checkouts/GRDB.swift/Sources/CSQLite/module.modulemap -enable-upcoming-feature StrictConcurrency -enable-bare-slash-regex -enable-experimental-feature DebugDescriptionMacro -sdk /Applications/Xcode.app/Contents/Developer/Platforms/iPhoneSimulator.platform/Developer/SDKs/iPhoneSimulator26.5.sdk -target arm64-apple-ios17.0-simulator -g -module-cache-path /Users/constantine/Library/Developer/Xcode/DerivedData/ModuleCache.noindex -Xfrontend -serialize-debugging-options -enable-testing -index-store-path /Users/constantine/Library/Developer/Xcode/DerivedData/ZhiYu-ahhasqosjhnjphavyaflyigbvjqi/Index.noindex/DataStore -Xcc -D_LIBCPP_HARDENING_MODE\=_LIBCPP_HARDENING_MODE_DEBUG -swift-version 5 -I /Users/constantine/Library/Developer/Xcode/DerivedData/ZhiYu-ahhasqosjhnjphavyaflyigbvjqi/Build/Products/Debug-iphonesimulator -F /Users/constantine/Library/Developer/Xcode/DerivedData/ZhiYu-ahhasqosjhnjphavyaflyigbvjqi/Build/Products/Debug-iphonesimulator/PackageFrameworks -F /Users/constantine/Library/Developer/Xcode/DerivedData/ZhiYu-ahhasqosjhnjphavyaflyigbvjqi/Build/Products/Debug-iphonesimulator -c -j18 -enable-batch-mode -incremental -Xcc -ivfsstatcache -Xcc /Users/constantine/Library/Developer/Xcode/DerivedData/SDKStatCaches.noindex/iphonesimulator26.5-23F73-6cfe768891a92b912361537c460fe42b.sdkstatcache -output-file-map /Users/constantine/Library/Developer/Xcode/DerivedData/ZhiYu-ahhasqosjhnjphavyaflyigbvjqi/Build/Intermediates.noindex/ZhiYu.build/Debug-iphonesimulator/ZhiYu.build/Objects-normal/arm64/ZhiYu-OutputFileMap.json -use-frontend-parseable-output -save-temps -no-color-diagnostics -explicit-module-build -module-cache-path /Users/constantine/Library/Developer/Xcode/DerivedData/ZhiYu-ahhasqosjhnjphavyaflyigbvjqi/Build/Intermediates.noindex/SwiftExplicitPrecompiledModules -clang-scanner-module-cache-path /Users/constantine/Library/Developer/Xcode/DerivedData/ModuleCache.noindex -sdk-module-cache-path /Users/constantine/Library/Developer/Xcode/DerivedData/ModuleCache.noindex -serialize-diagnostics -emit-dependencies -emit-module -emit-module-path /Users/constantine/Library/Developer/Xcode/DerivedData/ZhiYu-ahhasqosjhnjphavyaflyigbvjqi/Build/Intermediates.noindex/ZhiYu.build/Debug-iphonesimulator/ZhiYu.build/Objects-normal/arm64/ZhiYu.swiftmodule -validate-clang-modules-once -clang-build-session-file /Users/constantine/Library/Developer/Xcode/DerivedData/ModuleCache.noindex/Session.modulevalidation -Xcc -I/Users/constantine/Library/Developer/Xcode/DerivedData/ZhiYu-ahhasqosjhnjphavyaflyigbvjqi/Build/Intermediates.noindex/ZhiYu.build/Debug-iphonesimulator/ZhiYu.build/swift-overrides.hmap -emit-const-values -Xfrontend -const-gather-protocols-file -Xfrontend /Users/constantine/Library/Developer/Xcode/DerivedData/ZhiYu-ahhasqosjhnjphavyaflyigbvjqi/Build/Intermediates.noindex/ZhiYu.build/Debug-iphonesimulator/ZhiYu.build/Objects-normal/arm64/ZhiYu_const_extract_protocols.json -Xcc -iquote -Xcc /Users/constantine/Library/Developer/Xcode/DerivedData/ZhiYu-ahhasqosjhnjphavyaflyigbvjqi/Build/Intermediates.noindex/ZhiYu.build/Debug-iphonesimulator/ZhiYu.build/ZhiYu-generated-files.hmap -Xcc -I/Users/constantine/Library/Developer/Xcode/DerivedData/ZhiYu-ahhasqosjhnjphavyaflyigbvjqi/Build/Intermediates.noindex/ZhiYu.build/Debug-iphonesimulator/ZhiYu.build/ZhiYu-own-target-headers.hmap -Xcc -I/Users/constantine/Library/Developer/Xcode/DerivedData/ZhiYu-ahhasqosjhnjphavyaflyigbvjqi/Build/Intermediates.noindex/ZhiYu.build/Debug-iphonesimulator/ZhiYu.build/ZhiYu-all-non-framework-target-headers.hmap -Xcc -ivfsoverlay -Xcc /Users/constantine/Library/Developer/Xcode/DerivedData/ZhiYu-ahhasqosjhnjphavyaflyigbvjqi/Build/Intermediates.noindex/ZhiYu.build/Debug-iphonesimulator/ZhiYu-48e36c608b438f24ac5a43fe091185d1-VFS-iphonesimulator/all-product-headers.yaml -Xcc -iquote -Xcc /Users/constantine/Library/Developer/Xcode/DerivedData/ZhiYu-ahhasqosjhnjphavyaflyigbvjqi/Build/Intermediates.noindex/ZhiYu.build/Debug-iphonesimulator/ZhiYu.build/ZhiYu-project-headers.hmap -Xcc -I/Users/constantine/Library/Developer/Xcode/DerivedData/ZhiYu-ahhasqosjhnjphavyaflyigbvjqi/Build/Products/Debug-iphonesimulator/include -Xcc -I/Users/constantine/Library/Developer/Xcode/DerivedData/ZhiYu-ahhasqosjhnjphavyaflyigbvjqi/Build/Intermediates.noindex/ZhiYu.build/Debug-iphonesimulator/ZhiYu.build/DerivedSources-normal/arm64 -Xcc -I/Users/constantine/Library/Developer/Xcode/DerivedData/ZhiYu-ahhasqosjhnjphavyaflyigbvjqi/Build/Intermediates.noindex/ZhiYu.build/Debug-iphonesimulator/ZhiYu.build/DerivedSources/arm64 -Xcc -I/Users/constantine/Library/Developer/Xcode/DerivedData/ZhiYu-ahhasqosjhnjphavyaflyigbvjqi/Build/Intermediates.noindex/ZhiYu.build/Debug-iphonesimulator/ZhiYu.build/DerivedSources -Xcc -DDEBUG\=1 -emit-objc-header -emit-objc-header-path /Users/constantine/Library/Developer/Xcode/DerivedData/ZhiYu-ahhasqosjhnjphavyaflyigbvjqi/Build/Intermediates.noindex/ZhiYu.build/Debug-iphonesimulator/ZhiYu.build/Objects-normal/arm64/ZhiYu-Swift.h -working-directory /Users/constantine/Documents/work/code/projects/ZhiYu -experimental-emit-module-separately -disable-cmo

SwiftDriver\ Compilation ZhiYu normal x86_64 com.apple.xcode.tools.swift.compiler (in target 'ZhiYu' from project 'ZhiYu')
    cd /Users/constantine/Documents/work/code/projects/ZhiYu
    builtin-Swift-Compilation -- /Applications/Xcode.app/Contents/Developer/Toolchains/XcodeDefault.xctoolchain/usr/bin/swiftc -module-name ZhiYu -Onone @/Users/constantine/Library/Developer/Xcode/DerivedData/ZhiYu-ahhasqosjhnjphavyaflyigbvjqi/Build/Intermediates.noindex/ZhiYu.build/Debug-iphonesimulator/ZhiYu.build/Objects-normal/x86_64/ZhiYu.SwiftFileList -DDEBUG -Xcc -fmodule-map-file\=/Users/constantine/Library/Developer/Xcode/DerivedData/ZhiYu-ahhasqosjhnjphavyaflyigbvjqi/SourcePackages/checkouts/GRDB.swift/Sources/CSQLite/module.modulemap -enable-upcoming-feature StrictConcurrency -enable-bare-slash-regex -enable-experimental-feature DebugDescriptionMacro -sdk /Applications/Xcode.app/Contents/Developer/Platforms/iPhoneSimulator.platform/Developer/SDKs/iPhoneSimulator26.5.sdk -target x86_64-apple-ios17.0-simulator -g -module-cache-path /Users/constantine/Library/Developer/Xcode/DerivedData/ModuleCache.noindex -Xfrontend -serialize-debugging-options -enable-testing -index-store-path /Users/constantine/Library/Developer/Xcode/DerivedData/ZhiYu-ahhasqosjhnjphavyaflyigbvjqi/Index.noindex/DataStore -Xcc -D_LIBCPP_HARDENING_MODE\=_LIBCPP_HARDENING_MODE_DEBUG -swift-version 5 -I /Users/constantine/Library/Developer/Xcode/DerivedData/ZhiYu-ahhasqosjhnjphavyaflyigbvjqi/Build/Products/Debug-iphonesimulator -F /Users/constantine/Library/Developer/Xcode/DerivedData/ZhiYu-ahhasqosjhnjphavyaflyigbvjqi/Build/Products/Debug-iphonesimulator/PackageFrameworks -F /Users/constantine/Library/Developer/Xcode/DerivedData/ZhiYu-ahhasqosjhnjphavyaflyigbvjqi/Build/Products/Debug-iphonesimulator -c -j18 -enable-batch-mode -incremental -Xcc -ivfsstatcache -Xcc /Users/constantine/Library/Developer/Xcode/DerivedData/SDKStatCaches.noindex/iphonesimulator26.5-23F73-6cfe768891a92b912361537c460fe42b.sdkstatcache -output-file-map /Users/constantine/Library/Developer/Xcode/DerivedData/ZhiYu-ahhasqosjhnjphavyaflyigbvjqi/Build/Intermediates.noindex/ZhiYu.build/Debug-iphonesimulator/ZhiYu.build/Objects-normal/x86_64/ZhiYu-OutputFileMap.json -use-frontend-parseable-output -save-temps -no-color-diagnostics -explicit-module-build -module-cache-path /Users/constantine/Library/Developer/Xcode/DerivedData/ZhiYu-ahhasqosjhnjphavyaflyigbvjqi/Build/Intermediates.noindex/SwiftExplicitPrecompiledModules -clang-scanner-module-cache-path /Users/constantine/Library/Developer/Xcode/DerivedData/ModuleCache.noindex -sdk-module-cache-path /Users/constantine/Library/Developer/Xcode/DerivedData/ModuleCache.noindex -serialize-diagnostics -emit-dependencies -emit-module -emit-module-path /Users/constantine/Library/Developer/Xcode/DerivedData/ZhiYu-ahhasqosjhnjphavyaflyigbvjqi/Build/Intermediates.noindex/ZhiYu.build/Debug-iphonesimulator/ZhiYu.build/Objects-normal/x86_64/ZhiYu.swiftmodule -validate-clang-modules-once -clang-build-session-file /Users/constantine/Library/Developer/Xcode/DerivedData/ModuleCache.noindex/Session.modulevalidation -Xcc -I/Users/constantine/Library/Developer/Xcode/DerivedData/ZhiYu-ahhasqosjhnjphavyaflyigbvjqi/Build/Intermediates.noindex/ZhiYu.build/Debug-iphonesimulator/ZhiYu.build/swift-overrides.hmap -emit-const-values -Xfrontend -const-gather-protocols-file -Xfrontend /Users/constantine/Library/Developer/Xcode/DerivedData/ZhiYu-ahhasqosjhnjphavyaflyigbvjqi/Build/Intermediates.noindex/ZhiYu.build/Debug-iphonesimulator/ZhiYu.build/Objects-normal/x86_64/ZhiYu_const_extract_protocols.json -Xcc -iquote -Xcc /Users/constantine/Library/Developer/Xcode/DerivedData/ZhiYu-ahhasqosjhnjphavyaflyigbvjqi/Build/Intermediates.noindex/ZhiYu.build/Debug-iphonesimulator/ZhiYu.build/ZhiYu-generated-files.hmap -Xcc -I/Users/constantine/Library/Developer/Xcode/DerivedData/ZhiYu-ahhasqosjhnjphavyaflyigbvjqi/Build/Intermediates.noindex/ZhiYu.build/Debug-iphonesimulator/ZhiYu.build/ZhiYu-own-target-headers.hmap -Xcc -I/Users/constantine/Library/Developer/Xcode/DerivedData/ZhiYu-ahhasqosjhnjphavyaflyigbvjqi/Build/Intermediates.noindex/ZhiYu.build/Debug-iphonesimulator/ZhiYu.build/ZhiYu-all-non-framework-target-headers.hmap -Xcc -ivfsoverlay -Xcc /Users/constantine/Library/Developer/Xcode/DerivedData/ZhiYu-ahhasqosjhnjphavyaflyigbvjqi/Build/Intermediates.noindex/ZhiYu.build/Debug-iphonesimulator/ZhiYu-48e36c608b438f24ac5a43fe091185d1-VFS-iphonesimulator/all-product-headers.yaml -Xcc -iquote -Xcc /Users/constantine/Library/Developer/Xcode/DerivedData/ZhiYu-ahhasqosjhnjphavyaflyigbvjqi/Build/Intermediates.noindex/ZhiYu.build/Debug-iphonesimulator/ZhiYu.build/ZhiYu-project-headers.hmap -Xcc -I/Users/constantine/Library/Developer/Xcode/DerivedData/ZhiYu-ahhasqosjhnjphavyaflyigbvjqi/Build/Products/Debug-iphonesimulator/include -Xcc -I/Users/constantine/Library/Developer/Xcode/DerivedData/ZhiYu-ahhasqosjhnjphavyaflyigbvjqi/Build/Intermediates.noindex/ZhiYu.build/Debug-iphonesimulator/ZhiYu.build/DerivedSources-normal/x86_64 -Xcc -I/Users/constantine/Library/Developer/Xcode/DerivedData/ZhiYu-ahhasqosjhnjphavyaflyigbvjqi/Build/Intermediates.noindex/ZhiYu.build/Debug-iphonesimulator/ZhiYu.build/DerivedSources/x86_64 -Xcc -I/Users/constantine/Library/Developer/Xcode/DerivedData/ZhiYu-ahhasqosjhnjphavyaflyigbvjqi/Build/Intermediates.noindex/ZhiYu.build/Debug-iphonesimulator/ZhiYu.build/DerivedSources -Xcc -DDEBUG\=1 -emit-objc-header -emit-objc-header-path /Users/constantine/Library/Developer/Xcode/DerivedData/ZhiYu-ahhasqosjhnjphavyaflyigbvjqi/Build/Intermediates.noindex/ZhiYu.build/Debug-iphonesimulator/ZhiYu.build/Objects-normal/x86_64/ZhiYu-Swift.h -working-directory /Users/constantine/Documents/work/code/projects/ZhiYu -experimental-emit-module-separately -disable-cmo

Copy /Users/constantine/Library/Developer/Xcode/DerivedData/ZhiYu-ahhasqosjhnjphavyaflyigbvjqi/Build/Products/Debug-iphonesimulator/ZhiYu.swiftmodule/x86_64-apple-ios-simulator.swiftdoc /Users/constantine/Library/Developer/Xcode/DerivedData/ZhiYu-ahhasqosjhnjphavyaflyigbvjqi/Build/Intermediates.noindex/ZhiYu.build/Debug-iphonesimulator/ZhiYu.build/Objects-normal/x86_64/ZhiYu.swiftdoc (in target 'ZhiYu' from project 'ZhiYu')
    cd /Users/constantine/Documents/work/code/projects/ZhiYu
    builtin-copy -exclude .DS_Store -exclude CVS -exclude .svn -exclude .git -exclude .hg -resolve-src-symlinks -rename /Users/constantine/Library/Developer/Xcode/DerivedData/ZhiYu-ahhasqosjhnjphavyaflyigbvjqi/Build/Intermediates.noindex/ZhiYu.build/Debug-iphonesimulator/ZhiYu.build/Objects-normal/x86_64/ZhiYu.swiftdoc /Users/constantine/Library/Developer/Xcode/DerivedData/ZhiYu-ahhasqosjhnjphavyaflyigbvjqi/Build/Products/Debug-iphonesimulator/ZhiYu.swiftmodule/x86_64-apple-ios-simulator.swiftdoc

Copy /Users/constantine/Library/Developer/Xcode/DerivedData/ZhiYu-ahhasqosjhnjphavyaflyigbvjqi/Build/Products/Debug-iphonesimulator/ZhiYu.swiftmodule/x86_64-apple-ios-simulator.abi.json /Users/constantine/Library/Developer/Xcode/DerivedData/ZhiYu-ahhasqosjhnjphavyaflyigbvjqi/Build/Intermediates.noindex/ZhiYu.build/Debug-iphonesimulator/ZhiYu.build/Objects-normal/x86_64/ZhiYu.abi.json (in target 'ZhiYu' from project 'ZhiYu')
    cd /Users/constantine/Documents/work/code/projects/ZhiYu
    builtin-copy -exclude .DS_Store -exclude CVS -exclude .svn -exclude .git -exclude .hg -resolve-src-symlinks -rename /Users/constantine/Library/Developer/Xcode/DerivedData/ZhiYu-ahhasqosjhnjphavyaflyigbvjqi/Build/Intermediates.noindex/ZhiYu.build/Debug-iphonesimulator/ZhiYu.build/Objects-normal/x86_64/ZhiYu.abi.json /Users/constantine/Library/Developer/Xcode/DerivedData/ZhiYu-ahhasqosjhnjphavyaflyigbvjqi/Build/Products/Debug-iphonesimulator/ZhiYu.swiftmodule/x86_64-apple-ios-simulator.abi.json

Copy /Users/constantine/Library/Developer/Xcode/DerivedData/ZhiYu-ahhasqosjhnjphavyaflyigbvjqi/Build/Products/Debug-iphonesimulator/ZhiYu.swiftmodule/arm64-apple-ios-simulator.swiftmodule /Users/constantine/Library/Developer/Xcode/DerivedData/ZhiYu-ahhasqosjhnjphavyaflyigbvjqi/Build/Intermediates.noindex/ZhiYu.build/Debug-iphonesimulator/ZhiYu.build/Objects-normal/arm64/ZhiYu.swiftmodule (in target 'ZhiYu' from project 'ZhiYu')
    cd /Users/constantine/Documents/work/code/projects/ZhiYu
    builtin-copy -exclude .DS_Store -exclude CVS -exclude .svn -exclude .git -exclude .hg -resolve-src-symlinks -rename /Users/constantine/Library/Developer/Xcode/DerivedData/ZhiYu-ahhasqosjhnjphavyaflyigbvjqi/Build/Intermediates.noindex/ZhiYu.build/Debug-iphonesimulator/ZhiYu.build/Objects-normal/arm64/ZhiYu.swiftmodule /Users/constantine/Library/Developer/Xcode/DerivedData/ZhiYu-ahhasqosjhnjphavyaflyigbvjqi/Build/Products/Debug-iphonesimulator/ZhiYu.swiftmodule/arm64-apple-ios-simulator.swiftmodule

Copy /Users/constantine/Library/Developer/Xcode/DerivedData/ZhiYu-ahhasqosjhnjphavyaflyigbvjqi/Build/Products/Debug-iphonesimulator/ZhiYu.swiftmodule/arm64-apple-ios-simulator.swiftdoc /Users/constantine/Library/Developer/Xcode/DerivedData/ZhiYu-ahhasqosjhnjphavyaflyigbvjqi/Build/Intermediates.noindex/ZhiYu.build/Debug-iphonesimulator/ZhiYu.build/Objects-normal/arm64/ZhiYu.swiftdoc (in target 'ZhiYu' from project 'ZhiYu')
    cd /Users/constantine/Documents/work/code/projects/ZhiYu
    builtin-copy -exclude .DS_Store -exclude CVS -exclude .svn -exclude .git -exclude .hg -resolve-src-symlinks -rename /Users/constantine/Library/Developer/Xcode/DerivedData/ZhiYu-ahhasqosjhnjphavyaflyigbvjqi/Build/Intermediates.noindex/ZhiYu.build/Debug-iphonesimulator/ZhiYu.build/Objects-normal/arm64/ZhiYu.swiftdoc /Users/constantine/Library/Developer/Xcode/DerivedData/ZhiYu-ahhasqosjhnjphavyaflyigbvjqi/Build/Products/Debug-iphonesimulator/ZhiYu.swiftmodule/arm64-apple-ios-simulator.swiftdoc

Copy /Users/constantine/Library/Developer/Xcode/DerivedData/ZhiYu-ahhasqosjhnjphavyaflyigbvjqi/Build/Products/Debug-iphonesimulator/ZhiYu.swiftmodule/arm64-apple-ios-simulator.abi.json /Users/constantine/Library/Developer/Xcode/DerivedData/ZhiYu-ahhasqosjhnjphavyaflyigbvjqi/Build/Intermediates.noindex/ZhiYu.build/Debug-iphonesimulator/ZhiYu.build/Objects-normal/arm64/ZhiYu.abi.json (in target 'ZhiYu' from project 'ZhiYu')
    cd /Users/constantine/Documents/work/code/projects/ZhiYu
    builtin-copy -exclude .DS_Store -exclude CVS -exclude .svn -exclude .git -exclude .hg -resolve-src-symlinks -rename /Users/constantine/Library/Developer/Xcode/DerivedData/ZhiYu-ahhasqosjhnjphavyaflyigbvjqi/Build/Intermediates.noindex/ZhiYu.build/Debug-iphonesimulator/ZhiYu.build/Objects-normal/arm64/ZhiYu.abi.json /Users/constantine/Library/Developer/Xcode/DerivedData/ZhiYu-ahhasqosjhnjphavyaflyigbvjqi/Build/Products/Debug-iphonesimulator/ZhiYu.swiftmodule/arm64-apple-ios-simulator.abi.json

Copy /Users/constantine/Library/Developer/Xcode/DerivedData/ZhiYu-ahhasqosjhnjphavyaflyigbvjqi/Build/Products/Debug-iphonesimulator/ZhiYu.swiftmodule/Project/arm64-apple-ios-simulator.swiftsourceinfo /Users/constantine/Library/Developer/Xcode/DerivedData/ZhiYu-ahhasqosjhnjphavyaflyigbvjqi/Build/Intermediates.noindex/ZhiYu.build/Debug-iphonesimulator/ZhiYu.build/Objects-normal/arm64/ZhiYu.swiftsourceinfo (in target 'ZhiYu' from project 'ZhiYu')
    cd /Users/constantine/Documents/work/code/projects/ZhiYu
    builtin-copy -exclude .DS_Store -exclude CVS -exclude .svn -exclude .git -exclude .hg -resolve-src-symlinks -rename /Users/constantine/Library/Developer/Xcode/DerivedData/ZhiYu-ahhasqosjhnjphavyaflyigbvjqi/Build/Intermediates.noindex/ZhiYu.build/Debug-iphonesimulator/ZhiYu.build/Objects-normal/arm64/ZhiYu.swiftsourceinfo /Users/constantine/Library/Developer/Xcode/DerivedData/ZhiYu-ahhasqosjhnjphavyaflyigbvjqi/Build/Products/Debug-iphonesimulator/ZhiYu.swiftmodule/Project/arm64-apple-ios-simulator.swiftsourceinfo

Copy /Users/constantine/Library/Developer/Xcode/DerivedData/ZhiYu-ahhasqosjhnjphavyaflyigbvjqi/Build/Products/Debug-iphonesimulator/ZhiYu.swiftmodule/x86_64-apple-ios-simulator.swiftmodule /Users/constantine/Library/Developer/Xcode/DerivedData/ZhiYu-ahhasqosjhnjphavyaflyigbvjqi/Build/Intermediates.noindex/ZhiYu.build/Debug-iphonesimulator/ZhiYu.build/Objects-normal/x86_64/ZhiYu.swiftmodule (in target 'ZhiYu' from project 'ZhiYu')
    cd /Users/constantine/Documents/work/code/projects/ZhiYu
    builtin-copy -exclude .DS_Store -exclude CVS -exclude .svn -exclude .git -exclude .hg -resolve-src-symlinks -rename /Users/constantine/Library/Developer/Xcode/DerivedData/ZhiYu-ahhasqosjhnjphavyaflyigbvjqi/Build/Intermediates.noindex/ZhiYu.build/Debug-iphonesimulator/ZhiYu.build/Objects-normal/x86_64/ZhiYu.swiftmodule /Users/constantine/Library/Developer/Xcode/DerivedData/ZhiYu-ahhasqosjhnjphavyaflyigbvjqi/Build/Products/Debug-iphonesimulator/ZhiYu.swiftmodule/x86_64-apple-ios-simulator.swiftmodule

Copy /Users/constantine/Library/Developer/Xcode/DerivedData/ZhiYu-ahhasqosjhnjphavyaflyigbvjqi/Build/Products/Debug-iphonesimulator/ZhiYu.swiftmodule/Project/x86_64-apple-ios-simulator.swiftsourceinfo /Users/constantine/Library/Developer/Xcode/DerivedData/ZhiYu-ahhasqosjhnjphavyaflyigbvjqi/Build/Intermediates.noindex/ZhiYu.build/Debug-iphonesimulator/ZhiYu.build/Objects-normal/x86_64/ZhiYu.swiftsourceinfo (in target 'ZhiYu' from project 'ZhiYu')
    cd /Users/constantine/Documents/work/code/projects/ZhiYu
    builtin-copy -exclude .DS_Store -exclude CVS -exclude .svn -exclude .git -exclude .hg -resolve-src-symlinks -rename /Users/constantine/Library/Developer/Xcode/DerivedData/ZhiYu-ahhasqosjhnjphavyaflyigbvjqi/Build/Intermediates.noindex/ZhiYu.build/Debug-iphonesimulator/ZhiYu.build/Objects-normal/x86_64/ZhiYu.swiftsourceinfo /Users/constantine/Library/Developer/Xcode/DerivedData/ZhiYu-ahhasqosjhnjphavyaflyigbvjqi/Build/Products/Debug-iphonesimulator/ZhiYu.swiftmodule/Project/x86_64-apple-ios-simulator.swiftsourceinfo

Ld /Users/constantine/Library/Developer/Xcode/DerivedData/ZhiYu-ahhasqosjhnjphavyaflyigbvjqi/Build/Intermediates.noindex/ZhiYu.build/Debug-iphonesimulator/ZhiYu.build/Objects-normal/arm64/Binary/ZhiYu.debug.dylib normal arm64 (in target 'ZhiYu' from project 'ZhiYu')
    cd /Users/constantine/Documents/work/code/projects/ZhiYu
    /Applications/Xcode.app/Contents/Developer/Toolchains/XcodeDefault.xctoolchain/usr/bin/clang -Xlinker -reproducible -target arm64-apple-ios17.0-simulator -dynamiclib -isysroot /Applications/Xcode.app/Contents/Developer/Platforms/iPhoneSimulator.platform/Developer/SDKs/iPhoneSimulator26.5.sdk -O0 -L/Users/constantine/Library/Developer/Xcode/DerivedData/ZhiYu-ahhasqosjhnjphavyaflyigbvjqi/Build/Intermediates.noindex/EagerLinkingTBDs/Debug-iphonesimulator -L/Users/constantine/Library/Developer/Xcode/DerivedData/ZhiYu-ahhasqosjhnjphavyaflyigbvjqi/Build/Products/Debug-iphonesimulator -F/Users/constantine/Library/Developer/Xcode/DerivedData/ZhiYu-ahhasqosjhnjphavyaflyigbvjqi/Build/Intermediates.noindex/EagerLinkingTBDs/Debug-iphonesimulator -F/Users/constantine/Library/Developer/Xcode/DerivedData/ZhiYu-ahhasqosjhnjphavyaflyigbvjqi/Build/Products/Debug-iphonesimulator/PackageFrameworks -F/Users/constantine/Library/Developer/Xcode/DerivedData/ZhiYu-ahhasqosjhnjphavyaflyigbvjqi/Build/Products/Debug-iphonesimulator -filelist /Users/constantine/Library/Developer/Xcode/DerivedData/ZhiYu-ahhasqosjhnjphavyaflyigbvjqi/Build/Intermediates.noindex/ZhiYu.build/Debug-iphonesimulator/ZhiYu.build/Objects-normal/arm64/ZhiYu.LinkFileList -install_name @rpath/ZhiYu.debug.dylib -Xlinker -rpath -Xlinker /usr/lib/swift -Xlinker -rpath -Xlinker /Users/constantine/Library/Developer/Xcode/DerivedData/ZhiYu-ahhasqosjhnjphavyaflyigbvjqi/Build/Products/Debug-iphonesimulator/PackageFrameworks -Xlinker -rpath -Xlinker @executable_path/Frameworks -Xlinker -dead_strip -Xlinker -object_path_lto -Xlinker /Users/constantine/Library/Developer/Xcode/DerivedData/ZhiYu-ahhasqosjhnjphavyaflyigbvjqi/Build/Intermediates.noindex/ZhiYu.build/Debug-iphonesimulator/ZhiYu.build/Objects-normal/arm64/ZhiYu_lto.o -rdynamic -Xlinker -no_deduplicate -Xlinker -objc_abi_version -Xlinker 2 -Xlinker -dependency_info -Xlinker /Users/constantine/Library/Developer/Xcode/DerivedData/ZhiYu-ahhasqosjhnjphavyaflyigbvjqi/Build/Intermediates.noindex/ZhiYu.build/Debug-iphonesimulator/ZhiYu.build/Objects-normal/arm64/ZhiYu_dependency_info.dat -fobjc-link-runtime -L/Applications/Xcode.app/Contents/Developer/Toolchains/XcodeDefault.xctoolchain/usr/lib/swift/iphonesimulator -L/usr/lib/swift -Xlinker -add_ast_path -Xlinker /Users/constantine/Library/Developer/Xcode/DerivedData/ZhiYu-ahhasqosjhnjphavyaflyigbvjqi/Build/Intermediates.noindex/ZhiYu.build/Debug-iphonesimulator/ZhiYu.build/Objects-normal/arm64/ZhiYu.swiftmodule @/Users/constantine/Library/Developer/Xcode/DerivedData/ZhiYu-ahhasqosjhnjphavyaflyigbvjqi/Build/Intermediates.noindex/ZhiYu.build/Debug-iphonesimulator/ZhiYu.build/Objects-normal/arm64/ZhiYu-linker-args.resp -Wl,-no_warn_duplicate_libraries -Xlinker -alias -Xlinker _main -Xlinker ___debug_main_executable_dylib_entry_point -o /Users/constantine/Library/Developer/Xcode/DerivedData/ZhiYu-ahhasqosjhnjphavyaflyigbvjqi/Build/Intermediates.noindex/ZhiYu.build/Debug-iphonesimulator/ZhiYu.build/Objects-normal/arm64/Binary/ZhiYu.debug.dylib -Xlinker -add_ast_path -Xlinker /Users/constantine/Library/Developer/Xcode/DerivedData/ZhiYu-ahhasqosjhnjphavyaflyigbvjqi/Build/Intermediates.noindex/GRDB.build/Debug-iphonesimulator/GRDB.build/Objects-normal/arm64/GRDB.swiftmodule @/Users/constantine/Library/Developer/Xcode/DerivedData/ZhiYu-ahhasqosjhnjphavyaflyigbvjqi/Build/Intermediates.noindex/GRDB.build/Debug-iphonesimulator/GRDB.build/Objects-normal/arm64/GRDB-linker-args.resp

Ld /Users/constantine/Library/Developer/Xcode/DerivedData/ZhiYu-ahhasqosjhnjphavyaflyigbvjqi/Build/Intermediates.noindex/ZhiYu.build/Debug-iphonesimulator/ZhiYu.build/Objects-normal/x86_64/Binary/ZhiYu.debug.dylib normal x86_64 (in target 'ZhiYu' from project 'ZhiYu')
    cd /Users/constantine/Documents/work/code/projects/ZhiYu
    /Applications/Xcode.app/Contents/Developer/Toolchains/XcodeDefault.xctoolchain/usr/bin/clang -Xlinker -reproducible -target x86_64-apple-ios17.0-simulator -dynamiclib -isysroot /Applications/Xcode.app/Contents/Developer/Platforms/iPhoneSimulator.platform/Developer/SDKs/iPhoneSimulator26.5.sdk -O0 -L/Users/constantine/Library/Developer/Xcode/DerivedData/ZhiYu-ahhasqosjhnjphavyaflyigbvjqi/Build/Intermediates.noindex/EagerLinkingTBDs/Debug-iphonesimulator -L/Users/constantine/Library/Developer/Xcode/DerivedData/ZhiYu-ahhasqosjhnjphavyaflyigbvjqi/Build/Products/Debug-iphonesimulator -F/Users/constantine/Library/Developer/Xcode/DerivedData/ZhiYu-ahhasqosjhnjphavyaflyigbvjqi/Build/Intermediates.noindex/EagerLinkingTBDs/Debug-iphonesimulator -F/Users/constantine/Library/Developer/Xcode/DerivedData/ZhiYu-ahhasqosjhnjphavyaflyigbvjqi/Build/Products/Debug-iphonesimulator/PackageFrameworks -F/Users/constantine/Library/Developer/Xcode/DerivedData/ZhiYu-ahhasqosjhnjphavyaflyigbvjqi/Build/Products/Debug-iphonesimulator -filelist /Users/constantine/Library/Developer/Xcode/DerivedData/ZhiYu-ahhasqosjhnjphavyaflyigbvjqi/Build/Intermediates.noindex/ZhiYu.build/Debug-iphonesimulator/ZhiYu.build/Objects-normal/x86_64/ZhiYu.LinkFileList -install_name @rpath/ZhiYu.debug.dylib -Xlinker -rpath -Xlinker /usr/lib/swift -Xlinker -rpath -Xlinker /Users/constantine/Library/Developer/Xcode/DerivedData/ZhiYu-ahhasqosjhnjphavyaflyigbvjqi/Build/Products/Debug-iphonesimulator/PackageFrameworks -Xlinker -rpath -Xlinker @executable_path/Frameworks -Xlinker -dead_strip -Xlinker -object_path_lto -Xlinker /Users/constantine/Library/Developer/Xcode/DerivedData/ZhiYu-ahhasqosjhnjphavyaflyigbvjqi/Build/Intermediates.noindex/ZhiYu.build/Debug-iphonesimulator/ZhiYu.build/Objects-normal/x86_64/ZhiYu_lto.o -rdynamic -Xlinker -no_deduplicate -Xlinker -objc_abi_version -Xlinker 2 -Xlinker -dependency_info -Xlinker /Users/constantine/Library/Developer/Xcode/DerivedData/ZhiYu-ahhasqosjhnjphavyaflyigbvjqi/Build/Intermediates.noindex/ZhiYu.build/Debug-iphonesimulator/ZhiYu.build/Objects-normal/x86_64/ZhiYu_dependency_info.dat -fobjc-link-runtime -L/Applications/Xcode.app/Contents/Developer/Toolchains/XcodeDefault.xctoolchain/usr/lib/swift/iphonesimulator -L/usr/lib/swift -Xlinker -add_ast_path -Xlinker /Users/constantine/Library/Developer/Xcode/DerivedData/ZhiYu-ahhasqosjhnjphavyaflyigbvjqi/Build/Intermediates.noindex/ZhiYu.build/Debug-iphonesimulator/ZhiYu.build/Objects-normal/x86_64/ZhiYu.swiftmodule @/Users/constantine/Library/Developer/Xcode/DerivedData/ZhiYu-ahhasqosjhnjphavyaflyigbvjqi/Build/Intermediates.noindex/ZhiYu.build/Debug-iphonesimulator/ZhiYu.build/Objects-normal/x86_64/ZhiYu-linker-args.resp -Wl,-no_warn_duplicate_libraries -Xlinker -alias -Xlinker _main -Xlinker ___debug_main_executable_dylib_entry_point -o /Users/constantine/Library/Developer/Xcode/DerivedData/ZhiYu-ahhasqosjhnjphavyaflyigbvjqi/Build/Intermediates.noindex/ZhiYu.build/Debug-iphonesimulator/ZhiYu.build/Objects-normal/x86_64/Binary/ZhiYu.debug.dylib -Xlinker -add_ast_path -Xlinker /Users/constantine/Library/Developer/Xcode/DerivedData/ZhiYu-ahhasqosjhnjphavyaflyigbvjqi/Build/Intermediates.noindex/GRDB.build/Debug-iphonesimulator/GRDB.build/Objects-normal/x86_64/GRDB.swiftmodule @/Users/constantine/Library/Developer/Xcode/DerivedData/ZhiYu-ahhasqosjhnjphavyaflyigbvjqi/Build/Intermediates.noindex/GRDB.build/Debug-iphonesimulator/GRDB.build/Objects-normal/x86_64/GRDB-linker-args.resp

ConstructStubExecutorLinkFileList /Users/constantine/Library/Developer/Xcode/DerivedData/ZhiYu-ahhasqosjhnjphavyaflyigbvjqi/Build/Intermediates.noindex/ZhiYu.build/Debug-iphonesimulator/ZhiYu.build/ZhiYu-ExecutorLinkFileList-normal-x86_64.txt (in target 'ZhiYu' from project 'ZhiYu')
    cd /Users/constantine/Documents/work/code/projects/ZhiYu
    construct-stub-executor-link-file-list /Users/constantine/Library/Developer/Xcode/DerivedData/ZhiYu-ahhasqosjhnjphavyaflyigbvjqi/Build/Intermediates.noindex/ZhiYu.build/Debug-iphonesimulator/ZhiYu.build/Objects-normal/x86_64/Binary/ZhiYu.debug.dylib /Applications/Xcode.app/Contents/Developer/Platforms/iPhoneSimulator.platform/Developer/usr/lib/libPreviewsJITStubExecutor_no_swift_entry_point.a /Applications/Xcode.app/Contents/Developer/Platforms/iPhoneSimulator.platform/Developer/usr/lib/libPreviewsJITStubExecutor.a --output /Users/constantine/Library/Developer/Xcode/DerivedData/ZhiYu-ahhasqosjhnjphavyaflyigbvjqi/Build/Intermediates.noindex/ZhiYu.build/Debug-iphonesimulator/ZhiYu.build/ZhiYu-ExecutorLinkFileList-normal-x86_64.txt
note: Using stub executor library with Swift entry point. (in target 'ZhiYu' from project 'ZhiYu')

ConstructStubExecutorLinkFileList /Users/constantine/Library/Developer/Xcode/DerivedData/ZhiYu-ahhasqosjhnjphavyaflyigbvjqi/Build/Intermediates.noindex/ZhiYu.build/Debug-iphonesimulator/ZhiYu.build/ZhiYu-ExecutorLinkFileList-normal-arm64.txt (in target 'ZhiYu' from project 'ZhiYu')
    cd /Users/constantine/Documents/work/code/projects/ZhiYu
    construct-stub-executor-link-file-list /Users/constantine/Library/Developer/Xcode/DerivedData/ZhiYu-ahhasqosjhnjphavyaflyigbvjqi/Build/Intermediates.noindex/ZhiYu.build/Debug-iphonesimulator/ZhiYu.build/Objects-normal/arm64/Binary/ZhiYu.debug.dylib /Applications/Xcode.app/Contents/Developer/Platforms/iPhoneSimulator.platform/Developer/usr/lib/libPreviewsJITStubExecutor_no_swift_entry_point.a /Applications/Xcode.app/Contents/Developer/Platforms/iPhoneSimulator.platform/Developer/usr/lib/libPreviewsJITStubExecutor.a --output /Users/constantine/Library/Developer/Xcode/DerivedData/ZhiYu-ahhasqosjhnjphavyaflyigbvjqi/Build/Intermediates.noindex/ZhiYu.build/Debug-iphonesimulator/ZhiYu.build/ZhiYu-ExecutorLinkFileList-normal-arm64.txt
note: Using stub executor library with Swift entry point. (in target 'ZhiYu' from project 'ZhiYu')

CreateUniversalBinary /Users/constantine/Library/Developer/Xcode/DerivedData/ZhiYu-ahhasqosjhnjphavyaflyigbvjqi/Build/Products/Debug-iphonesimulator/ZhiYu.app/ZhiYu.debug.dylib normal arm64\ x86_64 (in target 'ZhiYu' from project 'ZhiYu')
    cd /Users/constantine/Documents/work/code/projects/ZhiYu
    /Applications/Xcode.app/Contents/Developer/Toolchains/XcodeDefault.xctoolchain/usr/bin/lipo -create /Users/constantine/Library/Developer/Xcode/DerivedData/ZhiYu-ahhasqosjhnjphavyaflyigbvjqi/Build/Intermediates.noindex/ZhiYu.build/Debug-iphonesimulator/ZhiYu.build/Objects-normal/arm64/Binary/ZhiYu.debug.dylib /Users/constantine/Library/Developer/Xcode/DerivedData/ZhiYu-ahhasqosjhnjphavyaflyigbvjqi/Build/Intermediates.noindex/ZhiYu.build/Debug-iphonesimulator/ZhiYu.build/Objects-normal/x86_64/Binary/ZhiYu.debug.dylib -output /Users/constantine/Library/Developer/Xcode/DerivedData/ZhiYu-ahhasqosjhnjphavyaflyigbvjqi/Build/Products/Debug-iphonesimulator/ZhiYu.app/ZhiYu.debug.dylib

Ld /Users/constantine/Library/Developer/Xcode/DerivedData/ZhiYu-ahhasqosjhnjphavyaflyigbvjqi/Build/Intermediates.noindex/ZhiYu.build/Debug-iphonesimulator/ZhiYu.build/Objects-normal/x86_64/Binary/ZhiYu normal x86_64 (in target 'ZhiYu' from project 'ZhiYu')
    cd /Users/constantine/Documents/work/code/projects/ZhiYu
    /Applications/Xcode.app/Contents/Developer/Toolchains/XcodeDefault.xctoolchain/usr/bin/clang -Xlinker -reproducible -target x86_64-apple-ios17.0-simulator -isysroot /Applications/Xcode.app/Contents/Developer/Platforms/iPhoneSimulator.platform/Developer/SDKs/iPhoneSimulator26.5.sdk -O0 -L/Users/constantine/Library/Developer/Xcode/DerivedData/ZhiYu-ahhasqosjhnjphavyaflyigbvjqi/Build/Products/Debug-iphonesimulator -F/Users/constantine/Library/Developer/Xcode/DerivedData/ZhiYu-ahhasqosjhnjphavyaflyigbvjqi/Build/Products/Debug-iphonesimulator/PackageFrameworks -F/Users/constantine/Library/Developer/Xcode/DerivedData/ZhiYu-ahhasqosjhnjphavyaflyigbvjqi/Build/Products/Debug-iphonesimulator -Xlinker -rpath -Xlinker @executable_path -Xlinker -rpath -Xlinker /Users/constantine/Library/Developer/Xcode/DerivedData/ZhiYu-ahhasqosjhnjphavyaflyigbvjqi/Build/Products/Debug-iphonesimulator/PackageFrameworks -Xlinker -rpath -Xlinker @executable_path/Frameworks -rdynamic -Xlinker -no_deduplicate -Xlinker -objc_abi_version -Xlinker 2 -e ___debug_blank_executor_main -Xlinker -sectcreate -Xlinker __TEXT -Xlinker __debug_dylib -Xlinker /Users/constantine/Library/Developer/Xcode/DerivedData/ZhiYu-ahhasqosjhnjphavyaflyigbvjqi/Build/Intermediates.noindex/ZhiYu.build/Debug-iphonesimulator/ZhiYu.build/ZhiYu-DebugDylibPath-normal-x86_64.txt -Xlinker -sectcreate -Xlinker __TEXT -Xlinker __debug_instlnm -Xlinker /Users/constantine/Library/Developer/Xcode/DerivedData/ZhiYu-ahhasqosjhnjphavyaflyigbvjqi/Build/Intermediates.noindex/ZhiYu.build/Debug-iphonesimulator/ZhiYu.build/ZhiYu-DebugDylibInstallName-normal-x86_64.txt -Xlinker -filelist -Xlinker /Users/constantine/Library/Developer/Xcode/DerivedData/ZhiYu-ahhasqosjhnjphavyaflyigbvjqi/Build/Intermediates.noindex/ZhiYu.build/Debug-iphonesimulator/ZhiYu.build/ZhiYu-ExecutorLinkFileList-normal-x86_64.txt /Users/constantine/Library/Developer/Xcode/DerivedData/ZhiYu-ahhasqosjhnjphavyaflyigbvjqi/Build/Intermediates.noindex/ZhiYu.build/Debug-iphonesimulator/ZhiYu.build/Objects-normal/x86_64/Binary/ZhiYu.debug.dylib -o /Users/constantine/Library/Developer/Xcode/DerivedData/ZhiYu-ahhasqosjhnjphavyaflyigbvjqi/Build/Intermediates.noindex/ZhiYu.build/Debug-iphonesimulator/ZhiYu.build/Objects-normal/x86_64/Binary/ZhiYu

Ld /Users/constantine/Library/Developer/Xcode/DerivedData/ZhiYu-ahhasqosjhnjphavyaflyigbvjqi/Build/Intermediates.noindex/ZhiYu.build/Debug-iphonesimulator/ZhiYu.build/Objects-normal/arm64/Binary/ZhiYu normal arm64 (in target 'ZhiYu' from project 'ZhiYu')
    cd /Users/constantine/Documents/work/code/projects/ZhiYu
    /Applications/Xcode.app/Contents/Developer/Toolchains/XcodeDefault.xctoolchain/usr/bin/clang -Xlinker -reproducible -target arm64-apple-ios17.0-simulator -isysroot /Applications/Xcode.app/Contents/Developer/Platforms/iPhoneSimulator.platform/Developer/SDKs/iPhoneSimulator26.5.sdk -O0 -L/Users/constantine/Library/Developer/Xcode/DerivedData/ZhiYu-ahhasqosjhnjphavyaflyigbvjqi/Build/Products/Debug-iphonesimulator -F/Users/constantine/Library/Developer/Xcode/DerivedData/ZhiYu-ahhasqosjhnjphavyaflyigbvjqi/Build/Products/Debug-iphonesimulator/PackageFrameworks -F/Users/constantine/Library/Developer/Xcode/DerivedData/ZhiYu-ahhasqosjhnjphavyaflyigbvjqi/Build/Products/Debug-iphonesimulator -Xlinker -rpath -Xlinker @executable_path -Xlinker -rpath -Xlinker /Users/constantine/Library/Developer/Xcode/DerivedData/ZhiYu-ahhasqosjhnjphavyaflyigbvjqi/Build/Products/Debug-iphonesimulator/PackageFrameworks -Xlinker -rpath -Xlinker @executable_path/Frameworks -rdynamic -Xlinker -no_deduplicate -Xlinker -objc_abi_version -Xlinker 2 -e ___debug_blank_executor_main -Xlinker -sectcreate -Xlinker __TEXT -Xlinker __debug_dylib -Xlinker /Users/constantine/Library/Developer/Xcode/DerivedData/ZhiYu-ahhasqosjhnjphavyaflyigbvjqi/Build/Intermediates.noindex/ZhiYu.build/Debug-iphonesimulator/ZhiYu.build/ZhiYu-DebugDylibPath-normal-arm64.txt -Xlinker -sectcreate -Xlinker __TEXT -Xlinker __debug_instlnm -Xlinker /Users/constantine/Library/Developer/Xcode/DerivedData/ZhiYu-ahhasqosjhnjphavyaflyigbvjqi/Build/Intermediates.noindex/ZhiYu.build/Debug-iphonesimulator/ZhiYu.build/ZhiYu-DebugDylibInstallName-normal-arm64.txt -Xlinker -filelist -Xlinker /Users/constantine/Library/Developer/Xcode/DerivedData/ZhiYu-ahhasqosjhnjphavyaflyigbvjqi/Build/Intermediates.noindex/ZhiYu.build/Debug-iphonesimulator/ZhiYu.build/ZhiYu-ExecutorLinkFileList-normal-arm64.txt /Users/constantine/Library/Developer/Xcode/DerivedData/ZhiYu-ahhasqosjhnjphavyaflyigbvjqi/Build/Intermediates.noindex/ZhiYu.build/Debug-iphonesimulator/ZhiYu.build/Objects-normal/arm64/Binary/ZhiYu.debug.dylib -o /Users/constantine/Library/Developer/Xcode/DerivedData/ZhiYu-ahhasqosjhnjphavyaflyigbvjqi/Build/Intermediates.noindex/ZhiYu.build/Debug-iphonesimulator/ZhiYu.build/Objects-normal/arm64/Binary/ZhiYu

CreateUniversalBinary /Users/constantine/Library/Developer/Xcode/DerivedData/ZhiYu-ahhasqosjhnjphavyaflyigbvjqi/Build/Products/Debug-iphonesimulator/ZhiYu.app/ZhiYu normal arm64\ x86_64 (in target 'ZhiYu' from project 'ZhiYu')
    cd /Users/constantine/Documents/work/code/projects/ZhiYu
    /Applications/Xcode.app/Contents/Developer/Toolchains/XcodeDefault.xctoolchain/usr/bin/lipo -create /Users/constantine/Library/Developer/Xcode/DerivedData/ZhiYu-ahhasqosjhnjphavyaflyigbvjqi/Build/Intermediates.noindex/ZhiYu.build/Debug-iphonesimulator/ZhiYu.build/Objects-normal/arm64/Binary/ZhiYu /Users/constantine/Library/Developer/Xcode/DerivedData/ZhiYu-ahhasqosjhnjphavyaflyigbvjqi/Build/Intermediates.noindex/ZhiYu.build/Debug-iphonesimulator/ZhiYu.build/Objects-normal/x86_64/Binary/ZhiYu -output /Users/constantine/Library/Developer/Xcode/DerivedData/ZhiYu-ahhasqosjhnjphavyaflyigbvjqi/Build/Products/Debug-iphonesimulator/ZhiYu.app/ZhiYu

CopySwiftLibs /Users/constantine/Library/Developer/Xcode/DerivedData/ZhiYu-ahhasqosjhnjphavyaflyigbvjqi/Build/Products/Debug-iphonesimulator/ZhiYu.app (in target 'ZhiYu' from project 'ZhiYu')
    cd /Users/constantine/Documents/work/code/projects/ZhiYu
    builtin-swiftStdLibTool --copy --verbose --scan-executable /Users/constantine/Library/Developer/Xcode/DerivedData/ZhiYu-ahhasqosjhnjphavyaflyigbvjqi/Build/Products/Debug-iphonesimulator/ZhiYu.app/ZhiYu.debug.dylib --scan-folder /Users/constantine/Library/Developer/Xcode/DerivedData/ZhiYu-ahhasqosjhnjphavyaflyigbvjqi/Build/Products/Debug-iphonesimulator/ZhiYu.app/Frameworks --scan-folder /Users/constantine/Library/Developer/Xcode/DerivedData/ZhiYu-ahhasqosjhnjphavyaflyigbvjqi/Build/Products/Debug-iphonesimulator/ZhiYu.app/PlugIns --scan-folder /Users/constantine/Library/Developer/Xcode/DerivedData/ZhiYu-ahhasqosjhnjphavyaflyigbvjqi/Build/Products/Debug-iphonesimulator/ZhiYu.app/SystemExtensions --scan-folder /Users/constantine/Library/Developer/Xcode/DerivedData/ZhiYu-ahhasqosjhnjphavyaflyigbvjqi/Build/Products/Debug-iphonesimulator/ZhiYu.app/Extensions --platform iphonesimulator --toolchain /Applications/Xcode.app/Contents/Developer/Toolchains/XcodeDefault.xctoolchain --destination /Users/constantine/Library/Developer/Xcode/DerivedData/ZhiYu-ahhasqosjhnjphavyaflyigbvjqi/Build/Products/Debug-iphonesimulator/ZhiYu.app/Frameworks --strip-bitcode --strip-bitcode-tool /Applications/Xcode.app/Contents/Developer/Toolchains/XcodeDefault.xctoolchain/usr/bin/bitcode_strip --emit-dependency-info /Users/constantine/Library/Developer/Xcode/DerivedData/ZhiYu-ahhasqosjhnjphavyaflyigbvjqi/Build/Intermediates.noindex/ZhiYu.build/Debug-iphonesimulator/ZhiYu.build/SwiftStdLibToolInputDependencies.dep --filter-for-swift-os --back-deploy-swift-span
Ignoring --strip-bitcode because --sign was not passed

ExtractAppIntentsMetadata (in target 'ZhiYu' from project 'ZhiYu')
    cd /Users/constantine/Documents/work/code/projects/ZhiYu
    /Applications/Xcode.app/Contents/Developer/Toolchains/XcodeDefault.xctoolchain/usr/bin/appintentsmetadataprocessor --toolchain-dir /Applications/Xcode.app/Contents/Developer/Toolchains/XcodeDefault.xctoolchain --module-name ZhiYu --sdk-root /Applications/Xcode.app/Contents/Developer/Platforms/iPhoneSimulator.platform/Developer/SDKs/iPhoneSimulator26.5.sdk --xcode-version 17F42 --platform-family iOS --deployment-target 17.0 --bundle-identifier com.zhiyu.app --output /Users/constantine/Library/Developer/Xcode/DerivedData/ZhiYu-ahhasqosjhnjphavyaflyigbvjqi/Build/Products/Debug-iphonesimulator/ZhiYu.app --target-triple arm64-apple-ios17.0-simulator --target-triple x86_64-apple-ios17.0-simulator --binary-file /Users/constantine/Library/Developer/Xcode/DerivedData/ZhiYu-ahhasqosjhnjphavyaflyigbvjqi/Build/Products/Debug-iphonesimulator/ZhiYu.app/ZhiYu --dependency-file /Users/constantine/Library/Developer/Xcode/DerivedData/ZhiYu-ahhasqosjhnjphavyaflyigbvjqi/Build/Intermediates.noindex/ZhiYu.build/Debug-iphonesimulator/ZhiYu.build/Objects-normal/arm64/ZhiYu_dependency_info.dat --dependency-file /Users/constantine/Library/Developer/Xcode/DerivedData/ZhiYu-ahhasqosjhnjphavyaflyigbvjqi/Build/Intermediates.noindex/ZhiYu.build/Debug-iphonesimulator/ZhiYu.build/Objects-normal/x86_64/ZhiYu_dependency_info.dat --stringsdata-file /Users/constantine/Library/Developer/Xcode/DerivedData/ZhiYu-ahhasqosjhnjphavyaflyigbvjqi/Build/Intermediates.noindex/ZhiYu.build/Debug-iphonesimulator/ZhiYu.build/Objects-normal/arm64/ExtractedAppShortcutsMetadata.stringsdata --stringsdata-file /Users/constantine/Library/Developer/Xcode/DerivedData/ZhiYu-ahhasqosjhnjphavyaflyigbvjqi/Build/Intermediates.noindex/ZhiYu.build/Debug-iphonesimulator/ZhiYu.build/Objects-normal/x86_64/ExtractedAppShortcutsMetadata.stringsdata --source-file-list /Users/constantine/Library/Developer/Xcode/DerivedData/ZhiYu-ahhasqosjhnjphavyaflyigbvjqi/Build/Intermediates.noindex/ZhiYu.build/Debug-iphonesimulator/ZhiYu.build/Objects-normal/arm64/ZhiYu.SwiftFileList --source-file-list /Users/constantine/Library/Developer/Xcode/DerivedData/ZhiYu-ahhasqosjhnjphavyaflyigbvjqi/Build/Intermediates.noindex/ZhiYu.build/Debug-iphonesimulator/ZhiYu.build/Objects-normal/x86_64/ZhiYu.SwiftFileList --metadata-file-list /Users/constantine/Library/Developer/Xcode/DerivedData/ZhiYu-ahhasqosjhnjphavyaflyigbvjqi/Build/Intermediates.noindex/ZhiYu.build/Debug-iphonesimulator/ZhiYu.build/ZhiYu.DependencyMetadataFileList --static-metadata-file-list /Users/constantine/Library/Developer/Xcode/DerivedData/ZhiYu-ahhasqosjhnjphavyaflyigbvjqi/Build/Intermediates.noindex/ZhiYu.build/Debug-iphonesimulator/ZhiYu.build/ZhiYu.DependencyStaticMetadataFileList --swift-const-vals-list /Users/constantine/Library/Developer/Xcode/DerivedData/ZhiYu-ahhasqosjhnjphavyaflyigbvjqi/Build/Intermediates.noindex/ZhiYu.build/Debug-iphonesimulator/ZhiYu.build/Objects-normal/arm64/ZhiYu.SwiftConstValuesFileList --swift-const-vals-list /Users/constantine/Library/Developer/Xcode/DerivedData/ZhiYu-ahhasqosjhnjphavyaflyigbvjqi/Build/Intermediates.noindex/ZhiYu.build/Debug-iphonesimulator/ZhiYu.build/Objects-normal/x86_64/ZhiYu.SwiftConstValuesFileList --compile-time-extraction --deployment-aware-processing --validate-assistant-intents --no-app-shortcuts-localization
2026-05-14 22:22:09.585 appintentsmetadataprocessor[5720:50124] Starting appintentsmetadataprocessor export
2026-05-14 22:22:09.630 appintentsmetadataprocessor[5720:50124] Writing Metadata.appintents
2026-05-14 22:22:09.630 appintentsmetadataprocessor[5720:50124] Metadata root: /Users/constantine/Library/Developer/Xcode/DerivedData/ZhiYu-ahhasqosjhnjphavyaflyigbvjqi/Build/Products/Debug-iphonesimulator/ZhiYu.app/Metadata.appintents

** BUILD SUCCEEDED **

