eyJibHVlcHJpbnRfYmx1ZXByaW50SWRlbnRpZmllciI6IkdSREJfR1JEQiIsImJsdWVwcmludF9wcm92aWRlckZpbGVQYXRoU3RyaW5nIjoiXC9Vc2Vyc1wvY29uc3RhbnRpbmVcL0xpYnJhcnlcL0RldmVsb3BlclwvWGNvZGVcL0Rlcml2ZWREYXRhXC9LTS1kdW1xbG9veG5jemdpZWJoZGhtd3lsZmR6bHBxXC9Tb3VyY2VQYWNrYWdlc1wvY2hlY2tvdXRzXC9HUkRCLnN3aWZ0IiwidHlwZSI6eyJibHVlcHJpbnQiOnt9fX0=
@__swiftmacro_2KM7AppStoreC13settingsStore18ObservationTrackedfMp_.swift:2:32: error: ambiguous use of 'init()'
private  var _settingsStore  = SettingsStore()
                               ^
@__swiftmacro_2KM7AppStoreC13settingsStore10ObservablefMr13_.swift:1:1: note: in expansion of macro 'ObservationTracked' on property 'settingsStore' here
@ObservationTracked
^
@__swiftmacro_2KM7AppStoreC13settingsStore10ObservablefMr13_.swift:1:1: note: in expansion of macro 'ObservationTracked' on property 'settingsStore' here
@ObservationTracked
^
/Users/constantine/Documents/work/code/projects/km/Sources/Shared/Services/Storage/SettingsStore.swift:20:5: note: found this candidate 
    init() {
    ^
/Users/constantine/Documents/work/code/projects/km/Sources/Shared/Services/Storage/SettingsStore.swift:85:5: note: found this candidate 
    init() {}
    ^
eyJibHVlcHJpbnRfYmx1ZXByaW50SWRlbnRpZmllciI6IkdSREJfR1JEQiIsImJsdWVwcmludF9wcm92aWRlckZpbGVQYXRoU3RyaW5nIjoiXC9Vc2Vyc1wvY29uc3RhbnRpbmVcL0xpYnJhcnlcL0RldmVsb3BlclwvWGNvZGVcL0Rlcml2ZWREYXRhXC9LTS1kdW1xbG9veG5jemdpZWJoZGhtd3lsZmR6bHBxXC9Tb3VyY2VQYWNrYWdlc1wvY2hlY2tvdXRzXC9HUkRCLnN3aWZ0IiwidHlwZSI6eyJibHVlcHJpbnQiOnt9fX0=
@__swiftmacro_2KM7AppStoreC13settingsStore18ObservationTrackedfMp_.swift:2:32: error: ambiguous use of 'init()'
private  var _settingsStore  = SettingsStore()
                               ^
@__swiftmacro_2KM7AppStoreC13settingsStore10ObservablefMr13_.swift:1:1: note: in expansion of macro 'ObservationTracked' on property 'settingsStore' here
@ObservationTracked
^
@__swiftmacro_2KM7AppStoreC13settingsStore10ObservablefMr13_.swift:1:1: note: in expansion of macro 'ObservationTracked' on property 'settingsStore' here
@ObservationTracked
^
/Users/constantine/Documents/work/code/projects/km/Sources/Shared/Services/Storage/SettingsStore.swift:20:5: note: found this candidate 
    init() {
    ^
/Users/constantine/Documents/work/code/projects/km/Sources/Shared/Services/Storage/SettingsStore.swift:85:5: note: found this candidate 
    init() {}
    ^
eyJibHVlcHJpbnRfYmx1ZXByaW50SWRlbnRpZmllciI6IkdSREJfR1JEQiIsImJsdWVwcmludF9wcm92aWRlckZpbGVQYXRoU3RyaW5nIjoiXC9Vc2Vyc1wvY29uc3RhbnRpbmVcL0xpYnJhcnlcL0RldmVsb3BlclwvWGNvZGVcL0Rlcml2ZWREYXRhXC9LTS1kdW1xbG9veG5jemdpZWJoZGhtd3lsZmR6bHBxXC9Tb3VyY2VQYWNrYWdlc1wvY2hlY2tvdXRzXC9HUkRCLnN3aWZ0IiwidHlwZSI6eyJibHVlcHJpbnQiOnt9fX0=
@__swiftmacro_2KM7AppStoreC13settingsStore18ObservationTrackedfMp_.swift:2:32: error: ambiguous use of 'init()'
private  var _settingsStore  = SettingsStore()
                               ^
@__swiftmacro_2KM7AppStoreC13settingsStore10ObservablefMr13_.swift:1:1: note: in expansion of macro 'ObservationTracked' on property 'settingsStore' here
@ObservationTracked
^
@__swiftmacro_2KM7AppStoreC13settingsStore10ObservablefMr13_.swift:1:1: note: in expansion of macro 'ObservationTracked' on property 'settingsStore' here
@ObservationTracked
^
/Users/constantine/Documents/work/code/projects/km/Sources/Shared/Services/Storage/SettingsStore.swift:20:5: note: found this candidate 
    init() {
    ^
/Users/constantine/Documents/work/code/projects/km/Sources/Shared/Services/Storage/SettingsStore.swift:85:5: note: found this candidate 
    init() {}
    ^
eyJibHVlcHJpbnRfYmx1ZXByaW50SWRlbnRpZmllciI6IkdSREJfR1JEQiIsImJsdWVwcmludF9wcm92aWRlckZpbGVQYXRoU3RyaW5nIjoiXC9Vc2Vyc1wvY29uc3RhbnRpbmVcL0xpYnJhcnlcL0RldmVsb3BlclwvWGNvZGVcL0Rlcml2ZWREYXRhXC9LTS1kdW1xbG9veG5jemdpZWJoZGhtd3lsZmR6bHBxXC9Tb3VyY2VQYWNrYWdlc1wvY2hlY2tvdXRzXC9HUkRCLnN3aWZ0IiwidHlwZSI6eyJibHVlcHJpbnQiOnt9fX0=
@__swiftmacro_2KM7AppStoreC13settingsStore18ObservationTrackedfMp_.swift:2:32: error: ambiguous use of 'init()'
private  var _settingsStore  = SettingsStore()
                               ^
@__swiftmacro_2KM7AppStoreC13settingsStore10ObservablefMr13_.swift:1:1: note: in expansion of macro 'ObservationTracked' on property 'settingsStore' here
@ObservationTracked
^
@__swiftmacro_2KM7AppStoreC13settingsStore10ObservablefMr13_.swift:1:1: note: in expansion of macro 'ObservationTracked' on property 'settingsStore' here
@ObservationTracked
^
/Users/constantine/Documents/work/code/projects/km/Sources/Shared/Services/Storage/SettingsStore.swift:20:5: note: found this candidate 
    init() {
    ^
/Users/constantine/Documents/work/code/projects/km/Sources/Shared/Services/Storage/SettingsStore.swift:85:5: note: found this candidate 
    init() {}
    ^
eyJibHVlcHJpbnRfYmx1ZXByaW50SWRlbnRpZmllciI6IkdSREJfR1JEQiIsImJsdWVwcmludF9wcm92aWRlckZpbGVQYXRoU3RyaW5nIjoiXC9Vc2Vyc1wvY29uc3RhbnRpbmVcL0xpYnJhcnlcL0RldmVsb3BlclwvWGNvZGVcL0Rlcml2ZWREYXRhXC9LTS1kdW1xbG9veG5jemdpZWJoZGhtd3lsZmR6bHBxXC9Tb3VyY2VQYWNrYWdlc1wvY2hlY2tvdXRzXC9HUkRCLnN3aWZ0IiwidHlwZSI6eyJibHVlcHJpbnQiOnt9fX0=
@__swiftmacro_2KM7AppStoreC13settingsStore18ObservationTrackedfMp_.swift:2:32: error: ambiguous use of 'init()'
private  var _settingsStore  = SettingsStore()
                               ^
@__swiftmacro_2KM7AppStoreC13settingsStore10ObservablefMr13_.swift:1:1: note: in expansion of macro 'ObservationTracked' on property 'settingsStore' here
@ObservationTracked
^
@__swiftmacro_2KM7AppStoreC13settingsStore10ObservablefMr13_.swift:1:1: note: in expansion of macro 'ObservationTracked' on property 'settingsStore' here
@ObservationTracked
^
/Users/constantine/Documents/work/code/projects/km/Sources/Shared/Services/Storage/SettingsStore.swift:20:5: note: found this candidate 
    init() {
    ^
/Users/constantine/Documents/work/code/projects/km/Sources/Shared/Services/Storage/SettingsStore.swift:85:5: note: found this candidate 
    init() {}
    ^
eyJibHVlcHJpbnRfYmx1ZXByaW50SWRlbnRpZmllciI6IkdSREJfR1JEQiIsImJsdWVwcmludF9wcm92aWRlckZpbGVQYXRoU3RyaW5nIjoiXC9Vc2Vyc1wvY29uc3RhbnRpbmVcL0xpYnJhcnlcL0RldmVsb3BlclwvWGNvZGVcL0Rlcml2ZWREYXRhXC9LTS1kdW1xbG9veG5jemdpZWJoZGhtd3lsZmR6bHBxXC9Tb3VyY2VQYWNrYWdlc1wvY2hlY2tvdXRzXC9HUkRCLnN3aWZ0IiwidHlwZSI6eyJibHVlcHJpbnQiOnt9fX0=
@__swiftmacro_2KM7AppStoreC13settingsStore18ObservationTrackedfMp_.swift:2:32: error: ambiguous use of 'init()'
private  var _settingsStore  = SettingsStore()
                               ^
@__swiftmacro_2KM7AppStoreC13settingsStore10ObservablefMr13_.swift:1:1: note: in expansion of macro 'ObservationTracked' on property 'settingsStore' here
@ObservationTracked
^
@__swiftmacro_2KM7AppStoreC13settingsStore10ObservablefMr13_.swift:1:1: note: in expansion of macro 'ObservationTracked' on property 'settingsStore' here
@ObservationTracked
^
/Users/constantine/Documents/work/code/projects/km/Sources/Shared/Services/Storage/SettingsStore.swift:20:5: note: found this candidate 
    init() {
    ^
/Users/constantine/Documents/work/code/projects/km/Sources/Shared/Services/Storage/SettingsStore.swift:85:5: note: found this candidate 
    init() {}
    ^
eyJibHVlcHJpbnRfYmx1ZXByaW50SWRlbnRpZmllciI6IkdSREJfR1JEQiIsImJsdWVwcmludF9wcm92aWRlckZpbGVQYXRoU3RyaW5nIjoiXC9Vc2Vyc1wvY29uc3RhbnRpbmVcL0xpYnJhcnlcL0RldmVsb3BlclwvWGNvZGVcL0Rlcml2ZWREYXRhXC9LTS1kdW1xbG9veG5jemdpZWJoZGhtd3lsZmR6bHBxXC9Tb3VyY2VQYWNrYWdlc1wvY2hlY2tvdXRzXC9HUkRCLnN3aWZ0IiwidHlwZSI6eyJibHVlcHJpbnQiOnt9fX0=
@__swiftmacro_2KM7AppStoreC13settingsStore18ObservationTrackedfMp_.swift:2:32: error: ambiguous use of 'init()'
private  var _settingsStore  = SettingsStore()
                               ^
@__swiftmacro_2KM7AppStoreC13settingsStore10ObservablefMr13_.swift:1:1: note: in expansion of macro 'ObservationTracked' on property 'settingsStore' here
@ObservationTracked
^
@__swiftmacro_2KM7AppStoreC13settingsStore10ObservablefMr13_.swift:1:1: note: in expansion of macro 'ObservationTracked' on property 'settingsStore' here
@ObservationTracked
^
/Users/constantine/Documents/work/code/projects/km/Sources/Shared/Services/Storage/SettingsStore.swift:20:5: note: found this candidate 
    init() {
    ^
/Users/constantine/Documents/work/code/projects/km/Sources/Shared/Services/Storage/SettingsStore.swift:85:5: note: found this candidate 
    init() {}
    ^
eyJibHVlcHJpbnRfYmx1ZXByaW50SWRlbnRpZmllciI6IkdSREJfR1JEQiIsImJsdWVwcmludF9wcm92aWRlckZpbGVQYXRoU3RyaW5nIjoiXC9Vc2Vyc1wvY29uc3RhbnRpbmVcL0xpYnJhcnlcL0RldmVsb3BlclwvWGNvZGVcL0Rlcml2ZWREYXRhXC9LTS1kdW1xbG9veG5jemdpZWJoZGhtd3lsZmR6bHBxXC9Tb3VyY2VQYWNrYWdlc1wvY2hlY2tvdXRzXC9HUkRCLnN3aWZ0IiwidHlwZSI6eyJibHVlcHJpbnQiOnt9fX0=
@__swiftmacro_2KM7AppStoreC13settingsStore18ObservationTrackedfMp_.swift:2:32: error: ambiguous use of 'init()'
private  var _settingsStore  = SettingsStore()
                               ^
@__swiftmacro_2KM7AppStoreC13settingsStore10ObservablefMr13_.swift:1:1: note: in expansion of macro 'ObservationTracked' on property 'settingsStore' here
@ObservationTracked
^
@__swiftmacro_2KM7AppStoreC13settingsStore10ObservablefMr13_.swift:1:1: note: in expansion of macro 'ObservationTracked' on property 'settingsStore' here
@ObservationTracked
^
/Users/constantine/Documents/work/code/projects/km/Sources/Shared/Services/Storage/SettingsStore.swift:20:5: note: found this candidate 
    init() {
    ^
/Users/constantine/Documents/work/code/projects/km/Sources/Shared/Services/Storage/SettingsStore.swift:85:5: note: found this candidate 
    init() {}
    ^
eyJibHVlcHJpbnRfYmx1ZXByaW50SWRlbnRpZmllciI6IkdSREJfR1JEQiIsImJsdWVwcmludF9wcm92aWRlckZpbGVQYXRoU3RyaW5nIjoiXC9Vc2Vyc1wvY29uc3RhbnRpbmVcL0xpYnJhcnlcL0RldmVsb3BlclwvWGNvZGVcL0Rlcml2ZWREYXRhXC9LTS1kdW1xbG9veG5jemdpZWJoZGhtd3lsZmR6bHBxXC9Tb3VyY2VQYWNrYWdlc1wvY2hlY2tvdXRzXC9HUkRCLnN3aWZ0IiwidHlwZSI6eyJibHVlcHJpbnQiOnt9fX0=
@__swiftmacro_2KM7AppStoreC13settingsStore18ObservationTrackedfMp_.swift:2:32: error: ambiguous use of 'init()'
private  var _settingsStore  = SettingsStore()
                               ^
@__swiftmacro_2KM7AppStoreC13settingsStore10ObservablefMr13_.swift:1:1: note: in expansion of macro 'ObservationTracked' on property 'settingsStore' here
@ObservationTracked
^
@__swiftmacro_2KM7AppStoreC13settingsStore10ObservablefMr13_.swift:1:1: note: in expansion of macro 'ObservationTracked' on property 'settingsStore' here
@ObservationTracked
^
/Users/constantine/Documents/work/code/projects/km/Sources/Shared/Services/Storage/SettingsStore.swift:20:5: note: found this candidate 
    init() {
    ^
/Users/constantine/Documents/work/code/projects/km/Sources/Shared/Services/Storage/SettingsStore.swift:85:5: note: found this candidate 
    init() {}
    ^
eyJibHVlcHJpbnRfYmx1ZXByaW50SWRlbnRpZmllciI6IkdSREJfR1JEQiIsImJsdWVwcmludF9wcm92aWRlckZpbGVQYXRoU3RyaW5nIjoiXC9Vc2Vyc1wvY29uc3RhbnRpbmVcL0xpYnJhcnlcL0RldmVsb3BlclwvWGNvZGVcL0Rlcml2ZWREYXRhXC9LTS1kdW1xbG9veG5jemdpZWJoZGhtd3lsZmR6bHBxXC9Tb3VyY2VQYWNrYWdlc1wvY2hlY2tvdXRzXC9HUkRCLnN3aWZ0IiwidHlwZSI6eyJibHVlcHJpbnQiOnt9fX0=
@__swiftmacro_2KM7AppStoreC13settingsStore18ObservationTrackedfMp_.swift:2:32: error: ambiguous use of 'init()'
private  var _settingsStore  = SettingsStore()
                               ^
@__swiftmacro_2KM7AppStoreC13settingsStore10ObservablefMr13_.swift:1:1: note: in expansion of macro 'ObservationTracked' on property 'settingsStore' here
@ObservationTracked
^
@__swiftmacro_2KM7AppStoreC13settingsStore10ObservablefMr13_.swift:1:1: note: in expansion of macro 'ObservationTracked' on property 'settingsStore' here
@ObservationTracked
^
/Users/constantine/Documents/work/code/projects/km/Sources/Shared/Services/Storage/SettingsStore.swift:20:5: note: found this candidate 
    init() {
    ^
/Users/constantine/Documents/work/code/projects/km/Sources/Shared/Services/Storage/SettingsStore.swift:85:5: note: found this candidate 
    init() {}
    ^
eyJibHVlcHJpbnRfYmx1ZXByaW50SWRlbnRpZmllciI6IkdSREJfR1JEQiIsImJsdWVwcmludF9wcm92aWRlckZpbGVQYXRoU3RyaW5nIjoiXC9Vc2Vyc1wvY29uc3RhbnRpbmVcL0xpYnJhcnlcL0RldmVsb3BlclwvWGNvZGVcL0Rlcml2ZWREYXRhXC9LTS1kdW1xbG9veG5jemdpZWJoZGhtd3lsZmR6bHBxXC9Tb3VyY2VQYWNrYWdlc1wvY2hlY2tvdXRzXC9HUkRCLnN3aWZ0IiwidHlwZSI6eyJibHVlcHJpbnQiOnt9fX0=
@__swiftmacro_2KM7AppStoreC13settingsStore18ObservationTrackedfMp_.swift:2:32: error: ambiguous use of 'init()'
private  var _settingsStore  = SettingsStore()
                               ^
@__swiftmacro_2KM7AppStoreC13settingsStore10ObservablefMr13_.swift:1:1: note: in expansion of macro 'ObservationTracked' on property 'settingsStore' here
@ObservationTracked
^
@__swiftmacro_2KM7AppStoreC13settingsStore10ObservablefMr13_.swift:1:1: note: in expansion of macro 'ObservationTracked' on property 'settingsStore' here
@ObservationTracked
^
/Users/constantine/Documents/work/code/projects/km/Sources/Shared/Services/Storage/SettingsStore.swift:20:5: note: found this candidate 
    init() {
    ^
/Users/constantine/Documents/work/code/projects/km/Sources/Shared/Services/Storage/SettingsStore.swift:85:5: note: found this candidate 
    init() {}
    ^
eyJibHVlcHJpbnRfYmx1ZXByaW50SWRlbnRpZmllciI6IkdSREJfR1JEQiIsImJsdWVwcmludF9wcm92aWRlckZpbGVQYXRoU3RyaW5nIjoiXC9Vc2Vyc1wvY29uc3RhbnRpbmVcL0xpYnJhcnlcL0RldmVsb3BlclwvWGNvZGVcL0Rlcml2ZWREYXRhXC9LTS1kdW1xbG9veG5jemdpZWJoZGhtd3lsZmR6bHBxXC9Tb3VyY2VQYWNrYWdlc1wvY2hlY2tvdXRzXC9HUkRCLnN3aWZ0IiwidHlwZSI6eyJibHVlcHJpbnQiOnt9fX0=
Failed frontend command:
/Applications/Xcode.app/Contents/Developer/Toolchains/XcodeDefault.xctoolchain/usr/bin/swift-frontend -frontend -c -filelist /Users/constantine/Library/Developer/Xcode/DerivedData/KM-dumqlooxnczgiebhdhmwylfdzlpq/Build/Intermediates.noindex/KM.build/Debug-iphonesimulator/KM.build/Objects-normal/x86_64/sources-2 -primary-file /Users/constantine/Documents/work/code/projects/km/Sources/Shared/Views/Components/AIPulseIndicator.swift -primary-file /Users/constantine/Documents/work/code/projects/km/Sources/Shared/Services/AI/AISynthesisService.swift -primary-file /Users/constantine/Documents/work/code/projects/km/Sources/Shared/Services/Storage/AIWorkflowStore.swift -primary-file /Users/constantine/Documents/work/code/projects/km/Sources/Shared/Services/Infrastructure/AccessibilityService.swift -primary-file /Users/constantine/Documents/work/code/projects/km/Sources/Shared/Services/System/ActivityService.swift -primary-file /Users/constantine/Documents/work/code/projects/km/Sources/Shared/Views/Components/AdaptiveSidebarView.swift -primary-file /Users/constantine/Documents/work/code/projects/km/Sources/Shared/Models/AppConfig.swift -primary-file /Users/constantine/Documents/work/code/projects/km/Sources/Shared/Services/Infrastructure/AppNotifications.swift -primary-file /Users/constantine/Documents/work/code/projects/km/Sources/Shared/Services/Infrastructure/AppRouter.swift -primary-file /Users/constantine/Documents/work/code/projects/km/Sources/Shared/Services/Infrastructure/AppTab.swift -primary-file /Users/constantine/Documents/work/code/projects/km/Sources/Shared/Models/AsyncStatus.swift -supplementary-output-file-map /Users/constantine/Library/Developer/Xcode/DerivedData/KM-dumqlooxnczgiebhdhmwylfdzlpq/Build/Intermediates.noindex/KM.build/Debug-iphonesimulator/KM.build/Objects-normal/x86_64/supplementaryOutputs-1 -target x86_64-apple-ios17.0-simulator -module-can-import-version DeveloperToolsSupport 23.40.26 23.40.26 -module-can-import MachO -module-can-import-version UIKit 9126.4.27.1 9126.4.27 -module-can-import-version WatchConnectivity 222.0.0 222.0.0 -disable-cross-import-overlay-search -swift-module-cross-import AppIntents /Applications/Xcode.app/Contents/Developer/Platforms/iPhoneSimulator.platform/Developer/SDKs/iPhoneSimulator.sdk/System/Library/Frameworks/AppIntents.framework/Modules/AppIntents.swiftcrossimport/SwiftUI.swiftoverlay -swift-module-cross-import AppIntents /Applications/Xcode.app/Contents/Developer/Platforms/iPhoneSimulator.platform/Developer/SDKs/iPhoneSimulator.sdk/System/Library/Frameworks/AppIntents.framework/Modules/AppIntents.swiftcrossimport/UIKit.swiftoverlay -swift-module-cross-import AppIntents /Applications/Xcode.app/Contents/Developer/Platforms/iPhoneSimulator.platform/Developer/SDKs/iPhoneSimulator26.4.sdk/System/Library/Frameworks/AppIntents.framework/Modules/AppIntents.swiftcrossimport/SwiftUI.swiftoverlay -swift-module-cross-import AppIntents /Applications/Xcode.app/Contents/Developer/Platforms/iPhoneSimulator.platform/Developer/SDKs/iPhoneSimulator26.4.sdk/System/Library/Frameworks/AppIntents.framework/Modules/AppIntents.swiftcrossimport/UIKit.swiftoverlay -swift-module-cross-import PhotosUI /Applications/Xcode.app/Contents/Developer/Platforms/iPhoneSimulator.platform/Developer/SDKs/iPhoneSimulator.sdk/System/Library/Frameworks/PhotosUI.framework/Modules/PhotosUI.swiftcrossimport/SwiftUI.swiftoverlay -swift-module-cross-import PhotosUI /Applications/Xcode.app/Contents/Developer/Platforms/iPhoneSimulator.platform/Developer/SDKs/iPhoneSimulator.sdk/System/Library/Frameworks/PhotosUI.framework/Modules/PhotosUI.swiftcrossimport/WidgetKit.swiftoverlay -swift-module-cross-import PhotosUI /Applications/Xcode.app/Contents/Developer/Platforms/iPhoneSimulator.platform/Developer/SDKs/iPhoneSimulator26.4.sdk/System/Library/Frameworks/PhotosUI.framework/Modules/PhotosUI.swiftcrossimport/SwiftUI.swiftoverlay -swift-module-cross-import PhotosUI /Applications/Xcode.app/Contents/Developer/Platforms/iPhoneSimulator.platform/Developer/SDKs/iPhoneSimulator26.4.sdk/System/Library/Frameworks/PhotosUI.framework/Modules/PhotosUI.swiftcrossimport/WidgetKit.swiftoverlay -swift-module-cross-import RelevanceKit /Applications/Xcode.app/Contents/Developer/Platforms/iPhoneSimulator.platform/Developer/SDKs/iPhoneSimulator.sdk/System/Library/Frameworks/RelevanceKit.framework/Modules/RelevanceKit.swiftcrossimport/MapKit.swiftoverlay -swift-module-cross-import RelevanceKit /Applications/Xcode.app/Contents/Developer/Platforms/iPhoneSimulator.platform/Developer/SDKs/iPhoneSimulator26.4.sdk/System/Library/Frameworks/RelevanceKit.framework/Modules/RelevanceKit.swiftcrossimport/MapKit.swiftoverlay -swift-module-cross-import SceneKit /Applications/Xcode.app/Contents/Developer/Platforms/iPhoneSimulator.platform/Developer/SDKs/iPhoneSimulator.sdk/System/Library/Frameworks/SceneKit.framework/Modules/SceneKit.swiftcrossimport/SwiftUI.swiftoverlay -swift-module-cross-import WebKit /Applications/Xcode.app/Contents/Developer/Platforms/iPhoneSimulator.platform/Developer/SDKs/iPhoneSimulator.sdk/System/Cryptexes/OS/System/Library/Frameworks/WebKit.framework/Modules/WebKit.swiftcrossimport/SwiftUI.swiftoverlay -swift-module-cross-import WebKit /Applications/Xcode.app/Contents/Developer/Platforms/iPhoneSimulator.platform/Developer/SDKs/iPhoneSimulator26.4.sdk/System/Library/Frameworks/WebKit.framework/Modules/WebKit.swiftcrossimport/SwiftUI.swiftoverlay -load-resolved-plugin /Applications/Xcode.app/Contents/Developer/Platforms/iPhoneOS.platform/Developer/usr/lib/swift/host/plugins/libAppIntentsMacros.dylib\#/Applications/Xcode.app/Contents/Developer/Platforms/iPhoneOS.platform/Developer/usr/bin/swift-plugin-server\#AppIntentsMacros -load-resolved-plugin /Applications/Xcode.app/Contents/Developer/Platforms/iPhoneOS.platform/Developer/usr/lib/swift/host/plugins/libFoundationMacros.dylib\#/Applications/Xcode.app/Contents/Developer/Platforms/iPhoneOS.platform/Developer/usr/bin/swift-plugin-server\#FoundationMacros -load-resolved-plugin /Applications/Xcode.app/Contents/Developer/Platforms/iPhoneOS.platform/Developer/usr/lib/swift/host/plugins/libObservationMacros.dylib\#/Applications/Xcode.app/Contents/Developer/Platforms/iPhoneOS.platform/Developer/usr/bin/swift-plugin-server\#ObservationMacros -load-resolved-plugin /Applications/Xcode.app/Contents/Developer/Platforms/iPhoneOS.platform/Developer/usr/lib/swift/host/plugins/libPreviewsMacros.dylib\#/Applications/Xcode.app/Contents/Developer/Platforms/iPhoneOS.platform/Developer/usr/bin/swift-plugin-server\#PreviewsMacros -load-resolved-plugin /Applications/Xcode.app/Contents/Developer/Platforms/iPhoneOS.platform/Developer/usr/lib/swift/host/plugins/libSwiftMacros.dylib\#/Applications/Xcode.app/Contents/Developer/Platforms/iPhoneOS.platform/Developer/usr/bin/swift-plugin-server\#SwiftMacros -load-resolved-plugin /Applications/Xcode.app/Contents/Developer/Platforms/iPhoneOS.platform/Developer/usr/lib/swift/host/plugins/libSwiftUIMacros.dylib\#/Applications/Xcode.app/Contents/Developer/Platforms/iPhoneOS.platform/Developer/usr/bin/swift-plugin-server\#SwiftUIMacros -disable-implicit-swift-modules -Xcc -fno-implicit-modules -Xcc -fno-implicit-module-maps -explicit-swift-module-map-file /Users/constantine/Library/Developer/Xcode/DerivedData/KM-dumqlooxnczgiebhdhmwylfdzlpq/Build/Intermediates.noindex/KM.build/Debug-iphonesimulator/KM.build/Objects-normal/x86_64/KM-dependencies-1.json -debug-module-path /Users/constantine/Library/Developer/Xcode/DerivedData/KM-dumqlooxnczgiebhdhmwylfdzlpq/Build/Intermediates.noindex/KM.build/Debug-iphonesimulator/KM.build/Objects-normal/x86_64/KM.swiftmodule -enable-objc-interop -sdk /Applications/Xcode.app/Contents/Developer/Platforms/iPhoneSimulator.platform/Developer/SDKs/iPhoneSimulator26.4.sdk -I /Users/constantine/Library/Developer/Xcode/DerivedData/KM-dumqlooxnczgiebhdhmwylfdzlpq/Build/Products/Debug-iphonesimulator -F /Users/constantine/Library/Developer/Xcode/DerivedData/KM-dumqlooxnczgiebhdhmwylfdzlpq/Build/Products/Debug-iphonesimulator/PackageFrameworks -F /Users/constantine/Library/Developer/Xcode/DerivedData/KM-dumqlooxnczgiebhdhmwylfdzlpq/Build/Products/Debug-iphonesimulator -no-color-diagnostics -Xcc -fno-color-diagnostics -enable-testing -g -debug-info-format\=dwarf -dwarf-version\=4 -module-cache-path /Users/constantine/Library/Developer/Xcode/DerivedData/KM-dumqlooxnczgiebhdhmwylfdzlpq/Build/Intermediates.noindex/SwiftExplicitPrecompiledModules -swift-version 5 -Onone -D DEBUG -serialize-debugging-options -const-gather-protocols-file /Users/constantine/Library/Developer/Xcode/DerivedData/KM-dumqlooxnczgiebhdhmwylfdzlpq/Build/Intermediates.noindex/KM.build/Debug-iphonesimulator/KM.build/Objects-normal/x86_64/KM_const_extract_protocols.json -enable-upcoming-feature StrictConcurrency -enable-experimental-feature DebugDescriptionMacro -enable-bare-slash-regex -empty-abi-descriptor -validate-clang-modules-once -clang-build-session-file /Users/constantine/Library/Developer/Xcode/DerivedData/ModuleCache.noindex/Session.modulevalidation -Xcc -working-directory -Xcc /Users/constantine/Documents/work/code/projects/km -enable-anonymous-context-mangled-names -file-compilation-dir /Users/constantine/Documents/work/code/projects/km -Xcc -fmodule-map-file\=/Users/constantine/Library/Developer/Xcode/DerivedData/KM-dumqlooxnczgiebhdhmwylfdzlpq/SourcePackages/checkouts/GRDB.swift/Sources/CSQLite/module.modulemap -Xcc -D_LIBCPP_HARDENING_MODE\=_LIBCPP_HARDENING_MODE_DEBUG -Xcc -ivfsstatcache -Xcc /Users/constantine/Library/Developer/Xcode/DerivedData/SDKStatCaches.noindex/iphonesimulator26.4-23E252-686eebb5dc1d8ecb277353a59184f4aa.sdkstatcache -Xcc -I/Users/constantine/Library/Developer/Xcode/DerivedData/KM-dumqlooxnczgiebhdhmwylfdzlpq/Build/Intermediates.noindex/KM.build/Debug-iphonesimulator/KM.build/swift-overrides.hmap -Xcc -iquote -Xcc /Users/constantine/Library/Developer/Xcode/DerivedData/KM-dumqlooxnczgiebhdhmwylfdzlpq/Build/Intermediates.noindex/KM.build/Debug-iphonesimulator/KM.build/KM-generated-files.hmap -Xcc -I/Users/constantine/Library/Developer/Xcode/DerivedData/KM-dumqlooxnczgiebhdhmwylfdzlpq/Build/Intermediates.noindex/KM.build/Debug-iphonesimulator/KM.build/KM-own-target-headers.hmap -Xcc -I/Users/constantine/Library/Developer/Xcode/DerivedData/KM-dumqlooxnczgiebhdhmwylfdzlpq/Build/Intermediates.noindex/KM.build/Debug-iphonesimulator/KM.build/KM-all-non-framework-target-headers.hmap -Xcc -ivfsoverlay -Xcc /Users/constantine/Library/Developer/Xcode/DerivedData/KM-dumqlooxnczgiebhdhmwylfdzlpq/Build/Intermediates.noindex/KM.build/Debug-iphonesimulator/KM-05e6cc8c0e79676be58e6679ba008eb7-VFS-iphonesimulator/all-product-headers.yaml -Xcc -iquote -Xcc /Users/constantine/Library/Developer/Xcode/DerivedData/KM-dumqlooxnczgiebhdhmwylfdzlpq/Build/Intermediates.noindex/KM.build/Debug-iphonesimulator/KM.build/KM-project-headers.hmap -Xcc -I/Users/constantine/Library/Developer/Xcode/DerivedData/KM-dumqlooxnczgiebhdhmwylfdzlpq/Build/Products/Debug-iphonesimulator/include -Xcc -I/Users/constantine/Library/Developer/Xcode/DerivedData/KM-dumqlooxnczgiebhdhmwylfdzlpq/Build/Intermediates.noindex/KM.build/Debug-iphonesimulator/KM.build/DerivedSources-normal/x86_64 -Xcc -I/Users/constantine/Library/Developer/Xcode/DerivedData/KM-dumqlooxnczgiebhdhmwylfdzlpq/Build/Intermediates.noindex/KM.build/Debug-iphonesimulator/KM.build/DerivedSources/x86_64 -Xcc -I/Users/constantine/Library/Developer/Xcode/DerivedData/KM-dumqlooxnczgiebhdhmwylfdzlpq/Build/Intermediates.noindex/KM.build/Debug-iphonesimulator/KM.build/DerivedSources -Xcc -DDEBUG\=1 -no-auto-bridging-header-chaining -module-name KM -frontend-parseable-output -disable-clang-spi -clang-target x86_64-apple-ios26.4-simulator -target-sdk-version 26.4 -target-sdk-name iphonesimulator26.4 -in-process-plugin-server-path /Applications/Xcode.app/Contents/Developer/Toolchains/XcodeDefault.xctoolchain/usr/lib/swift/host/libSwiftInProcPluginServer.dylib -o /Users/constantine/Library/Developer/Xcode/DerivedData/KM-dumqlooxnczgiebhdhmwylfdzlpq/Build/Intermediates.noindex/KM.build/Debug-iphonesimulator/KM.build/Objects-normal/x86_64/AIPulseIndicator.o -o /Users/constantine/Library/Developer/Xcode/DerivedData/KM-dumqlooxnczgiebhdhmwylfdzlpq/Build/Intermediates.noindex/KM.build/Debug-iphonesimulator/KM.build/Objects-normal/x86_64/AISynthesisService.o -o /Users/constantine/Library/Developer/Xcode/DerivedData/KM-dumqlooxnczgiebhdhmwylfdzlpq/Build/Intermediates.noindex/KM.build/Debug-iphonesimulator/KM.build/Objects-normal/x86_64/AIWorkflowStore.o -o /Users/constantine/Library/Developer/Xcode/DerivedData/KM-dumqlooxnczgiebhdhmwylfdzlpq/Build/Intermediates.noindex/KM.build/Debug-iphonesimulator/KM.build/Objects-normal/x86_64/AccessibilityService.o -o /Users/constantine/Library/Developer/Xcode/DerivedData/KM-dumqlooxnczgiebhdhmwylfdzlpq/Build/Intermediates.noindex/KM.build/Debug-iphonesimulator/KM.build/Objects-normal/x86_64/ActivityService.o -o /Users/constantine/Library/Developer/Xcode/DerivedData/KM-dumqlooxnczgiebhdhmwylfdzlpq/Build/Intermediates.noindex/KM.build/Debug-iphonesimulator/KM.build/Objects-normal/x86_64/AdaptiveSidebarView.o -o /Users/constantine/Library/Developer/Xcode/DerivedData/KM-dumqlooxnczgiebhdhmwylfdzlpq/Build/Intermediates.noindex/KM.build/Debug-iphonesimulator/KM.build/Objects-normal/x86_64/AppConfig.o -o /Users/constantine/Library/Developer/Xcode/DerivedData/KM-dumqlooxnczgiebhdhmwylfdzlpq/Build/Intermediates.noindex/KM.build/Debug-iphonesimulator/KM.build/Objects-normal/x86_64/AppNotifications.o -o /Users/constantine/Library/Developer/Xcode/DerivedData/KM-dumqlooxnczgiebhdhmwylfdzlpq/Build/Intermediates.noindex/KM.build/Debug-iphonesimulator/KM.build/Objects-normal/x86_64/AppRouter.o -o /Users/constantine/Library/Developer/Xcode/DerivedData/KM-dumqlooxnczgiebhdhmwylfdzlpq/Build/Intermediates.noindex/KM.build/Debug-iphonesimulator/KM.build/Objects-normal/x86_64/AppTab.o -o /Users/constantine/Library/Developer/Xcode/DerivedData/KM-dumqlooxnczgiebhdhmwylfdzlpq/Build/Intermediates.noindex/KM.build/Debug-iphonesimulator/KM.build/Objects-normal/x86_64/AsyncStatus.o -index-unit-output-path /KM.build/Debug-iphonesimulator/KM.build/Objects-normal/x86_64/AIPulseIndicator.o -index-unit-output-path /KM.build/Debug-iphonesimulator/KM.build/Objects-normal/x86_64/AISynthesisService.o -index-unit-output-path /KM.build/Debug-iphonesimulator/KM.build/Objects-normal/x86_64/AIWorkflowStore.o -index-unit-output-path /KM.build/Debug-iphonesimulator/KM.build/Objects-normal/x86_64/AccessibilityService.o -index-unit-output-path /KM.build/Debug-iphonesimulator/KM.build/Objects-normal/x86_64/ActivityService.o -index-unit-output-path /KM.build/Debug-iphonesimulator/KM.build/Objects-normal/x86_64/AdaptiveSidebarView.o -index-unit-output-path /KM.build/Debug-iphonesimulator/KM.build/Objects-normal/x86_64/AppConfig.o -index-unit-output-path /KM.build/Debug-iphonesimulator/KM.build/Objects-normal/x86_64/AppNotifications.o -index-unit-output-path /KM.build/Debug-iphonesimulator/KM.build/Objects-normal/x86_64/AppRouter.o -index-unit-output-path /KM.build/Debug-iphonesimulator/KM.build/Objects-normal/x86_64/AppTab.o -index-unit-output-path /KM.build/Debug-iphonesimulator/KM.build/Objects-normal/x86_64/AsyncStatus.o -index-store-path /Users/constantine/Library/Developer/Xcode/DerivedData/KM-dumqlooxnczgiebhdhmwylfdzlpq/Index.noindex/DataStore -index-system-modules
** BUILD FAILED **

