Command line invocation:
    /Applications/Xcode.app/Contents/Developer/usr/bin/xcodebuild build -project ZhiYu.xcodeproj -scheme ZhiYuMac -destination platform=macOS CODE_SIGNING_ALLOWED=NO CODE_SIGNING_REQUIRED=NO

Build settings from command line:
    CODE_SIGNING_ALLOWED = NO
    CODE_SIGNING_REQUIRED = NO

Resolve Package Graph


Resolved source packages:
  GRDB: https://github.com/groue/GRDB.swift.git @ 6.29.3
  swift-snapshot-testing: https://github.com/pointfreeco/swift-snapshot-testing @ 1.19.2
  swift-custom-dump: https://github.com/pointfreeco/swift-custom-dump @ 1.5.0
  xctest-dynamic-overlay: https://github.com/pointfreeco/xctest-dynamic-overlay @ 1.9.0
  swift-syntax: https://github.com/swiftlang/swift-syntax @ 603.0.1

--- xcodebuild: WARNING: Using the first of multiple matching destinations:
{ platform:macOS, arch:arm64, variant:Mac Catalyst, id:00006050-001A48A90CD1401C, name:My Mac }
{ platform:macOS, arch:x86_64, variant:Mac Catalyst, id:00006050-001A48A90CD1401C, name:My Mac }
{ platform:macOS, arch:arm64, variant:Designed for [iPad,iPhone], id:00006050-001A48A90CD1401C, name:My Mac }
ComputePackagePrebuildTargetDependencyGraph

Prepare packages

CreateBuildRequest

SendProjectDescription

CreateBuildOperation

ComputeTargetDependencyGraph
note: Building targets in dependency order
note: Target dependency graph (5 targets)
    Target 'ZhiYuMac' in project 'ZhiYu'
        ➜ Explicit dependency on target 'GRDB' in project 'GRDB'
    Target 'GRDB' in project 'GRDB'
        ➜ Explicit dependency on target 'GRDB' in project 'GRDB'
        ➜ Explicit dependency on target 'GRDB_GRDB' in project 'GRDB'
    Target 'GRDB' in project 'GRDB'
        ➜ Explicit dependency on target 'GRDB_GRDB' in project 'GRDB'
        ➜ Explicit dependency on target 'CSQLite' in project 'GRDB'
    Target 'CSQLite' in project 'GRDB' (no dependencies)
    Target 'GRDB_GRDB' in project 'GRDB' (no dependencies)

GatherProvisioningInputs

CreateBuildDescription

ExecuteExternalTool /Applications/Xcode.app/Contents/Developer/Toolchains/XcodeDefault.xctoolchain/usr/bin/clang -v -E -dM -isysroot /Applications/Xcode.app/Contents/Developer/Platforms/MacOSX.platform/Developer/SDKs/MacOSX26.4.sdk -x c -c /dev/null

ExecuteExternalTool /Applications/Xcode.app/Contents/Developer/usr/bin/xcstringstool compile --dry-run --output-directory /Users/constantine/Library/Developer/Xcode/DerivedData/ZhiYu-ahhasqosjhnjphavyaflyigbvjqi/Build/Intermediates.noindex/ZhiYu.build/Debug-maccatalyst/ZhiYuMac.build /Users/constantine/Documents/work/code/projects/ZhiYu/Sources/Localization/AITasks.xcstrings

ExecuteExternalTool /Applications/Xcode.app/Contents/Developer/Toolchains/XcodeDefault.xctoolchain/usr/bin/swiftc --version

ExecuteExternalTool /Applications/Xcode.app/Contents/Developer/usr/bin/actool --version --output-format xml1

ExecuteExternalTool /Applications/Xcode.app/Contents/Developer/usr/bin/xcstringstool compile --dry-run --output-directory /Users/constantine/Library/Developer/Xcode/DerivedData/ZhiYu-ahhasqosjhnjphavyaflyigbvjqi/Build/Intermediates.noindex/ZhiYu.build/Debug-maccatalyst/ZhiYuMac.build /Users/constantine/Documents/work/code/projects/ZhiYu/Sources/Localization/Accessibility.xcstrings

ExecuteExternalTool /Applications/Xcode.app/Contents/Developer/usr/bin/xcstringstool compile --dry-run --output-directory /Users/constantine/Library/Developer/Xcode/DerivedData/ZhiYu-ahhasqosjhnjphavyaflyigbvjqi/Build/Intermediates.noindex/ZhiYu.build/Debug-maccatalyst/ZhiYuMac.build /Users/constantine/Documents/work/code/projects/ZhiYu/Sources/Localization/Actions.xcstrings

ExecuteExternalTool /Applications/Xcode.app/Contents/Developer/usr/bin/xcstringstool compile --dry-run --output-directory /Users/constantine/Library/Developer/Xcode/DerivedData/ZhiYu-ahhasqosjhnjphavyaflyigbvjqi/Build/Intermediates.noindex/ZhiYu.build/Debug-maccatalyst/ZhiYuMac.build /Users/constantine/Documents/work/code/projects/ZhiYu/Sources/Localization/Backup.xcstrings

ExecuteExternalTool /Applications/Xcode.app/Contents/Developer/usr/bin/xcstringstool compile --dry-run --output-directory /Users/constantine/Library/Developer/Xcode/DerivedData/ZhiYu-ahhasqosjhnjphavyaflyigbvjqi/Build/Intermediates.noindex/ZhiYu.build/Debug-maccatalyst/ZhiYuMac.build /Users/constantine/Documents/work/code/projects/ZhiYu/Sources/Localization/Chat.xcstrings

ExecuteExternalTool /Applications/Xcode.app/Contents/Developer/usr/bin/xcstringstool compile --dry-run --output-directory /Users/constantine/Library/Developer/Xcode/DerivedData/ZhiYu-ahhasqosjhnjphavyaflyigbvjqi/Build/Intermediates.noindex/ZhiYu.build/Debug-maccatalyst/ZhiYuMac.build /Users/constantine/Documents/work/code/projects/ZhiYu/Sources/Localization/Coachmark.xcstrings

ExecuteExternalTool /Applications/Xcode.app/Contents/Developer/usr/bin/xcstringstool compile --dry-run --output-directory /Users/constantine/Library/Developer/Xcode/DerivedData/ZhiYu-ahhasqosjhnjphavyaflyigbvjqi/Build/Intermediates.noindex/ZhiYu.build/Debug-maccatalyst/ZhiYuMac.build /Users/constantine/Documents/work/code/projects/ZhiYu/Sources/Localization/Collaboration.xcstrings

ExecuteExternalTool /Applications/Xcode.app/Contents/Developer/usr/bin/xcstringstool compile --dry-run --output-directory /Users/constantine/Library/Developer/Xcode/DerivedData/ZhiYu-ahhasqosjhnjphavyaflyigbvjqi/Build/Intermediates.noindex/ZhiYu.build/Debug-maccatalyst/ZhiYuMac.build /Users/constantine/Documents/work/code/projects/ZhiYu/Sources/Localization/Common.xcstrings

ExecuteExternalTool /Applications/Xcode.app/Contents/Developer/usr/bin/xcstringstool compile --dry-run --output-directory /Users/constantine/Library/Developer/Xcode/DerivedData/ZhiYu-ahhasqosjhnjphavyaflyigbvjqi/Build/Intermediates.noindex/ZhiYu.build/Debug-maccatalyst/ZhiYuMac.build /Users/constantine/Documents/work/code/projects/ZhiYu/Sources/Localization/Components.xcstrings

ExecuteExternalTool /Applications/Xcode.app/Contents/Developer/usr/bin/xcstringstool compile --dry-run --output-directory /Users/constantine/Library/Developer/Xcode/DerivedData/ZhiYu-ahhasqosjhnjphavyaflyigbvjqi/Build/Intermediates.noindex/ZhiYu.build/Debug-maccatalyst/ZhiYuMac.build /Users/constantine/Documents/work/code/projects/ZhiYu/Sources/Localization/CoreModels.xcstrings

ExecuteExternalTool /Applications/Xcode.app/Contents/Developer/Toolchains/XcodeDefault.xctoolchain/usr/bin/ld -version_details

ExecuteExternalTool /Applications/Xcode.app/Contents/Developer/usr/bin/xcstringstool compile --dry-run --output-directory /Users/constantine/Library/Developer/Xcode/DerivedData/ZhiYu-ahhasqosjhnjphavyaflyigbvjqi/Build/Intermediates.noindex/ZhiYu.build/Debug-maccatalyst/ZhiYuMac.build /Users/constantine/Documents/work/code/projects/ZhiYu/Sources/Localization/Creation.xcstrings

ReadFileContents /Applications/Xcode.app/Contents/Developer/Toolchains/XcodeDefault.xctoolchain/usr/share/docc/features.json

ExecuteExternalTool /Applications/Xcode.app/Contents/Developer/usr/bin/xcstringstool compile --dry-run --output-directory /Users/constantine/Library/Developer/Xcode/DerivedData/ZhiYu-ahhasqosjhnjphavyaflyigbvjqi/Build/Intermediates.noindex/ZhiYu.build/Debug-maccatalyst/ZhiYuMac.build /Users/constantine/Documents/work/code/projects/ZhiYu/Sources/Localization/Dashboard.xcstrings

ExecuteExternalTool /Applications/Xcode.app/Contents/Developer/usr/bin/xcstringstool compile --dry-run --output-directory /Users/constantine/Library/Developer/Xcode/DerivedData/ZhiYu-ahhasqosjhnjphavyaflyigbvjqi/Build/Intermediates.noindex/ZhiYu.build/Debug-maccatalyst/ZhiYuMac.build /Users/constantine/Documents/work/code/projects/ZhiYu/Sources/Localization/Editor.xcstrings

ExecuteExternalTool /Applications/Xcode.app/Contents/Developer/usr/bin/xcstringstool compile --dry-run --output-directory /Users/constantine/Library/Developer/Xcode/DerivedData/ZhiYu-ahhasqosjhnjphavyaflyigbvjqi/Build/Intermediates.noindex/ZhiYu.build/Debug-maccatalyst/ZhiYuMac.build /Users/constantine/Documents/work/code/projects/ZhiYu/Sources/Localization/Graph.xcstrings

ExecuteExternalTool /Applications/Xcode.app/Contents/Developer/usr/bin/xcstringstool compile --dry-run --output-directory /Users/constantine/Library/Developer/Xcode/DerivedData/ZhiYu-ahhasqosjhnjphavyaflyigbvjqi/Build/Intermediates.noindex/ZhiYu.build/Debug-maccatalyst/ZhiYuMac.build /Users/constantine/Documents/work/code/projects/ZhiYu/Sources/Localization/ICloud.xcstrings

ExecuteExternalTool /Applications/Xcode.app/Contents/Developer/usr/bin/xcstringstool compile --dry-run --output-directory /Users/constantine/Library/Developer/Xcode/DerivedData/ZhiYu-ahhasqosjhnjphavyaflyigbvjqi/Build/Intermediates.noindex/ZhiYu.build/Debug-maccatalyst/ZhiYuMac.build /Users/constantine/Documents/work/code/projects/ZhiYu/Sources/Localization/InfoPlist.xcstrings

ExecuteExternalTool /Applications/Xcode.app/Contents/Developer/usr/bin/xcstringstool compile --dry-run --output-directory /Users/constantine/Library/Developer/Xcode/DerivedData/ZhiYu-ahhasqosjhnjphavyaflyigbvjqi/Build/Intermediates.noindex/ZhiYu.build/Debug-maccatalyst/ZhiYuMac.build /Users/constantine/Documents/work/code/projects/ZhiYu/Sources/Localization/Ingest.xcstrings

ExecuteExternalTool /Applications/Xcode.app/Contents/Developer/usr/bin/xcstringstool compile --dry-run --output-directory /Users/constantine/Library/Developer/Xcode/DerivedData/ZhiYu-ahhasqosjhnjphavyaflyigbvjqi/Build/Intermediates.noindex/ZhiYu.build/Debug-maccatalyst/ZhiYuMac.build /Users/constantine/Documents/work/code/projects/ZhiYu/Sources/Localization/Lint.xcstrings

ExecuteExternalTool /Applications/Xcode.app/Contents/Developer/usr/bin/xcstringstool compile --dry-run --output-directory /Users/constantine/Library/Developer/Xcode/DerivedData/ZhiYu-ahhasqosjhnjphavyaflyigbvjqi/Build/Intermediates.noindex/ZhiYu.build/Debug-maccatalyst/ZhiYuMac.build /Users/constantine/Documents/work/code/projects/ZhiYu/Sources/Localization/Localizable.xcstrings

ExecuteExternalTool /Applications/Xcode.app/Contents/Developer/usr/bin/xcstringstool compile --dry-run --output-directory /Users/constantine/Library/Developer/Xcode/DerivedData/ZhiYu-ahhasqosjhnjphavyaflyigbvjqi/Build/Intermediates.noindex/ZhiYu.build/Debug-maccatalyst/ZhiYuMac.build /Users/constantine/Documents/work/code/projects/ZhiYu/Sources/Localization/Schema.xcstrings

ExecuteExternalTool /Applications/Xcode.app/Contents/Developer/usr/bin/xcstringstool compile --dry-run --output-directory /Users/constantine/Library/Developer/Xcode/DerivedData/ZhiYu-ahhasqosjhnjphavyaflyigbvjqi/Build/Intermediates.noindex/ZhiYu.build/Debug-maccatalyst/ZhiYuMac.build /Users/constantine/Documents/work/code/projects/ZhiYu/Sources/Localization/Settings.xcstrings

ExecuteExternalTool /Applications/Xcode.app/Contents/Developer/usr/bin/xcstringstool compile --dry-run --output-directory /Users/constantine/Library/Developer/Xcode/DerivedData/ZhiYu-ahhasqosjhnjphavyaflyigbvjqi/Build/Intermediates.noindex/ZhiYu.build/Debug-maccatalyst/ZhiYuMac.build /Users/constantine/Documents/work/code/projects/ZhiYu/Sources/Localization/Transfer.xcstrings

ExecuteExternalTool /Applications/Xcode.app/Contents/Developer/usr/bin/xcstringstool compile --dry-run --output-directory /Users/constantine/Library/Developer/Xcode/DerivedData/ZhiYu-ahhasqosjhnjphavyaflyigbvjqi/Build/Intermediates.noindex/ZhiYu.build/Debug-maccatalyst/ZhiYuMac.build /Users/constantine/Documents/work/code/projects/ZhiYu/Sources/Localization/Watch.xcstrings

ExecuteExternalTool /Applications/Xcode.app/Contents/Developer/usr/bin/xcstringstool compile --dry-run --output-directory /Users/constantine/Library/Developer/Xcode/DerivedData/ZhiYu-ahhasqosjhnjphavyaflyigbvjqi/Build/Intermediates.noindex/ZhiYu.build/Debug-maccatalyst/ZhiYuMac.build /Users/constantine/Documents/work/code/projects/ZhiYu/Sources/Localization/Widget.xcstrings

Build description signature: 76a461cb8c4210d64dc72e83e39130d4
Build description path: /Users/constantine/Library/Developer/Xcode/DerivedData/ZhiYu-ahhasqosjhnjphavyaflyigbvjqi/Build/Intermediates.noindex/XCBuildData/76a461cb8c4210d64dc72e83e39130d4.xcbuilddata
ClangStatCache /Applications/Xcode.app/Contents/Developer/Toolchains/XcodeDefault.xctoolchain/usr/bin/clang-stat-cache /Applications/Xcode.app/Contents/Developer/Platforms/MacOSX.platform/Developer/SDKs/MacOSX26.4.sdk /Users/constantine/Library/Developer/Xcode/DerivedData/SDKStatCaches.noindex/macosx26.4-25E251-688ef53f1462e2c8f657fdc38a81448f30f9ca8789b706f8bd3fc906a70d770f.sdkstatcache
    cd /Users/constantine/Documents/work/code/projects/ZhiYu/ZhiYu.xcodeproj
    /Applications/Xcode.app/Contents/Developer/Toolchains/XcodeDefault.xctoolchain/usr/bin/clang-stat-cache /Applications/Xcode.app/Contents/Developer/Platforms/MacOSX.platform/Developer/SDKs/MacOSX26.4.sdk -o /Users/constantine/Library/Developer/Xcode/DerivedData/SDKStatCaches.noindex/macosx26.4-25E251-688ef53f1462e2c8f657fdc38a81448f30f9ca8789b706f8bd3fc906a70d770f.sdkstatcache

ProcessInfoPlistFile /Users/constantine/Library/Developer/Xcode/DerivedData/ZhiYu-ahhasqosjhnjphavyaflyigbvjqi/Build/Products/Debug-maccatalyst/GRDB_GRDB.bundle/Contents/Info.plist /Users/constantine/Library/Developer/Xcode/DerivedData/ZhiYu-ahhasqosjhnjphavyaflyigbvjqi/Build/Intermediates.noindex/GRDB.build/Debug-maccatalyst/GRDB_GRDB.build/empty-GRDB_GRDB.plist (in target 'GRDB_GRDB' from project 'GRDB')
    cd /Users/constantine/Library/Developer/Xcode/DerivedData/ZhiYu-ahhasqosjhnjphavyaflyigbvjqi/SourcePackages/checkouts/GRDB.swift
    builtin-infoPlistUtility /Users/constantine/Library/Developer/Xcode/DerivedData/ZhiYu-ahhasqosjhnjphavyaflyigbvjqi/Build/Intermediates.noindex/GRDB.build/Debug-maccatalyst/GRDB_GRDB.build/empty-GRDB_GRDB.plist -producttype com.apple.product-type.bundle -expandbuildsettings -platform macosx -o /Users/constantine/Library/Developer/Xcode/DerivedData/ZhiYu-ahhasqosjhnjphavyaflyigbvjqi/Build/Products/Debug-maccatalyst/GRDB_GRDB.bundle/Contents/Info.plist

GenerateAssetSymbols /Users/constantine/Documents/work/code/projects/ZhiYu/Sources/Assets.xcassets (in target 'ZhiYuMac' from project 'ZhiYu')
    cd /Users/constantine/Documents/work/code/projects/ZhiYu
    /Applications/Xcode.app/Contents/Developer/usr/bin/actool /Users/constantine/Documents/work/code/projects/ZhiYu/Sources/Assets.xcassets --compile /Users/constantine/Library/Developer/Xcode/DerivedData/ZhiYu-ahhasqosjhnjphavyaflyigbvjqi/Build/Products/Debug-maccatalyst/ZhiYuMac.app/Contents/Resources --output-format human-readable-text --notices --warnings --export-dependency-info /Users/constantine/Library/Developer/Xcode/DerivedData/ZhiYu-ahhasqosjhnjphavyaflyigbvjqi/Build/Intermediates.noindex/ZhiYu.build/Debug-maccatalyst/ZhiYuMac.build/assetcatalog_dependencies --output-partial-info-plist /Users/constantine/Library/Developer/Xcode/DerivedData/ZhiYu-ahhasqosjhnjphavyaflyigbvjqi/Build/Intermediates.noindex/ZhiYu.build/Debug-maccatalyst/ZhiYuMac.build/assetcatalog_generated_info.plist --app-icon AppIcon --ui-framework-family uikit --enable-on-demand-resources NO --development-region en --target-device ipad --minimum-deployment-target 17.0 --platform macosx --bundle-identifier com.zhiyu.app.mac --generate-swift-asset-symbol-extensions NO --generate-swift-asset-symbols /Users/constantine/Library/Developer/Xcode/DerivedData/ZhiYu-ahhasqosjhnjphavyaflyigbvjqi/Build/Intermediates.noindex/ZhiYu.build/Debug-maccatalyst/ZhiYuMac.build/DerivedSources/GeneratedAssetSymbols.swift --generate-objc-asset-symbols /Users/constantine/Library/Developer/Xcode/DerivedData/ZhiYu-ahhasqosjhnjphavyaflyigbvjqi/Build/Intermediates.noindex/ZhiYu.build/Debug-maccatalyst/ZhiYuMac.build/DerivedSources/GeneratedAssetSymbols.h --generate-asset-symbol-index /Users/constantine/Library/Developer/Xcode/DerivedData/ZhiYu-ahhasqosjhnjphavyaflyigbvjqi/Build/Intermediates.noindex/ZhiYu.build/Debug-maccatalyst/ZhiYuMac.build/DerivedSources/GeneratedAssetSymbols-Index.plist
/* com.apple.actool.document.warnings */
/Users/constantine/Documents/work/code/projects/ZhiYu/Sources/Assets.xcassets:./AppIcon.appiconset/[][universal][1024x1024][][][][][][][][2d][AppIcon.png]: warning: The app icon set "AppIcon" has an unassigned child.
/Users/constantine/Documents/work/code/projects/ZhiYu/Sources/Assets.xcassets:./AppIcon.appiconset/[][universal][1024x1024][][][][][][][][2d][AppIcon.png]: warning: The app icon set "AppIcon" has an unassigned child.
/* com.apple.actool.compilation-results */
/Users/constantine/Library/Developer/Xcode/DerivedData/ZhiYu-ahhasqosjhnjphavyaflyigbvjqi/Build/Intermediates.noindex/ZhiYu.build/Debug-maccatalyst/ZhiYuMac.build/DerivedSources/GeneratedAssetSymbols-Index.plist
/Users/constantine/Library/Developer/Xcode/DerivedData/ZhiYu-ahhasqosjhnjphavyaflyigbvjqi/Build/Intermediates.noindex/ZhiYu.build/Debug-maccatalyst/ZhiYuMac.build/DerivedSources/GeneratedAssetSymbols.h
/Users/constantine/Library/Developer/Xcode/DerivedData/ZhiYu-ahhasqosjhnjphavyaflyigbvjqi/Build/Intermediates.noindex/ZhiYu.build/Debug-maccatalyst/ZhiYuMac.build/DerivedSources/GeneratedAssetSymbols.swift


CompileAssetCatalogVariant thinned /Users/constantine/Library/Developer/Xcode/DerivedData/ZhiYu-ahhasqosjhnjphavyaflyigbvjqi/Build/Products/Debug-maccatalyst/ZhiYuMac.app/Contents/Resources /Users/constantine/Documents/work/code/projects/ZhiYu/Sources/Assets.xcassets (in target 'ZhiYuMac' from project 'ZhiYu')
    cd /Users/constantine/Documents/work/code/projects/ZhiYu
    /Applications/Xcode.app/Contents/Developer/usr/bin/actool /Users/constantine/Documents/work/code/projects/ZhiYu/Sources/Assets.xcassets --compile /Users/constantine/Library/Developer/Xcode/DerivedData/ZhiYu-ahhasqosjhnjphavyaflyigbvjqi/Build/Intermediates.noindex/ZhiYu.build/Debug-maccatalyst/ZhiYuMac.build/assetcatalog_output/thinned --output-format human-readable-text --notices --warnings --export-dependency-info /Users/constantine/Library/Developer/Xcode/DerivedData/ZhiYu-ahhasqosjhnjphavyaflyigbvjqi/Build/Intermediates.noindex/ZhiYu.build/Debug-maccatalyst/ZhiYuMac.build/assetcatalog_dependencies_thinned --output-partial-info-plist /Users/constantine/Library/Developer/Xcode/DerivedData/ZhiYu-ahhasqosjhnjphavyaflyigbvjqi/Build/Intermediates.noindex/ZhiYu.build/Debug-maccatalyst/ZhiYuMac.build/assetcatalog_generated_info.plist_thinned --app-icon AppIcon --ui-framework-family uikit --enable-on-demand-resources NO --development-region en --target-device ipad --minimum-deployment-target 17.0 --platform macosx
/* com.apple.actool.document.warnings */
/Users/constantine/Documents/work/code/projects/ZhiYu/Sources/Assets.xcassets:./AppIcon.appiconset/[][universal][1024x1024][][][][][][][][2d][AppIcon.png]: warning: The app icon set "AppIcon" has an unassigned child.
/Users/constantine/Documents/work/code/projects/ZhiYu/Sources/Assets.xcassets:./AppIcon.appiconset/[][universal][1024x1024][][][][][][][][2d][AppIcon.png]: warning: The app icon set "AppIcon" has an unassigned child.
/* com.apple.actool.compilation-results */
/Users/constantine/Library/Developer/Xcode/DerivedData/ZhiYu-ahhasqosjhnjphavyaflyigbvjqi/Build/Intermediates.noindex/ZhiYu.build/Debug-maccatalyst/ZhiYuMac.build/assetcatalog_generated_info.plist_thinned
/Users/constantine/Library/Developer/Xcode/DerivedData/ZhiYu-ahhasqosjhnjphavyaflyigbvjqi/Build/Intermediates.noindex/ZhiYu.build/Debug-maccatalyst/ZhiYuMac.build/assetcatalog_output/thinned/Assets.car


CompileXCStrings /Users/constantine/Library/Developer/Xcode/DerivedData/ZhiYu-ahhasqosjhnjphavyaflyigbvjqi/Build/Intermediates.noindex/ZhiYu.build/Debug-maccatalyst/ZhiYuMac.build/ /Users/constantine/Documents/work/code/projects/ZhiYu/Sources/Localization/Editor.xcstrings (in target 'ZhiYuMac' from project 'ZhiYu')
    cd /Users/constantine/Documents/work/code/projects/ZhiYu
    /Applications/Xcode.app/Contents/Developer/usr/bin/xcstringstool compile --output-directory /Users/constantine/Library/Developer/Xcode/DerivedData/ZhiYu-ahhasqosjhnjphavyaflyigbvjqi/Build/Intermediates.noindex/ZhiYu.build/Debug-maccatalyst/ZhiYuMac.build /Users/constantine/Documents/work/code/projects/ZhiYu/Sources/Localization/Editor.xcstrings

CompileXCStrings /Users/constantine/Library/Developer/Xcode/DerivedData/ZhiYu-ahhasqosjhnjphavyaflyigbvjqi/Build/Intermediates.noindex/ZhiYu.build/Debug-maccatalyst/ZhiYuMac.build/ /Users/constantine/Documents/work/code/projects/ZhiYu/Sources/Localization/Components.xcstrings (in target 'ZhiYuMac' from project 'ZhiYu')
    cd /Users/constantine/Documents/work/code/projects/ZhiYu
    /Applications/Xcode.app/Contents/Developer/usr/bin/xcstringstool compile --output-directory /Users/constantine/Library/Developer/Xcode/DerivedData/ZhiYu-ahhasqosjhnjphavyaflyigbvjqi/Build/Intermediates.noindex/ZhiYu.build/Debug-maccatalyst/ZhiYuMac.build /Users/constantine/Documents/work/code/projects/ZhiYu/Sources/Localization/Components.xcstrings

CompileXCStrings /Users/constantine/Library/Developer/Xcode/DerivedData/ZhiYu-ahhasqosjhnjphavyaflyigbvjqi/Build/Intermediates.noindex/ZhiYu.build/Debug-maccatalyst/ZhiYuMac.build/ /Users/constantine/Documents/work/code/projects/ZhiYu/Sources/Localization/ICloud.xcstrings (in target 'ZhiYuMac' from project 'ZhiYu')
    cd /Users/constantine/Documents/work/code/projects/ZhiYu
    /Applications/Xcode.app/Contents/Developer/usr/bin/xcstringstool compile --output-directory /Users/constantine/Library/Developer/Xcode/DerivedData/ZhiYu-ahhasqosjhnjphavyaflyigbvjqi/Build/Intermediates.noindex/ZhiYu.build/Debug-maccatalyst/ZhiYuMac.build /Users/constantine/Documents/work/code/projects/ZhiYu/Sources/Localization/ICloud.xcstrings

CompileXCStrings /Users/constantine/Library/Developer/Xcode/DerivedData/ZhiYu-ahhasqosjhnjphavyaflyigbvjqi/Build/Intermediates.noindex/ZhiYu.build/Debug-maccatalyst/ZhiYuMac.build/ /Users/constantine/Documents/work/code/projects/ZhiYu/Sources/Localization/Dashboard.xcstrings (in target 'ZhiYuMac' from project 'ZhiYu')
    cd /Users/constantine/Documents/work/code/projects/ZhiYu
    /Applications/Xcode.app/Contents/Developer/usr/bin/xcstringstool compile --output-directory /Users/constantine/Library/Developer/Xcode/DerivedData/ZhiYu-ahhasqosjhnjphavyaflyigbvjqi/Build/Intermediates.noindex/ZhiYu.build/Debug-maccatalyst/ZhiYuMac.build /Users/constantine/Documents/work/code/projects/ZhiYu/Sources/Localization/Dashboard.xcstrings

CompileXCStrings /Users/constantine/Library/Developer/Xcode/DerivedData/ZhiYu-ahhasqosjhnjphavyaflyigbvjqi/Build/Intermediates.noindex/ZhiYu.build/Debug-maccatalyst/ZhiYuMac.build/ /Users/constantine/Documents/work/code/projects/ZhiYu/Sources/Localization/Transfer.xcstrings (in target 'ZhiYuMac' from project 'ZhiYu')
    cd /Users/constantine/Documents/work/code/projects/ZhiYu
    /Applications/Xcode.app/Contents/Developer/usr/bin/xcstringstool compile --output-directory /Users/constantine/Library/Developer/Xcode/DerivedData/ZhiYu-ahhasqosjhnjphavyaflyigbvjqi/Build/Intermediates.noindex/ZhiYu.build/Debug-maccatalyst/ZhiYuMac.build /Users/constantine/Documents/work/code/projects/ZhiYu/Sources/Localization/Transfer.xcstrings

CompileXCStrings /Users/constantine/Library/Developer/Xcode/DerivedData/ZhiYu-ahhasqosjhnjphavyaflyigbvjqi/Build/Intermediates.noindex/ZhiYu.build/Debug-maccatalyst/ZhiYuMac.build/ /Users/constantine/Documents/work/code/projects/ZhiYu/Sources/Localization/Common.xcstrings (in target 'ZhiYuMac' from project 'ZhiYu')
    cd /Users/constantine/Documents/work/code/projects/ZhiYu
    /Applications/Xcode.app/Contents/Developer/usr/bin/xcstringstool compile --output-directory /Users/constantine/Library/Developer/Xcode/DerivedData/ZhiYu-ahhasqosjhnjphavyaflyigbvjqi/Build/Intermediates.noindex/ZhiYu.build/Debug-maccatalyst/ZhiYuMac.build /Users/constantine/Documents/work/code/projects/ZhiYu/Sources/Localization/Common.xcstrings

CopyStringsFile /Users/constantine/Library/Developer/Xcode/DerivedData/ZhiYu-ahhasqosjhnjphavyaflyigbvjqi/Build/Products/Debug-maccatalyst/ZhiYuMac.app/Contents/Resources/zh-Hans.lproj/Components.strings /Users/constantine/Library/Developer/Xcode/DerivedData/ZhiYu-ahhasqosjhnjphavyaflyigbvjqi/Build/Intermediates.noindex/ZhiYu.build/Debug-maccatalyst/ZhiYuMac.build/zh-Hans.lproj/Components.strings (in target 'ZhiYuMac' from project 'ZhiYu')
    cd /Users/constantine/Documents/work/code/projects/ZhiYu
    builtin-copyStrings --validate --outputencoding UTF-16 --outfilename Components.strings --outdir /Users/constantine/Library/Developer/Xcode/DerivedData/ZhiYu-ahhasqosjhnjphavyaflyigbvjqi/Build/Products/Debug-maccatalyst/ZhiYuMac.app/Contents/Resources/zh-Hans.lproj -- /Users/constantine/Library/Developer/Xcode/DerivedData/ZhiYu-ahhasqosjhnjphavyaflyigbvjqi/Build/Intermediates.noindex/ZhiYu.build/Debug-maccatalyst/ZhiYuMac.build/zh-Hans.lproj/Components.strings
/Users/constantine/Library/Developer/Xcode/DerivedData/ZhiYu-ahhasqosjhnjphavyaflyigbvjqi/Build/Intermediates.noindex/ZhiYu.build/Debug-maccatalyst/ZhiYuMac.build/zh-Hans.lproj/Components.strings:1:1: note: detected encoding of input file as Unicode (UTF-8) (in target 'ZhiYuMac' from project 'ZhiYu')

CopyStringsFile /Users/constantine/Library/Developer/Xcode/DerivedData/ZhiYu-ahhasqosjhnjphavyaflyigbvjqi/Build/Products/Debug-maccatalyst/ZhiYuMac.app/Contents/Resources/en.lproj/Components.strings /Users/constantine/Library/Developer/Xcode/DerivedData/ZhiYu-ahhasqosjhnjphavyaflyigbvjqi/Build/Intermediates.noindex/ZhiYu.build/Debug-maccatalyst/ZhiYuMac.build/en.lproj/Components.strings (in target 'ZhiYuMac' from project 'ZhiYu')
    cd /Users/constantine/Documents/work/code/projects/ZhiYu
    builtin-copyStrings --validate --outputencoding UTF-16 --outfilename Components.strings --outdir /Users/constantine/Library/Developer/Xcode/DerivedData/ZhiYu-ahhasqosjhnjphavyaflyigbvjqi/Build/Products/Debug-maccatalyst/ZhiYuMac.app/Contents/Resources/en.lproj -- /Users/constantine/Library/Developer/Xcode/DerivedData/ZhiYu-ahhasqosjhnjphavyaflyigbvjqi/Build/Intermediates.noindex/ZhiYu.build/Debug-maccatalyst/ZhiYuMac.build/en.lproj/Components.strings
/Users/constantine/Library/Developer/Xcode/DerivedData/ZhiYu-ahhasqosjhnjphavyaflyigbvjqi/Build/Intermediates.noindex/ZhiYu.build/Debug-maccatalyst/ZhiYuMac.build/en.lproj/Components.strings:1:1: note: detected encoding of input file as Unicode (UTF-8) (in target 'ZhiYuMac' from project 'ZhiYu')

CopyStringsFile /Users/constantine/Library/Developer/Xcode/DerivedData/ZhiYu-ahhasqosjhnjphavyaflyigbvjqi/Build/Products/Debug-maccatalyst/ZhiYuMac.app/Contents/Resources/zh-Hans.lproj/Transfer.strings /Users/constantine/Library/Developer/Xcode/DerivedData/ZhiYu-ahhasqosjhnjphavyaflyigbvjqi/Build/Intermediates.noindex/ZhiYu.build/Debug-maccatalyst/ZhiYuMac.build/zh-Hans.lproj/Transfer.strings (in target 'ZhiYuMac' from project 'ZhiYu')
    cd /Users/constantine/Documents/work/code/projects/ZhiYu
    builtin-copyStrings --validate --outputencoding UTF-16 --outfilename Transfer.strings --outdir /Users/constantine/Library/Developer/Xcode/DerivedData/ZhiYu-ahhasqosjhnjphavyaflyigbvjqi/Build/Products/Debug-maccatalyst/ZhiYuMac.app/Contents/Resources/zh-Hans.lproj -- /Users/constantine/Library/Developer/Xcode/DerivedData/ZhiYu-ahhasqosjhnjphavyaflyigbvjqi/Build/Intermediates.noindex/ZhiYu.build/Debug-maccatalyst/ZhiYuMac.build/zh-Hans.lproj/Transfer.strings
/Users/constantine/Library/Developer/Xcode/DerivedData/ZhiYu-ahhasqosjhnjphavyaflyigbvjqi/Build/Intermediates.noindex/ZhiYu.build/Debug-maccatalyst/ZhiYuMac.build/zh-Hans.lproj/Transfer.strings:1:1: note: detected encoding of input file as Unicode (UTF-8) (in target 'ZhiYuMac' from project 'ZhiYu')

CopyStringsFile /Users/constantine/Library/Developer/Xcode/DerivedData/ZhiYu-ahhasqosjhnjphavyaflyigbvjqi/Build/Products/Debug-maccatalyst/ZhiYuMac.app/Contents/Resources/en.lproj/Transfer.strings /Users/constantine/Library/Developer/Xcode/DerivedData/ZhiYu-ahhasqosjhnjphavyaflyigbvjqi/Build/Intermediates.noindex/ZhiYu.build/Debug-maccatalyst/ZhiYuMac.build/en.lproj/Transfer.strings (in target 'ZhiYuMac' from project 'ZhiYu')
    cd /Users/constantine/Documents/work/code/projects/ZhiYu
    builtin-copyStrings --validate --outputencoding UTF-16 --outfilename Transfer.strings --outdir /Users/constantine/Library/Developer/Xcode/DerivedData/ZhiYu-ahhasqosjhnjphavyaflyigbvjqi/Build/Products/Debug-maccatalyst/ZhiYuMac.app/Contents/Resources/en.lproj -- /Users/constantine/Library/Developer/Xcode/DerivedData/ZhiYu-ahhasqosjhnjphavyaflyigbvjqi/Build/Intermediates.noindex/ZhiYu.build/Debug-maccatalyst/ZhiYuMac.build/en.lproj/Transfer.strings
/Users/constantine/Library/Developer/Xcode/DerivedData/ZhiYu-ahhasqosjhnjphavyaflyigbvjqi/Build/Intermediates.noindex/ZhiYu.build/Debug-maccatalyst/ZhiYuMac.build/en.lproj/Transfer.strings:1:1: note: detected encoding of input file as Unicode (UTF-8) (in target 'ZhiYuMac' from project 'ZhiYu')

CopyStringsFile /Users/constantine/Library/Developer/Xcode/DerivedData/ZhiYu-ahhasqosjhnjphavyaflyigbvjqi/Build/Products/Debug-maccatalyst/ZhiYuMac.app/Contents/Resources/en.lproj/ICloud.strings /Users/constantine/Library/Developer/Xcode/DerivedData/ZhiYu-ahhasqosjhnjphavyaflyigbvjqi/Build/Intermediates.noindex/ZhiYu.build/Debug-maccatalyst/ZhiYuMac.build/en.lproj/ICloud.strings (in target 'ZhiYuMac' from project 'ZhiYu')
    cd /Users/constantine/Documents/work/code/projects/ZhiYu
    builtin-copyStrings --validate --outputencoding UTF-16 --outfilename ICloud.strings --outdir /Users/constantine/Library/Developer/Xcode/DerivedData/ZhiYu-ahhasqosjhnjphavyaflyigbvjqi/Build/Products/Debug-maccatalyst/ZhiYuMac.app/Contents/Resources/en.lproj -- /Users/constantine/Library/Developer/Xcode/DerivedData/ZhiYu-ahhasqosjhnjphavyaflyigbvjqi/Build/Intermediates.noindex/ZhiYu.build/Debug-maccatalyst/ZhiYuMac.build/en.lproj/ICloud.strings
/Users/constantine/Library/Developer/Xcode/DerivedData/ZhiYu-ahhasqosjhnjphavyaflyigbvjqi/Build/Intermediates.noindex/ZhiYu.build/Debug-maccatalyst/ZhiYuMac.build/en.lproj/ICloud.strings:1:1: note: detected encoding of input file as Unicode (UTF-8) (in target 'ZhiYuMac' from project 'ZhiYu')

CopyStringsFile /Users/constantine/Library/Developer/Xcode/DerivedData/ZhiYu-ahhasqosjhnjphavyaflyigbvjqi/Build/Products/Debug-maccatalyst/ZhiYuMac.app/Contents/Resources/zh-Hans.lproj/Editor.strings /Users/constantine/Library/Developer/Xcode/DerivedData/ZhiYu-ahhasqosjhnjphavyaflyigbvjqi/Build/Intermediates.noindex/ZhiYu.build/Debug-maccatalyst/ZhiYuMac.build/zh-Hans.lproj/Editor.strings (in target 'ZhiYuMac' from project 'ZhiYu')
    cd /Users/constantine/Documents/work/code/projects/ZhiYu
    builtin-copyStrings --validate --outputencoding UTF-16 --outfilename Editor.strings --outdir /Users/constantine/Library/Developer/Xcode/DerivedData/ZhiYu-ahhasqosjhnjphavyaflyigbvjqi/Build/Products/Debug-maccatalyst/ZhiYuMac.app/Contents/Resources/zh-Hans.lproj -- /Users/constantine/Library/Developer/Xcode/DerivedData/ZhiYu-ahhasqosjhnjphavyaflyigbvjqi/Build/Intermediates.noindex/ZhiYu.build/Debug-maccatalyst/ZhiYuMac.build/zh-Hans.lproj/Editor.strings
/Users/constantine/Library/Developer/Xcode/DerivedData/ZhiYu-ahhasqosjhnjphavyaflyigbvjqi/Build/Intermediates.noindex/ZhiYu.build/Debug-maccatalyst/ZhiYuMac.build/zh-Hans.lproj/Editor.strings:1:1: note: detected encoding of input file as Unicode (UTF-8) (in target 'ZhiYuMac' from project 'ZhiYu')

CopyStringsFile /Users/constantine/Library/Developer/Xcode/DerivedData/ZhiYu-ahhasqosjhnjphavyaflyigbvjqi/Build/Products/Debug-maccatalyst/ZhiYuMac.app/Contents/Resources/en.lproj/Editor.strings /Users/constantine/Library/Developer/Xcode/DerivedData/ZhiYu-ahhasqosjhnjphavyaflyigbvjqi/Build/Intermediates.noindex/ZhiYu.build/Debug-maccatalyst/ZhiYuMac.build/en.lproj/Editor.strings (in target 'ZhiYuMac' from project 'ZhiYu')
    cd /Users/constantine/Documents/work/code/projects/ZhiYu
    builtin-copyStrings --validate --outputencoding UTF-16 --outfilename Editor.strings --outdir /Users/constantine/Library/Developer/Xcode/DerivedData/ZhiYu-ahhasqosjhnjphavyaflyigbvjqi/Build/Products/Debug-maccatalyst/ZhiYuMac.app/Contents/Resources/en.lproj -- /Users/constantine/Library/Developer/Xcode/DerivedData/ZhiYu-ahhasqosjhnjphavyaflyigbvjqi/Build/Intermediates.noindex/ZhiYu.build/Debug-maccatalyst/ZhiYuMac.build/en.lproj/Editor.strings
/Users/constantine/Library/Developer/Xcode/DerivedData/ZhiYu-ahhasqosjhnjphavyaflyigbvjqi/Build/Intermediates.noindex/ZhiYu.build/Debug-maccatalyst/ZhiYuMac.build/en.lproj/Editor.strings:1:1: note: detected encoding of input file as Unicode (UTF-8) (in target 'ZhiYuMac' from project 'ZhiYu')

CopyStringsFile /Users/constantine/Library/Developer/Xcode/DerivedData/ZhiYu-ahhasqosjhnjphavyaflyigbvjqi/Build/Products/Debug-maccatalyst/ZhiYuMac.app/Contents/Resources/zh-Hans.lproj/ICloud.strings /Users/constantine/Library/Developer/Xcode/DerivedData/ZhiYu-ahhasqosjhnjphavyaflyigbvjqi/Build/Intermediates.noindex/ZhiYu.build/Debug-maccatalyst/ZhiYuMac.build/zh-Hans.lproj/ICloud.strings (in target 'ZhiYuMac' from project 'ZhiYu')
    cd /Users/constantine/Documents/work/code/projects/ZhiYu
    builtin-copyStrings --validate --outputencoding UTF-16 --outfilename ICloud.strings --outdir /Users/constantine/Library/Developer/Xcode/DerivedData/ZhiYu-ahhasqosjhnjphavyaflyigbvjqi/Build/Products/Debug-maccatalyst/ZhiYuMac.app/Contents/Resources/zh-Hans.lproj -- /Users/constantine/Library/Developer/Xcode/DerivedData/ZhiYu-ahhasqosjhnjphavyaflyigbvjqi/Build/Intermediates.noindex/ZhiYu.build/Debug-maccatalyst/ZhiYuMac.build/zh-Hans.lproj/ICloud.strings
/Users/constantine/Library/Developer/Xcode/DerivedData/ZhiYu-ahhasqosjhnjphavyaflyigbvjqi/Build/Intermediates.noindex/ZhiYu.build/Debug-maccatalyst/ZhiYuMac.build/zh-Hans.lproj/ICloud.strings:1:1: note: detected encoding of input file as Unicode (UTF-8) (in target 'ZhiYuMac' from project 'ZhiYu')

CopyStringsFile /Users/constantine/Library/Developer/Xcode/DerivedData/ZhiYu-ahhasqosjhnjphavyaflyigbvjqi/Build/Products/Debug-maccatalyst/ZhiYuMac.app/Contents/Resources/zh-Hans.lproj/Common.strings /Users/constantine/Library/Developer/Xcode/DerivedData/ZhiYu-ahhasqosjhnjphavyaflyigbvjqi/Build/Intermediates.noindex/ZhiYu.build/Debug-maccatalyst/ZhiYuMac.build/zh-Hans.lproj/Common.strings (in target 'ZhiYuMac' from project 'ZhiYu')
    cd /Users/constantine/Documents/work/code/projects/ZhiYu
    builtin-copyStrings --validate --outputencoding UTF-16 --outfilename Common.strings --outdir /Users/constantine/Library/Developer/Xcode/DerivedData/ZhiYu-ahhasqosjhnjphavyaflyigbvjqi/Build/Products/Debug-maccatalyst/ZhiYuMac.app/Contents/Resources/zh-Hans.lproj -- /Users/constantine/Library/Developer/Xcode/DerivedData/ZhiYu-ahhasqosjhnjphavyaflyigbvjqi/Build/Intermediates.noindex/ZhiYu.build/Debug-maccatalyst/ZhiYuMac.build/zh-Hans.lproj/Common.strings
/Users/constantine/Library/Developer/Xcode/DerivedData/ZhiYu-ahhasqosjhnjphavyaflyigbvjqi/Build/Intermediates.noindex/ZhiYu.build/Debug-maccatalyst/ZhiYuMac.build/zh-Hans.lproj/Common.strings:1:1: note: detected encoding of input file as Unicode (UTF-8) (in target 'ZhiYuMac' from project 'ZhiYu')

CopyStringsFile /Users/constantine/Library/Developer/Xcode/DerivedData/ZhiYu-ahhasqosjhnjphavyaflyigbvjqi/Build/Products/Debug-maccatalyst/ZhiYuMac.app/Contents/Resources/en.lproj/Common.strings /Users/constantine/Library/Developer/Xcode/DerivedData/ZhiYu-ahhasqosjhnjphavyaflyigbvjqi/Build/Intermediates.noindex/ZhiYu.build/Debug-maccatalyst/ZhiYuMac.build/en.lproj/Common.strings (in target 'ZhiYuMac' from project 'ZhiYu')
    cd /Users/constantine/Documents/work/code/projects/ZhiYu
    builtin-copyStrings --validate --outputencoding UTF-16 --outfilename Common.strings --outdir /Users/constantine/Library/Developer/Xcode/DerivedData/ZhiYu-ahhasqosjhnjphavyaflyigbvjqi/Build/Products/Debug-maccatalyst/ZhiYuMac.app/Contents/Resources/en.lproj -- /Users/constantine/Library/Developer/Xcode/DerivedData/ZhiYu-ahhasqosjhnjphavyaflyigbvjqi/Build/Intermediates.noindex/ZhiYu.build/Debug-maccatalyst/ZhiYuMac.build/en.lproj/Common.strings
/Users/constantine/Library/Developer/Xcode/DerivedData/ZhiYu-ahhasqosjhnjphavyaflyigbvjqi/Build/Intermediates.noindex/ZhiYu.build/Debug-maccatalyst/ZhiYuMac.build/en.lproj/Common.strings:1:1: note: detected encoding of input file as Unicode (UTF-8) (in target 'ZhiYuMac' from project 'ZhiYu')

SwiftDriver ZhiYuMac normal arm64 com.apple.xcode.tools.swift.compiler (in target 'ZhiYuMac' from project 'ZhiYu')
    cd /Users/constantine/Documents/work/code/projects/ZhiYu
    builtin-SwiftDriver -- /Applications/Xcode.app/Contents/Developer/Toolchains/XcodeDefault.xctoolchain/usr/bin/swiftc -module-name ZhiYuMac -Onone @/Users/constantine/Library/Developer/Xcode/DerivedData/ZhiYu-ahhasqosjhnjphavyaflyigbvjqi/Build/Intermediates.noindex/ZhiYu.build/Debug-maccatalyst/ZhiYuMac.build/Objects-normal/arm64/ZhiYuMac.SwiftFileList -DDEBUG -Xcc -fmodule-map-file\=/Users/constantine/Library/Developer/Xcode/DerivedData/ZhiYu-ahhasqosjhnjphavyaflyigbvjqi/SourcePackages/checkouts/GRDB.swift/Sources/CSQLite/module.modulemap -enable-upcoming-feature StrictConcurrency -enable-bare-slash-regex -enable-experimental-feature DebugDescriptionMacro -sdk /Applications/Xcode.app/Contents/Developer/Platforms/MacOSX.platform/Developer/SDKs/MacOSX26.4.sdk -target arm64-apple-ios17.0-macabi -g -module-cache-path /Users/constantine/Library/Developer/Xcode/DerivedData/ModuleCache.noindex -Xfrontend -serialize-debugging-options -enable-testing -index-store-path /Users/constantine/Library/Developer/Xcode/DerivedData/ZhiYu-ahhasqosjhnjphavyaflyigbvjqi/Index.noindex/DataStore -Xcc -D_LIBCPP_HARDENING_MODE\=_LIBCPP_HARDENING_MODE_DEBUG -swift-version 5 -I /Users/constantine/Library/Developer/Xcode/DerivedData/ZhiYu-ahhasqosjhnjphavyaflyigbvjqi/Build/Products/Debug-maccatalyst -F /Users/constantine/Library/Developer/Xcode/DerivedData/ZhiYu-ahhasqosjhnjphavyaflyigbvjqi/Build/Products/Debug-maccatalyst/PackageFrameworks -F /Users/constantine/Library/Developer/Xcode/DerivedData/ZhiYu-ahhasqosjhnjphavyaflyigbvjqi/Build/Products/Debug-maccatalyst -Fsystem /Applications/Xcode.app/Contents/Developer/Platforms/MacOSX.platform/Developer/SDKs/MacOSX26.4.sdk/System/iOSSupport/System/Library/Frameworks -Fsystem /Applications/Xcode.app/Contents/Developer/Platforms/MacOSX.platform/Developer/SDKs/MacOSX26.4.sdk/System/iOSSupport/System/Library/SubFrameworks -c -j18 -enable-batch-mode -incremental -Xcc -ivfsstatcache -Xcc /Users/constantine/Library/Developer/Xcode/DerivedData/SDKStatCaches.noindex/macosx26.4-25E251-688ef53f1462e2c8f657fdc38a81448f30f9ca8789b706f8bd3fc906a70d770f.sdkstatcache -output-file-map /Users/constantine/Library/Developer/Xcode/DerivedData/ZhiYu-ahhasqosjhnjphavyaflyigbvjqi/Build/Intermediates.noindex/ZhiYu.build/Debug-maccatalyst/ZhiYuMac.build/Objects-normal/arm64/ZhiYuMac-OutputFileMap.json -use-frontend-parseable-output -save-temps -no-color-diagnostics -explicit-module-build -module-cache-path /Users/constantine/Library/Developer/Xcode/DerivedData/ZhiYu-ahhasqosjhnjphavyaflyigbvjqi/Build/Intermediates.noindex/SwiftExplicitPrecompiledModules -clang-scanner-module-cache-path /Users/constantine/Library/Developer/Xcode/DerivedData/ModuleCache.noindex -sdk-module-cache-path /Users/constantine/Library/Developer/Xcode/DerivedData/ModuleCache.noindex -serialize-diagnostics -emit-dependencies -emit-module -emit-module-path /Users/constantine/Library/Developer/Xcode/DerivedData/ZhiYu-ahhasqosjhnjphavyaflyigbvjqi/Build/Intermediates.noindex/ZhiYu.build/Debug-maccatalyst/ZhiYuMac.build/Objects-normal/arm64/ZhiYuMac.swiftmodule -validate-clang-modules-once -clang-build-session-file /Users/constantine/Library/Developer/Xcode/DerivedData/ModuleCache.noindex/Session.modulevalidation -Xcc -I/Users/constantine/Library/Developer/Xcode/DerivedData/ZhiYu-ahhasqosjhnjphavyaflyigbvjqi/Build/Intermediates.noindex/ZhiYu.build/Debug-maccatalyst/ZhiYuMac.build/swift-overrides.hmap -emit-const-values -Xfrontend -const-gather-protocols-file -Xfrontend /Users/constantine/Library/Developer/Xcode/DerivedData/ZhiYu-ahhasqosjhnjphavyaflyigbvjqi/Build/Intermediates.noindex/ZhiYu.build/Debug-maccatalyst/ZhiYuMac.build/Objects-normal/arm64/ZhiYuMac_const_extract_protocols.json -Xcc -iquote -Xcc /Users/constantine/Library/Developer/Xcode/DerivedData/ZhiYu-ahhasqosjhnjphavyaflyigbvjqi/Build/Intermediates.noindex/ZhiYu.build/Debug-maccatalyst/ZhiYuMac.build/ZhiYuMac-generated-files.hmap -Xcc -I/Users/constantine/Library/Developer/Xcode/DerivedData/ZhiYu-ahhasqosjhnjphavyaflyigbvjqi/Build/Intermediates.noindex/ZhiYu.build/Debug-maccatalyst/ZhiYuMac.build/ZhiYuMac-own-target-headers.hmap -Xcc -I/Users/constantine/Library/Developer/Xcode/DerivedData/ZhiYu-ahhasqosjhnjphavyaflyigbvjqi/Build/Intermediates.noindex/ZhiYu.build/Debug-maccatalyst/ZhiYuMac.build/ZhiYuMac-all-non-framework-target-headers.hmap -Xcc -ivfsoverlay -Xcc /Users/constantine/Library/Developer/Xcode/DerivedData/ZhiYu-ahhasqosjhnjphavyaflyigbvjqi/Build/Intermediates.noindex/ZhiYu.build/Debug-maccatalyst/ZhiYu-48e36c608b438f24ac5a43fe091185d1-VFS-maccatalyst/all-product-headers.yaml -Xcc -iquote -Xcc /Users/constantine/Library/Developer/Xcode/DerivedData/ZhiYu-ahhasqosjhnjphavyaflyigbvjqi/Build/Intermediates.noindex/ZhiYu.build/Debug-maccatalyst/ZhiYuMac.build/ZhiYuMac-project-headers.hmap -Xcc -I/Users/constantine/Library/Developer/Xcode/DerivedData/ZhiYu-ahhasqosjhnjphavyaflyigbvjqi/Build/Products/Debug-maccatalyst/include -Xcc -isystem -Xcc /Applications/Xcode.app/Contents/Developer/Platforms/MacOSX.platform/Developer/SDKs/MacOSX26.4.sdk/System/iOSSupport/usr/include -Xcc -I/Users/constantine/Library/Developer/Xcode/DerivedData/ZhiYu-ahhasqosjhnjphavyaflyigbvjqi/Build/Intermediates.noindex/ZhiYu.build/Debug-maccatalyst/ZhiYuMac.build/DerivedSources-normal/arm64 -Xcc -I/Users/constantine/Library/Developer/Xcode/DerivedData/ZhiYu-ahhasqosjhnjphavyaflyigbvjqi/Build/Intermediates.noindex/ZhiYu.build/Debug-maccatalyst/ZhiYuMac.build/DerivedSources/arm64 -Xcc -I/Users/constantine/Library/Developer/Xcode/DerivedData/ZhiYu-ahhasqosjhnjphavyaflyigbvjqi/Build/Intermediates.noindex/ZhiYu.build/Debug-maccatalyst/ZhiYuMac.build/DerivedSources -Xcc -DDEBUG\=1 -emit-objc-header -emit-objc-header-path /Users/constantine/Library/Developer/Xcode/DerivedData/ZhiYu-ahhasqosjhnjphavyaflyigbvjqi/Build/Intermediates.noindex/ZhiYu.build/Debug-maccatalyst/ZhiYuMac.build/Objects-normal/arm64/ZhiYuMac-Swift.h -working-directory /Users/constantine/Documents/work/code/projects/ZhiYu -experimental-emit-module-separately -disable-cmo

CopyStringsFile /Users/constantine/Library/Developer/Xcode/DerivedData/ZhiYu-ahhasqosjhnjphavyaflyigbvjqi/Build/Products/Debug-maccatalyst/ZhiYuMac.app/Contents/Resources/zh-Hans.lproj/Dashboard.strings /Users/constantine/Library/Developer/Xcode/DerivedData/ZhiYu-ahhasqosjhnjphavyaflyigbvjqi/Build/Intermediates.noindex/ZhiYu.build/Debug-maccatalyst/ZhiYuMac.build/zh-Hans.lproj/Dashboard.strings (in target 'ZhiYuMac' from project 'ZhiYu')
    cd /Users/constantine/Documents/work/code/projects/ZhiYu
    builtin-copyStrings --validate --outputencoding UTF-16 --outfilename Dashboard.strings --outdir /Users/constantine/Library/Developer/Xcode/DerivedData/ZhiYu-ahhasqosjhnjphavyaflyigbvjqi/Build/Products/Debug-maccatalyst/ZhiYuMac.app/Contents/Resources/zh-Hans.lproj -- /Users/constantine/Library/Developer/Xcode/DerivedData/ZhiYu-ahhasqosjhnjphavyaflyigbvjqi/Build/Intermediates.noindex/ZhiYu.build/Debug-maccatalyst/ZhiYuMac.build/zh-Hans.lproj/Dashboard.strings
/Users/constantine/Library/Developer/Xcode/DerivedData/ZhiYu-ahhasqosjhnjphavyaflyigbvjqi/Build/Intermediates.noindex/ZhiYu.build/Debug-maccatalyst/ZhiYuMac.build/zh-Hans.lproj/Dashboard.strings:1:1: note: detected encoding of input file as Unicode (UTF-8) (in target 'ZhiYuMac' from project 'ZhiYu')

CopyStringsFile /Users/constantine/Library/Developer/Xcode/DerivedData/ZhiYu-ahhasqosjhnjphavyaflyigbvjqi/Build/Products/Debug-maccatalyst/ZhiYuMac.app/Contents/Resources/en.lproj/Dashboard.strings /Users/constantine/Library/Developer/Xcode/DerivedData/ZhiYu-ahhasqosjhnjphavyaflyigbvjqi/Build/Intermediates.noindex/ZhiYu.build/Debug-maccatalyst/ZhiYuMac.build/en.lproj/Dashboard.strings (in target 'ZhiYuMac' from project 'ZhiYu')
    cd /Users/constantine/Documents/work/code/projects/ZhiYu
    builtin-copyStrings --validate --outputencoding UTF-16 --outfilename Dashboard.strings --outdir /Users/constantine/Library/Developer/Xcode/DerivedData/ZhiYu-ahhasqosjhnjphavyaflyigbvjqi/Build/Products/Debug-maccatalyst/ZhiYuMac.app/Contents/Resources/en.lproj -- /Users/constantine/Library/Developer/Xcode/DerivedData/ZhiYu-ahhasqosjhnjphavyaflyigbvjqi/Build/Intermediates.noindex/ZhiYu.build/Debug-maccatalyst/ZhiYuMac.build/en.lproj/Dashboard.strings
/Users/constantine/Library/Developer/Xcode/DerivedData/ZhiYu-ahhasqosjhnjphavyaflyigbvjqi/Build/Intermediates.noindex/ZhiYu.build/Debug-maccatalyst/ZhiYuMac.build/en.lproj/Dashboard.strings:1:1: note: detected encoding of input file as Unicode (UTF-8) (in target 'ZhiYuMac' from project 'ZhiYu')

LinkAssetCatalog /Users/constantine/Documents/work/code/projects/ZhiYu/Sources/Assets.xcassets (in target 'ZhiYuMac' from project 'ZhiYu')
    cd /Users/constantine/Documents/work/code/projects/ZhiYu
    builtin-linkAssetCatalog --thinned /Users/constantine/Library/Developer/Xcode/DerivedData/ZhiYu-ahhasqosjhnjphavyaflyigbvjqi/Build/Intermediates.noindex/ZhiYu.build/Debug-maccatalyst/ZhiYuMac.build/assetcatalog_output/thinned --thinned-dependencies /Users/constantine/Library/Developer/Xcode/DerivedData/ZhiYu-ahhasqosjhnjphavyaflyigbvjqi/Build/Intermediates.noindex/ZhiYu.build/Debug-maccatalyst/ZhiYuMac.build/assetcatalog_dependencies_thinned --thinned-info-plist-content /Users/constantine/Library/Developer/Xcode/DerivedData/ZhiYu-ahhasqosjhnjphavyaflyigbvjqi/Build/Intermediates.noindex/ZhiYu.build/Debug-maccatalyst/ZhiYuMac.build/assetcatalog_generated_info.plist_thinned --unthinned /Users/constantine/Library/Developer/Xcode/DerivedData/ZhiYu-ahhasqosjhnjphavyaflyigbvjqi/Build/Intermediates.noindex/ZhiYu.build/Debug-maccatalyst/ZhiYuMac.build/assetcatalog_output/unthinned --unthinned-dependencies /Users/constantine/Library/Developer/Xcode/DerivedData/ZhiYu-ahhasqosjhnjphavyaflyigbvjqi/Build/Intermediates.noindex/ZhiYu.build/Debug-maccatalyst/ZhiYuMac.build/assetcatalog_dependencies_unthinned --unthinned-info-plist-content /Users/constantine/Library/Developer/Xcode/DerivedData/ZhiYu-ahhasqosjhnjphavyaflyigbvjqi/Build/Intermediates.noindex/ZhiYu.build/Debug-maccatalyst/ZhiYuMac.build/assetcatalog_generated_info.plist_unthinned --output /Users/constantine/Library/Developer/Xcode/DerivedData/ZhiYu-ahhasqosjhnjphavyaflyigbvjqi/Build/Products/Debug-maccatalyst/ZhiYuMac.app/Contents/Resources --plist-output /Users/constantine/Library/Developer/Xcode/DerivedData/ZhiYu-ahhasqosjhnjphavyaflyigbvjqi/Build/Intermediates.noindex/ZhiYu.build/Debug-maccatalyst/ZhiYuMac.build/assetcatalog_generated_info.plist
note: Emplaced /Users/constantine/Library/Developer/Xcode/DerivedData/ZhiYu-ahhasqosjhnjphavyaflyigbvjqi/Build/Products/Debug-maccatalyst/ZhiYuMac.app/Contents/Resources/AppIcon.icns (in target 'ZhiYuMac' from project 'ZhiYu')
note: Emplaced /Users/constantine/Library/Developer/Xcode/DerivedData/ZhiYu-ahhasqosjhnjphavyaflyigbvjqi/Build/Products/Debug-maccatalyst/ZhiYuMac.app/Contents/Resources/Assets.car (in target 'ZhiYuMac' from project 'ZhiYu')

ProcessInfoPlistFile /Users/constantine/Library/Developer/Xcode/DerivedData/ZhiYu-ahhasqosjhnjphavyaflyigbvjqi/Build/Products/Debug-maccatalyst/ZhiYuMac.app/Contents/Info.plist /Users/constantine/Documents/work/code/projects/ZhiYu/Sources/MacInfo.plist (in target 'ZhiYuMac' from project 'ZhiYu')
    cd /Users/constantine/Documents/work/code/projects/ZhiYu
    builtin-infoPlistUtility /Users/constantine/Documents/work/code/projects/ZhiYu/Sources/MacInfo.plist -producttype com.apple.product-type.application -genpkginfo /Users/constantine/Library/Developer/Xcode/DerivedData/ZhiYu-ahhasqosjhnjphavyaflyigbvjqi/Build/Products/Debug-maccatalyst/ZhiYuMac.app/Contents/PkgInfo -expandbuildsettings -platform macosx -additionalcontentfile /Users/constantine/Library/Developer/Xcode/DerivedData/ZhiYu-ahhasqosjhnjphavyaflyigbvjqi/Build/Intermediates.noindex/ZhiYu.build/Debug-maccatalyst/ZhiYuMac.build/assetcatalog_generated_info.plist -scanforprivacyfile /Users/constantine/Library/Developer/Xcode/DerivedData/ZhiYu-ahhasqosjhnjphavyaflyigbvjqi/Build/Products/Debug-maccatalyst/ZhiYuMac.app/Contents/Resources/GRDB_GRDB.bundle -o /Users/constantine/Library/Developer/Xcode/DerivedData/ZhiYu-ahhasqosjhnjphavyaflyigbvjqi/Build/Products/Debug-maccatalyst/ZhiYuMac.app/Contents/Info.plist
adding entry for "NSSupportsAutomaticTermination" => 1
adding entry for "NSSupportsSuddenTermination" => 1

SwiftEmitModule normal arm64 Emitting\ module\ for\ ZhiYuMac (in target 'ZhiYuMac' from project 'ZhiYu')

EmitSwiftModule normal arm64 (in target 'ZhiYuMac' from project 'ZhiYu')
    cd /Users/constantine/Documents/work/code/projects/ZhiYu
    

SwiftCompile normal arm64 Compiling\ GeneratedAssetSymbols.swift /Users/constantine/Library/Developer/Xcode/DerivedData/ZhiYu-ahhasqosjhnjphavyaflyigbvjqi/Build/Intermediates.noindex/ZhiYu.build/Debug-maccatalyst/ZhiYuMac.build/DerivedSources/GeneratedAssetSymbols.swift (in target 'ZhiYuMac' from project 'ZhiYu')

SwiftCompile normal arm64 /Users/constantine/Library/Developer/Xcode/DerivedData/ZhiYu-ahhasqosjhnjphavyaflyigbvjqi/Build/Intermediates.noindex/ZhiYu.build/Debug-maccatalyst/ZhiYuMac.build/DerivedSources/GeneratedAssetSymbols.swift (in target 'ZhiYuMac' from project 'ZhiYu')
    cd /Users/constantine/Documents/work/code/projects/ZhiYu
    

SwiftDriverJobDiscovery normal arm64 Compiling GeneratedAssetSymbols.swift (in target 'ZhiYuMac' from project 'ZhiYu')

SwiftDriverJobDiscovery normal arm64 Emitting module for ZhiYuMac (in target 'ZhiYuMac' from project 'ZhiYu')

SwiftDriver\ Compilation\ Requirements ZhiYuMac normal arm64 com.apple.xcode.tools.swift.compiler (in target 'ZhiYuMac' from project 'ZhiYu')
    cd /Users/constantine/Documents/work/code/projects/ZhiYu
    builtin-Swift-Compilation-Requirements -- /Applications/Xcode.app/Contents/Developer/Toolchains/XcodeDefault.xctoolchain/usr/bin/swiftc -module-name ZhiYuMac -Onone @/Users/constantine/Library/Developer/Xcode/DerivedData/ZhiYu-ahhasqosjhnjphavyaflyigbvjqi/Build/Intermediates.noindex/ZhiYu.build/Debug-maccatalyst/ZhiYuMac.build/Objects-normal/arm64/ZhiYuMac.SwiftFileList -DDEBUG -Xcc -fmodule-map-file\=/Users/constantine/Library/Developer/Xcode/DerivedData/ZhiYu-ahhasqosjhnjphavyaflyigbvjqi/SourcePackages/checkouts/GRDB.swift/Sources/CSQLite/module.modulemap -enable-upcoming-feature StrictConcurrency -enable-bare-slash-regex -enable-experimental-feature DebugDescriptionMacro -sdk /Applications/Xcode.app/Contents/Developer/Platforms/MacOSX.platform/Developer/SDKs/MacOSX26.4.sdk -target arm64-apple-ios17.0-macabi -g -module-cache-path /Users/constantine/Library/Developer/Xcode/DerivedData/ModuleCache.noindex -Xfrontend -serialize-debugging-options -enable-testing -index-store-path /Users/constantine/Library/Developer/Xcode/DerivedData/ZhiYu-ahhasqosjhnjphavyaflyigbvjqi/Index.noindex/DataStore -Xcc -D_LIBCPP_HARDENING_MODE\=_LIBCPP_HARDENING_MODE_DEBUG -swift-version 5 -I /Users/constantine/Library/Developer/Xcode/DerivedData/ZhiYu-ahhasqosjhnjphavyaflyigbvjqi/Build/Products/Debug-maccatalyst -F /Users/constantine/Library/Developer/Xcode/DerivedData/ZhiYu-ahhasqosjhnjphavyaflyigbvjqi/Build/Products/Debug-maccatalyst/PackageFrameworks -F /Users/constantine/Library/Developer/Xcode/DerivedData/ZhiYu-ahhasqosjhnjphavyaflyigbvjqi/Build/Products/Debug-maccatalyst -Fsystem /Applications/Xcode.app/Contents/Developer/Platforms/MacOSX.platform/Developer/SDKs/MacOSX26.4.sdk/System/iOSSupport/System/Library/Frameworks -Fsystem /Applications/Xcode.app/Contents/Developer/Platforms/MacOSX.platform/Developer/SDKs/MacOSX26.4.sdk/System/iOSSupport/System/Library/SubFrameworks -c -j18 -enable-batch-mode -incremental -Xcc -ivfsstatcache -Xcc /Users/constantine/Library/Developer/Xcode/DerivedData/SDKStatCaches.noindex/macosx26.4-25E251-688ef53f1462e2c8f657fdc38a81448f30f9ca8789b706f8bd3fc906a70d770f.sdkstatcache -output-file-map /Users/constantine/Library/Developer/Xcode/DerivedData/ZhiYu-ahhasqosjhnjphavyaflyigbvjqi/Build/Intermediates.noindex/ZhiYu.build/Debug-maccatalyst/ZhiYuMac.build/Objects-normal/arm64/ZhiYuMac-OutputFileMap.json -use-frontend-parseable-output -save-temps -no-color-diagnostics -explicit-module-build -module-cache-path /Users/constantine/Library/Developer/Xcode/DerivedData/ZhiYu-ahhasqosjhnjphavyaflyigbvjqi/Build/Intermediates.noindex/SwiftExplicitPrecompiledModules -clang-scanner-module-cache-path /Users/constantine/Library/Developer/Xcode/DerivedData/ModuleCache.noindex -sdk-module-cache-path /Users/constantine/Library/Developer/Xcode/DerivedData/ModuleCache.noindex -serialize-diagnostics -emit-dependencies -emit-module -emit-module-path /Users/constantine/Library/Developer/Xcode/DerivedData/ZhiYu-ahhasqosjhnjphavyaflyigbvjqi/Build/Intermediates.noindex/ZhiYu.build/Debug-maccatalyst/ZhiYuMac.build/Objects-normal/arm64/ZhiYuMac.swiftmodule -validate-clang-modules-once -clang-build-session-file /Users/constantine/Library/Developer/Xcode/DerivedData/ModuleCache.noindex/Session.modulevalidation -Xcc -I/Users/constantine/Library/Developer/Xcode/DerivedData/ZhiYu-ahhasqosjhnjphavyaflyigbvjqi/Build/Intermediates.noindex/ZhiYu.build/Debug-maccatalyst/ZhiYuMac.build/swift-overrides.hmap -emit-const-values -Xfrontend -const-gather-protocols-file -Xfrontend /Users/constantine/Library/Developer/Xcode/DerivedData/ZhiYu-ahhasqosjhnjphavyaflyigbvjqi/Build/Intermediates.noindex/ZhiYu.build/Debug-maccatalyst/ZhiYuMac.build/Objects-normal/arm64/ZhiYuMac_const_extract_protocols.json -Xcc -iquote -Xcc /Users/constantine/Library/Developer/Xcode/DerivedData/ZhiYu-ahhasqosjhnjphavyaflyigbvjqi/Build/Intermediates.noindex/ZhiYu.build/Debug-maccatalyst/ZhiYuMac.build/ZhiYuMac-generated-files.hmap -Xcc -I/Users/constantine/Library/Developer/Xcode/DerivedData/ZhiYu-ahhasqosjhnjphavyaflyigbvjqi/Build/Intermediates.noindex/ZhiYu.build/Debug-maccatalyst/ZhiYuMac.build/ZhiYuMac-own-target-headers.hmap -Xcc -I/Users/constantine/Library/Developer/Xcode/DerivedData/ZhiYu-ahhasqosjhnjphavyaflyigbvjqi/Build/Intermediates.noindex/ZhiYu.build/Debug-maccatalyst/ZhiYuMac.build/ZhiYuMac-all-non-framework-target-headers.hmap -Xcc -ivfsoverlay -Xcc /Users/constantine/Library/Developer/Xcode/DerivedData/ZhiYu-ahhasqosjhnjphavyaflyigbvjqi/Build/Intermediates.noindex/ZhiYu.build/Debug-maccatalyst/ZhiYu-48e36c608b438f24ac5a43fe091185d1-VFS-maccatalyst/all-product-headers.yaml -Xcc -iquote -Xcc /Users/constantine/Library/Developer/Xcode/DerivedData/ZhiYu-ahhasqosjhnjphavyaflyigbvjqi/Build/Intermediates.noindex/ZhiYu.build/Debug-maccatalyst/ZhiYuMac.build/ZhiYuMac-project-headers.hmap -Xcc -I/Users/constantine/Library/Developer/Xcode/DerivedData/ZhiYu-ahhasqosjhnjphavyaflyigbvjqi/Build/Products/Debug-maccatalyst/include -Xcc -isystem -Xcc /Applications/Xcode.app/Contents/Developer/Platforms/MacOSX.platform/Developer/SDKs/MacOSX26.4.sdk/System/iOSSupport/usr/include -Xcc -I/Users/constantine/Library/Developer/Xcode/DerivedData/ZhiYu-ahhasqosjhnjphavyaflyigbvjqi/Build/Intermediates.noindex/ZhiYu.build/Debug-maccatalyst/ZhiYuMac.build/DerivedSources-normal/arm64 -Xcc -I/Users/constantine/Library/Developer/Xcode/DerivedData/ZhiYu-ahhasqosjhnjphavyaflyigbvjqi/Build/Intermediates.noindex/ZhiYu.build/Debug-maccatalyst/ZhiYuMac.build/DerivedSources/arm64 -Xcc -I/Users/constantine/Library/Developer/Xcode/DerivedData/ZhiYu-ahhasqosjhnjphavyaflyigbvjqi/Build/Intermediates.noindex/ZhiYu.build/Debug-maccatalyst/ZhiYuMac.build/DerivedSources -Xcc -DDEBUG\=1 -emit-objc-header -emit-objc-header-path /Users/constantine/Library/Developer/Xcode/DerivedData/ZhiYu-ahhasqosjhnjphavyaflyigbvjqi/Build/Intermediates.noindex/ZhiYu.build/Debug-maccatalyst/ZhiYuMac.build/Objects-normal/arm64/ZhiYuMac-Swift.h -working-directory /Users/constantine/Documents/work/code/projects/ZhiYu -experimental-emit-module-separately -disable-cmo

SwiftDriver\ Compilation ZhiYuMac normal arm64 com.apple.xcode.tools.swift.compiler (in target 'ZhiYuMac' from project 'ZhiYu')
    cd /Users/constantine/Documents/work/code/projects/ZhiYu
    builtin-Swift-Compilation -- /Applications/Xcode.app/Contents/Developer/Toolchains/XcodeDefault.xctoolchain/usr/bin/swiftc -module-name ZhiYuMac -Onone @/Users/constantine/Library/Developer/Xcode/DerivedData/ZhiYu-ahhasqosjhnjphavyaflyigbvjqi/Build/Intermediates.noindex/ZhiYu.build/Debug-maccatalyst/ZhiYuMac.build/Objects-normal/arm64/ZhiYuMac.SwiftFileList -DDEBUG -Xcc -fmodule-map-file\=/Users/constantine/Library/Developer/Xcode/DerivedData/ZhiYu-ahhasqosjhnjphavyaflyigbvjqi/SourcePackages/checkouts/GRDB.swift/Sources/CSQLite/module.modulemap -enable-upcoming-feature StrictConcurrency -enable-bare-slash-regex -enable-experimental-feature DebugDescriptionMacro -sdk /Applications/Xcode.app/Contents/Developer/Platforms/MacOSX.platform/Developer/SDKs/MacOSX26.4.sdk -target arm64-apple-ios17.0-macabi -g -module-cache-path /Users/constantine/Library/Developer/Xcode/DerivedData/ModuleCache.noindex -Xfrontend -serialize-debugging-options -enable-testing -index-store-path /Users/constantine/Library/Developer/Xcode/DerivedData/ZhiYu-ahhasqosjhnjphavyaflyigbvjqi/Index.noindex/DataStore -Xcc -D_LIBCPP_HARDENING_MODE\=_LIBCPP_HARDENING_MODE_DEBUG -swift-version 5 -I /Users/constantine/Library/Developer/Xcode/DerivedData/ZhiYu-ahhasqosjhnjphavyaflyigbvjqi/Build/Products/Debug-maccatalyst -F /Users/constantine/Library/Developer/Xcode/DerivedData/ZhiYu-ahhasqosjhnjphavyaflyigbvjqi/Build/Products/Debug-maccatalyst/PackageFrameworks -F /Users/constantine/Library/Developer/Xcode/DerivedData/ZhiYu-ahhasqosjhnjphavyaflyigbvjqi/Build/Products/Debug-maccatalyst -Fsystem /Applications/Xcode.app/Contents/Developer/Platforms/MacOSX.platform/Developer/SDKs/MacOSX26.4.sdk/System/iOSSupport/System/Library/Frameworks -Fsystem /Applications/Xcode.app/Contents/Developer/Platforms/MacOSX.platform/Developer/SDKs/MacOSX26.4.sdk/System/iOSSupport/System/Library/SubFrameworks -c -j18 -enable-batch-mode -incremental -Xcc -ivfsstatcache -Xcc /Users/constantine/Library/Developer/Xcode/DerivedData/SDKStatCaches.noindex/macosx26.4-25E251-688ef53f1462e2c8f657fdc38a81448f30f9ca8789b706f8bd3fc906a70d770f.sdkstatcache -output-file-map /Users/constantine/Library/Developer/Xcode/DerivedData/ZhiYu-ahhasqosjhnjphavyaflyigbvjqi/Build/Intermediates.noindex/ZhiYu.build/Debug-maccatalyst/ZhiYuMac.build/Objects-normal/arm64/ZhiYuMac-OutputFileMap.json -use-frontend-parseable-output -save-temps -no-color-diagnostics -explicit-module-build -module-cache-path /Users/constantine/Library/Developer/Xcode/DerivedData/ZhiYu-ahhasqosjhnjphavyaflyigbvjqi/Build/Intermediates.noindex/SwiftExplicitPrecompiledModules -clang-scanner-module-cache-path /Users/constantine/Library/Developer/Xcode/DerivedData/ModuleCache.noindex -sdk-module-cache-path /Users/constantine/Library/Developer/Xcode/DerivedData/ModuleCache.noindex -serialize-diagnostics -emit-dependencies -emit-module -emit-module-path /Users/constantine/Library/Developer/Xcode/DerivedData/ZhiYu-ahhasqosjhnjphavyaflyigbvjqi/Build/Intermediates.noindex/ZhiYu.build/Debug-maccatalyst/ZhiYuMac.build/Objects-normal/arm64/ZhiYuMac.swiftmodule -validate-clang-modules-once -clang-build-session-file /Users/constantine/Library/Developer/Xcode/DerivedData/ModuleCache.noindex/Session.modulevalidation -Xcc -I/Users/constantine/Library/Developer/Xcode/DerivedData/ZhiYu-ahhasqosjhnjphavyaflyigbvjqi/Build/Intermediates.noindex/ZhiYu.build/Debug-maccatalyst/ZhiYuMac.build/swift-overrides.hmap -emit-const-values -Xfrontend -const-gather-protocols-file -Xfrontend /Users/constantine/Library/Developer/Xcode/DerivedData/ZhiYu-ahhasqosjhnjphavyaflyigbvjqi/Build/Intermediates.noindex/ZhiYu.build/Debug-maccatalyst/ZhiYuMac.build/Objects-normal/arm64/ZhiYuMac_const_extract_protocols.json -Xcc -iquote -Xcc /Users/constantine/Library/Developer/Xcode/DerivedData/ZhiYu-ahhasqosjhnjphavyaflyigbvjqi/Build/Intermediates.noindex/ZhiYu.build/Debug-maccatalyst/ZhiYuMac.build/ZhiYuMac-generated-files.hmap -Xcc -I/Users/constantine/Library/Developer/Xcode/DerivedData/ZhiYu-ahhasqosjhnjphavyaflyigbvjqi/Build/Intermediates.noindex/ZhiYu.build/Debug-maccatalyst/ZhiYuMac.build/ZhiYuMac-own-target-headers.hmap -Xcc -I/Users/constantine/Library/Developer/Xcode/DerivedData/ZhiYu-ahhasqosjhnjphavyaflyigbvjqi/Build/Intermediates.noindex/ZhiYu.build/Debug-maccatalyst/ZhiYuMac.build/ZhiYuMac-all-non-framework-target-headers.hmap -Xcc -ivfsoverlay -Xcc /Users/constantine/Library/Developer/Xcode/DerivedData/ZhiYu-ahhasqosjhnjphavyaflyigbvjqi/Build/Intermediates.noindex/ZhiYu.build/Debug-maccatalyst/ZhiYu-48e36c608b438f24ac5a43fe091185d1-VFS-maccatalyst/all-product-headers.yaml -Xcc -iquote -Xcc /Users/constantine/Library/Developer/Xcode/DerivedData/ZhiYu-ahhasqosjhnjphavyaflyigbvjqi/Build/Intermediates.noindex/ZhiYu.build/Debug-maccatalyst/ZhiYuMac.build/ZhiYuMac-project-headers.hmap -Xcc -I/Users/constantine/Library/Developer/Xcode/DerivedData/ZhiYu-ahhasqosjhnjphavyaflyigbvjqi/Build/Products/Debug-maccatalyst/include -Xcc -isystem -Xcc /Applications/Xcode.app/Contents/Developer/Platforms/MacOSX.platform/Developer/SDKs/MacOSX26.4.sdk/System/iOSSupport/usr/include -Xcc -I/Users/constantine/Library/Developer/Xcode/DerivedData/ZhiYu-ahhasqosjhnjphavyaflyigbvjqi/Build/Intermediates.noindex/ZhiYu.build/Debug-maccatalyst/ZhiYuMac.build/DerivedSources-normal/arm64 -Xcc -I/Users/constantine/Library/Developer/Xcode/DerivedData/ZhiYu-ahhasqosjhnjphavyaflyigbvjqi/Build/Intermediates.noindex/ZhiYu.build/Debug-maccatalyst/ZhiYuMac.build/DerivedSources/arm64 -Xcc -I/Users/constantine/Library/Developer/Xcode/DerivedData/ZhiYu-ahhasqosjhnjphavyaflyigbvjqi/Build/Intermediates.noindex/ZhiYu.build/Debug-maccatalyst/ZhiYuMac.build/DerivedSources -Xcc -DDEBUG\=1 -emit-objc-header -emit-objc-header-path /Users/constantine/Library/Developer/Xcode/DerivedData/ZhiYu-ahhasqosjhnjphavyaflyigbvjqi/Build/Intermediates.noindex/ZhiYu.build/Debug-maccatalyst/ZhiYuMac.build/Objects-normal/arm64/ZhiYuMac-Swift.h -working-directory /Users/constantine/Documents/work/code/projects/ZhiYu -experimental-emit-module-separately -disable-cmo

Copy /Users/constantine/Library/Developer/Xcode/DerivedData/ZhiYu-ahhasqosjhnjphavyaflyigbvjqi/Build/Products/Debug-maccatalyst/ZhiYuMac.swiftmodule/arm64-apple-ios-macabi.abi.json /Users/constantine/Library/Developer/Xcode/DerivedData/ZhiYu-ahhasqosjhnjphavyaflyigbvjqi/Build/Intermediates.noindex/ZhiYu.build/Debug-maccatalyst/ZhiYuMac.build/Objects-normal/arm64/ZhiYuMac.abi.json (in target 'ZhiYuMac' from project 'ZhiYu')
    cd /Users/constantine/Documents/work/code/projects/ZhiYu
    builtin-copy -exclude .DS_Store -exclude CVS -exclude .svn -exclude .git -exclude .hg -resolve-src-symlinks -rename /Users/constantine/Library/Developer/Xcode/DerivedData/ZhiYu-ahhasqosjhnjphavyaflyigbvjqi/Build/Intermediates.noindex/ZhiYu.build/Debug-maccatalyst/ZhiYuMac.build/Objects-normal/arm64/ZhiYuMac.abi.json /Users/constantine/Library/Developer/Xcode/DerivedData/ZhiYu-ahhasqosjhnjphavyaflyigbvjqi/Build/Products/Debug-maccatalyst/ZhiYuMac.swiftmodule/arm64-apple-ios-macabi.abi.json

Copy /Users/constantine/Library/Developer/Xcode/DerivedData/ZhiYu-ahhasqosjhnjphavyaflyigbvjqi/Build/Products/Debug-maccatalyst/ZhiYuMac.swiftmodule/Project/arm64-apple-ios-macabi.swiftsourceinfo /Users/constantine/Library/Developer/Xcode/DerivedData/ZhiYu-ahhasqosjhnjphavyaflyigbvjqi/Build/Intermediates.noindex/ZhiYu.build/Debug-maccatalyst/ZhiYuMac.build/Objects-normal/arm64/ZhiYuMac.swiftsourceinfo (in target 'ZhiYuMac' from project 'ZhiYu')
    cd /Users/constantine/Documents/work/code/projects/ZhiYu
    builtin-copy -exclude .DS_Store -exclude CVS -exclude .svn -exclude .git -exclude .hg -resolve-src-symlinks -rename /Users/constantine/Library/Developer/Xcode/DerivedData/ZhiYu-ahhasqosjhnjphavyaflyigbvjqi/Build/Intermediates.noindex/ZhiYu.build/Debug-maccatalyst/ZhiYuMac.build/Objects-normal/arm64/ZhiYuMac.swiftsourceinfo /Users/constantine/Library/Developer/Xcode/DerivedData/ZhiYu-ahhasqosjhnjphavyaflyigbvjqi/Build/Products/Debug-maccatalyst/ZhiYuMac.swiftmodule/Project/arm64-apple-ios-macabi.swiftsourceinfo

CopySwiftLibs /Users/constantine/Library/Developer/Xcode/DerivedData/ZhiYu-ahhasqosjhnjphavyaflyigbvjqi/Build/Products/Debug-maccatalyst/ZhiYuMac.app (in target 'ZhiYuMac' from project 'ZhiYu')
    cd /Users/constantine/Documents/work/code/projects/ZhiYu
    builtin-swiftStdLibTool --copy --verbose --scan-executable /Users/constantine/Library/Developer/Xcode/DerivedData/ZhiYu-ahhasqosjhnjphavyaflyigbvjqi/Build/Products/Debug-maccatalyst/ZhiYuMac.app/Contents/MacOS/ZhiYuMac.debug.dylib --scan-folder /Users/constantine/Library/Developer/Xcode/DerivedData/ZhiYu-ahhasqosjhnjphavyaflyigbvjqi/Build/Products/Debug-maccatalyst/ZhiYuMac.app/Contents/Frameworks --scan-folder /Users/constantine/Library/Developer/Xcode/DerivedData/ZhiYu-ahhasqosjhnjphavyaflyigbvjqi/Build/Products/Debug-maccatalyst/ZhiYuMac.app/Contents/PlugIns --scan-folder /Users/constantine/Library/Developer/Xcode/DerivedData/ZhiYu-ahhasqosjhnjphavyaflyigbvjqi/Build/Products/Debug-maccatalyst/ZhiYuMac.app/Contents/Library/SystemExtensions --scan-folder /Users/constantine/Library/Developer/Xcode/DerivedData/ZhiYu-ahhasqosjhnjphavyaflyigbvjqi/Build/Products/Debug-maccatalyst/ZhiYuMac.app/Contents/Extensions --platform macosx --toolchain /var/run/com.apple.security.cryptexd/mnt/com.apple.MobileAsset.MetalToolchain-v17.5.188.0.lAlc94/Metal.xctoolchain --toolchain /Applications/Xcode.app/Contents/Developer/Toolchains/XcodeDefault.xctoolchain --destination /Users/constantine/Library/Developer/Xcode/DerivedData/ZhiYu-ahhasqosjhnjphavyaflyigbvjqi/Build/Products/Debug-maccatalyst/ZhiYuMac.app/Contents/Frameworks --strip-bitcode --strip-bitcode-tool /Applications/Xcode.app/Contents/Developer/Toolchains/XcodeDefault.xctoolchain/usr/bin/bitcode_strip --emit-dependency-info /Users/constantine/Library/Developer/Xcode/DerivedData/ZhiYu-ahhasqosjhnjphavyaflyigbvjqi/Build/Intermediates.noindex/ZhiYu.build/Debug-maccatalyst/ZhiYuMac.build/SwiftStdLibToolInputDependencies.dep --filter-for-swift-os --back-deploy-swift-span
Ignoring --strip-bitcode because --sign was not passed

Validate /Users/constantine/Library/Developer/Xcode/DerivedData/ZhiYu-ahhasqosjhnjphavyaflyigbvjqi/Build/Products/Debug-maccatalyst/ZhiYuMac.app (in target 'ZhiYuMac' from project 'ZhiYu')
    cd /Users/constantine/Documents/work/code/projects/ZhiYu
    builtin-validationUtility /Users/constantine/Library/Developer/Xcode/DerivedData/ZhiYu-ahhasqosjhnjphavyaflyigbvjqi/Build/Products/Debug-maccatalyst/ZhiYuMac.app -no-validate-extension -infoplist-subpath Contents/Info.plist

RegisterWithLaunchServices /Users/constantine/Library/Developer/Xcode/DerivedData/ZhiYu-ahhasqosjhnjphavyaflyigbvjqi/Build/Products/Debug-maccatalyst/ZhiYuMac.app (in target 'ZhiYuMac' from project 'ZhiYu')
    cd /Users/constantine/Documents/work/code/projects/ZhiYu
    /System/Library/Frameworks/CoreServices.framework/Versions/Current/Frameworks/LaunchServices.framework/Versions/Current/Support/lsregister -f -R -trusted /Users/constantine/Library/Developer/Xcode/DerivedData/ZhiYu-ahhasqosjhnjphavyaflyigbvjqi/Build/Products/Debug-maccatalyst/ZhiYuMac.app

** BUILD SUCCEEDED **

