Command line invocation:
    /Applications/Xcode.app/Contents/Developer/usr/bin/xcodebuild build -project ZhiYu.xcodeproj -scheme ZhiYuMac -destination platform=macOS CODE_SIGNING_ALLOWED=NO CODE_SIGNING_REQUIRED=NO

Build settings from command line:
    CODE_SIGNING_ALLOWED = NO
    CODE_SIGNING_REQUIRED = NO

Resolve Package Graph


Resolved source packages:
  GRDB: https://github.com/groue/GRDB.swift.git @ 6.29.3
  swift-syntax: https://github.com/swiftlang/swift-syntax @ 603.0.1
  swift-custom-dump: https://github.com/pointfreeco/swift-custom-dump @ 1.5.0
  swift-snapshot-testing: https://github.com/pointfreeco/swift-snapshot-testing @ 1.19.2
  xctest-dynamic-overlay: https://github.com/pointfreeco/xctest-dynamic-overlay @ 1.9.0

--- xcodebuild: WARNING: Using the first of multiple matching destinations:
{ platform:macOS, arch:arm64, variant:Mac Catalyst, id:00006050-001A48A90CD1401C, name:My Mac }
{ platform:macOS, arch:x86_64, variant:Mac Catalyst, id:00006050-001A48A90CD1401C, name:My Mac }
{ platform:macOS, arch:arm64, variant:Designed for [iPad,iPhone], id:00006050-001A48A90CD1401C, name:My Mac }
ComputePackagePrebuildTargetDependencyGraph

Prepare packages

CreateBuildRequest

SendProjectDescription

CreateBuildOperation

ComputeTargetDependencyGraph
note: Building targets in dependency order
note: Target dependency graph (5 targets)
    Target 'ZhiYuMac' in project 'ZhiYu'
        ➜ Explicit dependency on target 'GRDB' in project 'GRDB'
    Target 'GRDB' in project 'GRDB'
        ➜ Explicit dependency on target 'GRDB' in project 'GRDB'
        ➜ Explicit dependency on target 'GRDB_GRDB' in project 'GRDB'
    Target 'GRDB' in project 'GRDB'
        ➜ Explicit dependency on target 'GRDB_GRDB' in project 'GRDB'
        ➜ Explicit dependency on target 'CSQLite' in project 'GRDB'
    Target 'CSQLite' in project 'GRDB' (no dependencies)
    Target 'GRDB_GRDB' in project 'GRDB' (no dependencies)

GatherProvisioningInputs

CreateBuildDescription

ExecuteExternalTool /Applications/Xcode.app/Contents/Developer/Toolchains/XcodeDefault.xctoolchain/usr/bin/clang -v -E -dM -isysroot /Applications/Xcode.app/Contents/Developer/Platforms/MacOSX.platform/Developer/SDKs/MacOSX26.4.sdk -x c -c /dev/null

ExecuteExternalTool /Applications/Xcode.app/Contents/Developer/usr/bin/xcstringstool compile --dry-run --output-directory /Users/constantine/Library/Developer/Xcode/DerivedData/ZhiYu-ahhasqosjhnjphavyaflyigbvjqi/Build/Intermediates.noindex/ZhiYu.build/Debug-maccatalyst/ZhiYuMac.build /Users/constantine/Documents/work/code/projects/ZhiYu/Sources/Localization/AITasks.xcstrings

ExecuteExternalTool /Applications/Xcode.app/Contents/Developer/usr/bin/actool --version --output-format xml1

ExecuteExternalTool /Applications/Xcode.app/Contents/Developer/Toolchains/XcodeDefault.xctoolchain/usr/bin/swiftc --version

ExecuteExternalTool /Applications/Xcode.app/Contents/Developer/usr/bin/xcstringstool compile --dry-run --output-directory /Users/constantine/Library/Developer/Xcode/DerivedData/ZhiYu-ahhasqosjhnjphavyaflyigbvjqi/Build/Intermediates.noindex/ZhiYu.build/Debug-maccatalyst/ZhiYuMac.build /Users/constantine/Documents/work/code/projects/ZhiYu/Sources/Localization/Accessibility.xcstrings

ExecuteExternalTool /Applications/Xcode.app/Contents/Developer/usr/bin/xcstringstool compile --dry-run --output-directory /Users/constantine/Library/Developer/Xcode/DerivedData/ZhiYu-ahhasqosjhnjphavyaflyigbvjqi/Build/Intermediates.noindex/ZhiYu.build/Debug-maccatalyst/ZhiYuMac.build /Users/constantine/Documents/work/code/projects/ZhiYu/Sources/Localization/Actions.xcstrings

ExecuteExternalTool /Applications/Xcode.app/Contents/Developer/usr/bin/xcstringstool compile --dry-run --output-directory /Users/constantine/Library/Developer/Xcode/DerivedData/ZhiYu-ahhasqosjhnjphavyaflyigbvjqi/Build/Intermediates.noindex/ZhiYu.build/Debug-maccatalyst/ZhiYuMac.build /Users/constantine/Documents/work/code/projects/ZhiYu/Sources/Localization/Backup.xcstrings

ExecuteExternalTool /Applications/Xcode.app/Contents/Developer/usr/bin/xcstringstool compile --dry-run --output-directory /Users/constantine/Library/Developer/Xcode/DerivedData/ZhiYu-ahhasqosjhnjphavyaflyigbvjqi/Build/Intermediates.noindex/ZhiYu.build/Debug-maccatalyst/ZhiYuMac.build /Users/constantine/Documents/work/code/projects/ZhiYu/Sources/Localization/Chat.xcstrings

ExecuteExternalTool /Applications/Xcode.app/Contents/Developer/usr/bin/xcstringstool compile --dry-run --output-directory /Users/constantine/Library/Developer/Xcode/DerivedData/ZhiYu-ahhasqosjhnjphavyaflyigbvjqi/Build/Intermediates.noindex/ZhiYu.build/Debug-maccatalyst/ZhiYuMac.build /Users/constantine/Documents/work/code/projects/ZhiYu/Sources/Localization/Coachmark.xcstrings

ExecuteExternalTool /Applications/Xcode.app/Contents/Developer/usr/bin/xcstringstool compile --dry-run --output-directory /Users/constantine/Library/Developer/Xcode/DerivedData/ZhiYu-ahhasqosjhnjphavyaflyigbvjqi/Build/Intermediates.noindex/ZhiYu.build/Debug-maccatalyst/ZhiYuMac.build /Users/constantine/Documents/work/code/projects/ZhiYu/Sources/Localization/Collaboration.xcstrings

ExecuteExternalTool /Applications/Xcode.app/Contents/Developer/usr/bin/xcstringstool compile --dry-run --output-directory /Users/constantine/Library/Developer/Xcode/DerivedData/ZhiYu-ahhasqosjhnjphavyaflyigbvjqi/Build/Intermediates.noindex/ZhiYu.build/Debug-maccatalyst/ZhiYuMac.build /Users/constantine/Documents/work/code/projects/ZhiYu/Sources/Localization/Common.xcstrings

ExecuteExternalTool /Applications/Xcode.app/Contents/Developer/usr/bin/xcstringstool compile --dry-run --output-directory /Users/constantine/Library/Developer/Xcode/DerivedData/ZhiYu-ahhasqosjhnjphavyaflyigbvjqi/Build/Intermediates.noindex/ZhiYu.build/Debug-maccatalyst/ZhiYuMac.build /Users/constantine/Documents/work/code/projects/ZhiYu/Sources/Localization/Components.xcstrings

ExecuteExternalTool /Applications/Xcode.app/Contents/Developer/usr/bin/xcstringstool compile --dry-run --output-directory /Users/constantine/Library/Developer/Xcode/DerivedData/ZhiYu-ahhasqosjhnjphavyaflyigbvjqi/Build/Intermediates.noindex/ZhiYu.build/Debug-maccatalyst/ZhiYuMac.build /Users/constantine/Documents/work/code/projects/ZhiYu/Sources/Localization/CoreModels.xcstrings

ExecuteExternalTool /Applications/Xcode.app/Contents/Developer/Toolchains/XcodeDefault.xctoolchain/usr/bin/ld -version_details

ExecuteExternalTool /Applications/Xcode.app/Contents/Developer/usr/bin/xcstringstool compile --dry-run --output-directory /Users/constantine/Library/Developer/Xcode/DerivedData/ZhiYu-ahhasqosjhnjphavyaflyigbvjqi/Build/Intermediates.noindex/ZhiYu.build/Debug-maccatalyst/ZhiYuMac.build /Users/constantine/Documents/work/code/projects/ZhiYu/Sources/Localization/Creation.xcstrings

ReadFileContents /Applications/Xcode.app/Contents/Developer/Toolchains/XcodeDefault.xctoolchain/usr/share/docc/features.json

ExecuteExternalTool /Applications/Xcode.app/Contents/Developer/usr/bin/xcstringstool compile --dry-run --output-directory /Users/constantine/Library/Developer/Xcode/DerivedData/ZhiYu-ahhasqosjhnjphavyaflyigbvjqi/Build/Intermediates.noindex/ZhiYu.build/Debug-maccatalyst/ZhiYuMac.build /Users/constantine/Documents/work/code/projects/ZhiYu/Sources/Localization/Dashboard.xcstrings

ExecuteExternalTool /Applications/Xcode.app/Contents/Developer/usr/bin/xcstringstool compile --dry-run --output-directory /Users/constantine/Library/Developer/Xcode/DerivedData/ZhiYu-ahhasqosjhnjphavyaflyigbvjqi/Build/Intermediates.noindex/ZhiYu.build/Debug-maccatalyst/ZhiYuMac.build /Users/constantine/Documents/work/code/projects/ZhiYu/Sources/Localization/Editor.xcstrings

ExecuteExternalTool /Applications/Xcode.app/Contents/Developer/usr/bin/xcstringstool compile --dry-run --output-directory /Users/constantine/Library/Developer/Xcode/DerivedData/ZhiYu-ahhasqosjhnjphavyaflyigbvjqi/Build/Intermediates.noindex/ZhiYu.build/Debug-maccatalyst/ZhiYuMac.build /Users/constantine/Documents/work/code/projects/ZhiYu/Sources/Localization/Graph.xcstrings

ExecuteExternalTool /Applications/Xcode.app/Contents/Developer/usr/bin/xcstringstool compile --dry-run --output-directory /Users/constantine/Library/Developer/Xcode/DerivedData/ZhiYu-ahhasqosjhnjphavyaflyigbvjqi/Build/Intermediates.noindex/ZhiYu.build/Debug-maccatalyst/ZhiYuMac.build /Users/constantine/Documents/work/code/projects/ZhiYu/Sources/Localization/ICloud.xcstrings

ExecuteExternalTool /Applications/Xcode.app/Contents/Developer/usr/bin/xcstringstool compile --dry-run --output-directory /Users/constantine/Library/Developer/Xcode/DerivedData/ZhiYu-ahhasqosjhnjphavyaflyigbvjqi/Build/Intermediates.noindex/ZhiYu.build/Debug-maccatalyst/ZhiYuMac.build /Users/constantine/Documents/work/code/projects/ZhiYu/Sources/Localization/InfoPlist.xcstrings

ExecuteExternalTool /Applications/Xcode.app/Contents/Developer/usr/bin/xcstringstool compile --dry-run --output-directory /Users/constantine/Library/Developer/Xcode/DerivedData/ZhiYu-ahhasqosjhnjphavyaflyigbvjqi/Build/Intermediates.noindex/ZhiYu.build/Debug-maccatalyst/ZhiYuMac.build /Users/constantine/Documents/work/code/projects/ZhiYu/Sources/Localization/Ingest.xcstrings

ExecuteExternalTool /Applications/Xcode.app/Contents/Developer/usr/bin/xcstringstool compile --dry-run --output-directory /Users/constantine/Library/Developer/Xcode/DerivedData/ZhiYu-ahhasqosjhnjphavyaflyigbvjqi/Build/Intermediates.noindex/ZhiYu.build/Debug-maccatalyst/ZhiYuMac.build /Users/constantine/Documents/work/code/projects/ZhiYu/Sources/Localization/Lint.xcstrings

ExecuteExternalTool /Applications/Xcode.app/Contents/Developer/usr/bin/xcstringstool compile --dry-run --output-directory /Users/constantine/Library/Developer/Xcode/DerivedData/ZhiYu-ahhasqosjhnjphavyaflyigbvjqi/Build/Intermediates.noindex/ZhiYu.build/Debug-maccatalyst/ZhiYuMac.build /Users/constantine/Documents/work/code/projects/ZhiYu/Sources/Localization/Localizable.xcstrings

ExecuteExternalTool /Applications/Xcode.app/Contents/Developer/usr/bin/xcstringstool compile --dry-run --output-directory /Users/constantine/Library/Developer/Xcode/DerivedData/ZhiYu-ahhasqosjhnjphavyaflyigbvjqi/Build/Intermediates.noindex/ZhiYu.build/Debug-maccatalyst/ZhiYuMac.build /Users/constantine/Documents/work/code/projects/ZhiYu/Sources/Localization/Schema.xcstrings

ExecuteExternalTool /Applications/Xcode.app/Contents/Developer/usr/bin/xcstringstool compile --dry-run --output-directory /Users/constantine/Library/Developer/Xcode/DerivedData/ZhiYu-ahhasqosjhnjphavyaflyigbvjqi/Build/Intermediates.noindex/ZhiYu.build/Debug-maccatalyst/ZhiYuMac.build /Users/constantine/Documents/work/code/projects/ZhiYu/Sources/Localization/Settings.xcstrings

ExecuteExternalTool /Applications/Xcode.app/Contents/Developer/usr/bin/xcstringstool compile --dry-run --output-directory /Users/constantine/Library/Developer/Xcode/DerivedData/ZhiYu-ahhasqosjhnjphavyaflyigbvjqi/Build/Intermediates.noindex/ZhiYu.build/Debug-maccatalyst/ZhiYuMac.build /Users/constantine/Documents/work/code/projects/ZhiYu/Sources/Localization/Transfer.xcstrings

ExecuteExternalTool /Applications/Xcode.app/Contents/Developer/usr/bin/xcstringstool compile --dry-run --output-directory /Users/constantine/Library/Developer/Xcode/DerivedData/ZhiYu-ahhasqosjhnjphavyaflyigbvjqi/Build/Intermediates.noindex/ZhiYu.build/Debug-maccatalyst/ZhiYuMac.build /Users/constantine/Documents/work/code/projects/ZhiYu/Sources/Localization/Watch.xcstrings

ExecuteExternalTool /Applications/Xcode.app/Contents/Developer/usr/bin/xcstringstool compile --dry-run --output-directory /Users/constantine/Library/Developer/Xcode/DerivedData/ZhiYu-ahhasqosjhnjphavyaflyigbvjqi/Build/Intermediates.noindex/ZhiYu.build/Debug-maccatalyst/ZhiYuMac.build /Users/constantine/Documents/work/code/projects/ZhiYu/Sources/Localization/Widget.xcstrings

Build description signature: 042141ae638a0d76ba405b736428078c
Build description path: /Users/constantine/Library/Developer/Xcode/DerivedData/ZhiYu-ahhasqosjhnjphavyaflyigbvjqi/Build/Intermediates.noindex/XCBuildData/042141ae638a0d76ba405b736428078c.xcbuilddata
ClangStatCache /Applications/Xcode.app/Contents/Developer/Toolchains/XcodeDefault.xctoolchain/usr/bin/clang-stat-cache /Applications/Xcode.app/Contents/Developer/Platforms/MacOSX.platform/Developer/SDKs/MacOSX26.4.sdk /Users/constantine/Library/Developer/Xcode/DerivedData/SDKStatCaches.noindex/macosx26.4-25E251-30f9ca8789b706f8bd3fc906a70d770f.sdkstatcache
    cd /Users/constantine/Documents/work/code/projects/ZhiYu/ZhiYu.xcodeproj
    /Applications/Xcode.app/Contents/Developer/Toolchains/XcodeDefault.xctoolchain/usr/bin/clang-stat-cache /Applications/Xcode.app/Contents/Developer/Platforms/MacOSX.platform/Developer/SDKs/MacOSX26.4.sdk -o /Users/constantine/Library/Developer/Xcode/DerivedData/SDKStatCaches.noindex/macosx26.4-25E251-30f9ca8789b706f8bd3fc906a70d770f.sdkstatcache

ProcessInfoPlistFile /Users/constantine/Library/Developer/Xcode/DerivedData/ZhiYu-ahhasqosjhnjphavyaflyigbvjqi/Build/Products/Debug-maccatalyst/GRDB_GRDB.bundle/Contents/Info.plist /Users/constantine/Library/Developer/Xcode/DerivedData/ZhiYu-ahhasqosjhnjphavyaflyigbvjqi/Build/Intermediates.noindex/GRDB.build/Debug-maccatalyst/GRDB_GRDB.build/empty-GRDB_GRDB.plist (in target 'GRDB_GRDB' from project 'GRDB')
    cd /Users/constantine/Library/Developer/Xcode/DerivedData/ZhiYu-ahhasqosjhnjphavyaflyigbvjqi/SourcePackages/checkouts/GRDB.swift
    builtin-infoPlistUtility /Users/constantine/Library/Developer/Xcode/DerivedData/ZhiYu-ahhasqosjhnjphavyaflyigbvjqi/Build/Intermediates.noindex/GRDB.build/Debug-maccatalyst/GRDB_GRDB.build/empty-GRDB_GRDB.plist -producttype com.apple.product-type.bundle -expandbuildsettings -platform macosx -o /Users/constantine/Library/Developer/Xcode/DerivedData/ZhiYu-ahhasqosjhnjphavyaflyigbvjqi/Build/Products/Debug-maccatalyst/GRDB_GRDB.bundle/Contents/Info.plist

SwiftDriver ZhiYuMac normal arm64 com.apple.xcode.tools.swift.compiler (in target 'ZhiYuMac' from project 'ZhiYu')
    cd /Users/constantine/Documents/work/code/projects/ZhiYu
    builtin-SwiftDriver -- /Applications/Xcode.app/Contents/Developer/Toolchains/XcodeDefault.xctoolchain/usr/bin/swiftc -module-name ZhiYuMac -Onone @/Users/constantine/Library/Developer/Xcode/DerivedData/ZhiYu-ahhasqosjhnjphavyaflyigbvjqi/Build/Intermediates.noindex/ZhiYu.build/Debug-maccatalyst/ZhiYuMac.build/Objects-normal/arm64/ZhiYuMac.SwiftFileList -DDEBUG -Xcc -fmodule-map-file\=/Users/constantine/Library/Developer/Xcode/DerivedData/ZhiYu-ahhasqosjhnjphavyaflyigbvjqi/SourcePackages/checkouts/GRDB.swift/Sources/CSQLite/module.modulemap -enable-upcoming-feature StrictConcurrency -enable-bare-slash-regex -enable-experimental-feature DebugDescriptionMacro -sdk /Applications/Xcode.app/Contents/Developer/Platforms/MacOSX.platform/Developer/SDKs/MacOSX26.4.sdk -target arm64-apple-ios17.0-macabi -g -module-cache-path /Users/constantine/Library/Developer/Xcode/DerivedData/ModuleCache.noindex -Xfrontend -serialize-debugging-options -enable-testing -index-store-path /Users/constantine/Library/Developer/Xcode/DerivedData/ZhiYu-ahhasqosjhnjphavyaflyigbvjqi/Index.noindex/DataStore -Xcc -D_LIBCPP_HARDENING_MODE\=_LIBCPP_HARDENING_MODE_DEBUG -swift-version 5 -I /Users/constantine/Library/Developer/Xcode/DerivedData/ZhiYu-ahhasqosjhnjphavyaflyigbvjqi/Build/Products/Debug-maccatalyst -F /Users/constantine/Library/Developer/Xcode/DerivedData/ZhiYu-ahhasqosjhnjphavyaflyigbvjqi/Build/Products/Debug-maccatalyst/PackageFrameworks -F /Users/constantine/Library/Developer/Xcode/DerivedData/ZhiYu-ahhasqosjhnjphavyaflyigbvjqi/Build/Products/Debug-maccatalyst -Fsystem /Applications/Xcode.app/Contents/Developer/Platforms/MacOSX.platform/Developer/SDKs/MacOSX26.4.sdk/System/iOSSupport/System/Library/Frameworks -Fsystem /Applications/Xcode.app/Contents/Developer/Platforms/MacOSX.platform/Developer/SDKs/MacOSX26.4.sdk/System/iOSSupport/System/Library/SubFrameworks -c -j18 -enable-batch-mode -incremental -Xcc -ivfsstatcache -Xcc /Users/constantine/Library/Developer/Xcode/DerivedData/SDKStatCaches.noindex/macosx26.4-25E251-30f9ca8789b706f8bd3fc906a70d770f.sdkstatcache -output-file-map /Users/constantine/Library/Developer/Xcode/DerivedData/ZhiYu-ahhasqosjhnjphavyaflyigbvjqi/Build/Intermediates.noindex/ZhiYu.build/Debug-maccatalyst/ZhiYuMac.build/Objects-normal/arm64/ZhiYuMac-OutputFileMap.json -use-frontend-parseable-output -save-temps -no-color-diagnostics -explicit-module-build -module-cache-path /Users/constantine/Library/Developer/Xcode/DerivedData/ZhiYu-ahhasqosjhnjphavyaflyigbvjqi/Build/Intermediates.noindex/SwiftExplicitPrecompiledModules -clang-scanner-module-cache-path /Users/constantine/Library/Developer/Xcode/DerivedData/ModuleCache.noindex -sdk-module-cache-path /Users/constantine/Library/Developer/Xcode/DerivedData/ModuleCache.noindex -serialize-diagnostics -emit-dependencies -emit-module -emit-module-path /Users/constantine/Library/Developer/Xcode/DerivedData/ZhiYu-ahhasqosjhnjphavyaflyigbvjqi/Build/Intermediates.noindex/ZhiYu.build/Debug-maccatalyst/ZhiYuMac.build/Objects-normal/arm64/ZhiYuMac.swiftmodule -validate-clang-modules-once -clang-build-session-file /Users/constantine/Library/Developer/Xcode/DerivedData/ModuleCache.noindex/Session.modulevalidation -Xcc -I/Users/constantine/Library/Developer/Xcode/DerivedData/ZhiYu-ahhasqosjhnjphavyaflyigbvjqi/Build/Intermediates.noindex/ZhiYu.build/Debug-maccatalyst/ZhiYuMac.build/swift-overrides.hmap -emit-const-values -Xfrontend -const-gather-protocols-file -Xfrontend /Users/constantine/Library/Developer/Xcode/DerivedData/ZhiYu-ahhasqosjhnjphavyaflyigbvjqi/Build/Intermediates.noindex/ZhiYu.build/Debug-maccatalyst/ZhiYuMac.build/Objects-normal/arm64/ZhiYuMac_const_extract_protocols.json -Xcc -iquote -Xcc /Users/constantine/Library/Developer/Xcode/DerivedData/ZhiYu-ahhasqosjhnjphavyaflyigbvjqi/Build/Intermediates.noindex/ZhiYu.build/Debug-maccatalyst/ZhiYuMac.build/ZhiYuMac-generated-files.hmap -Xcc -I/Users/constantine/Library/Developer/Xcode/DerivedData/ZhiYu-ahhasqosjhnjphavyaflyigbvjqi/Build/Intermediates.noindex/ZhiYu.build/Debug-maccatalyst/ZhiYuMac.build/ZhiYuMac-own-target-headers.hmap -Xcc -I/Users/constantine/Library/Developer/Xcode/DerivedData/ZhiYu-ahhasqosjhnjphavyaflyigbvjqi/Build/Intermediates.noindex/ZhiYu.build/Debug-maccatalyst/ZhiYuMac.build/ZhiYuMac-all-non-framework-target-headers.hmap -Xcc -ivfsoverlay -Xcc /Users/constantine/Library/Developer/Xcode/DerivedData/ZhiYu-ahhasqosjhnjphavyaflyigbvjqi/Build/Intermediates.noindex/ZhiYu.build/Debug-maccatalyst/ZhiYu-48e36c608b438f24ac5a43fe091185d1-VFS-maccatalyst/all-product-headers.yaml -Xcc -iquote -Xcc /Users/constantine/Library/Developer/Xcode/DerivedData/ZhiYu-ahhasqosjhnjphavyaflyigbvjqi/Build/Intermediates.noindex/ZhiYu.build/Debug-maccatalyst/ZhiYuMac.build/ZhiYuMac-project-headers.hmap -Xcc -I/Users/constantine/Library/Developer/Xcode/DerivedData/ZhiYu-ahhasqosjhnjphavyaflyigbvjqi/Build/Products/Debug-maccatalyst/include -Xcc -isystem -Xcc /Applications/Xcode.app/Contents/Developer/Platforms/MacOSX.platform/Developer/SDKs/MacOSX26.4.sdk/System/iOSSupport/usr/include -Xcc -I/Users/constantine/Library/Developer/Xcode/DerivedData/ZhiYu-ahhasqosjhnjphavyaflyigbvjqi/Build/Intermediates.noindex/ZhiYu.build/Debug-maccatalyst/ZhiYuMac.build/DerivedSources-normal/arm64 -Xcc -I/Users/constantine/Library/Developer/Xcode/DerivedData/ZhiYu-ahhasqosjhnjphavyaflyigbvjqi/Build/Intermediates.noindex/ZhiYu.build/Debug-maccatalyst/ZhiYuMac.build/DerivedSources/arm64 -Xcc -I/Users/constantine/Library/Developer/Xcode/DerivedData/ZhiYu-ahhasqosjhnjphavyaflyigbvjqi/Build/Intermediates.noindex/ZhiYu.build/Debug-maccatalyst/ZhiYuMac.build/DerivedSources -Xcc -DDEBUG\=1 -emit-objc-header -emit-objc-header-path /Users/constantine/Library/Developer/Xcode/DerivedData/ZhiYu-ahhasqosjhnjphavyaflyigbvjqi/Build/Intermediates.noindex/ZhiYu.build/Debug-maccatalyst/ZhiYuMac.build/Objects-normal/arm64/ZhiYuMac-Swift.h -working-directory /Users/constantine/Documents/work/code/projects/ZhiYu -experimental-emit-module-separately -disable-cmo
/Users/constantine/Documents/work/code/projects/ZhiYu/Sources/Shared/Views/Components/OCRScanComponents.swift:298:1: error: extraneous '}' at top level
}
^
/Users/constantine/Documents/work/code/projects/ZhiYu/Sources/Shared/Views/Components/OCRScanComponents.swift:298:1: error: Extraneous '}' at top level
}
^ (in target 'ZhiYuMac' from project 'ZhiYu')

CompileXCStrings /Users/constantine/Library/Developer/Xcode/DerivedData/ZhiYu-ahhasqosjhnjphavyaflyigbvjqi/Build/Intermediates.noindex/ZhiYu.build/Debug-maccatalyst/ZhiYuMac.build/ /Users/constantine/Documents/work/code/projects/ZhiYu/Sources/Localization/Ingest.xcstrings (in target 'ZhiYuMac' from project 'ZhiYu')
    cd /Users/constantine/Documents/work/code/projects/ZhiYu
    /Applications/Xcode.app/Contents/Developer/usr/bin/xcstringstool compile --output-directory /Users/constantine/Library/Developer/Xcode/DerivedData/ZhiYu-ahhasqosjhnjphavyaflyigbvjqi/Build/Intermediates.noindex/ZhiYu.build/Debug-maccatalyst/ZhiYuMac.build /Users/constantine/Documents/work/code/projects/ZhiYu/Sources/Localization/Ingest.xcstrings

CompileXCStrings /Users/constantine/Library/Developer/Xcode/DerivedData/ZhiYu-ahhasqosjhnjphavyaflyigbvjqi/Build/Intermediates.noindex/ZhiYu.build/Debug-maccatalyst/ZhiYuMac.build/ /Users/constantine/Documents/work/code/projects/ZhiYu/Sources/Localization/Editor.xcstrings (in target 'ZhiYuMac' from project 'ZhiYu')
    cd /Users/constantine/Documents/work/code/projects/ZhiYu
    /Applications/Xcode.app/Contents/Developer/usr/bin/xcstringstool compile --output-directory /Users/constantine/Library/Developer/Xcode/DerivedData/ZhiYu-ahhasqosjhnjphavyaflyigbvjqi/Build/Intermediates.noindex/ZhiYu.build/Debug-maccatalyst/ZhiYuMac.build /Users/constantine/Documents/work/code/projects/ZhiYu/Sources/Localization/Editor.xcstrings

CompileXCStrings /Users/constantine/Library/Developer/Xcode/DerivedData/ZhiYu-ahhasqosjhnjphavyaflyigbvjqi/Build/Intermediates.noindex/ZhiYu.build/Debug-maccatalyst/ZhiYuMac.build/ /Users/constantine/Documents/work/code/projects/ZhiYu/Sources/Localization/Graph.xcstrings (in target 'ZhiYuMac' from project 'ZhiYu')
    cd /Users/constantine/Documents/work/code/projects/ZhiYu
    /Applications/Xcode.app/Contents/Developer/usr/bin/xcstringstool compile --output-directory /Users/constantine/Library/Developer/Xcode/DerivedData/ZhiYu-ahhasqosjhnjphavyaflyigbvjqi/Build/Intermediates.noindex/ZhiYu.build/Debug-maccatalyst/ZhiYuMac.build /Users/constantine/Documents/work/code/projects/ZhiYu/Sources/Localization/Graph.xcstrings

CompileXCStrings /Users/constantine/Library/Developer/Xcode/DerivedData/ZhiYu-ahhasqosjhnjphavyaflyigbvjqi/Build/Intermediates.noindex/ZhiYu.build/Debug-maccatalyst/ZhiYuMac.build/ /Users/constantine/Documents/work/code/projects/ZhiYu/Sources/Localization/Lint.xcstrings (in target 'ZhiYuMac' from project 'ZhiYu')
    cd /Users/constantine/Documents/work/code/projects/ZhiYu
    /Applications/Xcode.app/Contents/Developer/usr/bin/xcstringstool compile --output-directory /Users/constantine/Library/Developer/Xcode/DerivedData/ZhiYu-ahhasqosjhnjphavyaflyigbvjqi/Build/Intermediates.noindex/ZhiYu.build/Debug-maccatalyst/ZhiYuMac.build /Users/constantine/Documents/work/code/projects/ZhiYu/Sources/Localization/Lint.xcstrings

CompileXCStrings /Users/constantine/Library/Developer/Xcode/DerivedData/ZhiYu-ahhasqosjhnjphavyaflyigbvjqi/Build/Intermediates.noindex/ZhiYu.build/Debug-maccatalyst/ZhiYuMac.build/ /Users/constantine/Documents/work/code/projects/ZhiYu/Sources/Localization/Transfer.xcstrings (in target 'ZhiYuMac' from project 'ZhiYu')
    cd /Users/constantine/Documents/work/code/projects/ZhiYu
    /Applications/Xcode.app/Contents/Developer/usr/bin/xcstringstool compile --output-directory /Users/constantine/Library/Developer/Xcode/DerivedData/ZhiYu-ahhasqosjhnjphavyaflyigbvjqi/Build/Intermediates.noindex/ZhiYu.build/Debug-maccatalyst/ZhiYuMac.build /Users/constantine/Documents/work/code/projects/ZhiYu/Sources/Localization/Transfer.xcstrings

CompileXCStrings /Users/constantine/Library/Developer/Xcode/DerivedData/ZhiYu-ahhasqosjhnjphavyaflyigbvjqi/Build/Intermediates.noindex/ZhiYu.build/Debug-maccatalyst/ZhiYuMac.build/ /Users/constantine/Documents/work/code/projects/ZhiYu/Sources/Localization/Components.xcstrings (in target 'ZhiYuMac' from project 'ZhiYu')
    cd /Users/constantine/Documents/work/code/projects/ZhiYu
    /Applications/Xcode.app/Contents/Developer/usr/bin/xcstringstool compile --output-directory /Users/constantine/Library/Developer/Xcode/DerivedData/ZhiYu-ahhasqosjhnjphavyaflyigbvjqi/Build/Intermediates.noindex/ZhiYu.build/Debug-maccatalyst/ZhiYuMac.build /Users/constantine/Documents/work/code/projects/ZhiYu/Sources/Localization/Components.xcstrings

CompileXCStrings /Users/constantine/Library/Developer/Xcode/DerivedData/ZhiYu-ahhasqosjhnjphavyaflyigbvjqi/Build/Intermediates.noindex/ZhiYu.build/Debug-maccatalyst/ZhiYuMac.build/ /Users/constantine/Documents/work/code/projects/ZhiYu/Sources/Localization/AITasks.xcstrings (in target 'ZhiYuMac' from project 'ZhiYu')
    cd /Users/constantine/Documents/work/code/projects/ZhiYu
    /Applications/Xcode.app/Contents/Developer/usr/bin/xcstringstool compile --output-directory /Users/constantine/Library/Developer/Xcode/DerivedData/ZhiYu-ahhasqosjhnjphavyaflyigbvjqi/Build/Intermediates.noindex/ZhiYu.build/Debug-maccatalyst/ZhiYuMac.build /Users/constantine/Documents/work/code/projects/ZhiYu/Sources/Localization/AITasks.xcstrings

ProcessInfoPlistFile /Users/constantine/Library/Developer/Xcode/DerivedData/ZhiYu-ahhasqosjhnjphavyaflyigbvjqi/Build/Products/Debug-maccatalyst/ZhiYuMac.app/Contents/Info.plist /Users/constantine/Documents/work/code/projects/ZhiYu/Sources/MacInfo.plist (in target 'ZhiYuMac' from project 'ZhiYu')
    cd /Users/constantine/Documents/work/code/projects/ZhiYu
    builtin-infoPlistUtility /Users/constantine/Documents/work/code/projects/ZhiYu/Sources/MacInfo.plist -producttype com.apple.product-type.application -genpkginfo /Users/constantine/Library/Developer/Xcode/DerivedData/ZhiYu-ahhasqosjhnjphavyaflyigbvjqi/Build/Products/Debug-maccatalyst/ZhiYuMac.app/Contents/PkgInfo -expandbuildsettings -platform macosx -additionalcontentfile /Users/constantine/Library/Developer/Xcode/DerivedData/ZhiYu-ahhasqosjhnjphavyaflyigbvjqi/Build/Intermediates.noindex/ZhiYu.build/Debug-maccatalyst/ZhiYuMac.build/assetcatalog_generated_info.plist -scanforprivacyfile /Users/constantine/Library/Developer/Xcode/DerivedData/ZhiYu-ahhasqosjhnjphavyaflyigbvjqi/Build/Products/Debug-maccatalyst/ZhiYuMac.app/Contents/Resources/GRDB_GRDB.bundle -o /Users/constantine/Library/Developer/Xcode/DerivedData/ZhiYu-ahhasqosjhnjphavyaflyigbvjqi/Build/Products/Debug-maccatalyst/ZhiYuMac.app/Contents/Info.plist
adding entry for "NSSupportsAutomaticTermination" => 1
adding entry for "NSSupportsSuddenTermination" => 1

CompileXCStrings /Users/constantine/Library/Developer/Xcode/DerivedData/ZhiYu-ahhasqosjhnjphavyaflyigbvjqi/Build/Intermediates.noindex/ZhiYu.build/Debug-maccatalyst/ZhiYuMac.build/ /Users/constantine/Documents/work/code/projects/ZhiYu/Sources/Localization/Settings.xcstrings (in target 'ZhiYuMac' from project 'ZhiYu')
    cd /Users/constantine/Documents/work/code/projects/ZhiYu
    /Applications/Xcode.app/Contents/Developer/usr/bin/xcstringstool compile --output-directory /Users/constantine/Library/Developer/Xcode/DerivedData/ZhiYu-ahhasqosjhnjphavyaflyigbvjqi/Build/Intermediates.noindex/ZhiYu.build/Debug-maccatalyst/ZhiYuMac.build /Users/constantine/Documents/work/code/projects/ZhiYu/Sources/Localization/Settings.xcstrings

CopyStringsFile /Users/constantine/Library/Developer/Xcode/DerivedData/ZhiYu-ahhasqosjhnjphavyaflyigbvjqi/Build/Products/Debug-maccatalyst/ZhiYuMac.app/Contents/Resources/zh-Hans.lproj/Components.strings /Users/constantine/Library/Developer/Xcode/DerivedData/ZhiYu-ahhasqosjhnjphavyaflyigbvjqi/Build/Intermediates.noindex/ZhiYu.build/Debug-maccatalyst/ZhiYuMac.build/zh-Hans.lproj/Components.strings (in target 'ZhiYuMac' from project 'ZhiYu')
    cd /Users/constantine/Documents/work/code/projects/ZhiYu
    builtin-copyStrings --validate --outputencoding UTF-16 --outfilename Components.strings --outdir /Users/constantine/Library/Developer/Xcode/DerivedData/ZhiYu-ahhasqosjhnjphavyaflyigbvjqi/Build/Products/Debug-maccatalyst/ZhiYuMac.app/Contents/Resources/zh-Hans.lproj -- /Users/constantine/Library/Developer/Xcode/DerivedData/ZhiYu-ahhasqosjhnjphavyaflyigbvjqi/Build/Intermediates.noindex/ZhiYu.build/Debug-maccatalyst/ZhiYuMac.build/zh-Hans.lproj/Components.strings
/Users/constantine/Library/Developer/Xcode/DerivedData/ZhiYu-ahhasqosjhnjphavyaflyigbvjqi/Build/Intermediates.noindex/ZhiYu.build/Debug-maccatalyst/ZhiYuMac.build/zh-Hans.lproj/Components.strings:1:1: note: detected encoding of input file as Unicode (UTF-8) (in target 'ZhiYuMac' from project 'ZhiYu')

CopyStringsFile /Users/constantine/Library/Developer/Xcode/DerivedData/ZhiYu-ahhasqosjhnjphavyaflyigbvjqi/Build/Products/Debug-maccatalyst/ZhiYuMac.app/Contents/Resources/en.lproj/Components.strings /Users/constantine/Library/Developer/Xcode/DerivedData/ZhiYu-ahhasqosjhnjphavyaflyigbvjqi/Build/Intermediates.noindex/ZhiYu.build/Debug-maccatalyst/ZhiYuMac.build/en.lproj/Components.strings (in target 'ZhiYuMac' from project 'ZhiYu')
    cd /Users/constantine/Documents/work/code/projects/ZhiYu
    builtin-copyStrings --validate --outputencoding UTF-16 --outfilename Components.strings --outdir /Users/constantine/Library/Developer/Xcode/DerivedData/ZhiYu-ahhasqosjhnjphavyaflyigbvjqi/Build/Products/Debug-maccatalyst/ZhiYuMac.app/Contents/Resources/en.lproj -- /Users/constantine/Library/Developer/Xcode/DerivedData/ZhiYu-ahhasqosjhnjphavyaflyigbvjqi/Build/Intermediates.noindex/ZhiYu.build/Debug-maccatalyst/ZhiYuMac.build/en.lproj/Components.strings
/Users/constantine/Library/Developer/Xcode/DerivedData/ZhiYu-ahhasqosjhnjphavyaflyigbvjqi/Build/Intermediates.noindex/ZhiYu.build/Debug-maccatalyst/ZhiYuMac.build/en.lproj/Components.strings:1:1: note: detected encoding of input file as Unicode (UTF-8) (in target 'ZhiYuMac' from project 'ZhiYu')

CopyStringsFile /Users/constantine/Library/Developer/Xcode/DerivedData/ZhiYu-ahhasqosjhnjphavyaflyigbvjqi/Build/Products/Debug-maccatalyst/ZhiYuMac.app/Contents/Resources/zh-Hans.lproj/Graph.strings /Users/constantine/Library/Developer/Xcode/DerivedData/ZhiYu-ahhasqosjhnjphavyaflyigbvjqi/Build/Intermediates.noindex/ZhiYu.build/Debug-maccatalyst/ZhiYuMac.build/zh-Hans.lproj/Graph.strings (in target 'ZhiYuMac' from project 'ZhiYu')
    cd /Users/constantine/Documents/work/code/projects/ZhiYu
    builtin-copyStrings --validate --outputencoding UTF-16 --outfilename Graph.strings --outdir /Users/constantine/Library/Developer/Xcode/DerivedData/ZhiYu-ahhasqosjhnjphavyaflyigbvjqi/Build/Products/Debug-maccatalyst/ZhiYuMac.app/Contents/Resources/zh-Hans.lproj -- /Users/constantine/Library/Developer/Xcode/DerivedData/ZhiYu-ahhasqosjhnjphavyaflyigbvjqi/Build/Intermediates.noindex/ZhiYu.build/Debug-maccatalyst/ZhiYuMac.build/zh-Hans.lproj/Graph.strings
/Users/constantine/Library/Developer/Xcode/DerivedData/ZhiYu-ahhasqosjhnjphavyaflyigbvjqi/Build/Intermediates.noindex/ZhiYu.build/Debug-maccatalyst/ZhiYuMac.build/zh-Hans.lproj/Graph.strings:1:1: note: detected encoding of input file as Unicode (UTF-8) (in target 'ZhiYuMac' from project 'ZhiYu')

CopyStringsFile /Users/constantine/Library/Developer/Xcode/DerivedData/ZhiYu-ahhasqosjhnjphavyaflyigbvjqi/Build/Products/Debug-maccatalyst/ZhiYuMac.app/Contents/Resources/en.lproj/Graph.strings /Users/constantine/Library/Developer/Xcode/DerivedData/ZhiYu-ahhasqosjhnjphavyaflyigbvjqi/Build/Intermediates.noindex/ZhiYu.build/Debug-maccatalyst/ZhiYuMac.build/en.lproj/Graph.strings (in target 'ZhiYuMac' from project 'ZhiYu')
    cd /Users/constantine/Documents/work/code/projects/ZhiYu
    builtin-copyStrings --validate --outputencoding UTF-16 --outfilename Graph.strings --outdir /Users/constantine/Library/Developer/Xcode/DerivedData/ZhiYu-ahhasqosjhnjphavyaflyigbvjqi/Build/Products/Debug-maccatalyst/ZhiYuMac.app/Contents/Resources/en.lproj -- /Users/constantine/Library/Developer/Xcode/DerivedData/ZhiYu-ahhasqosjhnjphavyaflyigbvjqi/Build/Intermediates.noindex/ZhiYu.build/Debug-maccatalyst/ZhiYuMac.build/en.lproj/Graph.strings
/Users/constantine/Library/Developer/Xcode/DerivedData/ZhiYu-ahhasqosjhnjphavyaflyigbvjqi/Build/Intermediates.noindex/ZhiYu.build/Debug-maccatalyst/ZhiYuMac.build/en.lproj/Graph.strings:1:1: note: detected encoding of input file as Unicode (UTF-8) (in target 'ZhiYuMac' from project 'ZhiYu')

CopyStringsFile /Users/constantine/Library/Developer/Xcode/DerivedData/ZhiYu-ahhasqosjhnjphavyaflyigbvjqi/Build/Products/Debug-maccatalyst/ZhiYuMac.app/Contents/Resources/zh-Hans.lproj/Transfer.strings /Users/constantine/Library/Developer/Xcode/DerivedData/ZhiYu-ahhasqosjhnjphavyaflyigbvjqi/Build/Intermediates.noindex/ZhiYu.build/Debug-maccatalyst/ZhiYuMac.build/zh-Hans.lproj/Transfer.strings (in target 'ZhiYuMac' from project 'ZhiYu')
    cd /Users/constantine/Documents/work/code/projects/ZhiYu
    builtin-copyStrings --validate --outputencoding UTF-16 --outfilename Transfer.strings --outdir /Users/constantine/Library/Developer/Xcode/DerivedData/ZhiYu-ahhasqosjhnjphavyaflyigbvjqi/Build/Products/Debug-maccatalyst/ZhiYuMac.app/Contents/Resources/zh-Hans.lproj -- /Users/constantine/Library/Developer/Xcode/DerivedData/ZhiYu-ahhasqosjhnjphavyaflyigbvjqi/Build/Intermediates.noindex/ZhiYu.build/Debug-maccatalyst/ZhiYuMac.build/zh-Hans.lproj/Transfer.strings
/Users/constantine/Library/Developer/Xcode/DerivedData/ZhiYu-ahhasqosjhnjphavyaflyigbvjqi/Build/Intermediates.noindex/ZhiYu.build/Debug-maccatalyst/ZhiYuMac.build/zh-Hans.lproj/Transfer.strings:1:1: note: detected encoding of input file as Unicode (UTF-8) (in target 'ZhiYuMac' from project 'ZhiYu')

CopyStringsFile /Users/constantine/Library/Developer/Xcode/DerivedData/ZhiYu-ahhasqosjhnjphavyaflyigbvjqi/Build/Products/Debug-maccatalyst/ZhiYuMac.app/Contents/Resources/en.lproj/Transfer.strings /Users/constantine/Library/Developer/Xcode/DerivedData/ZhiYu-ahhasqosjhnjphavyaflyigbvjqi/Build/Intermediates.noindex/ZhiYu.build/Debug-maccatalyst/ZhiYuMac.build/en.lproj/Transfer.strings (in target 'ZhiYuMac' from project 'ZhiYu')
    cd /Users/constantine/Documents/work/code/projects/ZhiYu
    builtin-copyStrings --validate --outputencoding UTF-16 --outfilename Transfer.strings --outdir /Users/constantine/Library/Developer/Xcode/DerivedData/ZhiYu-ahhasqosjhnjphavyaflyigbvjqi/Build/Products/Debug-maccatalyst/ZhiYuMac.app/Contents/Resources/en.lproj -- /Users/constantine/Library/Developer/Xcode/DerivedData/ZhiYu-ahhasqosjhnjphavyaflyigbvjqi/Build/Intermediates.noindex/ZhiYu.build/Debug-maccatalyst/ZhiYuMac.build/en.lproj/Transfer.strings
/Users/constantine/Library/Developer/Xcode/DerivedData/ZhiYu-ahhasqosjhnjphavyaflyigbvjqi/Build/Intermediates.noindex/ZhiYu.build/Debug-maccatalyst/ZhiYuMac.build/en.lproj/Transfer.strings:1:1: note: detected encoding of input file as Unicode (UTF-8) (in target 'ZhiYuMac' from project 'ZhiYu')

CopyStringsFile /Users/constantine/Library/Developer/Xcode/DerivedData/ZhiYu-ahhasqosjhnjphavyaflyigbvjqi/Build/Products/Debug-maccatalyst/ZhiYuMac.app/Contents/Resources/en.lproj/Editor.strings /Users/constantine/Library/Developer/Xcode/DerivedData/ZhiYu-ahhasqosjhnjphavyaflyigbvjqi/Build/Intermediates.noindex/ZhiYu.build/Debug-maccatalyst/ZhiYuMac.build/en.lproj/Editor.strings (in target 'ZhiYuMac' from project 'ZhiYu')
    cd /Users/constantine/Documents/work/code/projects/ZhiYu
    builtin-copyStrings --validate --outputencoding UTF-16 --outfilename Editor.strings --outdir /Users/constantine/Library/Developer/Xcode/DerivedData/ZhiYu-ahhasqosjhnjphavyaflyigbvjqi/Build/Products/Debug-maccatalyst/ZhiYuMac.app/Contents/Resources/en.lproj -- /Users/constantine/Library/Developer/Xcode/DerivedData/ZhiYu-ahhasqosjhnjphavyaflyigbvjqi/Build/Intermediates.noindex/ZhiYu.build/Debug-maccatalyst/ZhiYuMac.build/en.lproj/Editor.strings
/Users/constantine/Library/Developer/Xcode/DerivedData/ZhiYu-ahhasqosjhnjphavyaflyigbvjqi/Build/Intermediates.noindex/ZhiYu.build/Debug-maccatalyst/ZhiYuMac.build/en.lproj/Editor.strings:1:1: note: detected encoding of input file as Unicode (UTF-8) (in target 'ZhiYuMac' from project 'ZhiYu')

CopyStringsFile /Users/constantine/Library/Developer/Xcode/DerivedData/ZhiYu-ahhasqosjhnjphavyaflyigbvjqi/Build/Products/Debug-maccatalyst/ZhiYuMac.app/Contents/Resources/zh-Hans.lproj/Editor.strings /Users/constantine/Library/Developer/Xcode/DerivedData/ZhiYu-ahhasqosjhnjphavyaflyigbvjqi/Build/Intermediates.noindex/ZhiYu.build/Debug-maccatalyst/ZhiYuMac.build/zh-Hans.lproj/Editor.strings (in target 'ZhiYuMac' from project 'ZhiYu')
    cd /Users/constantine/Documents/work/code/projects/ZhiYu
    builtin-copyStrings --validate --outputencoding UTF-16 --outfilename Editor.strings --outdir /Users/constantine/Library/Developer/Xcode/DerivedData/ZhiYu-ahhasqosjhnjphavyaflyigbvjqi/Build/Products/Debug-maccatalyst/ZhiYuMac.app/Contents/Resources/zh-Hans.lproj -- /Users/constantine/Library/Developer/Xcode/DerivedData/ZhiYu-ahhasqosjhnjphavyaflyigbvjqi/Build/Intermediates.noindex/ZhiYu.build/Debug-maccatalyst/ZhiYuMac.build/zh-Hans.lproj/Editor.strings
/Users/constantine/Library/Developer/Xcode/DerivedData/ZhiYu-ahhasqosjhnjphavyaflyigbvjqi/Build/Intermediates.noindex/ZhiYu.build/Debug-maccatalyst/ZhiYuMac.build/zh-Hans.lproj/Editor.strings:1:1: note: detected encoding of input file as Unicode (UTF-8) (in target 'ZhiYuMac' from project 'ZhiYu')

CopyStringsFile /Users/constantine/Library/Developer/Xcode/DerivedData/ZhiYu-ahhasqosjhnjphavyaflyigbvjqi/Build/Products/Debug-maccatalyst/ZhiYuMac.app/Contents/Resources/zh-Hans.lproj/AITasks.strings /Users/constantine/Library/Developer/Xcode/DerivedData/ZhiYu-ahhasqosjhnjphavyaflyigbvjqi/Build/Intermediates.noindex/ZhiYu.build/Debug-maccatalyst/ZhiYuMac.build/zh-Hans.lproj/AITasks.strings (in target 'ZhiYuMac' from project 'ZhiYu')
    cd /Users/constantine/Documents/work/code/projects/ZhiYu
    builtin-copyStrings --validate --outputencoding UTF-16 --outfilename AITasks.strings --outdir /Users/constantine/Library/Developer/Xcode/DerivedData/ZhiYu-ahhasqosjhnjphavyaflyigbvjqi/Build/Products/Debug-maccatalyst/ZhiYuMac.app/Contents/Resources/zh-Hans.lproj -- /Users/constantine/Library/Developer/Xcode/DerivedData/ZhiYu-ahhasqosjhnjphavyaflyigbvjqi/Build/Intermediates.noindex/ZhiYu.build/Debug-maccatalyst/ZhiYuMac.build/zh-Hans.lproj/AITasks.strings
/Users/constantine/Library/Developer/Xcode/DerivedData/ZhiYu-ahhasqosjhnjphavyaflyigbvjqi/Build/Intermediates.noindex/ZhiYu.build/Debug-maccatalyst/ZhiYuMac.build/zh-Hans.lproj/AITasks.strings:1:1: note: detected encoding of input file as Unicode (UTF-8) (in target 'ZhiYuMac' from project 'ZhiYu')

CopyStringsFile /Users/constantine/Library/Developer/Xcode/DerivedData/ZhiYu-ahhasqosjhnjphavyaflyigbvjqi/Build/Products/Debug-maccatalyst/ZhiYuMac.app/Contents/Resources/en.lproj/AITasks.strings /Users/constantine/Library/Developer/Xcode/DerivedData/ZhiYu-ahhasqosjhnjphavyaflyigbvjqi/Build/Intermediates.noindex/ZhiYu.build/Debug-maccatalyst/ZhiYuMac.build/en.lproj/AITasks.strings (in target 'ZhiYuMac' from project 'ZhiYu')
    cd /Users/constantine/Documents/work/code/projects/ZhiYu
    builtin-copyStrings --validate --outputencoding UTF-16 --outfilename AITasks.strings --outdir /Users/constantine/Library/Developer/Xcode/DerivedData/ZhiYu-ahhasqosjhnjphavyaflyigbvjqi/Build/Products/Debug-maccatalyst/ZhiYuMac.app/Contents/Resources/en.lproj -- /Users/constantine/Library/Developer/Xcode/DerivedData/ZhiYu-ahhasqosjhnjphavyaflyigbvjqi/Build/Intermediates.noindex/ZhiYu.build/Debug-maccatalyst/ZhiYuMac.build/en.lproj/AITasks.strings
/Users/constantine/Library/Developer/Xcode/DerivedData/ZhiYu-ahhasqosjhnjphavyaflyigbvjqi/Build/Intermediates.noindex/ZhiYu.build/Debug-maccatalyst/ZhiYuMac.build/en.lproj/AITasks.strings:1:1: note: detected encoding of input file as Unicode (UTF-8) (in target 'ZhiYuMac' from project 'ZhiYu')

CopyStringsFile /Users/constantine/Library/Developer/Xcode/DerivedData/ZhiYu-ahhasqosjhnjphavyaflyigbvjqi/Build/Products/Debug-maccatalyst/ZhiYuMac.app/Contents/Resources/zh-Hans.lproj/Lint.strings /Users/constantine/Library/Developer/Xcode/DerivedData/ZhiYu-ahhasqosjhnjphavyaflyigbvjqi/Build/Intermediates.noindex/ZhiYu.build/Debug-maccatalyst/ZhiYuMac.build/zh-Hans.lproj/Lint.strings (in target 'ZhiYuMac' from project 'ZhiYu')
    cd /Users/constantine/Documents/work/code/projects/ZhiYu
    builtin-copyStrings --validate --outputencoding UTF-16 --outfilename Lint.strings --outdir /Users/constantine/Library/Developer/Xcode/DerivedData/ZhiYu-ahhasqosjhnjphavyaflyigbvjqi/Build/Products/Debug-maccatalyst/ZhiYuMac.app/Contents/Resources/zh-Hans.lproj -- /Users/constantine/Library/Developer/Xcode/DerivedData/ZhiYu-ahhasqosjhnjphavyaflyigbvjqi/Build/Intermediates.noindex/ZhiYu.build/Debug-maccatalyst/ZhiYuMac.build/zh-Hans.lproj/Lint.strings
/Users/constantine/Library/Developer/Xcode/DerivedData/ZhiYu-ahhasqosjhnjphavyaflyigbvjqi/Build/Intermediates.noindex/ZhiYu.build/Debug-maccatalyst/ZhiYuMac.build/zh-Hans.lproj/Lint.strings:1:1: note: detected encoding of input file as Unicode (UTF-8) (in target 'ZhiYuMac' from project 'ZhiYu')

CopyStringsFile /Users/constantine/Library/Developer/Xcode/DerivedData/ZhiYu-ahhasqosjhnjphavyaflyigbvjqi/Build/Products/Debug-maccatalyst/ZhiYuMac.app/Contents/Resources/en.lproj/Lint.strings /Users/constantine/Library/Developer/Xcode/DerivedData/ZhiYu-ahhasqosjhnjphavyaflyigbvjqi/Build/Intermediates.noindex/ZhiYu.build/Debug-maccatalyst/ZhiYuMac.build/en.lproj/Lint.strings (in target 'ZhiYuMac' from project 'ZhiYu')
    cd /Users/constantine/Documents/work/code/projects/ZhiYu
    builtin-copyStrings --validate --outputencoding UTF-16 --outfilename Lint.strings --outdir /Users/constantine/Library/Developer/Xcode/DerivedData/ZhiYu-ahhasqosjhnjphavyaflyigbvjqi/Build/Products/Debug-maccatalyst/ZhiYuMac.app/Contents/Resources/en.lproj -- /Users/constantine/Library/Developer/Xcode/DerivedData/ZhiYu-ahhasqosjhnjphavyaflyigbvjqi/Build/Intermediates.noindex/ZhiYu.build/Debug-maccatalyst/ZhiYuMac.build/en.lproj/Lint.strings
/Users/constantine/Library/Developer/Xcode/DerivedData/ZhiYu-ahhasqosjhnjphavyaflyigbvjqi/Build/Intermediates.noindex/ZhiYu.build/Debug-maccatalyst/ZhiYuMac.build/en.lproj/Lint.strings:1:1: note: detected encoding of input file as Unicode (UTF-8) (in target 'ZhiYuMac' from project 'ZhiYu')

CopyStringsFile /Users/constantine/Library/Developer/Xcode/DerivedData/ZhiYu-ahhasqosjhnjphavyaflyigbvjqi/Build/Products/Debug-maccatalyst/ZhiYuMac.app/Contents/Resources/en.lproj/Ingest.strings /Users/constantine/Library/Developer/Xcode/DerivedData/ZhiYu-ahhasqosjhnjphavyaflyigbvjqi/Build/Intermediates.noindex/ZhiYu.build/Debug-maccatalyst/ZhiYuMac.build/en.lproj/Ingest.strings (in target 'ZhiYuMac' from project 'ZhiYu')
    cd /Users/constantine/Documents/work/code/projects/ZhiYu
    builtin-copyStrings --validate --outputencoding UTF-16 --outfilename Ingest.strings --outdir /Users/constantine/Library/Developer/Xcode/DerivedData/ZhiYu-ahhasqosjhnjphavyaflyigbvjqi/Build/Products/Debug-maccatalyst/ZhiYuMac.app/Contents/Resources/en.lproj -- /Users/constantine/Library/Developer/Xcode/DerivedData/ZhiYu-ahhasqosjhnjphavyaflyigbvjqi/Build/Intermediates.noindex/ZhiYu.build/Debug-maccatalyst/ZhiYuMac.build/en.lproj/Ingest.strings
/Users/constantine/Library/Developer/Xcode/DerivedData/ZhiYu-ahhasqosjhnjphavyaflyigbvjqi/Build/Intermediates.noindex/ZhiYu.build/Debug-maccatalyst/ZhiYuMac.build/en.lproj/Ingest.strings:1:1: note: detected encoding of input file as Unicode (UTF-8) (in target 'ZhiYuMac' from project 'ZhiYu')

CopyStringsFile /Users/constantine/Library/Developer/Xcode/DerivedData/ZhiYu-ahhasqosjhnjphavyaflyigbvjqi/Build/Products/Debug-maccatalyst/ZhiYuMac.app/Contents/Resources/zh-Hans.lproj/Ingest.strings /Users/constantine/Library/Developer/Xcode/DerivedData/ZhiYu-ahhasqosjhnjphavyaflyigbvjqi/Build/Intermediates.noindex/ZhiYu.build/Debug-maccatalyst/ZhiYuMac.build/zh-Hans.lproj/Ingest.strings (in target 'ZhiYuMac' from project 'ZhiYu')
    cd /Users/constantine/Documents/work/code/projects/ZhiYu
    builtin-copyStrings --validate --outputencoding UTF-16 --outfilename Ingest.strings --outdir /Users/constantine/Library/Developer/Xcode/DerivedData/ZhiYu-ahhasqosjhnjphavyaflyigbvjqi/Build/Products/Debug-maccatalyst/ZhiYuMac.app/Contents/Resources/zh-Hans.lproj -- /Users/constantine/Library/Developer/Xcode/DerivedData/ZhiYu-ahhasqosjhnjphavyaflyigbvjqi/Build/Intermediates.noindex/ZhiYu.build/Debug-maccatalyst/ZhiYuMac.build/zh-Hans.lproj/Ingest.strings
/Users/constantine/Library/Developer/Xcode/DerivedData/ZhiYu-ahhasqosjhnjphavyaflyigbvjqi/Build/Intermediates.noindex/ZhiYu.build/Debug-maccatalyst/ZhiYuMac.build/zh-Hans.lproj/Ingest.strings:1:1: note: detected encoding of input file as Unicode (UTF-8) (in target 'ZhiYuMac' from project 'ZhiYu')

CopyStringsFile /Users/constantine/Library/Developer/Xcode/DerivedData/ZhiYu-ahhasqosjhnjphavyaflyigbvjqi/Build/Products/Debug-maccatalyst/ZhiYuMac.app/Contents/Resources/zh-Hans.lproj/Settings.strings /Users/constantine/Library/Developer/Xcode/DerivedData/ZhiYu-ahhasqosjhnjphavyaflyigbvjqi/Build/Intermediates.noindex/ZhiYu.build/Debug-maccatalyst/ZhiYuMac.build/zh-Hans.lproj/Settings.strings (in target 'ZhiYuMac' from project 'ZhiYu')
    cd /Users/constantine/Documents/work/code/projects/ZhiYu
    builtin-copyStrings --validate --outputencoding UTF-16 --outfilename Settings.strings --outdir /Users/constantine/Library/Developer/Xcode/DerivedData/ZhiYu-ahhasqosjhnjphavyaflyigbvjqi/Build/Products/Debug-maccatalyst/ZhiYuMac.app/Contents/Resources/zh-Hans.lproj -- /Users/constantine/Library/Developer/Xcode/DerivedData/ZhiYu-ahhasqosjhnjphavyaflyigbvjqi/Build/Intermediates.noindex/ZhiYu.build/Debug-maccatalyst/ZhiYuMac.build/zh-Hans.lproj/Settings.strings
/Users/constantine/Library/Developer/Xcode/DerivedData/ZhiYu-ahhasqosjhnjphavyaflyigbvjqi/Build/Intermediates.noindex/ZhiYu.build/Debug-maccatalyst/ZhiYuMac.build/zh-Hans.lproj/Settings.strings:1:1: note: detected encoding of input file as Unicode (UTF-8) (in target 'ZhiYuMac' from project 'ZhiYu')

CopyStringsFile /Users/constantine/Library/Developer/Xcode/DerivedData/ZhiYu-ahhasqosjhnjphavyaflyigbvjqi/Build/Products/Debug-maccatalyst/ZhiYuMac.app/Contents/Resources/en.lproj/Settings.strings /Users/constantine/Library/Developer/Xcode/DerivedData/ZhiYu-ahhasqosjhnjphavyaflyigbvjqi/Build/Intermediates.noindex/ZhiYu.build/Debug-maccatalyst/ZhiYuMac.build/en.lproj/Settings.strings (in target 'ZhiYuMac' from project 'ZhiYu')
    cd /Users/constantine/Documents/work/code/projects/ZhiYu
    builtin-copyStrings --validate --outputencoding UTF-16 --outfilename Settings.strings --outdir /Users/constantine/Library/Developer/Xcode/DerivedData/ZhiYu-ahhasqosjhnjphavyaflyigbvjqi/Build/Products/Debug-maccatalyst/ZhiYuMac.app/Contents/Resources/en.lproj -- /Users/constantine/Library/Developer/Xcode/DerivedData/ZhiYu-ahhasqosjhnjphavyaflyigbvjqi/Build/Intermediates.noindex/ZhiYu.build/Debug-maccatalyst/ZhiYuMac.build/en.lproj/Settings.strings
/Users/constantine/Library/Developer/Xcode/DerivedData/ZhiYu-ahhasqosjhnjphavyaflyigbvjqi/Build/Intermediates.noindex/ZhiYu.build/Debug-maccatalyst/ZhiYuMac.build/en.lproj/Settings.strings:1:1: note: detected encoding of input file as Unicode (UTF-8) (in target 'ZhiYuMac' from project 'ZhiYu')

** BUILD FAILED **


The following build commands failed:
	SwiftDriver ZhiYuMac normal arm64 com.apple.xcode.tools.swift.compiler (in target 'ZhiYuMac' from project 'ZhiYu')
	Building project ZhiYu with scheme ZhiYuMac
(2 failures)
