Command line invocation:
    /Applications/Xcode.app/Contents/Developer/usr/bin/xcodebuild build -project ZhiYu.xcodeproj -scheme ZhiYuMac -destination platform=macOS CODE_SIGNING_ALLOWED=NO CODE_SIGNING_REQUIRED=NO

Build settings from command line:
    CODE_SIGNING_ALLOWED = NO
    CODE_SIGNING_REQUIRED = NO

Resolve Package Graph


Resolved source packages:
  swift-custom-dump: https://github.com/pointfreeco/swift-custom-dump @ 1.5.0
  xctest-dynamic-overlay: https://github.com/pointfreeco/xctest-dynamic-overlay @ 1.9.0
  swift-syntax: https://github.com/swiftlang/swift-syntax @ 603.0.1
  swift-snapshot-testing: https://github.com/pointfreeco/swift-snapshot-testing @ 1.19.2
  GRDB: https://github.com/groue/GRDB.swift.git @ 6.29.3

--- xcodebuild: WARNING: Using the first of multiple matching destinations:
{ platform:macOS, arch:arm64, variant:Mac Catalyst, id:00006050-001A48A90CD1401C, name:My Mac }
{ platform:macOS, arch:x86_64, variant:Mac Catalyst, id:00006050-001A48A90CD1401C, name:My Mac }
{ platform:macOS, arch:arm64, variant:Designed for [iPad,iPhone], id:00006050-001A48A90CD1401C, name:My Mac }
ComputePackagePrebuildTargetDependencyGraph

Prepare packages

CreateBuildRequest

SendProjectDescription

CreateBuildOperation

ComputeTargetDependencyGraph
note: Building targets in dependency order
note: Target dependency graph (5 targets)
    Target 'ZhiYuMac' in project 'ZhiYu'
        ➜ Explicit dependency on target 'GRDB' in project 'GRDB'
    Target 'GRDB' in project 'GRDB'
        ➜ Explicit dependency on target 'GRDB' in project 'GRDB'
        ➜ Explicit dependency on target 'GRDB_GRDB' in project 'GRDB'
    Target 'GRDB' in project 'GRDB'
        ➜ Explicit dependency on target 'GRDB_GRDB' in project 'GRDB'
        ➜ Explicit dependency on target 'CSQLite' in project 'GRDB'
    Target 'CSQLite' in project 'GRDB' (no dependencies)
    Target 'GRDB_GRDB' in project 'GRDB' (no dependencies)

GatherProvisioningInputs

CreateBuildDescription

ClangStatCache /Applications/Xcode.app/Contents/Developer/Toolchains/XcodeDefault.xctoolchain/usr/bin/clang-stat-cache /Applications/Xcode.app/Contents/Developer/Platforms/MacOSX.platform/Developer/SDKs/MacOSX26.4.sdk /Users/constantine/Library/Developer/Xcode/DerivedData/SDKStatCaches.noindex/macosx26.4-25E251-30f9ca8789b706f8bd3fc906a70d770f.sdkstatcache
    cd /Users/constantine/Documents/work/code/projects/ZhiYu/ZhiYu.xcodeproj
    /Applications/Xcode.app/Contents/Developer/Toolchains/XcodeDefault.xctoolchain/usr/bin/clang-stat-cache /Applications/Xcode.app/Contents/Developer/Platforms/MacOSX.platform/Developer/SDKs/MacOSX26.4.sdk -o /Users/constantine/Library/Developer/Xcode/DerivedData/SDKStatCaches.noindex/macosx26.4-25E251-30f9ca8789b706f8bd3fc906a70d770f.sdkstatcache

SwiftDriver ZhiYuMac normal arm64 com.apple.xcode.tools.swift.compiler (in target 'ZhiYuMac' from project 'ZhiYu')
    cd /Users/constantine/Documents/work/code/projects/ZhiYu
    builtin-SwiftDriver -- /Applications/Xcode.app/Contents/Developer/Toolchains/XcodeDefault.xctoolchain/usr/bin/swiftc -module-name ZhiYuMac -Onone @/Users/constantine/Library/Developer/Xcode/DerivedData/ZhiYu-ahhasqosjhnjphavyaflyigbvjqi/Build/Intermediates.noindex/ZhiYu.build/Debug-maccatalyst/ZhiYuMac.build/Objects-normal/arm64/ZhiYuMac.SwiftFileList -DDEBUG -Xcc -fmodule-map-file\=/Users/constantine/Library/Developer/Xcode/DerivedData/ZhiYu-ahhasqosjhnjphavyaflyigbvjqi/SourcePackages/checkouts/GRDB.swift/Sources/CSQLite/module.modulemap -enable-upcoming-feature StrictConcurrency -enable-bare-slash-regex -enable-experimental-feature DebugDescriptionMacro -sdk /Applications/Xcode.app/Contents/Developer/Platforms/MacOSX.platform/Developer/SDKs/MacOSX26.4.sdk -target arm64-apple-ios17.0-macabi -g -module-cache-path /Users/constantine/Library/Developer/Xcode/DerivedData/ModuleCache.noindex -Xfrontend -serialize-debugging-options -enable-testing -index-store-path /Users/constantine/Library/Developer/Xcode/DerivedData/ZhiYu-ahhasqosjhnjphavyaflyigbvjqi/Index.noindex/DataStore -Xcc -D_LIBCPP_HARDENING_MODE\=_LIBCPP_HARDENING_MODE_DEBUG -swift-version 5 -I /Users/constantine/Library/Developer/Xcode/DerivedData/ZhiYu-ahhasqosjhnjphavyaflyigbvjqi/Build/Products/Debug-maccatalyst -F /Users/constantine/Library/Developer/Xcode/DerivedData/ZhiYu-ahhasqosjhnjphavyaflyigbvjqi/Build/Products/Debug-maccatalyst/PackageFrameworks -F /Users/constantine/Library/Developer/Xcode/DerivedData/ZhiYu-ahhasqosjhnjphavyaflyigbvjqi/Build/Products/Debug-maccatalyst -Fsystem /Applications/Xcode.app/Contents/Developer/Platforms/MacOSX.platform/Developer/SDKs/MacOSX26.4.sdk/System/iOSSupport/System/Library/Frameworks -Fsystem /Applications/Xcode.app/Contents/Developer/Platforms/MacOSX.platform/Developer/SDKs/MacOSX26.4.sdk/System/iOSSupport/System/Library/SubFrameworks -c -j18 -enable-batch-mode -incremental -Xcc -ivfsstatcache -Xcc /Users/constantine/Library/Developer/Xcode/DerivedData/SDKStatCaches.noindex/macosx26.4-25E251-30f9ca8789b706f8bd3fc906a70d770f.sdkstatcache -output-file-map /Users/constantine/Library/Developer/Xcode/DerivedData/ZhiYu-ahhasqosjhnjphavyaflyigbvjqi/Build/Intermediates.noindex/ZhiYu.build/Debug-maccatalyst/ZhiYuMac.build/Objects-normal/arm64/ZhiYuMac-OutputFileMap.json -use-frontend-parseable-output -save-temps -no-color-diagnostics -explicit-module-build -module-cache-path /Users/constantine/Library/Developer/Xcode/DerivedData/ZhiYu-ahhasqosjhnjphavyaflyigbvjqi/Build/Intermediates.noindex/SwiftExplicitPrecompiledModules -clang-scanner-module-cache-path /Users/constantine/Library/Developer/Xcode/DerivedData/ModuleCache.noindex -sdk-module-cache-path /Users/constantine/Library/Developer/Xcode/DerivedData/ModuleCache.noindex -serialize-diagnostics -emit-dependencies -emit-module -emit-module-path /Users/constantine/Library/Developer/Xcode/DerivedData/ZhiYu-ahhasqosjhnjphavyaflyigbvjqi/Build/Intermediates.noindex/ZhiYu.build/Debug-maccatalyst/ZhiYuMac.build/Objects-normal/arm64/ZhiYuMac.swiftmodule -validate-clang-modules-once -clang-build-session-file /Users/constantine/Library/Developer/Xcode/DerivedData/ModuleCache.noindex/Session.modulevalidation -Xcc -I/Users/constantine/Library/Developer/Xcode/DerivedData/ZhiYu-ahhasqosjhnjphavyaflyigbvjqi/Build/Intermediates.noindex/ZhiYu.build/Debug-maccatalyst/ZhiYuMac.build/swift-overrides.hmap -emit-const-values -Xfrontend -const-gather-protocols-file -Xfrontend /Users/constantine/Library/Developer/Xcode/DerivedData/ZhiYu-ahhasqosjhnjphavyaflyigbvjqi/Build/Intermediates.noindex/ZhiYu.build/Debug-maccatalyst/ZhiYuMac.build/Objects-normal/arm64/ZhiYuMac_const_extract_protocols.json -Xcc -iquote -Xcc /Users/constantine/Library/Developer/Xcode/DerivedData/ZhiYu-ahhasqosjhnjphavyaflyigbvjqi/Build/Intermediates.noindex/ZhiYu.build/Debug-maccatalyst/ZhiYuMac.build/ZhiYuMac-generated-files.hmap -Xcc -I/Users/constantine/Library/Developer/Xcode/DerivedData/ZhiYu-ahhasqosjhnjphavyaflyigbvjqi/Build/Intermediates.noindex/ZhiYu.build/Debug-maccatalyst/ZhiYuMac.build/ZhiYuMac-own-target-headers.hmap -Xcc -I/Users/constantine/Library/Developer/Xcode/DerivedData/ZhiYu-ahhasqosjhnjphavyaflyigbvjqi/Build/Intermediates.noindex/ZhiYu.build/Debug-maccatalyst/ZhiYuMac.build/ZhiYuMac-all-non-framework-target-headers.hmap -Xcc -ivfsoverlay -Xcc /Users/constantine/Library/Developer/Xcode/DerivedData/ZhiYu-ahhasqosjhnjphavyaflyigbvjqi/Build/Intermediates.noindex/ZhiYu.build/Debug-maccatalyst/ZhiYu-48e36c608b438f24ac5a43fe091185d1-VFS-maccatalyst/all-product-headers.yaml -Xcc -iquote -Xcc /Users/constantine/Library/Developer/Xcode/DerivedData/ZhiYu-ahhasqosjhnjphavyaflyigbvjqi/Build/Intermediates.noindex/ZhiYu.build/Debug-maccatalyst/ZhiYuMac.build/ZhiYuMac-project-headers.hmap -Xcc -I/Users/constantine/Library/Developer/Xcode/DerivedData/ZhiYu-ahhasqosjhnjphavyaflyigbvjqi/Build/Products/Debug-maccatalyst/include -Xcc -isystem -Xcc /Applications/Xcode.app/Contents/Developer/Platforms/MacOSX.platform/Developer/SDKs/MacOSX26.4.sdk/System/iOSSupport/usr/include -Xcc -I/Users/constantine/Library/Developer/Xcode/DerivedData/ZhiYu-ahhasqosjhnjphavyaflyigbvjqi/Build/Intermediates.noindex/ZhiYu.build/Debug-maccatalyst/ZhiYuMac.build/DerivedSources-normal/arm64 -Xcc -I/Users/constantine/Library/Developer/Xcode/DerivedData/ZhiYu-ahhasqosjhnjphavyaflyigbvjqi/Build/Intermediates.noindex/ZhiYu.build/Debug-maccatalyst/ZhiYuMac.build/DerivedSources/arm64 -Xcc -I/Users/constantine/Library/Developer/Xcode/DerivedData/ZhiYu-ahhasqosjhnjphavyaflyigbvjqi/Build/Intermediates.noindex/ZhiYu.build/Debug-maccatalyst/ZhiYuMac.build/DerivedSources -Xcc -DDEBUG\=1 -emit-objc-header -emit-objc-header-path /Users/constantine/Library/Developer/Xcode/DerivedData/ZhiYu-ahhasqosjhnjphavyaflyigbvjqi/Build/Intermediates.noindex/ZhiYu.build/Debug-maccatalyst/ZhiYuMac.build/Objects-normal/arm64/ZhiYuMac-Swift.h -working-directory /Users/constantine/Documents/work/code/projects/ZhiYu -experimental-emit-module-separately -disable-cmo

SwiftCompile normal arm64 Compiling\ BackupView.swift,\ ChatView.swift /Users/constantine/Documents/work/code/projects/ZhiYu/Sources/Shared/Views/Settings/BackupView.swift /Users/constantine/Documents/work/code/projects/ZhiYu/Sources/Shared/Views/Features/ChatView.swift (in target 'ZhiYuMac' from project 'ZhiYu')

SwiftCompile normal arm64 /Users/constantine/Documents/work/code/projects/ZhiYu/Sources/Shared/Views/Settings/BackupView.swift (in target 'ZhiYuMac' from project 'ZhiYu')
    cd /Users/constantine/Documents/work/code/projects/ZhiYu
    

SwiftCompile normal arm64 /Users/constantine/Documents/work/code/projects/ZhiYu/Sources/Shared/Views/Features/ChatView.swift (in target 'ZhiYuMac' from project 'ZhiYu')
    cd /Users/constantine/Documents/work/code/projects/ZhiYu
    

SwiftCompile normal arm64 Compiling\ AppUI.swift,\ BacklinksView.swift /Users/constantine/Documents/work/code/projects/ZhiYu/Sources/Shared/Core/Constants/AppUI.swift /Users/constantine/Documents/work/code/projects/ZhiYu/Sources/Shared/Views/Pages/BacklinksView.swift (in target 'ZhiYuMac' from project 'ZhiYu')

SwiftCompile normal arm64 /Users/constantine/Documents/work/code/projects/ZhiYu/Sources/Shared/Core/Constants/AppUI.swift (in target 'ZhiYuMac' from project 'ZhiYu')
    cd /Users/constantine/Documents/work/code/projects/ZhiYu
    

SwiftCompile normal arm64 /Users/constantine/Documents/work/code/projects/ZhiYu/Sources/Shared/Views/Pages/BacklinksView.swift (in target 'ZhiYuMac' from project 'ZhiYu')
    cd /Users/constantine/Documents/work/code/projects/ZhiYu
    

SwiftCompile normal arm64 Compiling\ CreatePageView.swift,\ DeveloperSettingsView.swift /Users/constantine/Documents/work/code/projects/ZhiYu/Sources/Shared/Views/Pages/CreatePageView.swift /Users/constantine/Documents/work/code/projects/ZhiYu/Sources/Shared/Views/Settings/DeveloperSettingsView.swift (in target 'ZhiYuMac' from project 'ZhiYu')

SwiftCompile normal arm64 /Users/constantine/Documents/work/code/projects/ZhiYu/Sources/Shared/Views/Pages/CreatePageView.swift (in target 'ZhiYuMac' from project 'ZhiYu')
    cd /Users/constantine/Documents/work/code/projects/ZhiYu
    

SwiftCompile normal arm64 /Users/constantine/Documents/work/code/projects/ZhiYu/Sources/Shared/Views/Settings/DeveloperSettingsView.swift (in target 'ZhiYuMac' from project 'ZhiYu')
    cd /Users/constantine/Documents/work/code/projects/ZhiYu
    

SwiftCompile normal arm64 Compiling\ PageDetailHeader.swift,\ PageDetailView.swift /Users/constantine/Documents/work/code/projects/ZhiYu/Sources/Shared/Views/Components/PageDetailHeader.swift /Users/constantine/Documents/work/code/projects/ZhiYu/Sources/Shared/Views/Pages/PageDetailView.swift (in target 'ZhiYuMac' from project 'ZhiYu')
SwiftCompile normal arm64 /Users/constantine/Documents/work/code/projects/ZhiYu/Sources/Shared/Views/Components/PageDetailHeader.swift (in target 'ZhiYuMac' from project 'ZhiYu')
    cd /Users/constantine/Documents/work/code/projects/ZhiYu
    

SwiftCompile normal arm64 /Users/constantine/Documents/work/code/projects/ZhiYu/Sources/Shared/Views/Pages/PageDetailView.swift (in target 'ZhiYuMac' from project 'ZhiYu')
    cd /Users/constantine/Documents/work/code/projects/ZhiYu
    

SwiftCompile normal arm64 Compiling\ PluginCenterView.swift,\ PromptWorkshopView.swift /Users/constantine/Documents/work/code/projects/ZhiYu/Sources/Shared/Views/Settings/PluginCenterView.swift /Users/constantine/Documents/work/code/projects/ZhiYu/Sources/Shared/Views/PromptWorkshopView.swift (in target 'ZhiYuMac' from project 'ZhiYu')

SwiftCompile normal arm64 /Users/constantine/Documents/work/code/projects/ZhiYu/Sources/Shared/Views/Settings/PluginCenterView.swift (in target 'ZhiYuMac' from project 'ZhiYu')
    cd /Users/constantine/Documents/work/code/projects/ZhiYu
    

SwiftCompile normal arm64 /Users/constantine/Documents/work/code/projects/ZhiYu/Sources/Shared/Views/PromptWorkshopView.swift (in target 'ZhiYuMac' from project 'ZhiYu')
    cd /Users/constantine/Documents/work/code/projects/ZhiYu
    

SwiftCompile normal arm64 Compiling\ SearchView.swift,\ SettingsView.swift /Users/constantine/Documents/work/code/projects/ZhiYu/Sources/Shared/Views/Pages/SearchView.swift /Users/constantine/Documents/work/code/projects/ZhiYu/Sources/Shared/Views/Settings/SettingsView.swift (in target 'ZhiYuMac' from project 'ZhiYu')
SwiftCompile normal arm64 /Users/constantine/Documents/work/code/projects/ZhiYu/Sources/Shared/Views/Pages/SearchView.swift (in target 'ZhiYuMac' from project 'ZhiYu')
    cd /Users/constantine/Documents/work/code/projects/ZhiYu
    

SwiftCompile normal arm64 /Users/constantine/Documents/work/code/projects/ZhiYu/Sources/Shared/Views/Settings/SettingsView.swift (in target 'ZhiYuMac' from project 'ZhiYu')
    cd /Users/constantine/Documents/work/code/projects/ZhiYu
    

SwiftCompile normal arm64 Compiling\ MedalWallView.swift,\ OnDeviceLLMSettingsView.swift /Users/constantine/Documents/work/code/projects/ZhiYu/Sources/Shared/Views/Features/MedalWallView.swift /Users/constantine/Documents/work/code/projects/ZhiYu/Sources/Shared/Views/Settings/OnDeviceLLMSettingsView.swift (in target 'ZhiYuMac' from project 'ZhiYu')

SwiftCompile normal arm64 /Users/constantine/Documents/work/code/projects/ZhiYu/Sources/Shared/Views/Features/MedalWallView.swift (in target 'ZhiYuMac' from project 'ZhiYu')
    cd /Users/constantine/Documents/work/code/projects/ZhiYu
    

SwiftCompile normal arm64 /Users/constantine/Documents/work/code/projects/ZhiYu/Sources/Shared/Views/Settings/OnDeviceLLMSettingsView.swift (in target 'ZhiYuMac' from project 'ZhiYu')
    cd /Users/constantine/Documents/work/code/projects/ZhiYu
    

SwiftCompile normal arm64 Compiling\ LintView.swift,\ LogView.swift /Users/constantine/Documents/work/code/projects/ZhiYu/Sources/Shared/Views/Features/LintView.swift /Users/constantine/Documents/work/code/projects/ZhiYu/Sources/Shared/Views/Features/LogView.swift (in target 'ZhiYuMac' from project 'ZhiYu')

SwiftCompile normal arm64 /Users/constantine/Documents/work/code/projects/ZhiYu/Sources/Shared/Views/Features/LintView.swift (in target 'ZhiYuMac' from project 'ZhiYu')
    cd /Users/constantine/Documents/work/code/projects/ZhiYu
    

SwiftCompile normal arm64 /Users/constantine/Documents/work/code/projects/ZhiYu/Sources/Shared/Views/Features/LogView.swift (in target 'ZhiYuMac' from project 'ZhiYu')
    cd /Users/constantine/Documents/work/code/projects/ZhiYu
    

SwiftCompile normal arm64 Compiling\ SystemStatsView.swift /Users/constantine/Documents/work/code/projects/ZhiYu/Sources/Shared/Views/Settings/SystemStatsView.swift (in target 'ZhiYuMac' from project 'ZhiYu')

SwiftCompile normal arm64 /Users/constantine/Documents/work/code/projects/ZhiYu/Sources/Shared/Views/Settings/SystemStatsView.swift (in target 'ZhiYuMac' from project 'ZhiYu')
    cd /Users/constantine/Documents/work/code/projects/ZhiYu
    

SwiftCompile normal arm64 Compiling\ Graph3DView.swift,\ GraphView.swift /Users/constantine/Documents/work/code/projects/ZhiYu/Sources/Shared/Views/Features/Graph3DView.swift /Users/constantine/Documents/work/code/projects/ZhiYu/Sources/Shared/Views/Features/GraphView.swift (in target 'ZhiYuMac' from project 'ZhiYu')

SwiftCompile normal arm64 /Users/constantine/Documents/work/code/projects/ZhiYu/Sources/Shared/Views/Features/Graph3DView.swift (in target 'ZhiYuMac' from project 'ZhiYu')
    cd /Users/constantine/Documents/work/code/projects/ZhiYu
    

SwiftCompile normal arm64 /Users/constantine/Documents/work/code/projects/ZhiYu/Sources/Shared/Views/Features/GraphView.swift (in target 'ZhiYuMac' from project 'ZhiYu')
    cd /Users/constantine/Documents/work/code/projects/ZhiYu
    

SwiftCompile normal arm64 Compiling\ TagCloudView.swift /Users/constantine/Documents/work/code/projects/ZhiYu/Sources/Shared/Views/Pages/TagCloudView.swift (in target 'ZhiYuMac' from project 'ZhiYu')
SwiftCompile normal arm64 /Users/constantine/Documents/work/code/projects/ZhiYu/Sources/Shared/Views/Pages/TagCloudView.swift (in target 'ZhiYuMac' from project 'ZhiYu')
    cd /Users/constantine/Documents/work/code/projects/ZhiYu
    

SwiftCompile normal arm64 Compiling\ SynthesisView.swift /Users/constantine/Documents/work/code/projects/ZhiYu/Sources/Shared/Views/Features/SynthesisView.swift (in target 'ZhiYuMac' from project 'ZhiYu')

SwiftCompile normal arm64 /Users/constantine/Documents/work/code/projects/ZhiYu/Sources/Shared/Views/Features/SynthesisView.swift (in target 'ZhiYuMac' from project 'ZhiYu')
    cd /Users/constantine/Documents/work/code/projects/ZhiYu
    

SwiftCompile normal arm64 Compiling\ KnowledgeDashboardView.swift,\ LLMSettingsView.swift /Users/constantine/Documents/work/code/projects/ZhiYu/Sources/Shared/Views/KnowledgeDashboardView.swift /Users/constantine/Documents/work/code/projects/ZhiYu/Sources/Shared/Views/Settings/LLMSettingsView.swift (in target 'ZhiYuMac' from project 'ZhiYu')

SwiftCompile normal arm64 /Users/constantine/Documents/work/code/projects/ZhiYu/Sources/Shared/Views/KnowledgeDashboardView.swift (in target 'ZhiYuMac' from project 'ZhiYu')
    cd /Users/constantine/Documents/work/code/projects/ZhiYu
    

SwiftCompile normal arm64 /Users/constantine/Documents/work/code/projects/ZhiYu/Sources/Shared/Views/Settings/LLMSettingsView.swift (in target 'ZhiYuMac' from project 'ZhiYu')
    cd /Users/constantine/Documents/work/code/projects/ZhiYu
    

SwiftCompile normal arm64 Compiling\ IndexView.swift,\ IngestView.swift /Users/constantine/Documents/work/code/projects/ZhiYu/Sources/Shared/Views/Pages/IndexView.swift /Users/constantine/Documents/work/code/projects/ZhiYu/Sources/Shared/Views/Features/IngestView.swift (in target 'ZhiYuMac' from project 'ZhiYu')

SwiftCompile normal arm64 /Users/constantine/Documents/work/code/projects/ZhiYu/Sources/Shared/Views/Pages/IndexView.swift (in target 'ZhiYuMac' from project 'ZhiYu')
    cd /Users/constantine/Documents/work/code/projects/ZhiYu
    

SwiftCompile normal arm64 /Users/constantine/Documents/work/code/projects/ZhiYu/Sources/Shared/Views/Features/IngestView.swift (in target 'ZhiYuMac' from project 'ZhiYu')
    cd /Users/constantine/Documents/work/code/projects/ZhiYu
    

SwiftEmitModule normal arm64 Emitting\ module\ for\ ZhiYuMac (in target 'ZhiYuMac' from project 'ZhiYu')

EmitSwiftModule normal arm64 (in target 'ZhiYuMac' from project 'ZhiYu')
    cd /Users/constantine/Documents/work/code/projects/ZhiYu
    

SwiftCompile normal arm64 Compiling\ WelcomeView.swift /Users/constantine/Documents/work/code/projects/ZhiYu/Sources/Shared/Views/Core/WelcomeView.swift (in target 'ZhiYuMac' from project 'ZhiYu')

SwiftCompile normal arm64 /Users/constantine/Documents/work/code/projects/ZhiYu/Sources/Shared/Views/Core/WelcomeView.swift (in target 'ZhiYuMac' from project 'ZhiYu')
    cd /Users/constantine/Documents/work/code/projects/ZhiYu
    

SwiftCompile normal arm64 Compiling\ TaskCenterView.swift /Users/constantine/Documents/work/code/projects/ZhiYu/Sources/Shared/Views/Features/TaskCenterView.swift (in target 'ZhiYuMac' from project 'ZhiYu')

SwiftCompile normal arm64 /Users/constantine/Documents/work/code/projects/ZhiYu/Sources/Shared/Views/Features/TaskCenterView.swift (in target 'ZhiYuMac' from project 'ZhiYu')
    cd /Users/constantine/Documents/work/code/projects/ZhiYu
    

SwiftCompile normal arm64 Compiling\ WeeklyInsightCard.swift /Users/constantine/Documents/work/code/projects/ZhiYu/Sources/Shared/Views/Components/WeeklyInsightCard.swift (in target 'ZhiYuMac' from project 'ZhiYu')

SwiftCompile normal arm64 /Users/constantine/Documents/work/code/projects/ZhiYu/Sources/Shared/Views/Components/WeeklyInsightCard.swift (in target 'ZhiYuMac' from project 'ZhiYu')
    cd /Users/constantine/Documents/work/code/projects/ZhiYu
    

SwiftCompile normal arm64 Compiling\ iCloudSyncView.swift /Users/constantine/Documents/work/code/projects/ZhiYu/Sources/Shared/Views/Settings/iCloudSyncView.swift (in target 'ZhiYuMac' from project 'ZhiYu')

SwiftCompile normal arm64 /Users/constantine/Documents/work/code/projects/ZhiYu/Sources/Shared/Views/Settings/iCloudSyncView.swift (in target 'ZhiYuMac' from project 'ZhiYu')
    cd /Users/constantine/Documents/work/code/projects/ZhiYu
    

SwiftDriverJobDiscovery normal arm64 Compiling WelcomeView.swift (in target 'ZhiYuMac' from project 'ZhiYu')

SwiftDriverJobDiscovery normal arm64 Compiling AppUI.swift, BacklinksView.swift (in target 'ZhiYuMac' from project 'ZhiYu')

SwiftDriverJobDiscovery normal arm64 Compiling iCloudSyncView.swift (in target 'ZhiYuMac' from project 'ZhiYu')

SwiftDriverJobDiscovery normal arm64 Compiling PluginCenterView.swift, PromptWorkshopView.swift (in target 'ZhiYuMac' from project 'ZhiYu')

SwiftDriverJobDiscovery normal arm64 Compiling TaskCenterView.swift (in target 'ZhiYuMac' from project 'ZhiYu')

SwiftDriverJobDiscovery normal arm64 Compiling MedalWallView.swift, OnDeviceLLMSettingsView.swift (in target 'ZhiYuMac' from project 'ZhiYu')

SwiftDriverJobDiscovery normal arm64 Compiling CreatePageView.swift, DeveloperSettingsView.swift (in target 'ZhiYuMac' from project 'ZhiYu')

SwiftDriverJobDiscovery normal arm64 Compiling WeeklyInsightCard.swift (in target 'ZhiYuMac' from project 'ZhiYu')

SwiftDriverJobDiscovery normal arm64 Compiling SynthesisView.swift (in target 'ZhiYuMac' from project 'ZhiYu')

SwiftDriverJobDiscovery normal arm64 Compiling SystemStatsView.swift (in target 'ZhiYuMac' from project 'ZhiYu')

SwiftDriverJobDiscovery normal arm64 Compiling BackupView.swift, ChatView.swift (in target 'ZhiYuMac' from project 'ZhiYu')

SwiftDriverJobDiscovery normal arm64 Compiling Graph3DView.swift, GraphView.swift (in target 'ZhiYuMac' from project 'ZhiYu')

SwiftDriverJobDiscovery normal arm64 Compiling LintView.swift, LogView.swift (in target 'ZhiYuMac' from project 'ZhiYu')

SwiftDriverJobDiscovery normal arm64 Compiling PageDetailHeader.swift, PageDetailView.swift (in target 'ZhiYuMac' from project 'ZhiYu')

SwiftDriverJobDiscovery normal arm64 Emitting module for ZhiYuMac (in target 'ZhiYuMac' from project 'ZhiYu')

SwiftDriver\ Compilation\ Requirements ZhiYuMac normal arm64 com.apple.xcode.tools.swift.compiler (in target 'ZhiYuMac' from project 'ZhiYu')
    cd /Users/constantine/Documents/work/code/projects/ZhiYu
    builtin-Swift-Compilation-Requirements -- /Applications/Xcode.app/Contents/Developer/Toolchains/XcodeDefault.xctoolchain/usr/bin/swiftc -module-name ZhiYuMac -Onone @/Users/constantine/Library/Developer/Xcode/DerivedData/ZhiYu-ahhasqosjhnjphavyaflyigbvjqi/Build/Intermediates.noindex/ZhiYu.build/Debug-maccatalyst/ZhiYuMac.build/Objects-normal/arm64/ZhiYuMac.SwiftFileList -DDEBUG -Xcc -fmodule-map-file\=/Users/constantine/Library/Developer/Xcode/DerivedData/ZhiYu-ahhasqosjhnjphavyaflyigbvjqi/SourcePackages/checkouts/GRDB.swift/Sources/CSQLite/module.modulemap -enable-upcoming-feature StrictConcurrency -enable-bare-slash-regex -enable-experimental-feature DebugDescriptionMacro -sdk /Applications/Xcode.app/Contents/Developer/Platforms/MacOSX.platform/Developer/SDKs/MacOSX26.4.sdk -target arm64-apple-ios17.0-macabi -g -module-cache-path /Users/constantine/Library/Developer/Xcode/DerivedData/ModuleCache.noindex -Xfrontend -serialize-debugging-options -enable-testing -index-store-path /Users/constantine/Library/Developer/Xcode/DerivedData/ZhiYu-ahhasqosjhnjphavyaflyigbvjqi/Index.noindex/DataStore -Xcc -D_LIBCPP_HARDENING_MODE\=_LIBCPP_HARDENING_MODE_DEBUG -swift-version 5 -I /Users/constantine/Library/Developer/Xcode/DerivedData/ZhiYu-ahhasqosjhnjphavyaflyigbvjqi/Build/Products/Debug-maccatalyst -F /Users/constantine/Library/Developer/Xcode/DerivedData/ZhiYu-ahhasqosjhnjphavyaflyigbvjqi/Build/Products/Debug-maccatalyst/PackageFrameworks -F /Users/constantine/Library/Developer/Xcode/DerivedData/ZhiYu-ahhasqosjhnjphavyaflyigbvjqi/Build/Products/Debug-maccatalyst -Fsystem /Applications/Xcode.app/Contents/Developer/Platforms/MacOSX.platform/Developer/SDKs/MacOSX26.4.sdk/System/iOSSupport/System/Library/Frameworks -Fsystem /Applications/Xcode.app/Contents/Developer/Platforms/MacOSX.platform/Developer/SDKs/MacOSX26.4.sdk/System/iOSSupport/System/Library/SubFrameworks -c -j18 -enable-batch-mode -incremental -Xcc -ivfsstatcache -Xcc /Users/constantine/Library/Developer/Xcode/DerivedData/SDKStatCaches.noindex/macosx26.4-25E251-30f9ca8789b706f8bd3fc906a70d770f.sdkstatcache -output-file-map /Users/constantine/Library/Developer/Xcode/DerivedData/ZhiYu-ahhasqosjhnjphavyaflyigbvjqi/Build/Intermediates.noindex/ZhiYu.build/Debug-maccatalyst/ZhiYuMac.build/Objects-normal/arm64/ZhiYuMac-OutputFileMap.json -use-frontend-parseable-output -save-temps -no-color-diagnostics -explicit-module-build -module-cache-path /Users/constantine/Library/Developer/Xcode/DerivedData/ZhiYu-ahhasqosjhnjphavyaflyigbvjqi/Build/Intermediates.noindex/SwiftExplicitPrecompiledModules -clang-scanner-module-cache-path /Users/constantine/Library/Developer/Xcode/DerivedData/ModuleCache.noindex -sdk-module-cache-path /Users/constantine/Library/Developer/Xcode/DerivedData/ModuleCache.noindex -serialize-diagnostics -emit-dependencies -emit-module -emit-module-path /Users/constantine/Library/Developer/Xcode/DerivedData/ZhiYu-ahhasqosjhnjphavyaflyigbvjqi/Build/Intermediates.noindex/ZhiYu.build/Debug-maccatalyst/ZhiYuMac.build/Objects-normal/arm64/ZhiYuMac.swiftmodule -validate-clang-modules-once -clang-build-session-file /Users/constantine/Library/Developer/Xcode/DerivedData/ModuleCache.noindex/Session.modulevalidation -Xcc -I/Users/constantine/Library/Developer/Xcode/DerivedData/ZhiYu-ahhasqosjhnjphavyaflyigbvjqi/Build/Intermediates.noindex/ZhiYu.build/Debug-maccatalyst/ZhiYuMac.build/swift-overrides.hmap -emit-const-values -Xfrontend -const-gather-protocols-file -Xfrontend /Users/constantine/Library/Developer/Xcode/DerivedData/ZhiYu-ahhasqosjhnjphavyaflyigbvjqi/Build/Intermediates.noindex/ZhiYu.build/Debug-maccatalyst/ZhiYuMac.build/Objects-normal/arm64/ZhiYuMac_const_extract_protocols.json -Xcc -iquote -Xcc /Users/constantine/Library/Developer/Xcode/DerivedData/ZhiYu-ahhasqosjhnjphavyaflyigbvjqi/Build/Intermediates.noindex/ZhiYu.build/Debug-maccatalyst/ZhiYuMac.build/ZhiYuMac-generated-files.hmap -Xcc -I/Users/constantine/Library/Developer/Xcode/DerivedData/ZhiYu-ahhasqosjhnjphavyaflyigbvjqi/Build/Intermediates.noindex/ZhiYu.build/Debug-maccatalyst/ZhiYuMac.build/ZhiYuMac-own-target-headers.hmap -Xcc -I/Users/constantine/Library/Developer/Xcode/DerivedData/ZhiYu-ahhasqosjhnjphavyaflyigbvjqi/Build/Intermediates.noindex/ZhiYu.build/Debug-maccatalyst/ZhiYuMac.build/ZhiYuMac-all-non-framework-target-headers.hmap -Xcc -ivfsoverlay -Xcc /Users/constantine/Library/Developer/Xcode/DerivedData/ZhiYu-ahhasqosjhnjphavyaflyigbvjqi/Build/Intermediates.noindex/ZhiYu.build/Debug-maccatalyst/ZhiYu-48e36c608b438f24ac5a43fe091185d1-VFS-maccatalyst/all-product-headers.yaml -Xcc -iquote -Xcc /Users/constantine/Library/Developer/Xcode/DerivedData/ZhiYu-ahhasqosjhnjphavyaflyigbvjqi/Build/Intermediates.noindex/ZhiYu.build/Debug-maccatalyst/ZhiYuMac.build/ZhiYuMac-project-headers.hmap -Xcc -I/Users/constantine/Library/Developer/Xcode/DerivedData/ZhiYu-ahhasqosjhnjphavyaflyigbvjqi/Build/Products/Debug-maccatalyst/include -Xcc -isystem -Xcc /Applications/Xcode.app/Contents/Developer/Platforms/MacOSX.platform/Developer/SDKs/MacOSX26.4.sdk/System/iOSSupport/usr/include -Xcc -I/Users/constantine/Library/Developer/Xcode/DerivedData/ZhiYu-ahhasqosjhnjphavyaflyigbvjqi/Build/Intermediates.noindex/ZhiYu.build/Debug-maccatalyst/ZhiYuMac.build/DerivedSources-normal/arm64 -Xcc -I/Users/constantine/Library/Developer/Xcode/DerivedData/ZhiYu-ahhasqosjhnjphavyaflyigbvjqi/Build/Intermediates.noindex/ZhiYu.build/Debug-maccatalyst/ZhiYuMac.build/DerivedSources/arm64 -Xcc -I/Users/constantine/Library/Developer/Xcode/DerivedData/ZhiYu-ahhasqosjhnjphavyaflyigbvjqi/Build/Intermediates.noindex/ZhiYu.build/Debug-maccatalyst/ZhiYuMac.build/DerivedSources -Xcc -DDEBUG\=1 -emit-objc-header -emit-objc-header-path /Users/constantine/Library/Developer/Xcode/DerivedData/ZhiYu-ahhasqosjhnjphavyaflyigbvjqi/Build/Intermediates.noindex/ZhiYu.build/Debug-maccatalyst/ZhiYuMac.build/Objects-normal/arm64/ZhiYuMac-Swift.h -working-directory /Users/constantine/Documents/work/code/projects/ZhiYu -experimental-emit-module-separately -disable-cmo

Copy /Users/constantine/Library/Developer/Xcode/DerivedData/ZhiYu-ahhasqosjhnjphavyaflyigbvjqi/Build/Products/Debug-maccatalyst/ZhiYuMac.swiftmodule/Project/arm64-apple-ios-macabi.swiftsourceinfo /Users/constantine/Library/Developer/Xcode/DerivedData/ZhiYu-ahhasqosjhnjphavyaflyigbvjqi/Build/Intermediates.noindex/ZhiYu.build/Debug-maccatalyst/ZhiYuMac.build/Objects-normal/arm64/ZhiYuMac.swiftsourceinfo (in target 'ZhiYuMac' from project 'ZhiYu')
    cd /Users/constantine/Documents/work/code/projects/ZhiYu
    builtin-copy -exclude .DS_Store -exclude CVS -exclude .svn -exclude .git -exclude .hg -resolve-src-symlinks -rename /Users/constantine/Library/Developer/Xcode/DerivedData/ZhiYu-ahhasqosjhnjphavyaflyigbvjqi/Build/Intermediates.noindex/ZhiYu.build/Debug-maccatalyst/ZhiYuMac.build/Objects-normal/arm64/ZhiYuMac.swiftsourceinfo /Users/constantine/Library/Developer/Xcode/DerivedData/ZhiYu-ahhasqosjhnjphavyaflyigbvjqi/Build/Products/Debug-maccatalyst/ZhiYuMac.swiftmodule/Project/arm64-apple-ios-macabi.swiftsourceinfo

Copy /Users/constantine/Library/Developer/Xcode/DerivedData/ZhiYu-ahhasqosjhnjphavyaflyigbvjqi/Build/Products/Debug-maccatalyst/ZhiYuMac.swiftmodule/arm64-apple-ios-macabi.swiftmodule /Users/constantine/Library/Developer/Xcode/DerivedData/ZhiYu-ahhasqosjhnjphavyaflyigbvjqi/Build/Intermediates.noindex/ZhiYu.build/Debug-maccatalyst/ZhiYuMac.build/Objects-normal/arm64/ZhiYuMac.swiftmodule (in target 'ZhiYuMac' from project 'ZhiYu')
    cd /Users/constantine/Documents/work/code/projects/ZhiYu
    builtin-copy -exclude .DS_Store -exclude CVS -exclude .svn -exclude .git -exclude .hg -resolve-src-symlinks -rename /Users/constantine/Library/Developer/Xcode/DerivedData/ZhiYu-ahhasqosjhnjphavyaflyigbvjqi/Build/Intermediates.noindex/ZhiYu.build/Debug-maccatalyst/ZhiYuMac.build/Objects-normal/arm64/ZhiYuMac.swiftmodule /Users/constantine/Library/Developer/Xcode/DerivedData/ZhiYu-ahhasqosjhnjphavyaflyigbvjqi/Build/Products/Debug-maccatalyst/ZhiYuMac.swiftmodule/arm64-apple-ios-macabi.swiftmodule

Copy /Users/constantine/Library/Developer/Xcode/DerivedData/ZhiYu-ahhasqosjhnjphavyaflyigbvjqi/Build/Products/Debug-maccatalyst/ZhiYuMac.swiftmodule/arm64-apple-ios-macabi.swiftdoc /Users/constantine/Library/Developer/Xcode/DerivedData/ZhiYu-ahhasqosjhnjphavyaflyigbvjqi/Build/Intermediates.noindex/ZhiYu.build/Debug-maccatalyst/ZhiYuMac.build/Objects-normal/arm64/ZhiYuMac.swiftdoc (in target 'ZhiYuMac' from project 'ZhiYu')
    cd /Users/constantine/Documents/work/code/projects/ZhiYu
    builtin-copy -exclude .DS_Store -exclude CVS -exclude .svn -exclude .git -exclude .hg -resolve-src-symlinks -rename /Users/constantine/Library/Developer/Xcode/DerivedData/ZhiYu-ahhasqosjhnjphavyaflyigbvjqi/Build/Intermediates.noindex/ZhiYu.build/Debug-maccatalyst/ZhiYuMac.build/Objects-normal/arm64/ZhiYuMac.swiftdoc /Users/constantine/Library/Developer/Xcode/DerivedData/ZhiYu-ahhasqosjhnjphavyaflyigbvjqi/Build/Products/Debug-maccatalyst/ZhiYuMac.swiftmodule/arm64-apple-ios-macabi.swiftdoc

Copy /Users/constantine/Library/Developer/Xcode/DerivedData/ZhiYu-ahhasqosjhnjphavyaflyigbvjqi/Build/Products/Debug-maccatalyst/ZhiYuMac.swiftmodule/arm64-apple-ios-macabi.abi.json /Users/constantine/Library/Developer/Xcode/DerivedData/ZhiYu-ahhasqosjhnjphavyaflyigbvjqi/Build/Intermediates.noindex/ZhiYu.build/Debug-maccatalyst/ZhiYuMac.build/Objects-normal/arm64/ZhiYuMac.abi.json (in target 'ZhiYuMac' from project 'ZhiYu')
    cd /Users/constantine/Documents/work/code/projects/ZhiYu
    builtin-copy -exclude .DS_Store -exclude CVS -exclude .svn -exclude .git -exclude .hg -resolve-src-symlinks -rename /Users/constantine/Library/Developer/Xcode/DerivedData/ZhiYu-ahhasqosjhnjphavyaflyigbvjqi/Build/Intermediates.noindex/ZhiYu.build/Debug-maccatalyst/ZhiYuMac.build/Objects-normal/arm64/ZhiYuMac.abi.json /Users/constantine/Library/Developer/Xcode/DerivedData/ZhiYu-ahhasqosjhnjphavyaflyigbvjqi/Build/Products/Debug-maccatalyst/ZhiYuMac.swiftmodule/arm64-apple-ios-macabi.abi.json

SwiftDriverJobDiscovery normal arm64 Compiling SearchView.swift, SettingsView.swift (in target 'ZhiYuMac' from project 'ZhiYu')

SwiftDriverJobDiscovery normal arm64 Compiling IndexView.swift, IngestView.swift (in target 'ZhiYuMac' from project 'ZhiYu')

SwiftDriverJobDiscovery normal arm64 Compiling KnowledgeDashboardView.swift, LLMSettingsView.swift (in target 'ZhiYuMac' from project 'ZhiYu')

SwiftDriverJobDiscovery normal arm64 Compiling TagCloudView.swift (in target 'ZhiYuMac' from project 'ZhiYu')

SwiftDriver\ Compilation ZhiYuMac normal arm64 com.apple.xcode.tools.swift.compiler (in target 'ZhiYuMac' from project 'ZhiYu')
    cd /Users/constantine/Documents/work/code/projects/ZhiYu
    builtin-Swift-Compilation -- /Applications/Xcode.app/Contents/Developer/Toolchains/XcodeDefault.xctoolchain/usr/bin/swiftc -module-name ZhiYuMac -Onone @/Users/constantine/Library/Developer/Xcode/DerivedData/ZhiYu-ahhasqosjhnjphavyaflyigbvjqi/Build/Intermediates.noindex/ZhiYu.build/Debug-maccatalyst/ZhiYuMac.build/Objects-normal/arm64/ZhiYuMac.SwiftFileList -DDEBUG -Xcc -fmodule-map-file\=/Users/constantine/Library/Developer/Xcode/DerivedData/ZhiYu-ahhasqosjhnjphavyaflyigbvjqi/SourcePackages/checkouts/GRDB.swift/Sources/CSQLite/module.modulemap -enable-upcoming-feature StrictConcurrency -enable-bare-slash-regex -enable-experimental-feature DebugDescriptionMacro -sdk /Applications/Xcode.app/Contents/Developer/Platforms/MacOSX.platform/Developer/SDKs/MacOSX26.4.sdk -target arm64-apple-ios17.0-macabi -g -module-cache-path /Users/constantine/Library/Developer/Xcode/DerivedData/ModuleCache.noindex -Xfrontend -serialize-debugging-options -enable-testing -index-store-path /Users/constantine/Library/Developer/Xcode/DerivedData/ZhiYu-ahhasqosjhnjphavyaflyigbvjqi/Index.noindex/DataStore -Xcc -D_LIBCPP_HARDENING_MODE\=_LIBCPP_HARDENING_MODE_DEBUG -swift-version 5 -I /Users/constantine/Library/Developer/Xcode/DerivedData/ZhiYu-ahhasqosjhnjphavyaflyigbvjqi/Build/Products/Debug-maccatalyst -F /Users/constantine/Library/Developer/Xcode/DerivedData/ZhiYu-ahhasqosjhnjphavyaflyigbvjqi/Build/Products/Debug-maccatalyst/PackageFrameworks -F /Users/constantine/Library/Developer/Xcode/DerivedData/ZhiYu-ahhasqosjhnjphavyaflyigbvjqi/Build/Products/Debug-maccatalyst -Fsystem /Applications/Xcode.app/Contents/Developer/Platforms/MacOSX.platform/Developer/SDKs/MacOSX26.4.sdk/System/iOSSupport/System/Library/Frameworks -Fsystem /Applications/Xcode.app/Contents/Developer/Platforms/MacOSX.platform/Developer/SDKs/MacOSX26.4.sdk/System/iOSSupport/System/Library/SubFrameworks -c -j18 -enable-batch-mode -incremental -Xcc -ivfsstatcache -Xcc /Users/constantine/Library/Developer/Xcode/DerivedData/SDKStatCaches.noindex/macosx26.4-25E251-30f9ca8789b706f8bd3fc906a70d770f.sdkstatcache -output-file-map /Users/constantine/Library/Developer/Xcode/DerivedData/ZhiYu-ahhasqosjhnjphavyaflyigbvjqi/Build/Intermediates.noindex/ZhiYu.build/Debug-maccatalyst/ZhiYuMac.build/Objects-normal/arm64/ZhiYuMac-OutputFileMap.json -use-frontend-parseable-output -save-temps -no-color-diagnostics -explicit-module-build -module-cache-path /Users/constantine/Library/Developer/Xcode/DerivedData/ZhiYu-ahhasqosjhnjphavyaflyigbvjqi/Build/Intermediates.noindex/SwiftExplicitPrecompiledModules -clang-scanner-module-cache-path /Users/constantine/Library/Developer/Xcode/DerivedData/ModuleCache.noindex -sdk-module-cache-path /Users/constantine/Library/Developer/Xcode/DerivedData/ModuleCache.noindex -serialize-diagnostics -emit-dependencies -emit-module -emit-module-path /Users/constantine/Library/Developer/Xcode/DerivedData/ZhiYu-ahhasqosjhnjphavyaflyigbvjqi/Build/Intermediates.noindex/ZhiYu.build/Debug-maccatalyst/ZhiYuMac.build/Objects-normal/arm64/ZhiYuMac.swiftmodule -validate-clang-modules-once -clang-build-session-file /Users/constantine/Library/Developer/Xcode/DerivedData/ModuleCache.noindex/Session.modulevalidation -Xcc -I/Users/constantine/Library/Developer/Xcode/DerivedData/ZhiYu-ahhasqosjhnjphavyaflyigbvjqi/Build/Intermediates.noindex/ZhiYu.build/Debug-maccatalyst/ZhiYuMac.build/swift-overrides.hmap -emit-const-values -Xfrontend -const-gather-protocols-file -Xfrontend /Users/constantine/Library/Developer/Xcode/DerivedData/ZhiYu-ahhasqosjhnjphavyaflyigbvjqi/Build/Intermediates.noindex/ZhiYu.build/Debug-maccatalyst/ZhiYuMac.build/Objects-normal/arm64/ZhiYuMac_const_extract_protocols.json -Xcc -iquote -Xcc /Users/constantine/Library/Developer/Xcode/DerivedData/ZhiYu-ahhasqosjhnjphavyaflyigbvjqi/Build/Intermediates.noindex/ZhiYu.build/Debug-maccatalyst/ZhiYuMac.build/ZhiYuMac-generated-files.hmap -Xcc -I/Users/constantine/Library/Developer/Xcode/DerivedData/ZhiYu-ahhasqosjhnjphavyaflyigbvjqi/Build/Intermediates.noindex/ZhiYu.build/Debug-maccatalyst/ZhiYuMac.build/ZhiYuMac-own-target-headers.hmap -Xcc -I/Users/constantine/Library/Developer/Xcode/DerivedData/ZhiYu-ahhasqosjhnjphavyaflyigbvjqi/Build/Intermediates.noindex/ZhiYu.build/Debug-maccatalyst/ZhiYuMac.build/ZhiYuMac-all-non-framework-target-headers.hmap -Xcc -ivfsoverlay -Xcc /Users/constantine/Library/Developer/Xcode/DerivedData/ZhiYu-ahhasqosjhnjphavyaflyigbvjqi/Build/Intermediates.noindex/ZhiYu.build/Debug-maccatalyst/ZhiYu-48e36c608b438f24ac5a43fe091185d1-VFS-maccatalyst/all-product-headers.yaml -Xcc -iquote -Xcc /Users/constantine/Library/Developer/Xcode/DerivedData/ZhiYu-ahhasqosjhnjphavyaflyigbvjqi/Build/Intermediates.noindex/ZhiYu.build/Debug-maccatalyst/ZhiYuMac.build/ZhiYuMac-project-headers.hmap -Xcc -I/Users/constantine/Library/Developer/Xcode/DerivedData/ZhiYu-ahhasqosjhnjphavyaflyigbvjqi/Build/Products/Debug-maccatalyst/include -Xcc -isystem -Xcc /Applications/Xcode.app/Contents/Developer/Platforms/MacOSX.platform/Developer/SDKs/MacOSX26.4.sdk/System/iOSSupport/usr/include -Xcc -I/Users/constantine/Library/Developer/Xcode/DerivedData/ZhiYu-ahhasqosjhnjphavyaflyigbvjqi/Build/Intermediates.noindex/ZhiYu.build/Debug-maccatalyst/ZhiYuMac.build/DerivedSources-normal/arm64 -Xcc -I/Users/constantine/Library/Developer/Xcode/DerivedData/ZhiYu-ahhasqosjhnjphavyaflyigbvjqi/Build/Intermediates.noindex/ZhiYu.build/Debug-maccatalyst/ZhiYuMac.build/DerivedSources/arm64 -Xcc -I/Users/constantine/Library/Developer/Xcode/DerivedData/ZhiYu-ahhasqosjhnjphavyaflyigbvjqi/Build/Intermediates.noindex/ZhiYu.build/Debug-maccatalyst/ZhiYuMac.build/DerivedSources -Xcc -DDEBUG\=1 -emit-objc-header -emit-objc-header-path /Users/constantine/Library/Developer/Xcode/DerivedData/ZhiYu-ahhasqosjhnjphavyaflyigbvjqi/Build/Intermediates.noindex/ZhiYu.build/Debug-maccatalyst/ZhiYuMac.build/Objects-normal/arm64/ZhiYuMac-Swift.h -working-directory /Users/constantine/Documents/work/code/projects/ZhiYu -experimental-emit-module-separately -disable-cmo

Ld /Users/constantine/Library/Developer/Xcode/DerivedData/ZhiYu-ahhasqosjhnjphavyaflyigbvjqi/Build/Products/Debug-maccatalyst/ZhiYuMac.app/Contents/MacOS/ZhiYuMac.debug.dylib normal (in target 'ZhiYuMac' from project 'ZhiYu')
    cd /Users/constantine/Documents/work/code/projects/ZhiYu
    /Applications/Xcode.app/Contents/Developer/Toolchains/XcodeDefault.xctoolchain/usr/bin/clang -Xlinker -reproducible -target arm64-apple-ios17.0-macabi -dynamiclib -isysroot /Applications/Xcode.app/Contents/Developer/Platforms/MacOSX.platform/Developer/SDKs/MacOSX26.4.sdk -O0 -L/Users/constantine/Library/Developer/Xcode/DerivedData/ZhiYu-ahhasqosjhnjphavyaflyigbvjqi/Build/Intermediates.noindex/EagerLinkingTBDs/Debug-maccatalyst -L/Users/constantine/Library/Developer/Xcode/DerivedData/ZhiYu-ahhasqosjhnjphavyaflyigbvjqi/Build/Products/Debug-maccatalyst -L/Applications/Xcode.app/Contents/Developer/Platforms/MacOSX.platform/Developer/SDKs/MacOSX26.4.sdk/System/iOSSupport/usr/lib -L/Applications/Xcode.app/Contents/Developer/Toolchains/XcodeDefault.xctoolchain/usr/lib/swift/maccatalyst -L/Applications/Xcode.app/Contents/Developer/Platforms/MacOSX.platform/Developer/SDKs/MacOSX26.4.sdk/System/iOSSupport/usr/lib -L/Applications/Xcode.app/Contents/Developer/Toolchains/XcodeDefault.xctoolchain/usr/lib/swift/maccatalyst -F/Users/constantine/Library/Developer/Xcode/DerivedData/ZhiYu-ahhasqosjhnjphavyaflyigbvjqi/Build/Intermediates.noindex/EagerLinkingTBDs/Debug-maccatalyst -F/Users/constantine/Library/Developer/Xcode/DerivedData/ZhiYu-ahhasqosjhnjphavyaflyigbvjqi/Build/Products/Debug-maccatalyst/PackageFrameworks -F/Users/constantine/Library/Developer/Xcode/DerivedData/ZhiYu-ahhasqosjhnjphavyaflyigbvjqi/Build/Products/Debug-maccatalyst -iframework /Applications/Xcode.app/Contents/Developer/Platforms/MacOSX.platform/Developer/SDKs/MacOSX26.4.sdk/System/iOSSupport/System/Library/Frameworks -iframework /Applications/Xcode.app/Contents/Developer/Platforms/MacOSX.platform/Developer/SDKs/MacOSX26.4.sdk/System/iOSSupport/System/Library/SubFrameworks -iframework /Applications/Xcode.app/Contents/Developer/Platforms/MacOSX.platform/Developer/SDKs/MacOSX26.4.sdk/System/iOSSupport/System/Library/Frameworks -iframework /Applications/Xcode.app/Contents/Developer/Platforms/MacOSX.platform/Developer/SDKs/MacOSX26.4.sdk/System/iOSSupport/System/Library/SubFrameworks -filelist /Users/constantine/Library/Developer/Xcode/DerivedData/ZhiYu-ahhasqosjhnjphavyaflyigbvjqi/Build/Intermediates.noindex/ZhiYu.build/Debug-maccatalyst/ZhiYuMac.build/Objects-normal/arm64/ZhiYuMac.LinkFileList -install_name @rpath/ZhiYuMac.debug.dylib -Xlinker -rpath -Xlinker /usr/lib/swift -Xlinker -rpath -Xlinker /Users/constantine/Library/Developer/Xcode/DerivedData/ZhiYu-ahhasqosjhnjphavyaflyigbvjqi/Build/Products/Debug-maccatalyst/PackageFrameworks -Xlinker -rpath -Xlinker @loader_path/../Frameworks -Xlinker -rpath -Xlinker @executable_path/Frameworks -Xlinker -object_path_lto -Xlinker /Users/constantine/Library/Developer/Xcode/DerivedData/ZhiYu-ahhasqosjhnjphavyaflyigbvjqi/Build/Intermediates.noindex/ZhiYu.build/Debug-maccatalyst/ZhiYuMac.build/Objects-normal/arm64/ZhiYuMac_lto.o -rdynamic -Xlinker -no_deduplicate -Xlinker -dependency_info -Xlinker /Users/constantine/Library/Developer/Xcode/DerivedData/ZhiYu-ahhasqosjhnjphavyaflyigbvjqi/Build/Intermediates.noindex/ZhiYu.build/Debug-maccatalyst/ZhiYuMac.build/Objects-normal/arm64/ZhiYuMac_dependency_info.dat -fobjc-link-runtime -L/Applications/Xcode.app/Contents/Developer/Toolchains/XcodeDefault.xctoolchain/usr/lib/swift/macosx -L/System/iOSSupport/usr/lib/swift -L/usr/lib/swift -Xlinker -add_ast_path -Xlinker /Users/constantine/Library/Developer/Xcode/DerivedData/ZhiYu-ahhasqosjhnjphavyaflyigbvjqi/Build/Intermediates.noindex/ZhiYu.build/Debug-maccatalyst/ZhiYuMac.build/Objects-normal/arm64/ZhiYuMac.swiftmodule @/Users/constantine/Library/Developer/Xcode/DerivedData/ZhiYu-ahhasqosjhnjphavyaflyigbvjqi/Build/Intermediates.noindex/ZhiYu.build/Debug-maccatalyst/ZhiYuMac.build/Objects-normal/arm64/ZhiYuMac-linker-args.resp -Wl,-no_warn_duplicate_libraries -Xlinker -alias -Xlinker _main -Xlinker ___debug_main_executable_dylib_entry_point -o /Users/constantine/Library/Developer/Xcode/DerivedData/ZhiYu-ahhasqosjhnjphavyaflyigbvjqi/Build/Products/Debug-maccatalyst/ZhiYuMac.app/Contents/MacOS/ZhiYuMac.debug.dylib -Xlinker -add_ast_path -Xlinker /Users/constantine/Library/Developer/Xcode/DerivedData/ZhiYu-ahhasqosjhnjphavyaflyigbvjqi/Build/Intermediates.noindex/GRDB.build/Debug-maccatalyst/GRDB.build/Objects-normal/arm64/GRDB.swiftmodule @/Users/constantine/Library/Developer/Xcode/DerivedData/ZhiYu-ahhasqosjhnjphavyaflyigbvjqi/Build/Intermediates.noindex/GRDB.build/Debug-maccatalyst/GRDB.build/Objects-normal/arm64/GRDB-linker-args.resp

ConstructStubExecutorLinkFileList /Users/constantine/Library/Developer/Xcode/DerivedData/ZhiYu-ahhasqosjhnjphavyaflyigbvjqi/Build/Intermediates.noindex/ZhiYu.build/Debug-maccatalyst/ZhiYuMac.build/ZhiYuMac-ExecutorLinkFileList-normal-arm64.txt (in target 'ZhiYuMac' from project 'ZhiYu')
    cd /Users/constantine/Documents/work/code/projects/ZhiYu
    construct-stub-executor-link-file-list /Users/constantine/Library/Developer/Xcode/DerivedData/ZhiYu-ahhasqosjhnjphavyaflyigbvjqi/Build/Products/Debug-maccatalyst/ZhiYuMac.app/Contents/MacOS/ZhiYuMac.debug.dylib /Applications/Xcode.app/Contents/Developer/Platforms/MacOSX.platform/Developer/iOSSupport/usr/lib/libPreviewsJITStubExecutor_no_swift_entry_point.a /Applications/Xcode.app/Contents/Developer/Platforms/MacOSX.platform/Developer/iOSSupport/usr/lib/libPreviewsJITStubExecutor.a --output /Users/constantine/Library/Developer/Xcode/DerivedData/ZhiYu-ahhasqosjhnjphavyaflyigbvjqi/Build/Intermediates.noindex/ZhiYu.build/Debug-maccatalyst/ZhiYuMac.build/ZhiYuMac-ExecutorLinkFileList-normal-arm64.txt
note: Using stub executor library with Swift entry point. (in target 'ZhiYuMac' from project 'ZhiYu')

Ld /Users/constantine/Library/Developer/Xcode/DerivedData/ZhiYu-ahhasqosjhnjphavyaflyigbvjqi/Build/Products/Debug-maccatalyst/ZhiYuMac.app/Contents/MacOS/ZhiYuMac normal (in target 'ZhiYuMac' from project 'ZhiYu')
    cd /Users/constantine/Documents/work/code/projects/ZhiYu
    /Applications/Xcode.app/Contents/Developer/Toolchains/XcodeDefault.xctoolchain/usr/bin/clang -Xlinker -reproducible -target arm64-apple-ios17.0-macabi -isysroot /Applications/Xcode.app/Contents/Developer/Platforms/MacOSX.platform/Developer/SDKs/MacOSX26.4.sdk -O0 -L/Users/constantine/Library/Developer/Xcode/DerivedData/ZhiYu-ahhasqosjhnjphavyaflyigbvjqi/Build/Products/Debug-maccatalyst -L/Applications/Xcode.app/Contents/Developer/Platforms/MacOSX.platform/Developer/SDKs/MacOSX26.4.sdk/System/iOSSupport/usr/lib -L/Applications/Xcode.app/Contents/Developer/Toolchains/XcodeDefault.xctoolchain/usr/lib/swift/maccatalyst -L/Applications/Xcode.app/Contents/Developer/Platforms/MacOSX.platform/Developer/SDKs/MacOSX26.4.sdk/System/iOSSupport/usr/lib -L/Applications/Xcode.app/Contents/Developer/Toolchains/XcodeDefault.xctoolchain/usr/lib/swift/maccatalyst -F/Users/constantine/Library/Developer/Xcode/DerivedData/ZhiYu-ahhasqosjhnjphavyaflyigbvjqi/Build/Products/Debug-maccatalyst/PackageFrameworks -F/Users/constantine/Library/Developer/Xcode/DerivedData/ZhiYu-ahhasqosjhnjphavyaflyigbvjqi/Build/Products/Debug-maccatalyst -iframework /Applications/Xcode.app/Contents/Developer/Platforms/MacOSX.platform/Developer/SDKs/MacOSX26.4.sdk/System/iOSSupport/System/Library/Frameworks -iframework /Applications/Xcode.app/Contents/Developer/Platforms/MacOSX.platform/Developer/SDKs/MacOSX26.4.sdk/System/iOSSupport/System/Library/SubFrameworks -iframework /Applications/Xcode.app/Contents/Developer/Platforms/MacOSX.platform/Developer/SDKs/MacOSX26.4.sdk/System/iOSSupport/System/Library/Frameworks -iframework /Applications/Xcode.app/Contents/Developer/Platforms/MacOSX.platform/Developer/SDKs/MacOSX26.4.sdk/System/iOSSupport/System/Library/SubFrameworks -Xlinker -rpath -Xlinker @executable_path -Xlinker -rpath -Xlinker /Users/constantine/Library/Developer/Xcode/DerivedData/ZhiYu-ahhasqosjhnjphavyaflyigbvjqi/Build/Products/Debug-maccatalyst/PackageFrameworks -Xlinker -rpath -Xlinker @loader_path/../Frameworks -Xlinker -rpath -Xlinker @executable_path/Frameworks -rdynamic -Xlinker -no_deduplicate -e ___debug_blank_executor_main -Xlinker -sectcreate -Xlinker __TEXT -Xlinker __debug_dylib -Xlinker /Users/constantine/Library/Developer/Xcode/DerivedData/ZhiYu-ahhasqosjhnjphavyaflyigbvjqi/Build/Intermediates.noindex/ZhiYu.build/Debug-maccatalyst/ZhiYuMac.build/ZhiYuMac-DebugDylibPath-normal-arm64.txt -Xlinker -sectcreate -Xlinker __TEXT -Xlinker __debug_instlnm -Xlinker /Users/constantine/Library/Developer/Xcode/DerivedData/ZhiYu-ahhasqosjhnjphavyaflyigbvjqi/Build/Intermediates.noindex/ZhiYu.build/Debug-maccatalyst/ZhiYuMac.build/ZhiYuMac-DebugDylibInstallName-normal-arm64.txt -Xlinker -filelist -Xlinker /Users/constantine/Library/Developer/Xcode/DerivedData/ZhiYu-ahhasqosjhnjphavyaflyigbvjqi/Build/Intermediates.noindex/ZhiYu.build/Debug-maccatalyst/ZhiYuMac.build/ZhiYuMac-ExecutorLinkFileList-normal-arm64.txt /Users/constantine/Library/Developer/Xcode/DerivedData/ZhiYu-ahhasqosjhnjphavyaflyigbvjqi/Build/Products/Debug-maccatalyst/ZhiYuMac.app/Contents/MacOS/ZhiYuMac.debug.dylib -o /Users/constantine/Library/Developer/Xcode/DerivedData/ZhiYu-ahhasqosjhnjphavyaflyigbvjqi/Build/Products/Debug-maccatalyst/ZhiYuMac.app/Contents/MacOS/ZhiYuMac

CopySwiftLibs /Users/constantine/Library/Developer/Xcode/DerivedData/ZhiYu-ahhasqosjhnjphavyaflyigbvjqi/Build/Products/Debug-maccatalyst/ZhiYuMac.app (in target 'ZhiYuMac' from project 'ZhiYu')
    cd /Users/constantine/Documents/work/code/projects/ZhiYu
    builtin-swiftStdLibTool --copy --verbose --scan-executable /Users/constantine/Library/Developer/Xcode/DerivedData/ZhiYu-ahhasqosjhnjphavyaflyigbvjqi/Build/Products/Debug-maccatalyst/ZhiYuMac.app/Contents/MacOS/ZhiYuMac.debug.dylib --scan-folder /Users/constantine/Library/Developer/Xcode/DerivedData/ZhiYu-ahhasqosjhnjphavyaflyigbvjqi/Build/Products/Debug-maccatalyst/ZhiYuMac.app/Contents/Frameworks --scan-folder /Users/constantine/Library/Developer/Xcode/DerivedData/ZhiYu-ahhasqosjhnjphavyaflyigbvjqi/Build/Products/Debug-maccatalyst/ZhiYuMac.app/Contents/PlugIns --scan-folder /Users/constantine/Library/Developer/Xcode/DerivedData/ZhiYu-ahhasqosjhnjphavyaflyigbvjqi/Build/Products/Debug-maccatalyst/ZhiYuMac.app/Contents/Library/SystemExtensions --scan-folder /Users/constantine/Library/Developer/Xcode/DerivedData/ZhiYu-ahhasqosjhnjphavyaflyigbvjqi/Build/Products/Debug-maccatalyst/ZhiYuMac.app/Contents/Extensions --platform macosx --toolchain /Applications/Xcode.app/Contents/Developer/Toolchains/XcodeDefault.xctoolchain --destination /Users/constantine/Library/Developer/Xcode/DerivedData/ZhiYu-ahhasqosjhnjphavyaflyigbvjqi/Build/Products/Debug-maccatalyst/ZhiYuMac.app/Contents/Frameworks --strip-bitcode --strip-bitcode-tool /Applications/Xcode.app/Contents/Developer/Toolchains/XcodeDefault.xctoolchain/usr/bin/bitcode_strip --emit-dependency-info /Users/constantine/Library/Developer/Xcode/DerivedData/ZhiYu-ahhasqosjhnjphavyaflyigbvjqi/Build/Intermediates.noindex/ZhiYu.build/Debug-maccatalyst/ZhiYuMac.build/SwiftStdLibToolInputDependencies.dep --filter-for-swift-os --back-deploy-swift-span
Ignoring --strip-bitcode because --sign was not passed

ExtractAppIntentsMetadata (in target 'ZhiYuMac' from project 'ZhiYu')
    cd /Users/constantine/Documents/work/code/projects/ZhiYu
    /Applications/Xcode.app/Contents/Developer/Toolchains/XcodeDefault.xctoolchain/usr/bin/appintentsmetadataprocessor --toolchain-dir /Applications/Xcode.app/Contents/Developer/Toolchains/XcodeDefault.xctoolchain --module-name ZhiYuMac --sdk-root /Applications/Xcode.app/Contents/Developer/Platforms/MacOSX.platform/Developer/SDKs/MacOSX26.4.sdk --xcode-version 17E202 --platform-family macOS --deployment-target 14.0 --bundle-identifier com.zhiyu.app.mac --output /Users/constantine/Library/Developer/Xcode/DerivedData/ZhiYu-ahhasqosjhnjphavyaflyigbvjqi/Build/Products/Debug-maccatalyst/ZhiYuMac.app/Contents/Resources --target-triple arm64-apple-ios17.0-macabi --binary-file /Users/constantine/Library/Developer/Xcode/DerivedData/ZhiYu-ahhasqosjhnjphavyaflyigbvjqi/Build/Products/Debug-maccatalyst/ZhiYuMac.app/Contents/MacOS/ZhiYuMac --dependency-file /Users/constantine/Library/Developer/Xcode/DerivedData/ZhiYu-ahhasqosjhnjphavyaflyigbvjqi/Build/Intermediates.noindex/ZhiYu.build/Debug-maccatalyst/ZhiYuMac.build/Objects-normal/arm64/ZhiYuMac_dependency_info.dat --stringsdata-file /Users/constantine/Library/Developer/Xcode/DerivedData/ZhiYu-ahhasqosjhnjphavyaflyigbvjqi/Build/Intermediates.noindex/ZhiYu.build/Debug-maccatalyst/ZhiYuMac.build/Objects-normal/arm64/ExtractedAppShortcutsMetadata.stringsdata --source-file-list /Users/constantine/Library/Developer/Xcode/DerivedData/ZhiYu-ahhasqosjhnjphavyaflyigbvjqi/Build/Intermediates.noindex/ZhiYu.build/Debug-maccatalyst/ZhiYuMac.build/Objects-normal/arm64/ZhiYuMac.SwiftFileList --metadata-file-list /Users/constantine/Library/Developer/Xcode/DerivedData/ZhiYu-ahhasqosjhnjphavyaflyigbvjqi/Build/Intermediates.noindex/ZhiYu.build/Debug-maccatalyst/ZhiYuMac.build/ZhiYuMac.DependencyMetadataFileList --static-metadata-file-list /Users/constantine/Library/Developer/Xcode/DerivedData/ZhiYu-ahhasqosjhnjphavyaflyigbvjqi/Build/Intermediates.noindex/ZhiYu.build/Debug-maccatalyst/ZhiYuMac.build/ZhiYuMac.DependencyStaticMetadataFileList --swift-const-vals-list /Users/constantine/Library/Developer/Xcode/DerivedData/ZhiYu-ahhasqosjhnjphavyaflyigbvjqi/Build/Intermediates.noindex/ZhiYu.build/Debug-maccatalyst/ZhiYuMac.build/Objects-normal/arm64/ZhiYuMac.SwiftConstValuesFileList --compile-time-extraction --deployment-aware-processing --validate-assistant-intents --no-app-shortcuts-localization
2026-05-09 21:24:50.205 appintentsmetadataprocessor[92602:2335658] Starting appintentsmetadataprocessor export
2026-05-09 21:24:50.217 appintentsmetadataprocessor[92602:2335658] Writing Metadata.appintents
2026-05-09 21:24:50.217 appintentsmetadataprocessor[92602:2335658] Metadata root: /Users/constantine/Library/Developer/Xcode/DerivedData/ZhiYu-ahhasqosjhnjphavyaflyigbvjqi/Build/Products/Debug-maccatalyst/ZhiYuMac.app/Contents/Resources/Metadata.appintents

** BUILD SUCCEEDED **

