Command line invocation:
    /Applications/Xcode.app/Contents/Developer/usr/bin/xcodebuild build -project ZhiYu.xcodeproj -scheme ZhiYuWatch -destination "generic/platform=watchOS Simulator" CODE_SIGNING_ALLOWED=NO CODE_SIGNING_REQUIRED=NO

Build settings from command line:
    CODE_SIGNING_ALLOWED = NO
    CODE_SIGNING_REQUIRED = NO

Resolve Package Graph


Resolved source packages:
  xctest-dynamic-overlay: https://github.com/pointfreeco/xctest-dynamic-overlay @ 1.9.0
  swift-custom-dump: https://github.com/pointfreeco/swift-custom-dump @ 1.5.0
  GRDB: https://github.com/groue/GRDB.swift.git @ 6.29.3
  swift-syntax: https://github.com/swiftlang/swift-syntax @ 603.0.1
  swift-snapshot-testing: https://github.com/pointfreeco/swift-snapshot-testing @ 1.19.2

ComputePackagePrebuildTargetDependencyGraph

Prepare packages

CreateBuildRequest

SendProjectDescription

CreateBuildOperation

ComputeTargetDependencyGraph
note: Building targets in dependency order
note: Target dependency graph (5 targets)
    Target 'ZhiYuWatch' in project 'ZhiYu'
        ➜ Explicit dependency on target 'GRDB' in project 'GRDB'
    Target 'GRDB' in project 'GRDB'
        ➜ Explicit dependency on target 'GRDB' in project 'GRDB'
        ➜ Explicit dependency on target 'GRDB_GRDB' in project 'GRDB'
    Target 'GRDB' in project 'GRDB'
        ➜ Explicit dependency on target 'GRDB_GRDB' in project 'GRDB'
        ➜ Explicit dependency on target 'CSQLite' in project 'GRDB'
    Target 'CSQLite' in project 'GRDB' (no dependencies)
    Target 'GRDB_GRDB' in project 'GRDB' (no dependencies)

GatherProvisioningInputs

CreateBuildDescription

ExecuteExternalTool /Applications/Xcode.app/Contents/Developer/Toolchains/XcodeDefault.xctoolchain/usr/bin/clang -v -E -dM -isysroot /Applications/Xcode.app/Contents/Developer/Platforms/WatchSimulator.platform/Developer/SDKs/WatchSimulator26.4.sdk -x c -c /dev/null

ExecuteExternalTool /Applications/Xcode.app/Contents/Developer/usr/bin/xcstringstool compile --dry-run --output-directory /Users/constantine/Library/Developer/Xcode/DerivedData/ZhiYu-ahhasqosjhnjphavyaflyigbvjqi/Build/Intermediates.noindex/ZhiYu.build/Debug-watchsimulator/ZhiYuWatch.build /Users/constantine/Documents/work/code/projects/ZhiYu/Sources/Localization/AITasks.xcstrings

ExecuteExternalTool /Applications/Xcode.app/Contents/Developer/usr/bin/actool --print-asset-tag-combinations --output-format xml1 /Users/constantine/Documents/work/code/projects/ZhiYu/Sources/Assets.xcassets

ExecuteExternalTool /Applications/Xcode.app/Contents/Developer/Toolchains/XcodeDefault.xctoolchain/usr/bin/swiftc --version

ExecuteExternalTool /Applications/Xcode.app/Contents/Developer/usr/bin/xcstringstool compile --dry-run --output-directory /Users/constantine/Library/Developer/Xcode/DerivedData/ZhiYu-ahhasqosjhnjphavyaflyigbvjqi/Build/Intermediates.noindex/ZhiYu.build/Debug-watchsimulator/ZhiYuWatch.build /Users/constantine/Documents/work/code/projects/ZhiYu/Sources/Localization/Accessibility.xcstrings

ExecuteExternalTool /Applications/Xcode.app/Contents/Developer/usr/bin/actool --version --output-format xml1

ExecuteExternalTool /Applications/Xcode.app/Contents/Developer/usr/bin/xcstringstool compile --dry-run --output-directory /Users/constantine/Library/Developer/Xcode/DerivedData/ZhiYu-ahhasqosjhnjphavyaflyigbvjqi/Build/Intermediates.noindex/ZhiYu.build/Debug-watchsimulator/ZhiYuWatch.build /Users/constantine/Documents/work/code/projects/ZhiYu/Sources/Localization/Actions.xcstrings

ExecuteExternalTool /Applications/Xcode.app/Contents/Developer/usr/bin/xcstringstool compile --dry-run --output-directory /Users/constantine/Library/Developer/Xcode/DerivedData/ZhiYu-ahhasqosjhnjphavyaflyigbvjqi/Build/Intermediates.noindex/ZhiYu.build/Debug-watchsimulator/ZhiYuWatch.build /Users/constantine/Documents/work/code/projects/ZhiYu/Sources/Localization/Backup.xcstrings

ExecuteExternalTool /Applications/Xcode.app/Contents/Developer/usr/bin/xcstringstool compile --dry-run --output-directory /Users/constantine/Library/Developer/Xcode/DerivedData/ZhiYu-ahhasqosjhnjphavyaflyigbvjqi/Build/Intermediates.noindex/ZhiYu.build/Debug-watchsimulator/ZhiYuWatch.build /Users/constantine/Documents/work/code/projects/ZhiYu/Sources/Localization/Chat.xcstrings

ExecuteExternalTool /Applications/Xcode.app/Contents/Developer/usr/bin/xcstringstool compile --dry-run --output-directory /Users/constantine/Library/Developer/Xcode/DerivedData/ZhiYu-ahhasqosjhnjphavyaflyigbvjqi/Build/Intermediates.noindex/ZhiYu.build/Debug-watchsimulator/ZhiYuWatch.build /Users/constantine/Documents/work/code/projects/ZhiYu/Sources/Localization/Coachmark.xcstrings

ExecuteExternalTool /Applications/Xcode.app/Contents/Developer/usr/bin/xcstringstool compile --dry-run --output-directory /Users/constantine/Library/Developer/Xcode/DerivedData/ZhiYu-ahhasqosjhnjphavyaflyigbvjqi/Build/Intermediates.noindex/ZhiYu.build/Debug-watchsimulator/ZhiYuWatch.build /Users/constantine/Documents/work/code/projects/ZhiYu/Sources/Localization/Collaboration.xcstrings

ExecuteExternalTool /Applications/Xcode.app/Contents/Developer/usr/bin/xcstringstool compile --dry-run --output-directory /Users/constantine/Library/Developer/Xcode/DerivedData/ZhiYu-ahhasqosjhnjphavyaflyigbvjqi/Build/Intermediates.noindex/ZhiYu.build/Debug-watchsimulator/ZhiYuWatch.build /Users/constantine/Documents/work/code/projects/ZhiYu/Sources/Localization/Common.xcstrings

ExecuteExternalTool /Applications/Xcode.app/Contents/Developer/usr/bin/xcstringstool compile --dry-run --output-directory /Users/constantine/Library/Developer/Xcode/DerivedData/ZhiYu-ahhasqosjhnjphavyaflyigbvjqi/Build/Intermediates.noindex/ZhiYu.build/Debug-watchsimulator/ZhiYuWatch.build /Users/constantine/Documents/work/code/projects/ZhiYu/Sources/Localization/Components.xcstrings

ExecuteExternalTool /Applications/Xcode.app/Contents/Developer/usr/bin/xcstringstool compile --dry-run --output-directory /Users/constantine/Library/Developer/Xcode/DerivedData/ZhiYu-ahhasqosjhnjphavyaflyigbvjqi/Build/Intermediates.noindex/ZhiYu.build/Debug-watchsimulator/ZhiYuWatch.build /Users/constantine/Documents/work/code/projects/ZhiYu/Sources/Localization/CoreModels.xcstrings

ExecuteExternalTool /Applications/Xcode.app/Contents/Developer/Toolchains/XcodeDefault.xctoolchain/usr/bin/ld -version_details

ExecuteExternalTool /Applications/Xcode.app/Contents/Developer/usr/bin/xcstringstool compile --dry-run --output-directory /Users/constantine/Library/Developer/Xcode/DerivedData/ZhiYu-ahhasqosjhnjphavyaflyigbvjqi/Build/Intermediates.noindex/ZhiYu.build/Debug-watchsimulator/ZhiYuWatch.build /Users/constantine/Documents/work/code/projects/ZhiYu/Sources/Localization/Creation.xcstrings

ReadFileContents /Applications/Xcode.app/Contents/Developer/Toolchains/XcodeDefault.xctoolchain/usr/share/docc/features.json

ExecuteExternalTool /Applications/Xcode.app/Contents/Developer/usr/bin/xcstringstool compile --dry-run --output-directory /Users/constantine/Library/Developer/Xcode/DerivedData/ZhiYu-ahhasqosjhnjphavyaflyigbvjqi/Build/Intermediates.noindex/ZhiYu.build/Debug-watchsimulator/ZhiYuWatch.build /Users/constantine/Documents/work/code/projects/ZhiYu/Sources/Localization/Dashboard.xcstrings

ExecuteExternalTool /Applications/Xcode.app/Contents/Developer/usr/bin/xcstringstool compile --dry-run --output-directory /Users/constantine/Library/Developer/Xcode/DerivedData/ZhiYu-ahhasqosjhnjphavyaflyigbvjqi/Build/Intermediates.noindex/ZhiYu.build/Debug-watchsimulator/ZhiYuWatch.build /Users/constantine/Documents/work/code/projects/ZhiYu/Sources/Localization/Editor.xcstrings

ExecuteExternalTool /Applications/Xcode.app/Contents/Developer/usr/bin/xcstringstool compile --dry-run --output-directory /Users/constantine/Library/Developer/Xcode/DerivedData/ZhiYu-ahhasqosjhnjphavyaflyigbvjqi/Build/Intermediates.noindex/ZhiYu.build/Debug-watchsimulator/ZhiYuWatch.build /Users/constantine/Documents/work/code/projects/ZhiYu/Sources/Localization/Graph.xcstrings

ExecuteExternalTool /Applications/Xcode.app/Contents/Developer/usr/bin/xcstringstool compile --dry-run --output-directory /Users/constantine/Library/Developer/Xcode/DerivedData/ZhiYu-ahhasqosjhnjphavyaflyigbvjqi/Build/Intermediates.noindex/ZhiYu.build/Debug-watchsimulator/ZhiYuWatch.build /Users/constantine/Documents/work/code/projects/ZhiYu/Sources/Localization/ICloud.xcstrings

ExecuteExternalTool /Applications/Xcode.app/Contents/Developer/usr/bin/xcstringstool compile --dry-run --output-directory /Users/constantine/Library/Developer/Xcode/DerivedData/ZhiYu-ahhasqosjhnjphavyaflyigbvjqi/Build/Intermediates.noindex/ZhiYu.build/Debug-watchsimulator/ZhiYuWatch.build /Users/constantine/Documents/work/code/projects/ZhiYu/Sources/Localization/InfoPlist.xcstrings

ExecuteExternalTool /Applications/Xcode.app/Contents/Developer/usr/bin/xcstringstool compile --dry-run --output-directory /Users/constantine/Library/Developer/Xcode/DerivedData/ZhiYu-ahhasqosjhnjphavyaflyigbvjqi/Build/Intermediates.noindex/ZhiYu.build/Debug-watchsimulator/ZhiYuWatch.build /Users/constantine/Documents/work/code/projects/ZhiYu/Sources/Localization/Ingest.xcstrings

ExecuteExternalTool /Applications/Xcode.app/Contents/Developer/usr/bin/xcstringstool compile --dry-run --output-directory /Users/constantine/Library/Developer/Xcode/DerivedData/ZhiYu-ahhasqosjhnjphavyaflyigbvjqi/Build/Intermediates.noindex/ZhiYu.build/Debug-watchsimulator/ZhiYuWatch.build /Users/constantine/Documents/work/code/projects/ZhiYu/Sources/Localization/Lint.xcstrings

ExecuteExternalTool /Applications/Xcode.app/Contents/Developer/usr/bin/xcstringstool compile --dry-run --output-directory /Users/constantine/Library/Developer/Xcode/DerivedData/ZhiYu-ahhasqosjhnjphavyaflyigbvjqi/Build/Intermediates.noindex/ZhiYu.build/Debug-watchsimulator/ZhiYuWatch.build /Users/constantine/Documents/work/code/projects/ZhiYu/Sources/Localization/Localizable.xcstrings

ExecuteExternalTool /Applications/Xcode.app/Contents/Developer/usr/bin/xcstringstool compile --dry-run --output-directory /Users/constantine/Library/Developer/Xcode/DerivedData/ZhiYu-ahhasqosjhnjphavyaflyigbvjqi/Build/Intermediates.noindex/ZhiYu.build/Debug-watchsimulator/ZhiYuWatch.build /Users/constantine/Documents/work/code/projects/ZhiYu/Sources/Localization/Schema.xcstrings

ExecuteExternalTool /Applications/Xcode.app/Contents/Developer/usr/bin/xcstringstool compile --dry-run --output-directory /Users/constantine/Library/Developer/Xcode/DerivedData/ZhiYu-ahhasqosjhnjphavyaflyigbvjqi/Build/Intermediates.noindex/ZhiYu.build/Debug-watchsimulator/ZhiYuWatch.build /Users/constantine/Documents/work/code/projects/ZhiYu/Sources/Localization/Settings.xcstrings

ExecuteExternalTool /Applications/Xcode.app/Contents/Developer/usr/bin/xcstringstool compile --dry-run --output-directory /Users/constantine/Library/Developer/Xcode/DerivedData/ZhiYu-ahhasqosjhnjphavyaflyigbvjqi/Build/Intermediates.noindex/ZhiYu.build/Debug-watchsimulator/ZhiYuWatch.build /Users/constantine/Documents/work/code/projects/ZhiYu/Sources/Localization/Transfer.xcstrings

ExecuteExternalTool /Applications/Xcode.app/Contents/Developer/usr/bin/xcstringstool compile --dry-run --output-directory /Users/constantine/Library/Developer/Xcode/DerivedData/ZhiYu-ahhasqosjhnjphavyaflyigbvjqi/Build/Intermediates.noindex/ZhiYu.build/Debug-watchsimulator/ZhiYuWatch.build /Users/constantine/Documents/work/code/projects/ZhiYu/Sources/Localization/Watch.xcstrings

ExecuteExternalTool /Applications/Xcode.app/Contents/Developer/usr/bin/xcstringstool compile --dry-run --output-directory /Users/constantine/Library/Developer/Xcode/DerivedData/ZhiYu-ahhasqosjhnjphavyaflyigbvjqi/Build/Intermediates.noindex/ZhiYu.build/Debug-watchsimulator/ZhiYuWatch.build /Users/constantine/Documents/work/code/projects/ZhiYu/Sources/Localization/Widget.xcstrings

Build description signature: 9f220d21293dde513bc1f4a352200b9f
Build description path: /Users/constantine/Library/Developer/Xcode/DerivedData/ZhiYu-ahhasqosjhnjphavyaflyigbvjqi/Build/Intermediates.noindex/XCBuildData/9f220d21293dde513bc1f4a352200b9f.xcbuilddata
ClangStatCache /Applications/Xcode.app/Contents/Developer/Toolchains/XcodeDefault.xctoolchain/usr/bin/clang-stat-cache /Applications/Xcode.app/Contents/Developer/Platforms/WatchSimulator.platform/Developer/SDKs/WatchSimulator26.4.sdk /Users/constantine/Library/Developer/Xcode/DerivedData/SDKStatCaches.noindex/watchsimulator26.4-23T238-688ef53f1462e2c8f657fdc38a81448f8aa186fa658f8d2cb200b6f26918d89b.sdkstatcache
    cd /Users/constantine/Documents/work/code/projects/ZhiYu/ZhiYu.xcodeproj
    /Applications/Xcode.app/Contents/Developer/Toolchains/XcodeDefault.xctoolchain/usr/bin/clang-stat-cache /Applications/Xcode.app/Contents/Developer/Platforms/WatchSimulator.platform/Developer/SDKs/WatchSimulator26.4.sdk -o /Users/constantine/Library/Developer/Xcode/DerivedData/SDKStatCaches.noindex/watchsimulator26.4-23T238-688ef53f1462e2c8f657fdc38a81448f8aa186fa658f8d2cb200b6f26918d89b.sdkstatcache

GenerateAssetSymbols /Users/constantine/Documents/work/code/projects/ZhiYu/Sources/Assets.xcassets (in target 'ZhiYuWatch' from project 'ZhiYu')
    cd /Users/constantine/Documents/work/code/projects/ZhiYu
    /Applications/Xcode.app/Contents/Developer/usr/bin/actool /Users/constantine/Documents/work/code/projects/ZhiYu/Sources/Assets.xcassets --compile /Users/constantine/Library/Developer/Xcode/DerivedData/ZhiYu-ahhasqosjhnjphavyaflyigbvjqi/Build/Products/Debug-watchsimulator/ZhiYuWatch.app --output-format human-readable-text --notices --warnings --export-dependency-info /Users/constantine/Library/Developer/Xcode/DerivedData/ZhiYu-ahhasqosjhnjphavyaflyigbvjqi/Build/Intermediates.noindex/ZhiYu.build/Debug-watchsimulator/ZhiYuWatch.build/assetcatalog_dependencies --output-partial-info-plist /Users/constantine/Library/Developer/Xcode/DerivedData/ZhiYu-ahhasqosjhnjphavyaflyigbvjqi/Build/Intermediates.noindex/ZhiYu.build/Debug-watchsimulator/ZhiYuWatch.build/assetcatalog_generated_info.plist --app-icon AppIcon --compress-pngs --enable-on-demand-resources YES --development-region en --target-device watch --minimum-deployment-target 10.0 --platform watchsimulator --bundle-identifier com.zhiyu.app.watch --generate-swift-asset-symbol-extensions NO --generate-swift-asset-symbols /Users/constantine/Library/Developer/Xcode/DerivedData/ZhiYu-ahhasqosjhnjphavyaflyigbvjqi/Build/Intermediates.noindex/ZhiYu.build/Debug-watchsimulator/ZhiYuWatch.build/DerivedSources/GeneratedAssetSymbols.swift --generate-objc-asset-symbols /Users/constantine/Library/Developer/Xcode/DerivedData/ZhiYu-ahhasqosjhnjphavyaflyigbvjqi/Build/Intermediates.noindex/ZhiYu.build/Debug-watchsimulator/ZhiYuWatch.build/DerivedSources/GeneratedAssetSymbols.h --generate-asset-symbol-index /Users/constantine/Library/Developer/Xcode/DerivedData/ZhiYu-ahhasqosjhnjphavyaflyigbvjqi/Build/Intermediates.noindex/ZhiYu.build/Debug-watchsimulator/ZhiYuWatch.build/DerivedSources/GeneratedAssetSymbols-Index.plist
/* com.apple.actool.document.warnings */
:.: warning: Unknown platform value "macos"
:.: warning: Unknown platform value "macos"
:.: warning: Unknown platform value "macos"
:.: warning: Unknown platform value "macos"
:.: warning: Unknown platform value "macos"
:.: warning: Unknown platform value "macos"
:.: warning: Unknown platform value "macos"
:.: warning: Unknown platform value "macos"
:.: warning: Unknown platform value "macos"
:.: warning: Unknown platform value "macos"
/Users/constantine/Documents/work/code/projects/ZhiYu/Sources/Assets.xcassets:./AppIcon.appiconset/[][mac][128x128][][][1x][][][][][2d][AppIcon.png]: warning: The app icon set "AppIcon" has 22 unassigned children.
/Users/constantine/Documents/work/code/projects/ZhiYu/Sources/Assets.xcassets:./AppIcon.appiconset/[][ipad][83.5x83.5][][][2x][][][][]: warning: AppIcon.appiconset/AppIcon.png is 1024x1024 but should be 167x167.
/Users/constantine/Documents/work/code/projects/ZhiYu/Sources/Assets.xcassets:./AppIcon.appiconset/[][ipad][76x76][][][2x][][][][]: warning: AppIcon.appiconset/AppIcon.png is 1024x1024 but should be 152x152.
/Users/constantine/Documents/work/code/projects/ZhiYu/Sources/Assets.xcassets:./AppIcon.appiconset/[][ipad][76x76][][][1x][][][][]: warning: AppIcon.appiconset/AppIcon.png is 1024x1024 but should be 76x76.
/Users/constantine/Documents/work/code/projects/ZhiYu/Sources/Assets.xcassets:./AppIcon.appiconset/[][ipad][40x40][][][2x][][][][]: warning: AppIcon.appiconset/AppIcon.png is 1024x1024 but should be 80x80.
/Users/constantine/Documents/work/code/projects/ZhiYu/Sources/Assets.xcassets:./AppIcon.appiconset/[][ipad][40x40][][][1x][][][][]: warning: AppIcon.appiconset/AppIcon.png is 1024x1024 but should be 40x40.
/Users/constantine/Documents/work/code/projects/ZhiYu/Sources/Assets.xcassets:./AppIcon.appiconset/[][ipad][29x29][][][2x][][][][]: warning: AppIcon.appiconset/AppIcon.png is 1024x1024 but should be 58x58.
/Users/constantine/Documents/work/code/projects/ZhiYu/Sources/Assets.xcassets:./AppIcon.appiconset/[][ipad][29x29][][][1x][][][][]: warning: AppIcon.appiconset/AppIcon.png is 1024x1024 but should be 29x29.
/Users/constantine/Documents/work/code/projects/ZhiYu/Sources/Assets.xcassets:./AppIcon.appiconset/[][ipad][20x20][][][2x][][][][]: warning: AppIcon.appiconset/AppIcon.png is 1024x1024 but should be 40x40.
/Users/constantine/Documents/work/code/projects/ZhiYu/Sources/Assets.xcassets:./AppIcon.appiconset/[][ipad][20x20][][][1x][][][][]: warning: AppIcon.appiconset/AppIcon.png is 1024x1024 but should be 20x20.
/Users/constantine/Documents/work/code/projects/ZhiYu/Sources/Assets.xcassets:./AppIcon.appiconset/[][iphone][60x60][][][3x][][][][]: warning: AppIcon.appiconset/AppIcon.png is 1024x1024 but should be 180x180.
/Users/constantine/Documents/work/code/projects/ZhiYu/Sources/Assets.xcassets:./AppIcon.appiconset/[][iphone][60x60][][][2x][][][][]: warning: AppIcon.appiconset/AppIcon.png is 1024x1024 but should be 120x120.
/Users/constantine/Documents/work/code/projects/ZhiYu/Sources/Assets.xcassets:./AppIcon.appiconset/[][iphone][40x40][][][3x][][][][]: warning: AppIcon.appiconset/AppIcon.png is 1024x1024 but should be 120x120.
/Users/constantine/Documents/work/code/projects/ZhiYu/Sources/Assets.xcassets:./AppIcon.appiconset/[][iphone][40x40][][][2x][][][][]: warning: AppIcon.appiconset/AppIcon.png is 1024x1024 but should be 80x80.
/Users/constantine/Documents/work/code/projects/ZhiYu/Sources/Assets.xcassets:./AppIcon.appiconset/[][iphone][29x29][][][3x][][][][]: warning: AppIcon.appiconset/AppIcon.png is 1024x1024 but should be 87x87.
/Users/constantine/Documents/work/code/projects/ZhiYu/Sources/Assets.xcassets:./AppIcon.appiconset/[][iphone][29x29][][][2x][][][][]: warning: AppIcon.appiconset/AppIcon.png is 1024x1024 but should be 58x58.
/Users/constantine/Documents/work/code/projects/ZhiYu/Sources/Assets.xcassets:./AppIcon.appiconset/[][iphone][20x20][][][3x][][][][]: warning: AppIcon.appiconset/AppIcon.png is 1024x1024 but should be 60x60.
/Users/constantine/Documents/work/code/projects/ZhiYu/Sources/Assets.xcassets:./AppIcon.appiconset/[][iphone][20x20][][][2x][][][][]: warning: AppIcon.appiconset/AppIcon.png is 1024x1024 but should be 40x40.
/Users/constantine/Documents/work/code/projects/ZhiYu/Sources/Assets.xcassets:./AppIcon.appiconset/[][mac][128x128][][][1x][][][][][2d][AppIcon.png]: warning: The app icon set "AppIcon" has 22 unassigned children.
/Users/constantine/Documents/work/code/projects/ZhiYu/Sources/Assets.xcassets:./AppIcon.appiconset/[][ipad][83.5x83.5][][][2x][][][][]: warning: AppIcon.appiconset/AppIcon.png is 1024x1024 but should be 167x167.
/Users/constantine/Documents/work/code/projects/ZhiYu/Sources/Assets.xcassets:./AppIcon.appiconset/[][ipad][76x76][][][2x][][][][]: warning: AppIcon.appiconset/AppIcon.png is 1024x1024 but should be 152x152.
/Users/constantine/Documents/work/code/projects/ZhiYu/Sources/Assets.xcassets:./AppIcon.appiconset/[][ipad][76x76][][][1x][][][][]: warning: AppIcon.appiconset/AppIcon.png is 1024x1024 but should be 76x76.
/Users/constantine/Documents/work/code/projects/ZhiYu/Sources/Assets.xcassets:./AppIcon.appiconset/[][ipad][40x40][][][2x][][][][]: warning: AppIcon.appiconset/AppIcon.png is 1024x1024 but should be 80x80.
/Users/constantine/Documents/work/code/projects/ZhiYu/Sources/Assets.xcassets:./AppIcon.appiconset/[][ipad][40x40][][][1x][][][][]: warning: AppIcon.appiconset/AppIcon.png is 1024x1024 but should be 40x40.
/Users/constantine/Documents/work/code/projects/ZhiYu/Sources/Assets.xcassets:./AppIcon.appiconset/[][ipad][29x29][][][2x][][][][]: warning: AppIcon.appiconset/AppIcon.png is 1024x1024 but should be 58x58.
/Users/constantine/Documents/work/code/projects/ZhiYu/Sources/Assets.xcassets:./AppIcon.appiconset/[][ipad][29x29][][][1x][][][][]: warning: AppIcon.appiconset/AppIcon.png is 1024x1024 but should be 29x29.
/Users/constantine/Documents/work/code/projects/ZhiYu/Sources/Assets.xcassets:./AppIcon.appiconset/[][ipad][20x20][][][2x][][][][]: warning: AppIcon.appiconset/AppIcon.png is 1024x1024 but should be 40x40.
/Users/constantine/Documents/work/code/projects/ZhiYu/Sources/Assets.xcassets:./AppIcon.appiconset/[][ipad][20x20][][][1x][][][][]: warning: AppIcon.appiconset/AppIcon.png is 1024x1024 but should be 20x20.
/Users/constantine/Documents/work/code/projects/ZhiYu/Sources/Assets.xcassets:./AppIcon.appiconset/[][iphone][60x60][][][3x][][][][]: warning: AppIcon.appiconset/AppIcon.png is 1024x1024 but should be 180x180.
/Users/constantine/Documents/work/code/projects/ZhiYu/Sources/Assets.xcassets:./AppIcon.appiconset/[][iphone][60x60][][][2x][][][][]: warning: AppIcon.appiconset/AppIcon.png is 1024x1024 but should be 120x120.
/Users/constantine/Documents/work/code/projects/ZhiYu/Sources/Assets.xcassets:./AppIcon.appiconset/[][iphone][40x40][][][3x][][][][]: warning: AppIcon.appiconset/AppIcon.png is 1024x1024 but should be 120x120.
/Users/constantine/Documents/work/code/projects/ZhiYu/Sources/Assets.xcassets:./AppIcon.appiconset/[][iphone][40x40][][][2x][][][][]: warning: AppIcon.appiconset/AppIcon.png is 1024x1024 but should be 80x80.
/Users/constantine/Documents/work/code/projects/ZhiYu/Sources/Assets.xcassets:./AppIcon.appiconset/[][iphone][29x29][][][3x][][][][]: warning: AppIcon.appiconset/AppIcon.png is 1024x1024 but should be 87x87.
/Users/constantine/Documents/work/code/projects/ZhiYu/Sources/Assets.xcassets:./AppIcon.appiconset/[][iphone][29x29][][][2x][][][][]: warning: AppIcon.appiconset/AppIcon.png is 1024x1024 but should be 58x58.
/Users/constantine/Documents/work/code/projects/ZhiYu/Sources/Assets.xcassets:./AppIcon.appiconset/[][iphone][20x20][][][3x][][][][]: warning: AppIcon.appiconset/AppIcon.png is 1024x1024 but should be 60x60.
/Users/constantine/Documents/work/code/projects/ZhiYu/Sources/Assets.xcassets:./AppIcon.appiconset/[][iphone][20x20][][][2x][][][][]: warning: AppIcon.appiconset/AppIcon.png is 1024x1024 but should be 40x40.
/* com.apple.actool.compilation-results */
/Users/constantine/Library/Developer/Xcode/DerivedData/ZhiYu-ahhasqosjhnjphavyaflyigbvjqi/Build/Intermediates.noindex/ZhiYu.build/Debug-watchsimulator/ZhiYuWatch.build/DerivedSources/GeneratedAssetSymbols-Index.plist
/Users/constantine/Library/Developer/Xcode/DerivedData/ZhiYu-ahhasqosjhnjphavyaflyigbvjqi/Build/Intermediates.noindex/ZhiYu.build/Debug-watchsimulator/ZhiYuWatch.build/DerivedSources/GeneratedAssetSymbols.h
/Users/constantine/Library/Developer/Xcode/DerivedData/ZhiYu-ahhasqosjhnjphavyaflyigbvjqi/Build/Intermediates.noindex/ZhiYu.build/Debug-watchsimulator/ZhiYuWatch.build/DerivedSources/GeneratedAssetSymbols.swift


CompileAssetCatalogVariant thinned /Users/constantine/Library/Developer/Xcode/DerivedData/ZhiYu-ahhasqosjhnjphavyaflyigbvjqi/Build/Products/Debug-watchsimulator/ZhiYuWatch.app /Users/constantine/Documents/work/code/projects/ZhiYu/Sources/Assets.xcassets (in target 'ZhiYuWatch' from project 'ZhiYu')
    cd /Users/constantine/Documents/work/code/projects/ZhiYu
    /Applications/Xcode.app/Contents/Developer/usr/bin/actool /Users/constantine/Documents/work/code/projects/ZhiYu/Sources/Assets.xcassets --compile /Users/constantine/Library/Developer/Xcode/DerivedData/ZhiYu-ahhasqosjhnjphavyaflyigbvjqi/Build/Intermediates.noindex/ZhiYu.build/Debug-watchsimulator/ZhiYuWatch.build/assetcatalog_output/thinned --output-format human-readable-text --notices --warnings --export-dependency-info /Users/constantine/Library/Developer/Xcode/DerivedData/ZhiYu-ahhasqosjhnjphavyaflyigbvjqi/Build/Intermediates.noindex/ZhiYu.build/Debug-watchsimulator/ZhiYuWatch.build/assetcatalog_dependencies_thinned --output-partial-info-plist /Users/constantine/Library/Developer/Xcode/DerivedData/ZhiYu-ahhasqosjhnjphavyaflyigbvjqi/Build/Intermediates.noindex/ZhiYu.build/Debug-watchsimulator/ZhiYuWatch.build/assetcatalog_generated_info.plist_thinned --app-icon AppIcon --compress-pngs --enable-on-demand-resources YES --development-region en --target-device watch --minimum-deployment-target 10.0 --platform watchsimulator
/* com.apple.actool.errors */
/Users/constantine/Documents/work/code/projects/ZhiYu/Sources/Assets.xcassets: error: The stickers icon set, app icon set, or icon stack named "AppIcon" did not have any applicable content.
/* com.apple.actool.document.warnings */
:.: warning: Unknown platform value "macos"
:.: warning: Unknown platform value "macos"
:.: warning: Unknown platform value "macos"
:.: warning: Unknown platform value "macos"
:.: warning: Unknown platform value "macos"
:.: warning: Unknown platform value "macos"
:.: warning: Unknown platform value "macos"
:.: warning: Unknown platform value "macos"
:.: warning: Unknown platform value "macos"
:.: warning: Unknown platform value "macos"
/Users/constantine/Documents/work/code/projects/ZhiYu/Sources/Assets.xcassets:./AppIcon.appiconset/[][mac][128x128][][][1x][][][][][2d][AppIcon.png]: warning: The app icon set "AppIcon" has 22 unassigned children.
/Users/constantine/Documents/work/code/projects/ZhiYu/Sources/Assets.xcassets:./AppIcon.appiconset/[][iphone][20x20][][][2x][][][][]: warning: AppIcon.appiconset/AppIcon.png is 1024x1024 but should be 40x40.
/Users/constantine/Documents/work/code/projects/ZhiYu/Sources/Assets.xcassets:./AppIcon.appiconset/[][ipad][83.5x83.5][][][2x][][][][]: warning: AppIcon.appiconset/AppIcon.png is 1024x1024 but should be 167x167.
/Users/constantine/Documents/work/code/projects/ZhiYu/Sources/Assets.xcassets:./AppIcon.appiconset/[][ipad][76x76][][][2x][][][][]: warning: AppIcon.appiconset/AppIcon.png is 1024x1024 but should be 152x152.
/Users/constantine/Documents/work/code/projects/ZhiYu/Sources/Assets.xcassets:./AppIcon.appiconset/[][ipad][76x76][][][1x][][][][]: warning: AppIcon.appiconset/AppIcon.png is 1024x1024 but should be 76x76.
/Users/constantine/Documents/work/code/projects/ZhiYu/Sources/Assets.xcassets:./AppIcon.appiconset/[][ipad][40x40][][][2x][][][][]: warning: AppIcon.appiconset/AppIcon.png is 1024x1024 but should be 80x80.
/Users/constantine/Documents/work/code/projects/ZhiYu/Sources/Assets.xcassets:./AppIcon.appiconset/[][iphone][29x29][][][2x][][][][]: warning: AppIcon.appiconset/AppIcon.png is 1024x1024 but should be 58x58.
/Users/constantine/Documents/work/code/projects/ZhiYu/Sources/Assets.xcassets:./AppIcon.appiconset/[][ipad][40x40][][][1x][][][][]: warning: AppIcon.appiconset/AppIcon.png is 1024x1024 but should be 40x40.
/Users/constantine/Documents/work/code/projects/ZhiYu/Sources/Assets.xcassets:./AppIcon.appiconset/[][ipad][29x29][][][2x][][][][]: warning: AppIcon.appiconset/AppIcon.png is 1024x1024 but should be 58x58.
/Users/constantine/Documents/work/code/projects/ZhiYu/Sources/Assets.xcassets:./AppIcon.appiconset/[][ipad][29x29][][][1x][][][][]: warning: AppIcon.appiconset/AppIcon.png is 1024x1024 but should be 29x29.
/Users/constantine/Documents/work/code/projects/ZhiYu/Sources/Assets.xcassets:./AppIcon.appiconset/[][ipad][20x20][][][2x][][][][]: warning: AppIcon.appiconset/AppIcon.png is 1024x1024 but should be 40x40.
/Users/constantine/Documents/work/code/projects/ZhiYu/Sources/Assets.xcassets:./AppIcon.appiconset/[][ipad][20x20][][][1x][][][][]: warning: AppIcon.appiconset/AppIcon.png is 1024x1024 but should be 20x20.
/Users/constantine/Documents/work/code/projects/ZhiYu/Sources/Assets.xcassets:./AppIcon.appiconset/[][iphone][60x60][][][3x][][][][]: warning: AppIcon.appiconset/AppIcon.png is 1024x1024 but should be 180x180.
/Users/constantine/Documents/work/code/projects/ZhiYu/Sources/Assets.xcassets:./AppIcon.appiconset/[][iphone][60x60][][][2x][][][][]: warning: AppIcon.appiconset/AppIcon.png is 1024x1024 but should be 120x120.
/Users/constantine/Documents/work/code/projects/ZhiYu/Sources/Assets.xcassets:./AppIcon.appiconset/[][iphone][29x29][][][3x][][][][]: warning: AppIcon.appiconset/AppIcon.png is 1024x1024 but should be 87x87.
/Users/constantine/Documents/work/code/projects/ZhiYu/Sources/Assets.xcassets:./AppIcon.appiconset/[][iphone][20x20][][][3x][][][][]: warning: AppIcon.appiconset/AppIcon.png is 1024x1024 but should be 60x60.
/Users/constantine/Documents/work/code/projects/ZhiYu/Sources/Assets.xcassets:./AppIcon.appiconset/[][iphone][40x40][][][3x][][][][]: warning: AppIcon.appiconset/AppIcon.png is 1024x1024 but should be 120x120.
/Users/constantine/Documents/work/code/projects/ZhiYu/Sources/Assets.xcassets:./AppIcon.appiconset/[][iphone][40x40][][][2x][][][][]: warning: AppIcon.appiconset/AppIcon.png is 1024x1024 but should be 80x80.
/Users/constantine/Documents/work/code/projects/ZhiYu/Sources/Assets.xcassets:./AppIcon.appiconset/[][mac][128x128][][][1x][][][][][2d][AppIcon.png]: warning: The app icon set "AppIcon" has 22 unassigned children.
/Users/constantine/Documents/work/code/projects/ZhiYu/Sources/Assets.xcassets:./AppIcon.appiconset/[][iphone][20x20][][][2x][][][][]: warning: AppIcon.appiconset/AppIcon.png is 1024x1024 but should be 40x40.
/Users/constantine/Documents/work/code/projects/ZhiYu/Sources/Assets.xcassets:./AppIcon.appiconset/[][ipad][83.5x83.5][][][2x][][][][]: warning: AppIcon.appiconset/AppIcon.png is 1024x1024 but should be 167x167.
/Users/constantine/Documents/work/code/projects/ZhiYu/Sources/Assets.xcassets:./AppIcon.appiconset/[][ipad][76x76][][][2x][][][][]: warning: AppIcon.appiconset/AppIcon.png is 1024x1024 but should be 152x152.
/Users/constantine/Documents/work/code/projects/ZhiYu/Sources/Assets.xcassets:./AppIcon.appiconset/[][ipad][76x76][][][1x][][][][]: warning: AppIcon.appiconset/AppIcon.png is 1024x1024 but should be 76x76.
/Users/constantine/Documents/work/code/projects/ZhiYu/Sources/Assets.xcassets:./AppIcon.appiconset/[][ipad][40x40][][][2x][][][][]: warning: AppIcon.appiconset/AppIcon.png is 1024x1024 but should be 80x80.
/Users/constantine/Documents/work/code/projects/ZhiYu/Sources/Assets.xcassets:./AppIcon.appiconset/[][iphone][29x29][][][2x][][][][]: warning: AppIcon.appiconset/AppIcon.png is 1024x1024 but should be 58x58.
/Users/constantine/Documents/work/code/projects/ZhiYu/Sources/Assets.xcassets:./AppIcon.appiconset/[][ipad][40x40][][][1x][][][][]: warning: AppIcon.appiconset/AppIcon.png is 1024x1024 but should be 40x40.
/Users/constantine/Documents/work/code/projects/ZhiYu/Sources/Assets.xcassets:./AppIcon.appiconset/[][ipad][29x29][][][2x][][][][]: warning: AppIcon.appiconset/AppIcon.png is 1024x1024 but should be 58x58.
/Users/constantine/Documents/work/code/projects/ZhiYu/Sources/Assets.xcassets:./AppIcon.appiconset/[][ipad][29x29][][][1x][][][][]: warning: AppIcon.appiconset/AppIcon.png is 1024x1024 but should be 29x29.
/Users/constantine/Documents/work/code/projects/ZhiYu/Sources/Assets.xcassets:./AppIcon.appiconset/[][ipad][20x20][][][2x][][][][]: warning: AppIcon.appiconset/AppIcon.png is 1024x1024 but should be 40x40.
/Users/constantine/Documents/work/code/projects/ZhiYu/Sources/Assets.xcassets:./AppIcon.appiconset/[][ipad][20x20][][][1x][][][][]: warning: AppIcon.appiconset/AppIcon.png is 1024x1024 but should be 20x20.
/Users/constantine/Documents/work/code/projects/ZhiYu/Sources/Assets.xcassets:./AppIcon.appiconset/[][iphone][60x60][][][3x][][][][]: warning: AppIcon.appiconset/AppIcon.png is 1024x1024 but should be 180x180.
/Users/constantine/Documents/work/code/projects/ZhiYu/Sources/Assets.xcassets:./AppIcon.appiconset/[][iphone][60x60][][][2x][][][][]: warning: AppIcon.appiconset/AppIcon.png is 1024x1024 but should be 120x120.
/Users/constantine/Documents/work/code/projects/ZhiYu/Sources/Assets.xcassets:./AppIcon.appiconset/[][iphone][29x29][][][3x][][][][]: warning: AppIcon.appiconset/AppIcon.png is 1024x1024 but should be 87x87.
/Users/constantine/Documents/work/code/projects/ZhiYu/Sources/Assets.xcassets:./AppIcon.appiconset/[][iphone][20x20][][][3x][][][][]: warning: AppIcon.appiconset/AppIcon.png is 1024x1024 but should be 60x60.
/Users/constantine/Documents/work/code/projects/ZhiYu/Sources/Assets.xcassets:./AppIcon.appiconset/[][iphone][40x40][][][3x][][][][]: warning: AppIcon.appiconset/AppIcon.png is 1024x1024 but should be 120x120.
/Users/constantine/Documents/work/code/projects/ZhiYu/Sources/Assets.xcassets:./AppIcon.appiconset/[][iphone][40x40][][][2x][][][][]: warning: AppIcon.appiconset/AppIcon.png is 1024x1024 but should be 80x80.
/* com.apple.actool.compilation-results */
/Users/constantine/Library/Developer/Xcode/DerivedData/ZhiYu-ahhasqosjhnjphavyaflyigbvjqi/Build/Intermediates.noindex/ZhiYu.build/Debug-watchsimulator/ZhiYuWatch.build/assetcatalog_generated_info.plist_thinned
/Users/constantine/Library/Developer/Xcode/DerivedData/ZhiYu-ahhasqosjhnjphavyaflyigbvjqi/Build/Intermediates.noindex/ZhiYu.build/Debug-watchsimulator/ZhiYuWatch.build/assetcatalog_output/thinned/Assets.car


Copy /Users/constantine/Library/Developer/Xcode/DerivedData/ZhiYu-ahhasqosjhnjphavyaflyigbvjqi/Build/Products/Debug-watchsimulator/ZhiYuWatch.app/GRDB_GRDB.bundle /Users/constantine/Library/Developer/Xcode/DerivedData/ZhiYu-ahhasqosjhnjphavyaflyigbvjqi/Build/Products/Debug-watchsimulator/GRDB_GRDB.bundle (in target 'ZhiYuWatch' from project 'ZhiYu')
    cd /Users/constantine/Documents/work/code/projects/ZhiYu
    builtin-copy -exclude .DS_Store -exclude CVS -exclude .svn -exclude .git -exclude .hg -resolve-src-symlinks /Users/constantine/Library/Developer/Xcode/DerivedData/ZhiYu-ahhasqosjhnjphavyaflyigbvjqi/Build/Products/Debug-watchsimulator/GRDB_GRDB.bundle /Users/constantine/Library/Developer/Xcode/DerivedData/ZhiYu-ahhasqosjhnjphavyaflyigbvjqi/Build/Products/Debug-watchsimulator/ZhiYuWatch.app

CompileXCStrings /Users/constantine/Library/Developer/Xcode/DerivedData/ZhiYu-ahhasqosjhnjphavyaflyigbvjqi/Build/Intermediates.noindex/ZhiYu.build/Debug-watchsimulator/ZhiYuWatch.build/ /Users/constantine/Documents/work/code/projects/ZhiYu/Sources/Localization/Lint.xcstrings (in target 'ZhiYuWatch' from project 'ZhiYu')
    cd /Users/constantine/Documents/work/code/projects/ZhiYu
    /Applications/Xcode.app/Contents/Developer/usr/bin/xcstringstool compile --output-directory /Users/constantine/Library/Developer/Xcode/DerivedData/ZhiYu-ahhasqosjhnjphavyaflyigbvjqi/Build/Intermediates.noindex/ZhiYu.build/Debug-watchsimulator/ZhiYuWatch.build /Users/constantine/Documents/work/code/projects/ZhiYu/Sources/Localization/Lint.xcstrings

CompileXCStrings /Users/constantine/Library/Developer/Xcode/DerivedData/ZhiYu-ahhasqosjhnjphavyaflyigbvjqi/Build/Intermediates.noindex/ZhiYu.build/Debug-watchsimulator/ZhiYuWatch.build/ /Users/constantine/Documents/work/code/projects/ZhiYu/Sources/Localization/Graph.xcstrings (in target 'ZhiYuWatch' from project 'ZhiYu')
    cd /Users/constantine/Documents/work/code/projects/ZhiYu
    /Applications/Xcode.app/Contents/Developer/usr/bin/xcstringstool compile --output-directory /Users/constantine/Library/Developer/Xcode/DerivedData/ZhiYu-ahhasqosjhnjphavyaflyigbvjqi/Build/Intermediates.noindex/ZhiYu.build/Debug-watchsimulator/ZhiYuWatch.build /Users/constantine/Documents/work/code/projects/ZhiYu/Sources/Localization/Graph.xcstrings

CompileXCStrings /Users/constantine/Library/Developer/Xcode/DerivedData/ZhiYu-ahhasqosjhnjphavyaflyigbvjqi/Build/Intermediates.noindex/ZhiYu.build/Debug-watchsimulator/ZhiYuWatch.build/ /Users/constantine/Documents/work/code/projects/ZhiYu/Sources/Localization/ICloud.xcstrings (in target 'ZhiYuWatch' from project 'ZhiYu')
    cd /Users/constantine/Documents/work/code/projects/ZhiYu
    /Applications/Xcode.app/Contents/Developer/usr/bin/xcstringstool compile --output-directory /Users/constantine/Library/Developer/Xcode/DerivedData/ZhiYu-ahhasqosjhnjphavyaflyigbvjqi/Build/Intermediates.noindex/ZhiYu.build/Debug-watchsimulator/ZhiYuWatch.build /Users/constantine/Documents/work/code/projects/ZhiYu/Sources/Localization/ICloud.xcstrings

CompileXCStrings /Users/constantine/Library/Developer/Xcode/DerivedData/ZhiYu-ahhasqosjhnjphavyaflyigbvjqi/Build/Intermediates.noindex/ZhiYu.build/Debug-watchsimulator/ZhiYuWatch.build/ /Users/constantine/Documents/work/code/projects/ZhiYu/Sources/Localization/Dashboard.xcstrings (in target 'ZhiYuWatch' from project 'ZhiYu')
    cd /Users/constantine/Documents/work/code/projects/ZhiYu
    /Applications/Xcode.app/Contents/Developer/usr/bin/xcstringstool compile --output-directory /Users/constantine/Library/Developer/Xcode/DerivedData/ZhiYu-ahhasqosjhnjphavyaflyigbvjqi/Build/Intermediates.noindex/ZhiYu.build/Debug-watchsimulator/ZhiYuWatch.build /Users/constantine/Documents/work/code/projects/ZhiYu/Sources/Localization/Dashboard.xcstrings

CompileXCStrings /Users/constantine/Library/Developer/Xcode/DerivedData/ZhiYu-ahhasqosjhnjphavyaflyigbvjqi/Build/Intermediates.noindex/ZhiYu.build/Debug-watchsimulator/ZhiYuWatch.build/ /Users/constantine/Documents/work/code/projects/ZhiYu/Sources/Localization/CoreModels.xcstrings (in target 'ZhiYuWatch' from project 'ZhiYu')
    cd /Users/constantine/Documents/work/code/projects/ZhiYu
    /Applications/Xcode.app/Contents/Developer/usr/bin/xcstringstool compile --output-directory /Users/constantine/Library/Developer/Xcode/DerivedData/ZhiYu-ahhasqosjhnjphavyaflyigbvjqi/Build/Intermediates.noindex/ZhiYu.build/Debug-watchsimulator/ZhiYuWatch.build /Users/constantine/Documents/work/code/projects/ZhiYu/Sources/Localization/CoreModels.xcstrings

CompileXCStrings /Users/constantine/Library/Developer/Xcode/DerivedData/ZhiYu-ahhasqosjhnjphavyaflyigbvjqi/Build/Intermediates.noindex/ZhiYu.build/Debug-watchsimulator/ZhiYuWatch.build/ /Users/constantine/Documents/work/code/projects/ZhiYu/Sources/Localization/Settings.xcstrings (in target 'ZhiYuWatch' from project 'ZhiYu')
    cd /Users/constantine/Documents/work/code/projects/ZhiYu
    /Applications/Xcode.app/Contents/Developer/usr/bin/xcstringstool compile --output-directory /Users/constantine/Library/Developer/Xcode/DerivedData/ZhiYu-ahhasqosjhnjphavyaflyigbvjqi/Build/Intermediates.noindex/ZhiYu.build/Debug-watchsimulator/ZhiYuWatch.build /Users/constantine/Documents/work/code/projects/ZhiYu/Sources/Localization/Settings.xcstrings

CompileXCStrings /Users/constantine/Library/Developer/Xcode/DerivedData/ZhiYu-ahhasqosjhnjphavyaflyigbvjqi/Build/Intermediates.noindex/ZhiYu.build/Debug-watchsimulator/ZhiYuWatch.build/ /Users/constantine/Documents/work/code/projects/ZhiYu/Sources/Localization/Transfer.xcstrings (in target 'ZhiYuWatch' from project 'ZhiYu')
    cd /Users/constantine/Documents/work/code/projects/ZhiYu
    /Applications/Xcode.app/Contents/Developer/usr/bin/xcstringstool compile --output-directory /Users/constantine/Library/Developer/Xcode/DerivedData/ZhiYu-ahhasqosjhnjphavyaflyigbvjqi/Build/Intermediates.noindex/ZhiYu.build/Debug-watchsimulator/ZhiYuWatch.build /Users/constantine/Documents/work/code/projects/ZhiYu/Sources/Localization/Transfer.xcstrings

CompileXCStrings /Users/constantine/Library/Developer/Xcode/DerivedData/ZhiYu-ahhasqosjhnjphavyaflyigbvjqi/Build/Intermediates.noindex/ZhiYu.build/Debug-watchsimulator/ZhiYuWatch.build/ /Users/constantine/Documents/work/code/projects/ZhiYu/Sources/Localization/AITasks.xcstrings (in target 'ZhiYuWatch' from project 'ZhiYu')
    cd /Users/constantine/Documents/work/code/projects/ZhiYu
    /Applications/Xcode.app/Contents/Developer/usr/bin/xcstringstool compile --output-directory /Users/constantine/Library/Developer/Xcode/DerivedData/ZhiYu-ahhasqosjhnjphavyaflyigbvjqi/Build/Intermediates.noindex/ZhiYu.build/Debug-watchsimulator/ZhiYuWatch.build /Users/constantine/Documents/work/code/projects/ZhiYu/Sources/Localization/AITasks.xcstrings

CompileXCStrings /Users/constantine/Library/Developer/Xcode/DerivedData/ZhiYu-ahhasqosjhnjphavyaflyigbvjqi/Build/Intermediates.noindex/ZhiYu.build/Debug-watchsimulator/ZhiYuWatch.build/ /Users/constantine/Documents/work/code/projects/ZhiYu/Sources/Localization/Collaboration.xcstrings (in target 'ZhiYuWatch' from project 'ZhiYu')
    cd /Users/constantine/Documents/work/code/projects/ZhiYu
    /Applications/Xcode.app/Contents/Developer/usr/bin/xcstringstool compile --output-directory /Users/constantine/Library/Developer/Xcode/DerivedData/ZhiYu-ahhasqosjhnjphavyaflyigbvjqi/Build/Intermediates.noindex/ZhiYu.build/Debug-watchsimulator/ZhiYuWatch.build /Users/constantine/Documents/work/code/projects/ZhiYu/Sources/Localization/Collaboration.xcstrings

CompileXCStrings /Users/constantine/Library/Developer/Xcode/DerivedData/ZhiYu-ahhasqosjhnjphavyaflyigbvjqi/Build/Intermediates.noindex/ZhiYu.build/Debug-watchsimulator/ZhiYuWatch.build/ /Users/constantine/Documents/work/code/projects/ZhiYu/Sources/Localization/Chat.xcstrings (in target 'ZhiYuWatch' from project 'ZhiYu')
    cd /Users/constantine/Documents/work/code/projects/ZhiYu
    /Applications/Xcode.app/Contents/Developer/usr/bin/xcstringstool compile --output-directory /Users/constantine/Library/Developer/Xcode/DerivedData/ZhiYu-ahhasqosjhnjphavyaflyigbvjqi/Build/Intermediates.noindex/ZhiYu.build/Debug-watchsimulator/ZhiYuWatch.build /Users/constantine/Documents/work/code/projects/ZhiYu/Sources/Localization/Chat.xcstrings

CompileXCStrings /Users/constantine/Library/Developer/Xcode/DerivedData/ZhiYu-ahhasqosjhnjphavyaflyigbvjqi/Build/Intermediates.noindex/ZhiYu.build/Debug-watchsimulator/ZhiYuWatch.build/ /Users/constantine/Documents/work/code/projects/ZhiYu/Sources/Localization/Coachmark.xcstrings (in target 'ZhiYuWatch' from project 'ZhiYu')
    cd /Users/constantine/Documents/work/code/projects/ZhiYu
    /Applications/Xcode.app/Contents/Developer/usr/bin/xcstringstool compile --output-directory /Users/constantine/Library/Developer/Xcode/DerivedData/ZhiYu-ahhasqosjhnjphavyaflyigbvjqi/Build/Intermediates.noindex/ZhiYu.build/Debug-watchsimulator/ZhiYuWatch.build /Users/constantine/Documents/work/code/projects/ZhiYu/Sources/Localization/Coachmark.xcstrings

SwiftDriver ZhiYuWatch normal x86_64 com.apple.xcode.tools.swift.compiler (in target 'ZhiYuWatch' from project 'ZhiYu')
    cd /Users/constantine/Documents/work/code/projects/ZhiYu
    builtin-SwiftDriver -- /Applications/Xcode.app/Contents/Developer/Toolchains/XcodeDefault.xctoolchain/usr/bin/swiftc -module-name ZhiYuWatch -Onone @/Users/constantine/Library/Developer/Xcode/DerivedData/ZhiYu-ahhasqosjhnjphavyaflyigbvjqi/Build/Intermediates.noindex/ZhiYu.build/Debug-watchsimulator/ZhiYuWatch.build/Objects-normal/x86_64/ZhiYuWatch.SwiftFileList -DDEBUG -Xcc -fmodule-map-file\=/Users/constantine/Library/Developer/Xcode/DerivedData/ZhiYu-ahhasqosjhnjphavyaflyigbvjqi/SourcePackages/checkouts/GRDB.swift/Sources/CSQLite/module.modulemap -enable-upcoming-feature StrictConcurrency -enable-bare-slash-regex -enable-experimental-feature DebugDescriptionMacro -sdk /Applications/Xcode.app/Contents/Developer/Platforms/WatchSimulator.platform/Developer/SDKs/WatchSimulator26.4.sdk -target x86_64-apple-watchos10.0-simulator -g -module-cache-path /Users/constantine/Library/Developer/Xcode/DerivedData/ModuleCache.noindex -Xfrontend -serialize-debugging-options -enable-testing -index-store-path /Users/constantine/Library/Developer/Xcode/DerivedData/ZhiYu-ahhasqosjhnjphavyaflyigbvjqi/Index.noindex/DataStore -Xcc -D_LIBCPP_HARDENING_MODE\=_LIBCPP_HARDENING_MODE_DEBUG -swift-version 5 -I /Users/constantine/Library/Developer/Xcode/DerivedData/ZhiYu-ahhasqosjhnjphavyaflyigbvjqi/Build/Products/Debug-watchsimulator -F /Users/constantine/Library/Developer/Xcode/DerivedData/ZhiYu-ahhasqosjhnjphavyaflyigbvjqi/Build/Products/Debug-watchsimulator/PackageFrameworks -F /Users/constantine/Library/Developer/Xcode/DerivedData/ZhiYu-ahhasqosjhnjphavyaflyigbvjqi/Build/Products/Debug-watchsimulator -c -j18 -enable-batch-mode -incremental -Xcc -ivfsstatcache -Xcc /Users/constantine/Library/Developer/Xcode/DerivedData/SDKStatCaches.noindex/watchsimulator26.4-23T238-688ef53f1462e2c8f657fdc38a81448f8aa186fa658f8d2cb200b6f26918d89b.sdkstatcache -output-file-map /Users/constantine/Library/Developer/Xcode/DerivedData/ZhiYu-ahhasqosjhnjphavyaflyigbvjqi/Build/Intermediates.noindex/ZhiYu.build/Debug-watchsimulator/ZhiYuWatch.build/Objects-normal/x86_64/ZhiYuWatch-OutputFileMap.json -use-frontend-parseable-output -save-temps -no-color-diagnostics -explicit-module-build -module-cache-path /Users/constantine/Library/Developer/Xcode/DerivedData/ZhiYu-ahhasqosjhnjphavyaflyigbvjqi/Build/Intermediates.noindex/SwiftExplicitPrecompiledModules -clang-scanner-module-cache-path /Users/constantine/Library/Developer/Xcode/DerivedData/ModuleCache.noindex -sdk-module-cache-path /Users/constantine/Library/Developer/Xcode/DerivedData/ModuleCache.noindex -serialize-diagnostics -emit-dependencies -emit-module -emit-module-path /Users/constantine/Library/Developer/Xcode/DerivedData/ZhiYu-ahhasqosjhnjphavyaflyigbvjqi/Build/Intermediates.noindex/ZhiYu.build/Debug-watchsimulator/ZhiYuWatch.build/Objects-normal/x86_64/ZhiYuWatch.swiftmodule -validate-clang-modules-once -clang-build-session-file /Users/constantine/Library/Developer/Xcode/DerivedData/ModuleCache.noindex/Session.modulevalidation -Xcc -I/Users/constantine/Library/Developer/Xcode/DerivedData/ZhiYu-ahhasqosjhnjphavyaflyigbvjqi/Build/Intermediates.noindex/ZhiYu.build/Debug-watchsimulator/ZhiYuWatch.build/swift-overrides.hmap -emit-const-values -Xfrontend -const-gather-protocols-file -Xfrontend /Users/constantine/Library/Developer/Xcode/DerivedData/ZhiYu-ahhasqosjhnjphavyaflyigbvjqi/Build/Intermediates.noindex/ZhiYu.build/Debug-watchsimulator/ZhiYuWatch.build/Objects-normal/x86_64/ZhiYuWatch_const_extract_protocols.json -Xcc -iquote -Xcc /Users/constantine/Library/Developer/Xcode/DerivedData/ZhiYu-ahhasqosjhnjphavyaflyigbvjqi/Build/Intermediates.noindex/ZhiYu.build/Debug-watchsimulator/ZhiYuWatch.build/ZhiYuWatch-generated-files.hmap -Xcc -I/Users/constantine/Library/Developer/Xcode/DerivedData/ZhiYu-ahhasqosjhnjphavyaflyigbvjqi/Build/Intermediates.noindex/ZhiYu.build/Debug-watchsimulator/ZhiYuWatch.build/ZhiYuWatch-own-target-headers.hmap -Xcc -I/Users/constantine/Library/Developer/Xcode/DerivedData/ZhiYu-ahhasqosjhnjphavyaflyigbvjqi/Build/Intermediates.noindex/ZhiYu.build/Debug-watchsimulator/ZhiYuWatch.build/ZhiYuWatch-all-non-framework-target-headers.hmap -Xcc -ivfsoverlay -Xcc /Users/constantine/Library/Developer/Xcode/DerivedData/ZhiYu-ahhasqosjhnjphavyaflyigbvjqi/Build/Intermediates.noindex/ZhiYu.build/Debug-watchsimulator/ZhiYu-48e36c608b438f24ac5a43fe091185d1-VFS-watchsimulator/all-product-headers.yaml -Xcc -iquote -Xcc /Users/constantine/Library/Developer/Xcode/DerivedData/ZhiYu-ahhasqosjhnjphavyaflyigbvjqi/Build/Intermediates.noindex/ZhiYu.build/Debug-watchsimulator/ZhiYuWatch.build/ZhiYuWatch-project-headers.hmap -Xcc -I/Users/constantine/Library/Developer/Xcode/DerivedData/ZhiYu-ahhasqosjhnjphavyaflyigbvjqi/Build/Products/Debug-watchsimulator/include -Xcc -I/Users/constantine/Library/Developer/Xcode/DerivedData/ZhiYu-ahhasqosjhnjphavyaflyigbvjqi/Build/Intermediates.noindex/ZhiYu.build/Debug-watchsimulator/ZhiYuWatch.build/DerivedSources-normal/x86_64 -Xcc -I/Users/constantine/Library/Developer/Xcode/DerivedData/ZhiYu-ahhasqosjhnjphavyaflyigbvjqi/Build/Intermediates.noindex/ZhiYu.build/Debug-watchsimulator/ZhiYuWatch.build/DerivedSources/x86_64 -Xcc -I/Users/constantine/Library/Developer/Xcode/DerivedData/ZhiYu-ahhasqosjhnjphavyaflyigbvjqi/Build/Intermediates.noindex/ZhiYu.build/Debug-watchsimulator/ZhiYuWatch.build/DerivedSources -Xcc -DDEBUG\=1 -emit-objc-header -emit-objc-header-path /Users/constantine/Library/Developer/Xcode/DerivedData/ZhiYu-ahhasqosjhnjphavyaflyigbvjqi/Build/Intermediates.noindex/ZhiYu.build/Debug-watchsimulator/ZhiYuWatch.build/Objects-normal/x86_64/ZhiYuWatch-Swift.h -working-directory /Users/constantine/Documents/work/code/projects/ZhiYu -experimental-emit-module-separately -disable-cmo

SwiftDriver ZhiYuWatch normal arm64 com.apple.xcode.tools.swift.compiler (in target 'ZhiYuWatch' from project 'ZhiYu')
    cd /Users/constantine/Documents/work/code/projects/ZhiYu
    builtin-SwiftDriver -- /Applications/Xcode.app/Contents/Developer/Toolchains/XcodeDefault.xctoolchain/usr/bin/swiftc -module-name ZhiYuWatch -Onone @/Users/constantine/Library/Developer/Xcode/DerivedData/ZhiYu-ahhasqosjhnjphavyaflyigbvjqi/Build/Intermediates.noindex/ZhiYu.build/Debug-watchsimulator/ZhiYuWatch.build/Objects-normal/arm64/ZhiYuWatch.SwiftFileList -DDEBUG -Xcc -fmodule-map-file\=/Users/constantine/Library/Developer/Xcode/DerivedData/ZhiYu-ahhasqosjhnjphavyaflyigbvjqi/SourcePackages/checkouts/GRDB.swift/Sources/CSQLite/module.modulemap -enable-upcoming-feature StrictConcurrency -enable-bare-slash-regex -enable-experimental-feature DebugDescriptionMacro -sdk /Applications/Xcode.app/Contents/Developer/Platforms/WatchSimulator.platform/Developer/SDKs/WatchSimulator26.4.sdk -target arm64-apple-watchos10.0-simulator -g -module-cache-path /Users/constantine/Library/Developer/Xcode/DerivedData/ModuleCache.noindex -Xfrontend -serialize-debugging-options -enable-testing -index-store-path /Users/constantine/Library/Developer/Xcode/DerivedData/ZhiYu-ahhasqosjhnjphavyaflyigbvjqi/Index.noindex/DataStore -Xcc -D_LIBCPP_HARDENING_MODE\=_LIBCPP_HARDENING_MODE_DEBUG -swift-version 5 -I /Users/constantine/Library/Developer/Xcode/DerivedData/ZhiYu-ahhasqosjhnjphavyaflyigbvjqi/Build/Products/Debug-watchsimulator -F /Users/constantine/Library/Developer/Xcode/DerivedData/ZhiYu-ahhasqosjhnjphavyaflyigbvjqi/Build/Products/Debug-watchsimulator/PackageFrameworks -F /Users/constantine/Library/Developer/Xcode/DerivedData/ZhiYu-ahhasqosjhnjphavyaflyigbvjqi/Build/Products/Debug-watchsimulator -c -j18 -enable-batch-mode -incremental -Xcc -ivfsstatcache -Xcc /Users/constantine/Library/Developer/Xcode/DerivedData/SDKStatCaches.noindex/watchsimulator26.4-23T238-688ef53f1462e2c8f657fdc38a81448f8aa186fa658f8d2cb200b6f26918d89b.sdkstatcache -output-file-map /Users/constantine/Library/Developer/Xcode/DerivedData/ZhiYu-ahhasqosjhnjphavyaflyigbvjqi/Build/Intermediates.noindex/ZhiYu.build/Debug-watchsimulator/ZhiYuWatch.build/Objects-normal/arm64/ZhiYuWatch-OutputFileMap.json -use-frontend-parseable-output -save-temps -no-color-diagnostics -explicit-module-build -module-cache-path /Users/constantine/Library/Developer/Xcode/DerivedData/ZhiYu-ahhasqosjhnjphavyaflyigbvjqi/Build/Intermediates.noindex/SwiftExplicitPrecompiledModules -clang-scanner-module-cache-path /Users/constantine/Library/Developer/Xcode/DerivedData/ModuleCache.noindex -sdk-module-cache-path /Users/constantine/Library/Developer/Xcode/DerivedData/ModuleCache.noindex -serialize-diagnostics -emit-dependencies -emit-module -emit-module-path /Users/constantine/Library/Developer/Xcode/DerivedData/ZhiYu-ahhasqosjhnjphavyaflyigbvjqi/Build/Intermediates.noindex/ZhiYu.build/Debug-watchsimulator/ZhiYuWatch.build/Objects-normal/arm64/ZhiYuWatch.swiftmodule -validate-clang-modules-once -clang-build-session-file /Users/constantine/Library/Developer/Xcode/DerivedData/ModuleCache.noindex/Session.modulevalidation -Xcc -I/Users/constantine/Library/Developer/Xcode/DerivedData/ZhiYu-ahhasqosjhnjphavyaflyigbvjqi/Build/Intermediates.noindex/ZhiYu.build/Debug-watchsimulator/ZhiYuWatch.build/swift-overrides.hmap -emit-const-values -Xfrontend -const-gather-protocols-file -Xfrontend /Users/constantine/Library/Developer/Xcode/DerivedData/ZhiYu-ahhasqosjhnjphavyaflyigbvjqi/Build/Intermediates.noindex/ZhiYu.build/Debug-watchsimulator/ZhiYuWatch.build/Objects-normal/arm64/ZhiYuWatch_const_extract_protocols.json -Xcc -iquote -Xcc /Users/constantine/Library/Developer/Xcode/DerivedData/ZhiYu-ahhasqosjhnjphavyaflyigbvjqi/Build/Intermediates.noindex/ZhiYu.build/Debug-watchsimulator/ZhiYuWatch.build/ZhiYuWatch-generated-files.hmap -Xcc -I/Users/constantine/Library/Developer/Xcode/DerivedData/ZhiYu-ahhasqosjhnjphavyaflyigbvjqi/Build/Intermediates.noindex/ZhiYu.build/Debug-watchsimulator/ZhiYuWatch.build/ZhiYuWatch-own-target-headers.hmap -Xcc -I/Users/constantine/Library/Developer/Xcode/DerivedData/ZhiYu-ahhasqosjhnjphavyaflyigbvjqi/Build/Intermediates.noindex/ZhiYu.build/Debug-watchsimulator/ZhiYuWatch.build/ZhiYuWatch-all-non-framework-target-headers.hmap -Xcc -ivfsoverlay -Xcc /Users/constantine/Library/Developer/Xcode/DerivedData/ZhiYu-ahhasqosjhnjphavyaflyigbvjqi/Build/Intermediates.noindex/ZhiYu.build/Debug-watchsimulator/ZhiYu-48e36c608b438f24ac5a43fe091185d1-VFS-watchsimulator/all-product-headers.yaml -Xcc -iquote -Xcc /Users/constantine/Library/Developer/Xcode/DerivedData/ZhiYu-ahhasqosjhnjphavyaflyigbvjqi/Build/Intermediates.noindex/ZhiYu.build/Debug-watchsimulator/ZhiYuWatch.build/ZhiYuWatch-project-headers.hmap -Xcc -I/Users/constantine/Library/Developer/Xcode/DerivedData/ZhiYu-ahhasqosjhnjphavyaflyigbvjqi/Build/Products/Debug-watchsimulator/include -Xcc -I/Users/constantine/Library/Developer/Xcode/DerivedData/ZhiYu-ahhasqosjhnjphavyaflyigbvjqi/Build/Intermediates.noindex/ZhiYu.build/Debug-watchsimulator/ZhiYuWatch.build/DerivedSources-normal/arm64 -Xcc -I/Users/constantine/Library/Developer/Xcode/DerivedData/ZhiYu-ahhasqosjhnjphavyaflyigbvjqi/Build/Intermediates.noindex/ZhiYu.build/Debug-watchsimulator/ZhiYuWatch.build/DerivedSources/arm64 -Xcc -I/Users/constantine/Library/Developer/Xcode/DerivedData/ZhiYu-ahhasqosjhnjphavyaflyigbvjqi/Build/Intermediates.noindex/ZhiYu.build/Debug-watchsimulator/ZhiYuWatch.build/DerivedSources -Xcc -DDEBUG\=1 -emit-objc-header -emit-objc-header-path /Users/constantine/Library/Developer/Xcode/DerivedData/ZhiYu-ahhasqosjhnjphavyaflyigbvjqi/Build/Intermediates.noindex/ZhiYu.build/Debug-watchsimulator/ZhiYuWatch.build/Objects-normal/arm64/ZhiYuWatch-Swift.h -working-directory /Users/constantine/Documents/work/code/projects/ZhiYu -experimental-emit-module-separately -disable-cmo

CopyStringsFile /Users/constantine/Library/Developer/Xcode/DerivedData/ZhiYu-ahhasqosjhnjphavyaflyigbvjqi/Build/Products/Debug-watchsimulator/ZhiYuWatch.app/zh-Hans.lproj/CoreModels.strings /Users/constantine/Library/Developer/Xcode/DerivedData/ZhiYu-ahhasqosjhnjphavyaflyigbvjqi/Build/Intermediates.noindex/ZhiYu.build/Debug-watchsimulator/ZhiYuWatch.build/zh-Hans.lproj/CoreModels.strings (in target 'ZhiYuWatch' from project 'ZhiYu')
    cd /Users/constantine/Documents/work/code/projects/ZhiYu
    builtin-copyStrings --validate --outputencoding binary --outfilename CoreModels.strings --outdir /Users/constantine/Library/Developer/Xcode/DerivedData/ZhiYu-ahhasqosjhnjphavyaflyigbvjqi/Build/Products/Debug-watchsimulator/ZhiYuWatch.app/zh-Hans.lproj -- /Users/constantine/Library/Developer/Xcode/DerivedData/ZhiYu-ahhasqosjhnjphavyaflyigbvjqi/Build/Intermediates.noindex/ZhiYu.build/Debug-watchsimulator/ZhiYuWatch.build/zh-Hans.lproj/CoreModels.strings
/Users/constantine/Library/Developer/Xcode/DerivedData/ZhiYu-ahhasqosjhnjphavyaflyigbvjqi/Build/Intermediates.noindex/ZhiYu.build/Debug-watchsimulator/ZhiYuWatch.build/zh-Hans.lproj/CoreModels.strings:1:1: note: detected encoding of input file as Unicode (UTF-8) (in target 'ZhiYuWatch' from project 'ZhiYu')

CopyStringsFile /Users/constantine/Library/Developer/Xcode/DerivedData/ZhiYu-ahhasqosjhnjphavyaflyigbvjqi/Build/Products/Debug-watchsimulator/ZhiYuWatch.app/zh-Hans.lproj/ICloud.strings /Users/constantine/Library/Developer/Xcode/DerivedData/ZhiYu-ahhasqosjhnjphavyaflyigbvjqi/Build/Intermediates.noindex/ZhiYu.build/Debug-watchsimulator/ZhiYuWatch.build/zh-Hans.lproj/ICloud.strings (in target 'ZhiYuWatch' from project 'ZhiYu')
    cd /Users/constantine/Documents/work/code/projects/ZhiYu
    builtin-copyStrings --validate --outputencoding binary --outfilename ICloud.strings --outdir /Users/constantine/Library/Developer/Xcode/DerivedData/ZhiYu-ahhasqosjhnjphavyaflyigbvjqi/Build/Products/Debug-watchsimulator/ZhiYuWatch.app/zh-Hans.lproj -- /Users/constantine/Library/Developer/Xcode/DerivedData/ZhiYu-ahhasqosjhnjphavyaflyigbvjqi/Build/Intermediates.noindex/ZhiYu.build/Debug-watchsimulator/ZhiYuWatch.build/zh-Hans.lproj/ICloud.strings
/Users/constantine/Library/Developer/Xcode/DerivedData/ZhiYu-ahhasqosjhnjphavyaflyigbvjqi/Build/Intermediates.noindex/ZhiYu.build/Debug-watchsimulator/ZhiYuWatch.build/zh-Hans.lproj/ICloud.strings:1:1: note: detected encoding of input file as Unicode (UTF-8) (in target 'ZhiYuWatch' from project 'ZhiYu')

CopyStringsFile /Users/constantine/Library/Developer/Xcode/DerivedData/ZhiYu-ahhasqosjhnjphavyaflyigbvjqi/Build/Products/Debug-watchsimulator/ZhiYuWatch.app/en.lproj/ICloud.strings /Users/constantine/Library/Developer/Xcode/DerivedData/ZhiYu-ahhasqosjhnjphavyaflyigbvjqi/Build/Intermediates.noindex/ZhiYu.build/Debug-watchsimulator/ZhiYuWatch.build/en.lproj/ICloud.strings (in target 'ZhiYuWatch' from project 'ZhiYu')
    cd /Users/constantine/Documents/work/code/projects/ZhiYu
    builtin-copyStrings --validate --outputencoding binary --outfilename ICloud.strings --outdir /Users/constantine/Library/Developer/Xcode/DerivedData/ZhiYu-ahhasqosjhnjphavyaflyigbvjqi/Build/Products/Debug-watchsimulator/ZhiYuWatch.app/en.lproj -- /Users/constantine/Library/Developer/Xcode/DerivedData/ZhiYu-ahhasqosjhnjphavyaflyigbvjqi/Build/Intermediates.noindex/ZhiYu.build/Debug-watchsimulator/ZhiYuWatch.build/en.lproj/ICloud.strings
/Users/constantine/Library/Developer/Xcode/DerivedData/ZhiYu-ahhasqosjhnjphavyaflyigbvjqi/Build/Intermediates.noindex/ZhiYu.build/Debug-watchsimulator/ZhiYuWatch.build/en.lproj/ICloud.strings:1:1: note: detected encoding of input file as Unicode (UTF-8) (in target 'ZhiYuWatch' from project 'ZhiYu')

CopyStringsFile /Users/constantine/Library/Developer/Xcode/DerivedData/ZhiYu-ahhasqosjhnjphavyaflyigbvjqi/Build/Products/Debug-watchsimulator/ZhiYuWatch.app/zh-Hans.lproj/Coachmark.strings /Users/constantine/Library/Developer/Xcode/DerivedData/ZhiYu-ahhasqosjhnjphavyaflyigbvjqi/Build/Intermediates.noindex/ZhiYu.build/Debug-watchsimulator/ZhiYuWatch.build/zh-Hans.lproj/Coachmark.strings (in target 'ZhiYuWatch' from project 'ZhiYu')
    cd /Users/constantine/Documents/work/code/projects/ZhiYu
    builtin-copyStrings --validate --outputencoding binary --outfilename Coachmark.strings --outdir /Users/constantine/Library/Developer/Xcode/DerivedData/ZhiYu-ahhasqosjhnjphavyaflyigbvjqi/Build/Products/Debug-watchsimulator/ZhiYuWatch.app/zh-Hans.lproj -- /Users/constantine/Library/Developer/Xcode/DerivedData/ZhiYu-ahhasqosjhnjphavyaflyigbvjqi/Build/Intermediates.noindex/ZhiYu.build/Debug-watchsimulator/ZhiYuWatch.build/zh-Hans.lproj/Coachmark.strings
/Users/constantine/Library/Developer/Xcode/DerivedData/ZhiYu-ahhasqosjhnjphavyaflyigbvjqi/Build/Intermediates.noindex/ZhiYu.build/Debug-watchsimulator/ZhiYuWatch.build/zh-Hans.lproj/Coachmark.strings:1:1: note: detected encoding of input file as Unicode (UTF-8) (in target 'ZhiYuWatch' from project 'ZhiYu')

CopyStringsFile /Users/constantine/Library/Developer/Xcode/DerivedData/ZhiYu-ahhasqosjhnjphavyaflyigbvjqi/Build/Products/Debug-watchsimulator/ZhiYuWatch.app/en.lproj/CoreModels.strings /Users/constantine/Library/Developer/Xcode/DerivedData/ZhiYu-ahhasqosjhnjphavyaflyigbvjqi/Build/Intermediates.noindex/ZhiYu.build/Debug-watchsimulator/ZhiYuWatch.build/en.lproj/CoreModels.strings (in target 'ZhiYuWatch' from project 'ZhiYu')
    cd /Users/constantine/Documents/work/code/projects/ZhiYu
    builtin-copyStrings --validate --outputencoding binary --outfilename CoreModels.strings --outdir /Users/constantine/Library/Developer/Xcode/DerivedData/ZhiYu-ahhasqosjhnjphavyaflyigbvjqi/Build/Products/Debug-watchsimulator/ZhiYuWatch.app/en.lproj -- /Users/constantine/Library/Developer/Xcode/DerivedData/ZhiYu-ahhasqosjhnjphavyaflyigbvjqi/Build/Intermediates.noindex/ZhiYu.build/Debug-watchsimulator/ZhiYuWatch.build/en.lproj/CoreModels.strings
/Users/constantine/Library/Developer/Xcode/DerivedData/ZhiYu-ahhasqosjhnjphavyaflyigbvjqi/Build/Intermediates.noindex/ZhiYu.build/Debug-watchsimulator/ZhiYuWatch.build/en.lproj/CoreModels.strings:1:1: note: detected encoding of input file as Unicode (UTF-8) (in target 'ZhiYuWatch' from project 'ZhiYu')

CopyStringsFile /Users/constantine/Library/Developer/Xcode/DerivedData/ZhiYu-ahhasqosjhnjphavyaflyigbvjqi/Build/Products/Debug-watchsimulator/ZhiYuWatch.app/zh-Hans.lproj/Graph.strings /Users/constantine/Library/Developer/Xcode/DerivedData/ZhiYu-ahhasqosjhnjphavyaflyigbvjqi/Build/Intermediates.noindex/ZhiYu.build/Debug-watchsimulator/ZhiYuWatch.build/zh-Hans.lproj/Graph.strings (in target 'ZhiYuWatch' from project 'ZhiYu')
    cd /Users/constantine/Documents/work/code/projects/ZhiYu
    builtin-copyStrings --validate --outputencoding binary --outfilename Graph.strings --outdir /Users/constantine/Library/Developer/Xcode/DerivedData/ZhiYu-ahhasqosjhnjphavyaflyigbvjqi/Build/Products/Debug-watchsimulator/ZhiYuWatch.app/zh-Hans.lproj -- /Users/constantine/Library/Developer/Xcode/DerivedData/ZhiYu-ahhasqosjhnjphavyaflyigbvjqi/Build/Intermediates.noindex/ZhiYu.build/Debug-watchsimulator/ZhiYuWatch.build/zh-Hans.lproj/Graph.strings
/Users/constantine/Library/Developer/Xcode/DerivedData/ZhiYu-ahhasqosjhnjphavyaflyigbvjqi/Build/Intermediates.noindex/ZhiYu.build/Debug-watchsimulator/ZhiYuWatch.build/zh-Hans.lproj/Graph.strings:1:1: note: detected encoding of input file as Unicode (UTF-8) (in target 'ZhiYuWatch' from project 'ZhiYu')

CopyStringsFile /Users/constantine/Library/Developer/Xcode/DerivedData/ZhiYu-ahhasqosjhnjphavyaflyigbvjqi/Build/Products/Debug-watchsimulator/ZhiYuWatch.app/en.lproj/Graph.strings /Users/constantine/Library/Developer/Xcode/DerivedData/ZhiYu-ahhasqosjhnjphavyaflyigbvjqi/Build/Intermediates.noindex/ZhiYu.build/Debug-watchsimulator/ZhiYuWatch.build/en.lproj/Graph.strings (in target 'ZhiYuWatch' from project 'ZhiYu')
    cd /Users/constantine/Documents/work/code/projects/ZhiYu
    builtin-copyStrings --validate --outputencoding binary --outfilename Graph.strings --outdir /Users/constantine/Library/Developer/Xcode/DerivedData/ZhiYu-ahhasqosjhnjphavyaflyigbvjqi/Build/Products/Debug-watchsimulator/ZhiYuWatch.app/en.lproj -- /Users/constantine/Library/Developer/Xcode/DerivedData/ZhiYu-ahhasqosjhnjphavyaflyigbvjqi/Build/Intermediates.noindex/ZhiYu.build/Debug-watchsimulator/ZhiYuWatch.build/en.lproj/Graph.strings
/Users/constantine/Library/Developer/Xcode/DerivedData/ZhiYu-ahhasqosjhnjphavyaflyigbvjqi/Build/Intermediates.noindex/ZhiYu.build/Debug-watchsimulator/ZhiYuWatch.build/en.lproj/Graph.strings:1:1: note: detected encoding of input file as Unicode (UTF-8) (in target 'ZhiYuWatch' from project 'ZhiYu')

CopyStringsFile /Users/constantine/Library/Developer/Xcode/DerivedData/ZhiYu-ahhasqosjhnjphavyaflyigbvjqi/Build/Products/Debug-watchsimulator/ZhiYuWatch.app/zh-Hans.lproj/Transfer.strings /Users/constantine/Library/Developer/Xcode/DerivedData/ZhiYu-ahhasqosjhnjphavyaflyigbvjqi/Build/Intermediates.noindex/ZhiYu.build/Debug-watchsimulator/ZhiYuWatch.build/zh-Hans.lproj/Transfer.strings (in target 'ZhiYuWatch' from project 'ZhiYu')
    cd /Users/constantine/Documents/work/code/projects/ZhiYu
    builtin-copyStrings --validate --outputencoding binary --outfilename Transfer.strings --outdir /Users/constantine/Library/Developer/Xcode/DerivedData/ZhiYu-ahhasqosjhnjphavyaflyigbvjqi/Build/Products/Debug-watchsimulator/ZhiYuWatch.app/zh-Hans.lproj -- /Users/constantine/Library/Developer/Xcode/DerivedData/ZhiYu-ahhasqosjhnjphavyaflyigbvjqi/Build/Intermediates.noindex/ZhiYu.build/Debug-watchsimulator/ZhiYuWatch.build/zh-Hans.lproj/Transfer.strings
/Users/constantine/Library/Developer/Xcode/DerivedData/ZhiYu-ahhasqosjhnjphavyaflyigbvjqi/Build/Intermediates.noindex/ZhiYu.build/Debug-watchsimulator/ZhiYuWatch.build/zh-Hans.lproj/Transfer.strings:1:1: note: detected encoding of input file as Unicode (UTF-8) (in target 'ZhiYuWatch' from project 'ZhiYu')

CopyStringsFile /Users/constantine/Library/Developer/Xcode/DerivedData/ZhiYu-ahhasqosjhnjphavyaflyigbvjqi/Build/Products/Debug-watchsimulator/ZhiYuWatch.app/zh-Hans.lproj/Collaboration.strings /Users/constantine/Library/Developer/Xcode/DerivedData/ZhiYu-ahhasqosjhnjphavyaflyigbvjqi/Build/Intermediates.noindex/ZhiYu.build/Debug-watchsimulator/ZhiYuWatch.build/zh-Hans.lproj/Collaboration.strings (in target 'ZhiYuWatch' from project 'ZhiYu')
    cd /Users/constantine/Documents/work/code/projects/ZhiYu
    builtin-copyStrings --validate --outputencoding binary --outfilename Collaboration.strings --outdir /Users/constantine/Library/Developer/Xcode/DerivedData/ZhiYu-ahhasqosjhnjphavyaflyigbvjqi/Build/Products/Debug-watchsimulator/ZhiYuWatch.app/zh-Hans.lproj -- /Users/constantine/Library/Developer/Xcode/DerivedData/ZhiYu-ahhasqosjhnjphavyaflyigbvjqi/Build/Intermediates.noindex/ZhiYu.build/Debug-watchsimulator/ZhiYuWatch.build/zh-Hans.lproj/Collaboration.strings
/Users/constantine/Library/Developer/Xcode/DerivedData/ZhiYu-ahhasqosjhnjphavyaflyigbvjqi/Build/Intermediates.noindex/ZhiYu.build/Debug-watchsimulator/ZhiYuWatch.build/zh-Hans.lproj/Collaboration.strings:1:1: note: detected encoding of input file as Unicode (UTF-8) (in target 'ZhiYuWatch' from project 'ZhiYu')

CopyStringsFile /Users/constantine/Library/Developer/Xcode/DerivedData/ZhiYu-ahhasqosjhnjphavyaflyigbvjqi/Build/Products/Debug-watchsimulator/ZhiYuWatch.app/en.lproj/Transfer.strings /Users/constantine/Library/Developer/Xcode/DerivedData/ZhiYu-ahhasqosjhnjphavyaflyigbvjqi/Build/Intermediates.noindex/ZhiYu.build/Debug-watchsimulator/ZhiYuWatch.build/en.lproj/Transfer.strings (in target 'ZhiYuWatch' from project 'ZhiYu')
    cd /Users/constantine/Documents/work/code/projects/ZhiYu
    builtin-copyStrings --validate --outputencoding binary --outfilename Transfer.strings --outdir /Users/constantine/Library/Developer/Xcode/DerivedData/ZhiYu-ahhasqosjhnjphavyaflyigbvjqi/Build/Products/Debug-watchsimulator/ZhiYuWatch.app/en.lproj -- /Users/constantine/Library/Developer/Xcode/DerivedData/ZhiYu-ahhasqosjhnjphavyaflyigbvjqi/Build/Intermediates.noindex/ZhiYu.build/Debug-watchsimulator/ZhiYuWatch.build/en.lproj/Transfer.strings
/Users/constantine/Library/Developer/Xcode/DerivedData/ZhiYu-ahhasqosjhnjphavyaflyigbvjqi/Build/Intermediates.noindex/ZhiYu.build/Debug-watchsimulator/ZhiYuWatch.build/en.lproj/Transfer.strings:1:1: note: detected encoding of input file as Unicode (UTF-8) (in target 'ZhiYuWatch' from project 'ZhiYu')

CopyStringsFile /Users/constantine/Library/Developer/Xcode/DerivedData/ZhiYu-ahhasqosjhnjphavyaflyigbvjqi/Build/Products/Debug-watchsimulator/ZhiYuWatch.app/zh-Hans.lproj/AITasks.strings /Users/constantine/Library/Developer/Xcode/DerivedData/ZhiYu-ahhasqosjhnjphavyaflyigbvjqi/Build/Intermediates.noindex/ZhiYu.build/Debug-watchsimulator/ZhiYuWatch.build/zh-Hans.lproj/AITasks.strings (in target 'ZhiYuWatch' from project 'ZhiYu')
    cd /Users/constantine/Documents/work/code/projects/ZhiYu
    builtin-copyStrings --validate --outputencoding binary --outfilename AITasks.strings --outdir /Users/constantine/Library/Developer/Xcode/DerivedData/ZhiYu-ahhasqosjhnjphavyaflyigbvjqi/Build/Products/Debug-watchsimulator/ZhiYuWatch.app/zh-Hans.lproj -- /Users/constantine/Library/Developer/Xcode/DerivedData/ZhiYu-ahhasqosjhnjphavyaflyigbvjqi/Build/Intermediates.noindex/ZhiYu.build/Debug-watchsimulator/ZhiYuWatch.build/zh-Hans.lproj/AITasks.strings
/Users/constantine/Library/Developer/Xcode/DerivedData/ZhiYu-ahhasqosjhnjphavyaflyigbvjqi/Build/Intermediates.noindex/ZhiYu.build/Debug-watchsimulator/ZhiYuWatch.build/zh-Hans.lproj/AITasks.strings:1:1: note: detected encoding of input file as Unicode (UTF-8) (in target 'ZhiYuWatch' from project 'ZhiYu')

CopyStringsFile /Users/constantine/Library/Developer/Xcode/DerivedData/ZhiYu-ahhasqosjhnjphavyaflyigbvjqi/Build/Products/Debug-watchsimulator/ZhiYuWatch.app/en.lproj/Collaboration.strings /Users/constantine/Library/Developer/Xcode/DerivedData/ZhiYu-ahhasqosjhnjphavyaflyigbvjqi/Build/Intermediates.noindex/ZhiYu.build/Debug-watchsimulator/ZhiYuWatch.build/en.lproj/Collaboration.strings (in target 'ZhiYuWatch' from project 'ZhiYu')
    cd /Users/constantine/Documents/work/code/projects/ZhiYu
    builtin-copyStrings --validate --outputencoding binary --outfilename Collaboration.strings --outdir /Users/constantine/Library/Developer/Xcode/DerivedData/ZhiYu-ahhasqosjhnjphavyaflyigbvjqi/Build/Products/Debug-watchsimulator/ZhiYuWatch.app/en.lproj -- /Users/constantine/Library/Developer/Xcode/DerivedData/ZhiYu-ahhasqosjhnjphavyaflyigbvjqi/Build/Intermediates.noindex/ZhiYu.build/Debug-watchsimulator/ZhiYuWatch.build/en.lproj/Collaboration.strings
/Users/constantine/Library/Developer/Xcode/DerivedData/ZhiYu-ahhasqosjhnjphavyaflyigbvjqi/Build/Intermediates.noindex/ZhiYu.build/Debug-watchsimulator/ZhiYuWatch.build/en.lproj/Collaboration.strings:1:1: note: detected encoding of input file as Unicode (UTF-8) (in target 'ZhiYuWatch' from project 'ZhiYu')

CopyStringsFile /Users/constantine/Library/Developer/Xcode/DerivedData/ZhiYu-ahhasqosjhnjphavyaflyigbvjqi/Build/Products/Debug-watchsimulator/ZhiYuWatch.app/en.lproj/Coachmark.strings /Users/constantine/Library/Developer/Xcode/DerivedData/ZhiYu-ahhasqosjhnjphavyaflyigbvjqi/Build/Intermediates.noindex/ZhiYu.build/Debug-watchsimulator/ZhiYuWatch.build/en.lproj/Coachmark.strings (in target 'ZhiYuWatch' from project 'ZhiYu')
    cd /Users/constantine/Documents/work/code/projects/ZhiYu
    builtin-copyStrings --validate --outputencoding binary --outfilename Coachmark.strings --outdir /Users/constantine/Library/Developer/Xcode/DerivedData/ZhiYu-ahhasqosjhnjphavyaflyigbvjqi/Build/Products/Debug-watchsimulator/ZhiYuWatch.app/en.lproj -- /Users/constantine/Library/Developer/Xcode/DerivedData/ZhiYu-ahhasqosjhnjphavyaflyigbvjqi/Build/Intermediates.noindex/ZhiYu.build/Debug-watchsimulator/ZhiYuWatch.build/en.lproj/Coachmark.strings
/Users/constantine/Library/Developer/Xcode/DerivedData/ZhiYu-ahhasqosjhnjphavyaflyigbvjqi/Build/Intermediates.noindex/ZhiYu.build/Debug-watchsimulator/ZhiYuWatch.build/en.lproj/Coachmark.strings:1:1: note: detected encoding of input file as Unicode (UTF-8) (in target 'ZhiYuWatch' from project 'ZhiYu')

CopyStringsFile /Users/constantine/Library/Developer/Xcode/DerivedData/ZhiYu-ahhasqosjhnjphavyaflyigbvjqi/Build/Products/Debug-watchsimulator/ZhiYuWatch.app/zh-Hans.lproj/Lint.strings /Users/constantine/Library/Developer/Xcode/DerivedData/ZhiYu-ahhasqosjhnjphavyaflyigbvjqi/Build/Intermediates.noindex/ZhiYu.build/Debug-watchsimulator/ZhiYuWatch.build/zh-Hans.lproj/Lint.strings (in target 'ZhiYuWatch' from project 'ZhiYu')
    cd /Users/constantine/Documents/work/code/projects/ZhiYu
    builtin-copyStrings --validate --outputencoding binary --outfilename Lint.strings --outdir /Users/constantine/Library/Developer/Xcode/DerivedData/ZhiYu-ahhasqosjhnjphavyaflyigbvjqi/Build/Products/Debug-watchsimulator/ZhiYuWatch.app/zh-Hans.lproj -- /Users/constantine/Library/Developer/Xcode/DerivedData/ZhiYu-ahhasqosjhnjphavyaflyigbvjqi/Build/Intermediates.noindex/ZhiYu.build/Debug-watchsimulator/ZhiYuWatch.build/zh-Hans.lproj/Lint.strings
/Users/constantine/Library/Developer/Xcode/DerivedData/ZhiYu-ahhasqosjhnjphavyaflyigbvjqi/Build/Intermediates.noindex/ZhiYu.build/Debug-watchsimulator/ZhiYuWatch.build/zh-Hans.lproj/Lint.strings:1:1: note: detected encoding of input file as Unicode (UTF-8) (in target 'ZhiYuWatch' from project 'ZhiYu')

CopyStringsFile /Users/constantine/Library/Developer/Xcode/DerivedData/ZhiYu-ahhasqosjhnjphavyaflyigbvjqi/Build/Products/Debug-watchsimulator/ZhiYuWatch.app/zh-Hans.lproj/Dashboard.strings /Users/constantine/Library/Developer/Xcode/DerivedData/ZhiYu-ahhasqosjhnjphavyaflyigbvjqi/Build/Intermediates.noindex/ZhiYu.build/Debug-watchsimulator/ZhiYuWatch.build/zh-Hans.lproj/Dashboard.strings (in target 'ZhiYuWatch' from project 'ZhiYu')
    cd /Users/constantine/Documents/work/code/projects/ZhiYu
    builtin-copyStrings --validate --outputencoding binary --outfilename Dashboard.strings --outdir /Users/constantine/Library/Developer/Xcode/DerivedData/ZhiYu-ahhasqosjhnjphavyaflyigbvjqi/Build/Products/Debug-watchsimulator/ZhiYuWatch.app/zh-Hans.lproj -- /Users/constantine/Library/Developer/Xcode/DerivedData/ZhiYu-ahhasqosjhnjphavyaflyigbvjqi/Build/Intermediates.noindex/ZhiYu.build/Debug-watchsimulator/ZhiYuWatch.build/zh-Hans.lproj/Dashboard.strings
/Users/constantine/Library/Developer/Xcode/DerivedData/ZhiYu-ahhasqosjhnjphavyaflyigbvjqi/Build/Intermediates.noindex/ZhiYu.build/Debug-watchsimulator/ZhiYuWatch.build/zh-Hans.lproj/Dashboard.strings:1:1: note: detected encoding of input file as Unicode (UTF-8) (in target 'ZhiYuWatch' from project 'ZhiYu')

CopyStringsFile /Users/constantine/Library/Developer/Xcode/DerivedData/ZhiYu-ahhasqosjhnjphavyaflyigbvjqi/Build/Products/Debug-watchsimulator/ZhiYuWatch.app/zh-Hans.lproj/Settings.strings /Users/constantine/Library/Developer/Xcode/DerivedData/ZhiYu-ahhasqosjhnjphavyaflyigbvjqi/Build/Intermediates.noindex/ZhiYu.build/Debug-watchsimulator/ZhiYuWatch.build/zh-Hans.lproj/Settings.strings (in target 'ZhiYuWatch' from project 'ZhiYu')
    cd /Users/constantine/Documents/work/code/projects/ZhiYu
    builtin-copyStrings --validate --outputencoding binary --outfilename Settings.strings --outdir /Users/constantine/Library/Developer/Xcode/DerivedData/ZhiYu-ahhasqosjhnjphavyaflyigbvjqi/Build/Products/Debug-watchsimulator/ZhiYuWatch.app/zh-Hans.lproj -- /Users/constantine/Library/Developer/Xcode/DerivedData/ZhiYu-ahhasqosjhnjphavyaflyigbvjqi/Build/Intermediates.noindex/ZhiYu.build/Debug-watchsimulator/ZhiYuWatch.build/zh-Hans.lproj/Settings.strings
/Users/constantine/Library/Developer/Xcode/DerivedData/ZhiYu-ahhasqosjhnjphavyaflyigbvjqi/Build/Intermediates.noindex/ZhiYu.build/Debug-watchsimulator/ZhiYuWatch.build/zh-Hans.lproj/Settings.strings:1:1: note: detected encoding of input file as Unicode (UTF-8) (in target 'ZhiYuWatch' from project 'ZhiYu')

CopyStringsFile /Users/constantine/Library/Developer/Xcode/DerivedData/ZhiYu-ahhasqosjhnjphavyaflyigbvjqi/Build/Products/Debug-watchsimulator/ZhiYuWatch.app/zh-Hans.lproj/Chat.strings /Users/constantine/Library/Developer/Xcode/DerivedData/ZhiYu-ahhasqosjhnjphavyaflyigbvjqi/Build/Intermediates.noindex/ZhiYu.build/Debug-watchsimulator/ZhiYuWatch.build/zh-Hans.lproj/Chat.strings (in target 'ZhiYuWatch' from project 'ZhiYu')
    cd /Users/constantine/Documents/work/code/projects/ZhiYu
    builtin-copyStrings --validate --outputencoding binary --outfilename Chat.strings --outdir /Users/constantine/Library/Developer/Xcode/DerivedData/ZhiYu-ahhasqosjhnjphavyaflyigbvjqi/Build/Products/Debug-watchsimulator/ZhiYuWatch.app/zh-Hans.lproj -- /Users/constantine/Library/Developer/Xcode/DerivedData/ZhiYu-ahhasqosjhnjphavyaflyigbvjqi/Build/Intermediates.noindex/ZhiYu.build/Debug-watchsimulator/ZhiYuWatch.build/zh-Hans.lproj/Chat.strings
/Users/constantine/Library/Developer/Xcode/DerivedData/ZhiYu-ahhasqosjhnjphavyaflyigbvjqi/Build/Intermediates.noindex/ZhiYu.build/Debug-watchsimulator/ZhiYuWatch.build/zh-Hans.lproj/Chat.strings:1:1: note: detected encoding of input file as Unicode (UTF-8) (in target 'ZhiYuWatch' from project 'ZhiYu')

CopyStringsFile /Users/constantine/Library/Developer/Xcode/DerivedData/ZhiYu-ahhasqosjhnjphavyaflyigbvjqi/Build/Products/Debug-watchsimulator/ZhiYuWatch.app/en.lproj/Settings.strings /Users/constantine/Library/Developer/Xcode/DerivedData/ZhiYu-ahhasqosjhnjphavyaflyigbvjqi/Build/Intermediates.noindex/ZhiYu.build/Debug-watchsimulator/ZhiYuWatch.build/en.lproj/Settings.strings (in target 'ZhiYuWatch' from project 'ZhiYu')
    cd /Users/constantine/Documents/work/code/projects/ZhiYu
    builtin-copyStrings --validate --outputencoding binary --outfilename Settings.strings --outdir /Users/constantine/Library/Developer/Xcode/DerivedData/ZhiYu-ahhasqosjhnjphavyaflyigbvjqi/Build/Products/Debug-watchsimulator/ZhiYuWatch.app/en.lproj -- /Users/constantine/Library/Developer/Xcode/DerivedData/ZhiYu-ahhasqosjhnjphavyaflyigbvjqi/Build/Intermediates.noindex/ZhiYu.build/Debug-watchsimulator/ZhiYuWatch.build/en.lproj/Settings.strings
/Users/constantine/Library/Developer/Xcode/DerivedData/ZhiYu-ahhasqosjhnjphavyaflyigbvjqi/Build/Intermediates.noindex/ZhiYu.build/Debug-watchsimulator/ZhiYuWatch.build/en.lproj/Settings.strings:1:1: note: detected encoding of input file as Unicode (UTF-8) (in target 'ZhiYuWatch' from project 'ZhiYu')

CopyStringsFile /Users/constantine/Library/Developer/Xcode/DerivedData/ZhiYu-ahhasqosjhnjphavyaflyigbvjqi/Build/Products/Debug-watchsimulator/ZhiYuWatch.app/en.lproj/Lint.strings /Users/constantine/Library/Developer/Xcode/DerivedData/ZhiYu-ahhasqosjhnjphavyaflyigbvjqi/Build/Intermediates.noindex/ZhiYu.build/Debug-watchsimulator/ZhiYuWatch.build/en.lproj/Lint.strings (in target 'ZhiYuWatch' from project 'ZhiYu')
    cd /Users/constantine/Documents/work/code/projects/ZhiYu
    builtin-copyStrings --validate --outputencoding binary --outfilename Lint.strings --outdir /Users/constantine/Library/Developer/Xcode/DerivedData/ZhiYu-ahhasqosjhnjphavyaflyigbvjqi/Build/Products/Debug-watchsimulator/ZhiYuWatch.app/en.lproj -- /Users/constantine/Library/Developer/Xcode/DerivedData/ZhiYu-ahhasqosjhnjphavyaflyigbvjqi/Build/Intermediates.noindex/ZhiYu.build/Debug-watchsimulator/ZhiYuWatch.build/en.lproj/Lint.strings
/Users/constantine/Library/Developer/Xcode/DerivedData/ZhiYu-ahhasqosjhnjphavyaflyigbvjqi/Build/Intermediates.noindex/ZhiYu.build/Debug-watchsimulator/ZhiYuWatch.build/en.lproj/Lint.strings:1:1: note: detected encoding of input file as Unicode (UTF-8) (in target 'ZhiYuWatch' from project 'ZhiYu')

CopyStringsFile /Users/constantine/Library/Developer/Xcode/DerivedData/ZhiYu-ahhasqosjhnjphavyaflyigbvjqi/Build/Products/Debug-watchsimulator/ZhiYuWatch.app/en.lproj/Dashboard.strings /Users/constantine/Library/Developer/Xcode/DerivedData/ZhiYu-ahhasqosjhnjphavyaflyigbvjqi/Build/Intermediates.noindex/ZhiYu.build/Debug-watchsimulator/ZhiYuWatch.build/en.lproj/Dashboard.strings (in target 'ZhiYuWatch' from project 'ZhiYu')
    cd /Users/constantine/Documents/work/code/projects/ZhiYu
    builtin-copyStrings --validate --outputencoding binary --outfilename Dashboard.strings --outdir /Users/constantine/Library/Developer/Xcode/DerivedData/ZhiYu-ahhasqosjhnjphavyaflyigbvjqi/Build/Products/Debug-watchsimulator/ZhiYuWatch.app/en.lproj -- /Users/constantine/Library/Developer/Xcode/DerivedData/ZhiYu-ahhasqosjhnjphavyaflyigbvjqi/Build/Intermediates.noindex/ZhiYu.build/Debug-watchsimulator/ZhiYuWatch.build/en.lproj/Dashboard.strings
/Users/constantine/Library/Developer/Xcode/DerivedData/ZhiYu-ahhasqosjhnjphavyaflyigbvjqi/Build/Intermediates.noindex/ZhiYu.build/Debug-watchsimulator/ZhiYuWatch.build/en.lproj/Dashboard.strings:1:1: note: detected encoding of input file as Unicode (UTF-8) (in target 'ZhiYuWatch' from project 'ZhiYu')

CopyStringsFile /Users/constantine/Library/Developer/Xcode/DerivedData/ZhiYu-ahhasqosjhnjphavyaflyigbvjqi/Build/Products/Debug-watchsimulator/ZhiYuWatch.app/en.lproj/Chat.strings /Users/constantine/Library/Developer/Xcode/DerivedData/ZhiYu-ahhasqosjhnjphavyaflyigbvjqi/Build/Intermediates.noindex/ZhiYu.build/Debug-watchsimulator/ZhiYuWatch.build/en.lproj/Chat.strings (in target 'ZhiYuWatch' from project 'ZhiYu')
    cd /Users/constantine/Documents/work/code/projects/ZhiYu
    builtin-copyStrings --validate --outputencoding binary --outfilename Chat.strings --outdir /Users/constantine/Library/Developer/Xcode/DerivedData/ZhiYu-ahhasqosjhnjphavyaflyigbvjqi/Build/Products/Debug-watchsimulator/ZhiYuWatch.app/en.lproj -- /Users/constantine/Library/Developer/Xcode/DerivedData/ZhiYu-ahhasqosjhnjphavyaflyigbvjqi/Build/Intermediates.noindex/ZhiYu.build/Debug-watchsimulator/ZhiYuWatch.build/en.lproj/Chat.strings
/Users/constantine/Library/Developer/Xcode/DerivedData/ZhiYu-ahhasqosjhnjphavyaflyigbvjqi/Build/Intermediates.noindex/ZhiYu.build/Debug-watchsimulator/ZhiYuWatch.build/en.lproj/Chat.strings:1:1: note: detected encoding of input file as Unicode (UTF-8) (in target 'ZhiYuWatch' from project 'ZhiYu')

CopyStringsFile /Users/constantine/Library/Developer/Xcode/DerivedData/ZhiYu-ahhasqosjhnjphavyaflyigbvjqi/Build/Products/Debug-watchsimulator/ZhiYuWatch.app/en.lproj/AITasks.strings /Users/constantine/Library/Developer/Xcode/DerivedData/ZhiYu-ahhasqosjhnjphavyaflyigbvjqi/Build/Intermediates.noindex/ZhiYu.build/Debug-watchsimulator/ZhiYuWatch.build/en.lproj/AITasks.strings (in target 'ZhiYuWatch' from project 'ZhiYu')
    cd /Users/constantine/Documents/work/code/projects/ZhiYu
    builtin-copyStrings --validate --outputencoding binary --outfilename AITasks.strings --outdir /Users/constantine/Library/Developer/Xcode/DerivedData/ZhiYu-ahhasqosjhnjphavyaflyigbvjqi/Build/Products/Debug-watchsimulator/ZhiYuWatch.app/en.lproj -- /Users/constantine/Library/Developer/Xcode/DerivedData/ZhiYu-ahhasqosjhnjphavyaflyigbvjqi/Build/Intermediates.noindex/ZhiYu.build/Debug-watchsimulator/ZhiYuWatch.build/en.lproj/AITasks.strings
/Users/constantine/Library/Developer/Xcode/DerivedData/ZhiYu-ahhasqosjhnjphavyaflyigbvjqi/Build/Intermediates.noindex/ZhiYu.build/Debug-watchsimulator/ZhiYuWatch.build/en.lproj/AITasks.strings:1:1: note: detected encoding of input file as Unicode (UTF-8) (in target 'ZhiYuWatch' from project 'ZhiYu')

** BUILD FAILED **


The following build commands failed:
	CompileAssetCatalogVariant thinned /Users/constantine/Library/Developer/Xcode/DerivedData/ZhiYu-ahhasqosjhnjphavyaflyigbvjqi/Build/Products/Debug-watchsimulator/ZhiYuWatch.app /Users/constantine/Documents/work/code/projects/ZhiYu/Sources/Assets.xcassets (in target 'ZhiYuWatch' from project 'ZhiYu')
	Building project ZhiYu with scheme ZhiYuWatch
(2 failures)
