Command line invocation:
    /Applications/Xcode.app/Contents/Developer/usr/bin/xcodebuild build -project ZhiYu.xcodeproj -scheme ZhiYuWatch -destination "generic/platform=watchOS Simulator" CODE_SIGNING_ALLOWED=NO CODE_SIGNING_REQUIRED=NO

Build settings from command line:
    CODE_SIGNING_ALLOWED = NO
    CODE_SIGNING_REQUIRED = NO

Resolve Package Graph


Resolved source packages:
  swift-custom-dump: https://github.com/pointfreeco/swift-custom-dump @ 1.5.0
  GRDB: https://github.com/groue/GRDB.swift.git @ 6.29.3
  swift-snapshot-testing: https://github.com/pointfreeco/swift-snapshot-testing @ 1.19.2
  swift-syntax: https://github.com/swiftlang/swift-syntax @ 603.0.1
  xctest-dynamic-overlay: https://github.com/pointfreeco/xctest-dynamic-overlay @ 1.9.0

ComputePackagePrebuildTargetDependencyGraph

Prepare packages

CreateBuildRequest

SendProjectDescription

CreateBuildOperation

ComputeTargetDependencyGraph
note: Building targets in dependency order
note: Target dependency graph (5 targets)
    Target 'ZhiYuWatch' in project 'ZhiYu'
        ➜ Explicit dependency on target 'GRDB' in project 'GRDB'
    Target 'GRDB' in project 'GRDB'
        ➜ Explicit dependency on target 'GRDB' in project 'GRDB'
        ➜ Explicit dependency on target 'GRDB_GRDB' in project 'GRDB'
    Target 'GRDB' in project 'GRDB'
        ➜ Explicit dependency on target 'GRDB_GRDB' in project 'GRDB'
        ➜ Explicit dependency on target 'CSQLite' in project 'GRDB'
    Target 'CSQLite' in project 'GRDB' (no dependencies)
    Target 'GRDB_GRDB' in project 'GRDB' (no dependencies)

GatherProvisioningInputs

CreateBuildDescription

ClangStatCache /Applications/Xcode.app/Contents/Developer/Toolchains/XcodeDefault.xctoolchain/usr/bin/clang-stat-cache /Applications/Xcode.app/Contents/Developer/Platforms/WatchSimulator.platform/Developer/SDKs/WatchSimulator26.4.sdk /Users/constantine/Library/Developer/Xcode/DerivedData/SDKStatCaches.noindex/watchsimulator26.4-23T238-688ef53f1462e2c8f657fdc38a81448f8aa186fa658f8d2cb200b6f26918d89b.sdkstatcache
    cd /Users/constantine/Documents/work/code/projects/ZhiYu/ZhiYu.xcodeproj
    /Applications/Xcode.app/Contents/Developer/Toolchains/XcodeDefault.xctoolchain/usr/bin/clang-stat-cache /Applications/Xcode.app/Contents/Developer/Platforms/WatchSimulator.platform/Developer/SDKs/WatchSimulator26.4.sdk -o /Users/constantine/Library/Developer/Xcode/DerivedData/SDKStatCaches.noindex/watchsimulator26.4-23T238-688ef53f1462e2c8f657fdc38a81448f8aa186fa658f8d2cb200b6f26918d89b.sdkstatcache

SwiftDriver ZhiYuWatch normal arm64 com.apple.xcode.tools.swift.compiler (in target 'ZhiYuWatch' from project 'ZhiYu')
    cd /Users/constantine/Documents/work/code/projects/ZhiYu
    builtin-SwiftDriver -- /Applications/Xcode.app/Contents/Developer/Toolchains/XcodeDefault.xctoolchain/usr/bin/swiftc -module-name ZhiYuWatch -Onone @/Users/constantine/Library/Developer/Xcode/DerivedData/ZhiYu-ahhasqosjhnjphavyaflyigbvjqi/Build/Intermediates.noindex/ZhiYu.build/Debug-watchsimulator/ZhiYuWatch.build/Objects-normal/arm64/ZhiYuWatch.SwiftFileList -DDEBUG -Xcc -fmodule-map-file\=/Users/constantine/Library/Developer/Xcode/DerivedData/ZhiYu-ahhasqosjhnjphavyaflyigbvjqi/SourcePackages/checkouts/GRDB.swift/Sources/CSQLite/module.modulemap -enable-upcoming-feature StrictConcurrency -enable-bare-slash-regex -enable-experimental-feature DebugDescriptionMacro -sdk /Applications/Xcode.app/Contents/Developer/Platforms/WatchSimulator.platform/Developer/SDKs/WatchSimulator26.4.sdk -target arm64-apple-watchos10.0-simulator -g -module-cache-path /Users/constantine/Library/Developer/Xcode/DerivedData/ModuleCache.noindex -Xfrontend -serialize-debugging-options -enable-testing -index-store-path /Users/constantine/Library/Developer/Xcode/DerivedData/ZhiYu-ahhasqosjhnjphavyaflyigbvjqi/Index.noindex/DataStore -Xcc -D_LIBCPP_HARDENING_MODE\=_LIBCPP_HARDENING_MODE_DEBUG -swift-version 5 -I /Users/constantine/Library/Developer/Xcode/DerivedData/ZhiYu-ahhasqosjhnjphavyaflyigbvjqi/Build/Products/Debug-watchsimulator -F /Users/constantine/Library/Developer/Xcode/DerivedData/ZhiYu-ahhasqosjhnjphavyaflyigbvjqi/Build/Products/Debug-watchsimulator/PackageFrameworks -F /Users/constantine/Library/Developer/Xcode/DerivedData/ZhiYu-ahhasqosjhnjphavyaflyigbvjqi/Build/Products/Debug-watchsimulator -c -j18 -enable-batch-mode -incremental -Xcc -ivfsstatcache -Xcc /Users/constantine/Library/Developer/Xcode/DerivedData/SDKStatCaches.noindex/watchsimulator26.4-23T238-688ef53f1462e2c8f657fdc38a81448f8aa186fa658f8d2cb200b6f26918d89b.sdkstatcache -output-file-map /Users/constantine/Library/Developer/Xcode/DerivedData/ZhiYu-ahhasqosjhnjphavyaflyigbvjqi/Build/Intermediates.noindex/ZhiYu.build/Debug-watchsimulator/ZhiYuWatch.build/Objects-normal/arm64/ZhiYuWatch-OutputFileMap.json -use-frontend-parseable-output -save-temps -no-color-diagnostics -explicit-module-build -module-cache-path /Users/constantine/Library/Developer/Xcode/DerivedData/ZhiYu-ahhasqosjhnjphavyaflyigbvjqi/Build/Intermediates.noindex/SwiftExplicitPrecompiledModules -clang-scanner-module-cache-path /Users/constantine/Library/Developer/Xcode/DerivedData/ModuleCache.noindex -sdk-module-cache-path /Users/constantine/Library/Developer/Xcode/DerivedData/ModuleCache.noindex -serialize-diagnostics -emit-dependencies -emit-module -emit-module-path /Users/constantine/Library/Developer/Xcode/DerivedData/ZhiYu-ahhasqosjhnjphavyaflyigbvjqi/Build/Intermediates.noindex/ZhiYu.build/Debug-watchsimulator/ZhiYuWatch.build/Objects-normal/arm64/ZhiYuWatch.swiftmodule -validate-clang-modules-once -clang-build-session-file /Users/constantine/Library/Developer/Xcode/DerivedData/ModuleCache.noindex/Session.modulevalidation -Xcc -I/Users/constantine/Library/Developer/Xcode/DerivedData/ZhiYu-ahhasqosjhnjphavyaflyigbvjqi/Build/Intermediates.noindex/ZhiYu.build/Debug-watchsimulator/ZhiYuWatch.build/swift-overrides.hmap -emit-const-values -Xfrontend -const-gather-protocols-file -Xfrontend /Users/constantine/Library/Developer/Xcode/DerivedData/ZhiYu-ahhasqosjhnjphavyaflyigbvjqi/Build/Intermediates.noindex/ZhiYu.build/Debug-watchsimulator/ZhiYuWatch.build/Objects-normal/arm64/ZhiYuWatch_const_extract_protocols.json -Xcc -iquote -Xcc /Users/constantine/Library/Developer/Xcode/DerivedData/ZhiYu-ahhasqosjhnjphavyaflyigbvjqi/Build/Intermediates.noindex/ZhiYu.build/Debug-watchsimulator/ZhiYuWatch.build/ZhiYuWatch-generated-files.hmap -Xcc -I/Users/constantine/Library/Developer/Xcode/DerivedData/ZhiYu-ahhasqosjhnjphavyaflyigbvjqi/Build/Intermediates.noindex/ZhiYu.build/Debug-watchsimulator/ZhiYuWatch.build/ZhiYuWatch-own-target-headers.hmap -Xcc -I/Users/constantine/Library/Developer/Xcode/DerivedData/ZhiYu-ahhasqosjhnjphavyaflyigbvjqi/Build/Intermediates.noindex/ZhiYu.build/Debug-watchsimulator/ZhiYuWatch.build/ZhiYuWatch-all-non-framework-target-headers.hmap -Xcc -ivfsoverlay -Xcc /Users/constantine/Library/Developer/Xcode/DerivedData/ZhiYu-ahhasqosjhnjphavyaflyigbvjqi/Build/Intermediates.noindex/ZhiYu.build/Debug-watchsimulator/ZhiYu-48e36c608b438f24ac5a43fe091185d1-VFS-watchsimulator/all-product-headers.yaml -Xcc -iquote -Xcc /Users/constantine/Library/Developer/Xcode/DerivedData/ZhiYu-ahhasqosjhnjphavyaflyigbvjqi/Build/Intermediates.noindex/ZhiYu.build/Debug-watchsimulator/ZhiYuWatch.build/ZhiYuWatch-project-headers.hmap -Xcc -I/Users/constantine/Library/Developer/Xcode/DerivedData/ZhiYu-ahhasqosjhnjphavyaflyigbvjqi/Build/Products/Debug-watchsimulator/include -Xcc -I/Users/constantine/Library/Developer/Xcode/DerivedData/ZhiYu-ahhasqosjhnjphavyaflyigbvjqi/Build/Intermediates.noindex/ZhiYu.build/Debug-watchsimulator/ZhiYuWatch.build/DerivedSources-normal/arm64 -Xcc -I/Users/constantine/Library/Developer/Xcode/DerivedData/ZhiYu-ahhasqosjhnjphavyaflyigbvjqi/Build/Intermediates.noindex/ZhiYu.build/Debug-watchsimulator/ZhiYuWatch.build/DerivedSources/arm64 -Xcc -I/Users/constantine/Library/Developer/Xcode/DerivedData/ZhiYu-ahhasqosjhnjphavyaflyigbvjqi/Build/Intermediates.noindex/ZhiYu.build/Debug-watchsimulator/ZhiYuWatch.build/DerivedSources -Xcc -DDEBUG\=1 -emit-objc-header -emit-objc-header-path /Users/constantine/Library/Developer/Xcode/DerivedData/ZhiYu-ahhasqosjhnjphavyaflyigbvjqi/Build/Intermediates.noindex/ZhiYu.build/Debug-watchsimulator/ZhiYuWatch.build/Objects-normal/arm64/ZhiYuWatch-Swift.h -working-directory /Users/constantine/Documents/work/code/projects/ZhiYu -experimental-emit-module-separately -disable-cmo
/Users/constantine/Documents/work/code/projects/ZhiYu/Sources/Shared/Views/Editors/PDFReaderView.swift:13:8: error: unable to resolve module dependency: 'PDFKit'
import PDFKit
       ^
/Users/constantine/Documents/work/code/projects/ZhiYu/Sources/Shared/Views/Editors/PDFReaderView.swift:13:8: note: a dependency of main module 'ZhiYuWatch'
import PDFKit
       ^
/Users/constantine/Documents/work/code/projects/ZhiYu/Sources/Shared/Core/Platform/WebViewExportService.swift:11:8: error: unable to resolve module dependency: 'WebKit'
import WebKit
       ^
/Users/constantine/Documents/work/code/projects/ZhiYu/Sources/Shared/Core/Platform/WebViewExportService.swift:11:8: note: a dependency of main module 'ZhiYuWatch'
import WebKit
       ^
/Users/constantine/Documents/work/code/projects/ZhiYu/Sources/Shared/Views/Editors/PDFReaderView.swift:13:8: error: unable to resolve module dependency: 'PDFKit'
import PDFKit
       ^
/Users/constantine/Documents/work/code/projects/ZhiYu/Sources/Shared/Views/Editors/PDFReaderView.swift:13:8: note: a dependency of main module 'ZhiYuWatch'
import PDFKit
       ^
/Users/constantine/Documents/work/code/projects/ZhiYu/Sources/Shared/Core/Platform/WebViewExportService.swift:11:8: error: unable to resolve module dependency: 'WebKit'
import WebKit
       ^
/Users/constantine/Documents/work/code/projects/ZhiYu/Sources/Shared/Core/Platform/WebViewExportService.swift:11:8: note: a dependency of main module 'ZhiYuWatch'
import WebKit
       ^
/Users/constantine/Documents/work/code/projects/ZhiYu/Sources/Shared/Views/Editors/PDFReaderView.swift:13:8: error: Unable to resolve module dependency: 'PDFKit'
import PDFKit
       ^ (in target 'ZhiYuWatch' from project 'ZhiYu')
/Users/constantine/Documents/work/code/projects/ZhiYu/Sources/Shared/Views/Editors/PDFReaderView.swift:13:8: note: A dependency of main module 'ZhiYuWatch'
import PDFKit
       ^ (in target 'ZhiYuWatch' from project 'ZhiYu')
/Users/constantine/Documents/work/code/projects/ZhiYu/Sources/Shared/Core/Platform/WebViewExportService.swift:11:8: error: Unable to resolve module dependency: 'WebKit'
import WebKit
       ^ (in target 'ZhiYuWatch' from project 'ZhiYu')
/Users/constantine/Documents/work/code/projects/ZhiYu/Sources/Shared/Core/Platform/WebViewExportService.swift:11:8: note: A dependency of main module 'ZhiYuWatch'
import WebKit
       ^ (in target 'ZhiYuWatch' from project 'ZhiYu')

SwiftDriver ZhiYuWatch normal x86_64 com.apple.xcode.tools.swift.compiler (in target 'ZhiYuWatch' from project 'ZhiYu')
    cd /Users/constantine/Documents/work/code/projects/ZhiYu
    builtin-SwiftDriver -- /Applications/Xcode.app/Contents/Developer/Toolchains/XcodeDefault.xctoolchain/usr/bin/swiftc -module-name ZhiYuWatch -Onone @/Users/constantine/Library/Developer/Xcode/DerivedData/ZhiYu-ahhasqosjhnjphavyaflyigbvjqi/Build/Intermediates.noindex/ZhiYu.build/Debug-watchsimulator/ZhiYuWatch.build/Objects-normal/x86_64/ZhiYuWatch.SwiftFileList -DDEBUG -Xcc -fmodule-map-file\=/Users/constantine/Library/Developer/Xcode/DerivedData/ZhiYu-ahhasqosjhnjphavyaflyigbvjqi/SourcePackages/checkouts/GRDB.swift/Sources/CSQLite/module.modulemap -enable-upcoming-feature StrictConcurrency -enable-bare-slash-regex -enable-experimental-feature DebugDescriptionMacro -sdk /Applications/Xcode.app/Contents/Developer/Platforms/WatchSimulator.platform/Developer/SDKs/WatchSimulator26.4.sdk -target x86_64-apple-watchos10.0-simulator -g -module-cache-path /Users/constantine/Library/Developer/Xcode/DerivedData/ModuleCache.noindex -Xfrontend -serialize-debugging-options -enable-testing -index-store-path /Users/constantine/Library/Developer/Xcode/DerivedData/ZhiYu-ahhasqosjhnjphavyaflyigbvjqi/Index.noindex/DataStore -Xcc -D_LIBCPP_HARDENING_MODE\=_LIBCPP_HARDENING_MODE_DEBUG -swift-version 5 -I /Users/constantine/Library/Developer/Xcode/DerivedData/ZhiYu-ahhasqosjhnjphavyaflyigbvjqi/Build/Products/Debug-watchsimulator -F /Users/constantine/Library/Developer/Xcode/DerivedData/ZhiYu-ahhasqosjhnjphavyaflyigbvjqi/Build/Products/Debug-watchsimulator/PackageFrameworks -F /Users/constantine/Library/Developer/Xcode/DerivedData/ZhiYu-ahhasqosjhnjphavyaflyigbvjqi/Build/Products/Debug-watchsimulator -c -j18 -enable-batch-mode -incremental -Xcc -ivfsstatcache -Xcc /Users/constantine/Library/Developer/Xcode/DerivedData/SDKStatCaches.noindex/watchsimulator26.4-23T238-688ef53f1462e2c8f657fdc38a81448f8aa186fa658f8d2cb200b6f26918d89b.sdkstatcache -output-file-map /Users/constantine/Library/Developer/Xcode/DerivedData/ZhiYu-ahhasqosjhnjphavyaflyigbvjqi/Build/Intermediates.noindex/ZhiYu.build/Debug-watchsimulator/ZhiYuWatch.build/Objects-normal/x86_64/ZhiYuWatch-OutputFileMap.json -use-frontend-parseable-output -save-temps -no-color-diagnostics -explicit-module-build -module-cache-path /Users/constantine/Library/Developer/Xcode/DerivedData/ZhiYu-ahhasqosjhnjphavyaflyigbvjqi/Build/Intermediates.noindex/SwiftExplicitPrecompiledModules -clang-scanner-module-cache-path /Users/constantine/Library/Developer/Xcode/DerivedData/ModuleCache.noindex -sdk-module-cache-path /Users/constantine/Library/Developer/Xcode/DerivedData/ModuleCache.noindex -serialize-diagnostics -emit-dependencies -emit-module -emit-module-path /Users/constantine/Library/Developer/Xcode/DerivedData/ZhiYu-ahhasqosjhnjphavyaflyigbvjqi/Build/Intermediates.noindex/ZhiYu.build/Debug-watchsimulator/ZhiYuWatch.build/Objects-normal/x86_64/ZhiYuWatch.swiftmodule -validate-clang-modules-once -clang-build-session-file /Users/constantine/Library/Developer/Xcode/DerivedData/ModuleCache.noindex/Session.modulevalidation -Xcc -I/Users/constantine/Library/Developer/Xcode/DerivedData/ZhiYu-ahhasqosjhnjphavyaflyigbvjqi/Build/Intermediates.noindex/ZhiYu.build/Debug-watchsimulator/ZhiYuWatch.build/swift-overrides.hmap -emit-const-values -Xfrontend -const-gather-protocols-file -Xfrontend /Users/constantine/Library/Developer/Xcode/DerivedData/ZhiYu-ahhasqosjhnjphavyaflyigbvjqi/Build/Intermediates.noindex/ZhiYu.build/Debug-watchsimulator/ZhiYuWatch.build/Objects-normal/x86_64/ZhiYuWatch_const_extract_protocols.json -Xcc -iquote -Xcc /Users/constantine/Library/Developer/Xcode/DerivedData/ZhiYu-ahhasqosjhnjphavyaflyigbvjqi/Build/Intermediates.noindex/ZhiYu.build/Debug-watchsimulator/ZhiYuWatch.build/ZhiYuWatch-generated-files.hmap -Xcc -I/Users/constantine/Library/Developer/Xcode/DerivedData/ZhiYu-ahhasqosjhnjphavyaflyigbvjqi/Build/Intermediates.noindex/ZhiYu.build/Debug-watchsimulator/ZhiYuWatch.build/ZhiYuWatch-own-target-headers.hmap -Xcc -I/Users/constantine/Library/Developer/Xcode/DerivedData/ZhiYu-ahhasqosjhnjphavyaflyigbvjqi/Build/Intermediates.noindex/ZhiYu.build/Debug-watchsimulator/ZhiYuWatch.build/ZhiYuWatch-all-non-framework-target-headers.hmap -Xcc -ivfsoverlay -Xcc /Users/constantine/Library/Developer/Xcode/DerivedData/ZhiYu-ahhasqosjhnjphavyaflyigbvjqi/Build/Intermediates.noindex/ZhiYu.build/Debug-watchsimulator/ZhiYu-48e36c608b438f24ac5a43fe091185d1-VFS-watchsimulator/all-product-headers.yaml -Xcc -iquote -Xcc /Users/constantine/Library/Developer/Xcode/DerivedData/ZhiYu-ahhasqosjhnjphavyaflyigbvjqi/Build/Intermediates.noindex/ZhiYu.build/Debug-watchsimulator/ZhiYuWatch.build/ZhiYuWatch-project-headers.hmap -Xcc -I/Users/constantine/Library/Developer/Xcode/DerivedData/ZhiYu-ahhasqosjhnjphavyaflyigbvjqi/Build/Products/Debug-watchsimulator/include -Xcc -I/Users/constantine/Library/Developer/Xcode/DerivedData/ZhiYu-ahhasqosjhnjphavyaflyigbvjqi/Build/Intermediates.noindex/ZhiYu.build/Debug-watchsimulator/ZhiYuWatch.build/DerivedSources-normal/x86_64 -Xcc -I/Users/constantine/Library/Developer/Xcode/DerivedData/ZhiYu-ahhasqosjhnjphavyaflyigbvjqi/Build/Intermediates.noindex/ZhiYu.build/Debug-watchsimulator/ZhiYuWatch.build/DerivedSources/x86_64 -Xcc -I/Users/constantine/Library/Developer/Xcode/DerivedData/ZhiYu-ahhasqosjhnjphavyaflyigbvjqi/Build/Intermediates.noindex/ZhiYu.build/Debug-watchsimulator/ZhiYuWatch.build/DerivedSources -Xcc -DDEBUG\=1 -emit-objc-header -emit-objc-header-path /Users/constantine/Library/Developer/Xcode/DerivedData/ZhiYu-ahhasqosjhnjphavyaflyigbvjqi/Build/Intermediates.noindex/ZhiYu.build/Debug-watchsimulator/ZhiYuWatch.build/Objects-normal/x86_64/ZhiYuWatch-Swift.h -working-directory /Users/constantine/Documents/work/code/projects/ZhiYu -experimental-emit-module-separately -disable-cmo
/Users/constantine/Documents/work/code/projects/ZhiYu/Sources/Shared/Views/Editors/PDFReaderView.swift:13:8: error: Unable to resolve module dependency: 'PDFKit'
import PDFKit
       ^ (in target 'ZhiYuWatch' from project 'ZhiYu')
/Users/constantine/Documents/work/code/projects/ZhiYu/Sources/Shared/Views/Editors/PDFReaderView.swift:13:8: note: A dependency of main module 'ZhiYuWatch'
import PDFKit
       ^ (in target 'ZhiYuWatch' from project 'ZhiYu')
/Users/constantine/Documents/work/code/projects/ZhiYu/Sources/Shared/Core/Platform/WebViewExportService.swift:11:8: error: Unable to resolve module dependency: 'WebKit'
import WebKit
       ^ (in target 'ZhiYuWatch' from project 'ZhiYu')
/Users/constantine/Documents/work/code/projects/ZhiYu/Sources/Shared/Core/Platform/WebViewExportService.swift:11:8: note: A dependency of main module 'ZhiYuWatch'
import WebKit
       ^ (in target 'ZhiYuWatch' from project 'ZhiYu')

CompileAssetCatalogVariant thinned /Users/constantine/Library/Developer/Xcode/DerivedData/ZhiYu-ahhasqosjhnjphavyaflyigbvjqi/Build/Products/Debug-watchsimulator/ZhiYuWatch.app /Users/constantine/Documents/work/code/projects/ZhiYu/Sources/Assets.xcassets (in target 'ZhiYuWatch' from project 'ZhiYu')
    cd /Users/constantine/Documents/work/code/projects/ZhiYu
    /Applications/Xcode.app/Contents/Developer/usr/bin/actool /Users/constantine/Documents/work/code/projects/ZhiYu/Sources/Assets.xcassets --compile /Users/constantine/Library/Developer/Xcode/DerivedData/ZhiYu-ahhasqosjhnjphavyaflyigbvjqi/Build/Intermediates.noindex/ZhiYu.build/Debug-watchsimulator/ZhiYuWatch.build/assetcatalog_output/thinned --output-format human-readable-text --notices --warnings --export-dependency-info /Users/constantine/Library/Developer/Xcode/DerivedData/ZhiYu-ahhasqosjhnjphavyaflyigbvjqi/Build/Intermediates.noindex/ZhiYu.build/Debug-watchsimulator/ZhiYuWatch.build/assetcatalog_dependencies_thinned --output-partial-info-plist /Users/constantine/Library/Developer/Xcode/DerivedData/ZhiYu-ahhasqosjhnjphavyaflyigbvjqi/Build/Intermediates.noindex/ZhiYu.build/Debug-watchsimulator/ZhiYuWatch.build/assetcatalog_generated_info.plist_thinned --app-icon AppIcon --compress-pngs --enable-on-demand-resources YES --development-region en --target-device watch --minimum-deployment-target 10.0 --platform watchsimulator

Ld /Users/constantine/Library/Developer/Xcode/DerivedData/ZhiYu-ahhasqosjhnjphavyaflyigbvjqi/Build/Intermediates.noindex/GRDB.build/Debug-watchsimulator/GRDB.build/Objects-normal/arm64/Binary/GRDB.o normal arm64 (in target 'GRDB' from project 'GRDB')
    cd /Users/constantine/Library/Developer/Xcode/DerivedData/ZhiYu-ahhasqosjhnjphavyaflyigbvjqi/SourcePackages/checkouts/GRDB.swift
    /Applications/Xcode.app/Contents/Developer/Toolchains/XcodeDefault.xctoolchain/usr/bin/clang -Xlinker -reproducible -target arm64-apple-watchos4.0-simulator -r -isysroot /Applications/Xcode.app/Contents/Developer/Platforms/WatchSimulator.platform/Developer/SDKs/WatchSimulator26.4.sdk -O0 -w -F/Users/constantine/Library/Developer/Xcode/DerivedData/ZhiYu-ahhasqosjhnjphavyaflyigbvjqi/Build/Intermediates.noindex/EagerLinkingTBDs/Debug-watchsimulator -F/Users/constantine/Library/Developer/Xcode/DerivedData/ZhiYu-ahhasqosjhnjphavyaflyigbvjqi/Build/Products/Debug-watchsimulator -iframework /Applications/Xcode.app/Contents/Developer/Platforms/WatchSimulator.platform/Developer/Library/Frameworks -iframework /Applications/Xcode.app/Contents/Developer/Platforms/WatchSimulator.platform/Developer/SDKs/WatchSimulator26.4.sdk/Developer/Library/Frameworks -filelist /Users/constantine/Library/Developer/Xcode/DerivedData/ZhiYu-ahhasqosjhnjphavyaflyigbvjqi/Build/Intermediates.noindex/GRDB.build/Debug-watchsimulator/GRDB.build/Objects-normal/arm64/GRDB.LinkFileList -nostdlib -Xlinker -object_path_lto -Xlinker /Users/constantine/Library/Developer/Xcode/DerivedData/ZhiYu-ahhasqosjhnjphavyaflyigbvjqi/Build/Intermediates.noindex/GRDB.build/Debug-watchsimulator/GRDB.build/Objects-normal/arm64/GRDB_lto.o -Xlinker -no_deduplicate -Xlinker -objc_abi_version -Xlinker 2 -Xlinker -dependency_info -Xlinker /Users/constantine/Library/Developer/Xcode/DerivedData/ZhiYu-ahhasqosjhnjphavyaflyigbvjqi/Build/Intermediates.noindex/GRDB.build/Debug-watchsimulator/GRDB.build/Objects-normal/arm64/GRDB_dependency_info.dat -fobjc-link-runtime -L/Applications/Xcode.app/Contents/Developer/Toolchains/XcodeDefault.xctoolchain/usr/lib/swift/watchsimulator -L/usr/lib/swift -Xlinker -add_ast_path -Xlinker /Users/constantine/Library/Developer/Xcode/DerivedData/ZhiYu-ahhasqosjhnjphavyaflyigbvjqi/Build/Intermediates.noindex/GRDB.build/Debug-watchsimulator/GRDB.build/Objects-normal/arm64/GRDB.swiftmodule @/Users/constantine/Library/Developer/Xcode/DerivedData/ZhiYu-ahhasqosjhnjphavyaflyigbvjqi/Build/Intermediates.noindex/GRDB.build/Debug-watchsimulator/GRDB.build/Objects-normal/arm64/GRDB-linker-args.resp -o /Users/constantine/Library/Developer/Xcode/DerivedData/ZhiYu-ahhasqosjhnjphavyaflyigbvjqi/Build/Intermediates.noindex/GRDB.build/Debug-watchsimulator/GRDB.build/Objects-normal/arm64/Binary/GRDB.o

CreateUniversalBinary /Users/constantine/Library/Developer/Xcode/DerivedData/ZhiYu-ahhasqosjhnjphavyaflyigbvjqi/Build/Products/Debug-watchsimulator/GRDB.o normal arm64\ x86_64 (in target 'GRDB' from project 'GRDB')
    cd /Users/constantine/Library/Developer/Xcode/DerivedData/ZhiYu-ahhasqosjhnjphavyaflyigbvjqi/SourcePackages/checkouts/GRDB.swift
    /Applications/Xcode.app/Contents/Developer/Toolchains/XcodeDefault.xctoolchain/usr/bin/lipo -create /Users/constantine/Library/Developer/Xcode/DerivedData/ZhiYu-ahhasqosjhnjphavyaflyigbvjqi/Build/Intermediates.noindex/GRDB.build/Debug-watchsimulator/GRDB.build/Objects-normal/arm64/Binary/GRDB.o /Users/constantine/Library/Developer/Xcode/DerivedData/ZhiYu-ahhasqosjhnjphavyaflyigbvjqi/Build/Intermediates.noindex/GRDB.build/Debug-watchsimulator/GRDB.build/Objects-normal/x86_64/Binary/GRDB.o -output /Users/constantine/Library/Developer/Xcode/DerivedData/ZhiYu-ahhasqosjhnjphavyaflyigbvjqi/Build/Products/Debug-watchsimulator/GRDB.o

ExtractAppIntentsMetadata (in target 'GRDB' from project 'GRDB')
    cd /Users/constantine/Library/Developer/Xcode/DerivedData/ZhiYu-ahhasqosjhnjphavyaflyigbvjqi/SourcePackages/checkouts/GRDB.swift
    /Applications/Xcode.app/Contents/Developer/Toolchains/XcodeDefault.xctoolchain/usr/bin/appintentsmetadataprocessor --toolchain-dir /var/run/com.apple.security.cryptexd/mnt/com.apple.MobileAsset.MetalToolchain-v17.5.188.0.G2TbpK/Metal.xctoolchain --module-name GRDB --sdk-root /Applications/Xcode.app/Contents/Developer/Platforms/WatchSimulator.platform/Developer/SDKs/WatchSimulator26.4.sdk --xcode-version 17E202 --platform-family watchOS --deployment-target 4.0 --bundle-identifier grdb.swift.GRDB --output /Users/constantine/Library/Developer/Xcode/DerivedData/ZhiYu-ahhasqosjhnjphavyaflyigbvjqi/Build/Products/Debug-watchsimulator/GRDB.appintents --target-triple arm64-apple-watchos4.0-simulator --target-triple x86_64-apple-watchos4.0-simulator --binary-file /Users/constantine/Library/Developer/Xcode/DerivedData/ZhiYu-ahhasqosjhnjphavyaflyigbvjqi/Build/Products/Debug-watchsimulator/GRDB.o --dependency-file /Users/constantine/Library/Developer/Xcode/DerivedData/ZhiYu-ahhasqosjhnjphavyaflyigbvjqi/Build/Intermediates.noindex/GRDB.build/Debug-watchsimulator/GRDB.build/Objects-normal/arm64/GRDB_dependency_info.dat --dependency-file /Users/constantine/Library/Developer/Xcode/DerivedData/ZhiYu-ahhasqosjhnjphavyaflyigbvjqi/Build/Intermediates.noindex/GRDB.build/Debug-watchsimulator/GRDB.build/Objects-normal/x86_64/GRDB_dependency_info.dat --stringsdata-file /Users/constantine/Library/Developer/Xcode/DerivedData/ZhiYu-ahhasqosjhnjphavyaflyigbvjqi/Build/Intermediates.noindex/GRDB.build/Debug-watchsimulator/GRDB.build/Objects-normal/arm64/ExtractedAppShortcutsMetadata.stringsdata --stringsdata-file /Users/constantine/Library/Developer/Xcode/DerivedData/ZhiYu-ahhasqosjhnjphavyaflyigbvjqi/Build/Intermediates.noindex/GRDB.build/Debug-watchsimulator/GRDB.build/Objects-normal/x86_64/ExtractedAppShortcutsMetadata.stringsdata --source-file-list /Users/constantine/Library/Developer/Xcode/DerivedData/ZhiYu-ahhasqosjhnjphavyaflyigbvjqi/Build/Intermediates.noindex/GRDB.build/Debug-watchsimulator/GRDB.build/Objects-normal/arm64/GRDB.SwiftFileList --source-file-list /Users/constantine/Library/Developer/Xcode/DerivedData/ZhiYu-ahhasqosjhnjphavyaflyigbvjqi/Build/Intermediates.noindex/GRDB.build/Debug-watchsimulator/GRDB.build/Objects-normal/x86_64/GRDB.SwiftFileList --metadata-file-list /Users/constantine/Library/Developer/Xcode/DerivedData/ZhiYu-ahhasqosjhnjphavyaflyigbvjqi/Build/Intermediates.noindex/GRDB.build/Debug-watchsimulator/GRDB.build/GRDB.DependencyMetadataFileList --static-metadata-file-list /Users/constantine/Library/Developer/Xcode/DerivedData/ZhiYu-ahhasqosjhnjphavyaflyigbvjqi/Build/Intermediates.noindex/GRDB.build/Debug-watchsimulator/GRDB.build/GRDB.DependencyStaticMetadataFileList --swift-const-vals-list /Users/constantine/Library/Developer/Xcode/DerivedData/ZhiYu-ahhasqosjhnjphavyaflyigbvjqi/Build/Intermediates.noindex/GRDB.build/Debug-watchsimulator/GRDB.build/Objects-normal/arm64/GRDB.SwiftConstValuesFileList --swift-const-vals-list /Users/constantine/Library/Developer/Xcode/DerivedData/ZhiYu-ahhasqosjhnjphavyaflyigbvjqi/Build/Intermediates.noindex/GRDB.build/Debug-watchsimulator/GRDB.build/Objects-normal/x86_64/GRDB.SwiftConstValuesFileList --force --compile-time-extraction --deployment-aware-processing --validate-assistant-intents --no-app-shortcuts-localization
2026-05-10 14:32:32.981 appintentsmetadataprocessor[64057:728240] Starting appintentsmetadataprocessor export
2026-05-10 14:32:33.003 appintentsmetadataprocessor[64057:728240] Extracted no relevant App Intents symbols, skipping writing output

RegisterExecutionPolicyException /Users/constantine/Library/Developer/Xcode/DerivedData/ZhiYu-ahhasqosjhnjphavyaflyigbvjqi/Build/Products/Debug-watchsimulator/GRDB.o (in target 'GRDB' from project 'GRDB')
    cd /Users/constantine/Library/Developer/Xcode/DerivedData/ZhiYu-ahhasqosjhnjphavyaflyigbvjqi/SourcePackages/checkouts/GRDB.swift
    builtin-RegisterExecutionPolicyException /Users/constantine/Library/Developer/Xcode/DerivedData/ZhiYu-ahhasqosjhnjphavyaflyigbvjqi/Build/Products/Debug-watchsimulator/GRDB.o

CompileXCStrings /Users/constantine/Library/Developer/Xcode/DerivedData/ZhiYu-ahhasqosjhnjphavyaflyigbvjqi/Build/Intermediates.noindex/ZhiYu.build/Debug-watchsimulator/ZhiYuWatch.build/ /Users/constantine/Documents/work/code/projects/ZhiYu/Sources/Localization/Coachmark.xcstrings (in target 'ZhiYuWatch' from project 'ZhiYu')
    cd /Users/constantine/Documents/work/code/projects/ZhiYu
    /Applications/Xcode.app/Contents/Developer/usr/bin/xcstringstool compile --output-directory /Users/constantine/Library/Developer/Xcode/DerivedData/ZhiYu-ahhasqosjhnjphavyaflyigbvjqi/Build/Intermediates.noindex/ZhiYu.build/Debug-watchsimulator/ZhiYuWatch.build /Users/constantine/Documents/work/code/projects/ZhiYu/Sources/Localization/Coachmark.xcstrings

CompileXCStrings /Users/constantine/Library/Developer/Xcode/DerivedData/ZhiYu-ahhasqosjhnjphavyaflyigbvjqi/Build/Intermediates.noindex/ZhiYu.build/Debug-watchsimulator/ZhiYuWatch.build/ /Users/constantine/Documents/work/code/projects/ZhiYu/Sources/Localization/Chat.xcstrings (in target 'ZhiYuWatch' from project 'ZhiYu')
    cd /Users/constantine/Documents/work/code/projects/ZhiYu
    /Applications/Xcode.app/Contents/Developer/usr/bin/xcstringstool compile --output-directory /Users/constantine/Library/Developer/Xcode/DerivedData/ZhiYu-ahhasqosjhnjphavyaflyigbvjqi/Build/Intermediates.noindex/ZhiYu.build/Debug-watchsimulator/ZhiYuWatch.build /Users/constantine/Documents/work/code/projects/ZhiYu/Sources/Localization/Chat.xcstrings

CompileXCStrings /Users/constantine/Library/Developer/Xcode/DerivedData/ZhiYu-ahhasqosjhnjphavyaflyigbvjqi/Build/Intermediates.noindex/ZhiYu.build/Debug-watchsimulator/ZhiYuWatch.build/ /Users/constantine/Documents/work/code/projects/ZhiYu/Sources/Localization/Dashboard.xcstrings (in target 'ZhiYuWatch' from project 'ZhiYu')
    cd /Users/constantine/Documents/work/code/projects/ZhiYu
    /Applications/Xcode.app/Contents/Developer/usr/bin/xcstringstool compile --output-directory /Users/constantine/Library/Developer/Xcode/DerivedData/ZhiYu-ahhasqosjhnjphavyaflyigbvjqi/Build/Intermediates.noindex/ZhiYu.build/Debug-watchsimulator/ZhiYuWatch.build /Users/constantine/Documents/work/code/projects/ZhiYu/Sources/Localization/Dashboard.xcstrings

CompileXCStrings /Users/constantine/Library/Developer/Xcode/DerivedData/ZhiYu-ahhasqosjhnjphavyaflyigbvjqi/Build/Intermediates.noindex/ZhiYu.build/Debug-watchsimulator/ZhiYuWatch.build/ /Users/constantine/Documents/work/code/projects/ZhiYu/Sources/Localization/Backup.xcstrings (in target 'ZhiYuWatch' from project 'ZhiYu')
    cd /Users/constantine/Documents/work/code/projects/ZhiYu
    /Applications/Xcode.app/Contents/Developer/usr/bin/xcstringstool compile --output-directory /Users/constantine/Library/Developer/Xcode/DerivedData/ZhiYu-ahhasqosjhnjphavyaflyigbvjqi/Build/Intermediates.noindex/ZhiYu.build/Debug-watchsimulator/ZhiYuWatch.build /Users/constantine/Documents/work/code/projects/ZhiYu/Sources/Localization/Backup.xcstrings

CompileXCStrings /Users/constantine/Library/Developer/Xcode/DerivedData/ZhiYu-ahhasqosjhnjphavyaflyigbvjqi/Build/Intermediates.noindex/ZhiYu.build/Debug-watchsimulator/ZhiYuWatch.build/ /Users/constantine/Documents/work/code/projects/ZhiYu/Sources/Localization/Graph.xcstrings (in target 'ZhiYuWatch' from project 'ZhiYu')
    cd /Users/constantine/Documents/work/code/projects/ZhiYu
    /Applications/Xcode.app/Contents/Developer/usr/bin/xcstringstool compile --output-directory /Users/constantine/Library/Developer/Xcode/DerivedData/ZhiYu-ahhasqosjhnjphavyaflyigbvjqi/Build/Intermediates.noindex/ZhiYu.build/Debug-watchsimulator/ZhiYuWatch.build /Users/constantine/Documents/work/code/projects/ZhiYu/Sources/Localization/Graph.xcstrings

CompileXCStrings /Users/constantine/Library/Developer/Xcode/DerivedData/ZhiYu-ahhasqosjhnjphavyaflyigbvjqi/Build/Intermediates.noindex/ZhiYu.build/Debug-watchsimulator/ZhiYuWatch.build/ /Users/constantine/Documents/work/code/projects/ZhiYu/Sources/Localization/ICloud.xcstrings (in target 'ZhiYuWatch' from project 'ZhiYu')
    cd /Users/constantine/Documents/work/code/projects/ZhiYu
    /Applications/Xcode.app/Contents/Developer/usr/bin/xcstringstool compile --output-directory /Users/constantine/Library/Developer/Xcode/DerivedData/ZhiYu-ahhasqosjhnjphavyaflyigbvjqi/Build/Intermediates.noindex/ZhiYu.build/Debug-watchsimulator/ZhiYuWatch.build /Users/constantine/Documents/work/code/projects/ZhiYu/Sources/Localization/ICloud.xcstrings

CompileXCStrings /Users/constantine/Library/Developer/Xcode/DerivedData/ZhiYu-ahhasqosjhnjphavyaflyigbvjqi/Build/Intermediates.noindex/ZhiYu.build/Debug-watchsimulator/ZhiYuWatch.build/ /Users/constantine/Documents/work/code/projects/ZhiYu/Sources/Localization/Common.xcstrings (in target 'ZhiYuWatch' from project 'ZhiYu')
    cd /Users/constantine/Documents/work/code/projects/ZhiYu
    /Applications/Xcode.app/Contents/Developer/usr/bin/xcstringstool compile --output-directory /Users/constantine/Library/Developer/Xcode/DerivedData/ZhiYu-ahhasqosjhnjphavyaflyigbvjqi/Build/Intermediates.noindex/ZhiYu.build/Debug-watchsimulator/ZhiYuWatch.build /Users/constantine/Documents/work/code/projects/ZhiYu/Sources/Localization/Common.xcstrings

CompileXCStrings /Users/constantine/Library/Developer/Xcode/DerivedData/ZhiYu-ahhasqosjhnjphavyaflyigbvjqi/Build/Intermediates.noindex/ZhiYu.build/Debug-watchsimulator/ZhiYuWatch.build/ /Users/constantine/Documents/work/code/projects/ZhiYu/Sources/Localization/Actions.xcstrings (in target 'ZhiYuWatch' from project 'ZhiYu')
    cd /Users/constantine/Documents/work/code/projects/ZhiYu
    /Applications/Xcode.app/Contents/Developer/usr/bin/xcstringstool compile --output-directory /Users/constantine/Library/Developer/Xcode/DerivedData/ZhiYu-ahhasqosjhnjphavyaflyigbvjqi/Build/Intermediates.noindex/ZhiYu.build/Debug-watchsimulator/ZhiYuWatch.build /Users/constantine/Documents/work/code/projects/ZhiYu/Sources/Localization/Actions.xcstrings

CompileXCStrings /Users/constantine/Library/Developer/Xcode/DerivedData/ZhiYu-ahhasqosjhnjphavyaflyigbvjqi/Build/Intermediates.noindex/ZhiYu.build/Debug-watchsimulator/ZhiYuWatch.build/ /Users/constantine/Documents/work/code/projects/ZhiYu/Sources/Localization/Ingest.xcstrings (in target 'ZhiYuWatch' from project 'ZhiYu')
    cd /Users/constantine/Documents/work/code/projects/ZhiYu
    /Applications/Xcode.app/Contents/Developer/usr/bin/xcstringstool compile --output-directory /Users/constantine/Library/Developer/Xcode/DerivedData/ZhiYu-ahhasqosjhnjphavyaflyigbvjqi/Build/Intermediates.noindex/ZhiYu.build/Debug-watchsimulator/ZhiYuWatch.build /Users/constantine/Documents/work/code/projects/ZhiYu/Sources/Localization/Ingest.xcstrings

Ld /Users/constantine/Library/Developer/Xcode/DerivedData/ZhiYu-ahhasqosjhnjphavyaflyigbvjqi/Build/Intermediates.noindex/ZhiYu.build/Debug-watchsimulator/ZhiYuWatch.build/Objects-normal/arm64/Binary/__preview.dylib normal arm64 (in target 'ZhiYuWatch' from project 'ZhiYu')
    cd /Users/constantine/Documents/work/code/projects/ZhiYu
    /Applications/Xcode.app/Contents/Developer/Toolchains/XcodeDefault.xctoolchain/usr/bin/clang -Xlinker -reproducible -target arm64-apple-watchos10.0-simulator -dynamiclib -isysroot /Applications/Xcode.app/Contents/Developer/Platforms/WatchSimulator.platform/Developer/SDKs/WatchSimulator26.4.sdk -O0 -L/Users/constantine/Library/Developer/Xcode/DerivedData/ZhiYu-ahhasqosjhnjphavyaflyigbvjqi/Build/Products/Debug-watchsimulator -F/Users/constantine/Library/Developer/Xcode/DerivedData/ZhiYu-ahhasqosjhnjphavyaflyigbvjqi/Build/Products/Debug-watchsimulator/PackageFrameworks -F/Users/constantine/Library/Developer/Xcode/DerivedData/ZhiYu-ahhasqosjhnjphavyaflyigbvjqi/Build/Products/Debug-watchsimulator -install_name @rpath/ZhiYuWatch.debug.dylib -Xlinker -dead_strip -rdynamic -Xlinker -no_deduplicate -Xlinker -objc_abi_version -Xlinker 2 -Xlinker -dependency_info -Xlinker /Users/constantine/Library/Developer/Xcode/DerivedData/ZhiYu-ahhasqosjhnjphavyaflyigbvjqi/Build/Intermediates.noindex/ZhiYu.build/Debug-watchsimulator/ZhiYuWatch.build/Objects-normal/arm64/ZhiYuWatch_dependency_info.dat -o /Users/constantine/Library/Developer/Xcode/DerivedData/ZhiYu-ahhasqosjhnjphavyaflyigbvjqi/Build/Intermediates.noindex/ZhiYu.build/Debug-watchsimulator/ZhiYuWatch.build/Objects-normal/arm64/Binary/__preview.dylib

CompileXCStrings /Users/constantine/Library/Developer/Xcode/DerivedData/ZhiYu-ahhasqosjhnjphavyaflyigbvjqi/Build/Intermediates.noindex/ZhiYu.build/Debug-watchsimulator/ZhiYuWatch.build/ /Users/constantine/Documents/work/code/projects/ZhiYu/Sources/Localization/Transfer.xcstrings (in target 'ZhiYuWatch' from project 'ZhiYu')
    cd /Users/constantine/Documents/work/code/projects/ZhiYu
    /Applications/Xcode.app/Contents/Developer/usr/bin/xcstringstool compile --output-directory /Users/constantine/Library/Developer/Xcode/DerivedData/ZhiYu-ahhasqosjhnjphavyaflyigbvjqi/Build/Intermediates.noindex/ZhiYu.build/Debug-watchsimulator/ZhiYuWatch.build /Users/constantine/Documents/work/code/projects/ZhiYu/Sources/Localization/Transfer.xcstrings

Ld /Users/constantine/Library/Developer/Xcode/DerivedData/ZhiYu-ahhasqosjhnjphavyaflyigbvjqi/Build/Intermediates.noindex/ZhiYu.build/Debug-watchsimulator/ZhiYuWatch.build/Objects-normal/x86_64/Binary/__preview.dylib normal x86_64 (in target 'ZhiYuWatch' from project 'ZhiYu')
    cd /Users/constantine/Documents/work/code/projects/ZhiYu
    /Applications/Xcode.app/Contents/Developer/Toolchains/XcodeDefault.xctoolchain/usr/bin/clang -Xlinker -reproducible -target x86_64-apple-watchos10.0-simulator -dynamiclib -isysroot /Applications/Xcode.app/Contents/Developer/Platforms/WatchSimulator.platform/Developer/SDKs/WatchSimulator26.4.sdk -O0 -L/Users/constantine/Library/Developer/Xcode/DerivedData/ZhiYu-ahhasqosjhnjphavyaflyigbvjqi/Build/Products/Debug-watchsimulator -F/Users/constantine/Library/Developer/Xcode/DerivedData/ZhiYu-ahhasqosjhnjphavyaflyigbvjqi/Build/Products/Debug-watchsimulator/PackageFrameworks -F/Users/constantine/Library/Developer/Xcode/DerivedData/ZhiYu-ahhasqosjhnjphavyaflyigbvjqi/Build/Products/Debug-watchsimulator -install_name @rpath/ZhiYuWatch.debug.dylib -Xlinker -dead_strip -rdynamic -Xlinker -no_deduplicate -Xlinker -objc_abi_version -Xlinker 2 -Xlinker -dependency_info -Xlinker /Users/constantine/Library/Developer/Xcode/DerivedData/ZhiYu-ahhasqosjhnjphavyaflyigbvjqi/Build/Intermediates.noindex/ZhiYu.build/Debug-watchsimulator/ZhiYuWatch.build/Objects-normal/x86_64/ZhiYuWatch_dependency_info.dat -o /Users/constantine/Library/Developer/Xcode/DerivedData/ZhiYu-ahhasqosjhnjphavyaflyigbvjqi/Build/Intermediates.noindex/ZhiYu.build/Debug-watchsimulator/ZhiYuWatch.build/Objects-normal/x86_64/Binary/__preview.dylib

CompileXCStrings /Users/constantine/Library/Developer/Xcode/DerivedData/ZhiYu-ahhasqosjhnjphavyaflyigbvjqi/Build/Intermediates.noindex/ZhiYu.build/Debug-watchsimulator/ZhiYuWatch.build/ /Users/constantine/Documents/work/code/projects/ZhiYu/Sources/Localization/Widget.xcstrings (in target 'ZhiYuWatch' from project 'ZhiYu')
    cd /Users/constantine/Documents/work/code/projects/ZhiYu
    /Applications/Xcode.app/Contents/Developer/usr/bin/xcstringstool compile --output-directory /Users/constantine/Library/Developer/Xcode/DerivedData/ZhiYu-ahhasqosjhnjphavyaflyigbvjqi/Build/Intermediates.noindex/ZhiYu.build/Debug-watchsimulator/ZhiYuWatch.build /Users/constantine/Documents/work/code/projects/ZhiYu/Sources/Localization/Widget.xcstrings

Copy /Users/constantine/Library/Developer/Xcode/DerivedData/ZhiYu-ahhasqosjhnjphavyaflyigbvjqi/Build/Products/Debug-watchsimulator/ZhiYuWatch.app/GRDB_GRDB.bundle /Users/constantine/Library/Developer/Xcode/DerivedData/ZhiYu-ahhasqosjhnjphavyaflyigbvjqi/Build/Products/Debug-watchsimulator/GRDB_GRDB.bundle (in target 'ZhiYuWatch' from project 'ZhiYu')
    cd /Users/constantine/Documents/work/code/projects/ZhiYu
    builtin-copy -exclude .DS_Store -exclude CVS -exclude .svn -exclude .git -exclude .hg -resolve-src-symlinks /Users/constantine/Library/Developer/Xcode/DerivedData/ZhiYu-ahhasqosjhnjphavyaflyigbvjqi/Build/Products/Debug-watchsimulator/GRDB_GRDB.bundle /Users/constantine/Library/Developer/Xcode/DerivedData/ZhiYu-ahhasqosjhnjphavyaflyigbvjqi/Build/Products/Debug-watchsimulator/ZhiYuWatch.app

CompileXCStrings /Users/constantine/Library/Developer/Xcode/DerivedData/ZhiYu-ahhasqosjhnjphavyaflyigbvjqi/Build/Intermediates.noindex/ZhiYu.build/Debug-watchsimulator/ZhiYuWatch.build/ /Users/constantine/Documents/work/code/projects/ZhiYu/Sources/Localization/AITasks.xcstrings (in target 'ZhiYuWatch' from project 'ZhiYu')
    cd /Users/constantine/Documents/work/code/projects/ZhiYu
    /Applications/Xcode.app/Contents/Developer/usr/bin/xcstringstool compile --output-directory /Users/constantine/Library/Developer/Xcode/DerivedData/ZhiYu-ahhasqosjhnjphavyaflyigbvjqi/Build/Intermediates.noindex/ZhiYu.build/Debug-watchsimulator/ZhiYuWatch.build /Users/constantine/Documents/work/code/projects/ZhiYu/Sources/Localization/AITasks.xcstrings

CopyStringsFile /Users/constantine/Library/Developer/Xcode/DerivedData/ZhiYu-ahhasqosjhnjphavyaflyigbvjqi/Build/Products/Debug-watchsimulator/ZhiYuWatch.app/zh-Hans.lproj/Coachmark.strings /Users/constantine/Library/Developer/Xcode/DerivedData/ZhiYu-ahhasqosjhnjphavyaflyigbvjqi/Build/Intermediates.noindex/ZhiYu.build/Debug-watchsimulator/ZhiYuWatch.build/zh-Hans.lproj/Coachmark.strings (in target 'ZhiYuWatch' from project 'ZhiYu')
    cd /Users/constantine/Documents/work/code/projects/ZhiYu
    builtin-copyStrings --validate --outputencoding binary --outfilename Coachmark.strings --outdir /Users/constantine/Library/Developer/Xcode/DerivedData/ZhiYu-ahhasqosjhnjphavyaflyigbvjqi/Build/Products/Debug-watchsimulator/ZhiYuWatch.app/zh-Hans.lproj -- /Users/constantine/Library/Developer/Xcode/DerivedData/ZhiYu-ahhasqosjhnjphavyaflyigbvjqi/Build/Intermediates.noindex/ZhiYu.build/Debug-watchsimulator/ZhiYuWatch.build/zh-Hans.lproj/Coachmark.strings
/Users/constantine/Library/Developer/Xcode/DerivedData/ZhiYu-ahhasqosjhnjphavyaflyigbvjqi/Build/Intermediates.noindex/ZhiYu.build/Debug-watchsimulator/ZhiYuWatch.build/zh-Hans.lproj/Coachmark.strings:1:1: note: detected encoding of input file as Unicode (UTF-8) (in target 'ZhiYuWatch' from project 'ZhiYu')

CopyStringsFile /Users/constantine/Library/Developer/Xcode/DerivedData/ZhiYu-ahhasqosjhnjphavyaflyigbvjqi/Build/Products/Debug-watchsimulator/ZhiYuWatch.app/en.lproj/Coachmark.strings /Users/constantine/Library/Developer/Xcode/DerivedData/ZhiYu-ahhasqosjhnjphavyaflyigbvjqi/Build/Intermediates.noindex/ZhiYu.build/Debug-watchsimulator/ZhiYuWatch.build/en.lproj/Coachmark.strings (in target 'ZhiYuWatch' from project 'ZhiYu')
    cd /Users/constantine/Documents/work/code/projects/ZhiYu
    builtin-copyStrings --validate --outputencoding binary --outfilename Coachmark.strings --outdir /Users/constantine/Library/Developer/Xcode/DerivedData/ZhiYu-ahhasqosjhnjphavyaflyigbvjqi/Build/Products/Debug-watchsimulator/ZhiYuWatch.app/en.lproj -- /Users/constantine/Library/Developer/Xcode/DerivedData/ZhiYu-ahhasqosjhnjphavyaflyigbvjqi/Build/Intermediates.noindex/ZhiYu.build/Debug-watchsimulator/ZhiYuWatch.build/en.lproj/Coachmark.strings
/Users/constantine/Library/Developer/Xcode/DerivedData/ZhiYu-ahhasqosjhnjphavyaflyigbvjqi/Build/Intermediates.noindex/ZhiYu.build/Debug-watchsimulator/ZhiYuWatch.build/en.lproj/Coachmark.strings:1:1: note: detected encoding of input file as Unicode (UTF-8) (in target 'ZhiYuWatch' from project 'ZhiYu')

CopyStringsFile /Users/constantine/Library/Developer/Xcode/DerivedData/ZhiYu-ahhasqosjhnjphavyaflyigbvjqi/Build/Products/Debug-watchsimulator/ZhiYuWatch.app/zh-Hans.lproj/Transfer.strings /Users/constantine/Library/Developer/Xcode/DerivedData/ZhiYu-ahhasqosjhnjphavyaflyigbvjqi/Build/Intermediates.noindex/ZhiYu.build/Debug-watchsimulator/ZhiYuWatch.build/zh-Hans.lproj/Transfer.strings (in target 'ZhiYuWatch' from project 'ZhiYu')
    cd /Users/constantine/Documents/work/code/projects/ZhiYu
    builtin-copyStrings --validate --outputencoding binary --outfilename Transfer.strings --outdir /Users/constantine/Library/Developer/Xcode/DerivedData/ZhiYu-ahhasqosjhnjphavyaflyigbvjqi/Build/Products/Debug-watchsimulator/ZhiYuWatch.app/zh-Hans.lproj -- /Users/constantine/Library/Developer/Xcode/DerivedData/ZhiYu-ahhasqosjhnjphavyaflyigbvjqi/Build/Intermediates.noindex/ZhiYu.build/Debug-watchsimulator/ZhiYuWatch.build/zh-Hans.lproj/Transfer.strings
/Users/constantine/Library/Developer/Xcode/DerivedData/ZhiYu-ahhasqosjhnjphavyaflyigbvjqi/Build/Intermediates.noindex/ZhiYu.build/Debug-watchsimulator/ZhiYuWatch.build/zh-Hans.lproj/Transfer.strings:1:1: note: detected encoding of input file as Unicode (UTF-8) (in target 'ZhiYuWatch' from project 'ZhiYu')

CopyStringsFile /Users/constantine/Library/Developer/Xcode/DerivedData/ZhiYu-ahhasqosjhnjphavyaflyigbvjqi/Build/Products/Debug-watchsimulator/ZhiYuWatch.app/zh-Hans.lproj/Backup.strings /Users/constantine/Library/Developer/Xcode/DerivedData/ZhiYu-ahhasqosjhnjphavyaflyigbvjqi/Build/Intermediates.noindex/ZhiYu.build/Debug-watchsimulator/ZhiYuWatch.build/zh-Hans.lproj/Backup.strings (in target 'ZhiYuWatch' from project 'ZhiYu')
    cd /Users/constantine/Documents/work/code/projects/ZhiYu
    builtin-copyStrings --validate --outputencoding binary --outfilename Backup.strings --outdir /Users/constantine/Library/Developer/Xcode/DerivedData/ZhiYu-ahhasqosjhnjphavyaflyigbvjqi/Build/Products/Debug-watchsimulator/ZhiYuWatch.app/zh-Hans.lproj -- /Users/constantine/Library/Developer/Xcode/DerivedData/ZhiYu-ahhasqosjhnjphavyaflyigbvjqi/Build/Intermediates.noindex/ZhiYu.build/Debug-watchsimulator/ZhiYuWatch.build/zh-Hans.lproj/Backup.strings
/Users/constantine/Library/Developer/Xcode/DerivedData/ZhiYu-ahhasqosjhnjphavyaflyigbvjqi/Build/Intermediates.noindex/ZhiYu.build/Debug-watchsimulator/ZhiYuWatch.build/zh-Hans.lproj/Backup.strings:1:1: note: detected encoding of input file as Unicode (UTF-8) (in target 'ZhiYuWatch' from project 'ZhiYu')

CopyStringsFile /Users/constantine/Library/Developer/Xcode/DerivedData/ZhiYu-ahhasqosjhnjphavyaflyigbvjqi/Build/Products/Debug-watchsimulator/ZhiYuWatch.app/en.lproj/Transfer.strings /Users/constantine/Library/Developer/Xcode/DerivedData/ZhiYu-ahhasqosjhnjphavyaflyigbvjqi/Build/Intermediates.noindex/ZhiYu.build/Debug-watchsimulator/ZhiYuWatch.build/en.lproj/Transfer.strings (in target 'ZhiYuWatch' from project 'ZhiYu')
    cd /Users/constantine/Documents/work/code/projects/ZhiYu
    builtin-copyStrings --validate --outputencoding binary --outfilename Transfer.strings --outdir /Users/constantine/Library/Developer/Xcode/DerivedData/ZhiYu-ahhasqosjhnjphavyaflyigbvjqi/Build/Products/Debug-watchsimulator/ZhiYuWatch.app/en.lproj -- /Users/constantine/Library/Developer/Xcode/DerivedData/ZhiYu-ahhasqosjhnjphavyaflyigbvjqi/Build/Intermediates.noindex/ZhiYu.build/Debug-watchsimulator/ZhiYuWatch.build/en.lproj/Transfer.strings
/Users/constantine/Library/Developer/Xcode/DerivedData/ZhiYu-ahhasqosjhnjphavyaflyigbvjqi/Build/Intermediates.noindex/ZhiYu.build/Debug-watchsimulator/ZhiYuWatch.build/en.lproj/Transfer.strings:1:1: note: detected encoding of input file as Unicode (UTF-8) (in target 'ZhiYuWatch' from project 'ZhiYu')

CopyStringsFile /Users/constantine/Library/Developer/Xcode/DerivedData/ZhiYu-ahhasqosjhnjphavyaflyigbvjqi/Build/Products/Debug-watchsimulator/ZhiYuWatch.app/zh-Hans.lproj/Graph.strings /Users/constantine/Library/Developer/Xcode/DerivedData/ZhiYu-ahhasqosjhnjphavyaflyigbvjqi/Build/Intermediates.noindex/ZhiYu.build/Debug-watchsimulator/ZhiYuWatch.build/zh-Hans.lproj/Graph.strings (in target 'ZhiYuWatch' from project 'ZhiYu')
    cd /Users/constantine/Documents/work/code/projects/ZhiYu
    builtin-copyStrings --validate --outputencoding binary --outfilename Graph.strings --outdir /Users/constantine/Library/Developer/Xcode/DerivedData/ZhiYu-ahhasqosjhnjphavyaflyigbvjqi/Build/Products/Debug-watchsimulator/ZhiYuWatch.app/zh-Hans.lproj -- /Users/constantine/Library/Developer/Xcode/DerivedData/ZhiYu-ahhasqosjhnjphavyaflyigbvjqi/Build/Intermediates.noindex/ZhiYu.build/Debug-watchsimulator/ZhiYuWatch.build/zh-Hans.lproj/Graph.strings
/Users/constantine/Library/Developer/Xcode/DerivedData/ZhiYu-ahhasqosjhnjphavyaflyigbvjqi/Build/Intermediates.noindex/ZhiYu.build/Debug-watchsimulator/ZhiYuWatch.build/zh-Hans.lproj/Graph.strings:1:1: note: detected encoding of input file as Unicode (UTF-8) (in target 'ZhiYuWatch' from project 'ZhiYu')

CopyStringsFile /Users/constantine/Library/Developer/Xcode/DerivedData/ZhiYu-ahhasqosjhnjphavyaflyigbvjqi/Build/Products/Debug-watchsimulator/ZhiYuWatch.app/zh-Hans.lproj/Chat.strings /Users/constantine/Library/Developer/Xcode/DerivedData/ZhiYu-ahhasqosjhnjphavyaflyigbvjqi/Build/Intermediates.noindex/ZhiYu.build/Debug-watchsimulator/ZhiYuWatch.build/zh-Hans.lproj/Chat.strings (in target 'ZhiYuWatch' from project 'ZhiYu')
    cd /Users/constantine/Documents/work/code/projects/ZhiYu
    builtin-copyStrings --validate --outputencoding binary --outfilename Chat.strings --outdir /Users/constantine/Library/Developer/Xcode/DerivedData/ZhiYu-ahhasqosjhnjphavyaflyigbvjqi/Build/Products/Debug-watchsimulator/ZhiYuWatch.app/zh-Hans.lproj -- /Users/constantine/Library/Developer/Xcode/DerivedData/ZhiYu-ahhasqosjhnjphavyaflyigbvjqi/Build/Intermediates.noindex/ZhiYu.build/Debug-watchsimulator/ZhiYuWatch.build/zh-Hans.lproj/Chat.strings
/Users/constantine/Library/Developer/Xcode/DerivedData/ZhiYu-ahhasqosjhnjphavyaflyigbvjqi/Build/Intermediates.noindex/ZhiYu.build/Debug-watchsimulator/ZhiYuWatch.build/zh-Hans.lproj/Chat.strings:1:1: note: detected encoding of input file as Unicode (UTF-8) (in target 'ZhiYuWatch' from project 'ZhiYu')

CopyStringsFile /Users/constantine/Library/Developer/Xcode/DerivedData/ZhiYu-ahhasqosjhnjphavyaflyigbvjqi/Build/Products/Debug-watchsimulator/ZhiYuWatch.app/zh-Hans.lproj/Widget.strings /Users/constantine/Library/Developer/Xcode/DerivedData/ZhiYu-ahhasqosjhnjphavyaflyigbvjqi/Build/Intermediates.noindex/ZhiYu.build/Debug-watchsimulator/ZhiYuWatch.build/zh-Hans.lproj/Widget.strings (in target 'ZhiYuWatch' from project 'ZhiYu')
    cd /Users/constantine/Documents/work/code/projects/ZhiYu
    builtin-copyStrings --validate --outputencoding binary --outfilename Widget.strings --outdir /Users/constantine/Library/Developer/Xcode/DerivedData/ZhiYu-ahhasqosjhnjphavyaflyigbvjqi/Build/Products/Debug-watchsimulator/ZhiYuWatch.app/zh-Hans.lproj -- /Users/constantine/Library/Developer/Xcode/DerivedData/ZhiYu-ahhasqosjhnjphavyaflyigbvjqi/Build/Intermediates.noindex/ZhiYu.build/Debug-watchsimulator/ZhiYuWatch.build/zh-Hans.lproj/Widget.strings
/Users/constantine/Library/Developer/Xcode/DerivedData/ZhiYu-ahhasqosjhnjphavyaflyigbvjqi/Build/Intermediates.noindex/ZhiYu.build/Debug-watchsimulator/ZhiYuWatch.build/zh-Hans.lproj/Widget.strings:1:1: note: detected encoding of input file as Unicode (UTF-8) (in target 'ZhiYuWatch' from project 'ZhiYu')

CopyStringsFile /Users/constantine/Library/Developer/Xcode/DerivedData/ZhiYu-ahhasqosjhnjphavyaflyigbvjqi/Build/Products/Debug-watchsimulator/ZhiYuWatch.app/en.lproj/Widget.strings /Users/constantine/Library/Developer/Xcode/DerivedData/ZhiYu-ahhasqosjhnjphavyaflyigbvjqi/Build/Intermediates.noindex/ZhiYu.build/Debug-watchsimulator/ZhiYuWatch.build/en.lproj/Widget.strings (in target 'ZhiYuWatch' from project 'ZhiYu')
    cd /Users/constantine/Documents/work/code/projects/ZhiYu
    builtin-copyStrings --validate --outputencoding binary --outfilename Widget.strings --outdir /Users/constantine/Library/Developer/Xcode/DerivedData/ZhiYu-ahhasqosjhnjphavyaflyigbvjqi/Build/Products/Debug-watchsimulator/ZhiYuWatch.app/en.lproj -- /Users/constantine/Library/Developer/Xcode/DerivedData/ZhiYu-ahhasqosjhnjphavyaflyigbvjqi/Build/Intermediates.noindex/ZhiYu.build/Debug-watchsimulator/ZhiYuWatch.build/en.lproj/Widget.strings
/Users/constantine/Library/Developer/Xcode/DerivedData/ZhiYu-ahhasqosjhnjphavyaflyigbvjqi/Build/Intermediates.noindex/ZhiYu.build/Debug-watchsimulator/ZhiYuWatch.build/en.lproj/Widget.strings:1:1: note: detected encoding of input file as Unicode (UTF-8) (in target 'ZhiYuWatch' from project 'ZhiYu')

CopyStringsFile /Users/constantine/Library/Developer/Xcode/DerivedData/ZhiYu-ahhasqosjhnjphavyaflyigbvjqi/Build/Products/Debug-watchsimulator/ZhiYuWatch.app/zh-Hans.lproj/ICloud.strings /Users/constantine/Library/Developer/Xcode/DerivedData/ZhiYu-ahhasqosjhnjphavyaflyigbvjqi/Build/Intermediates.noindex/ZhiYu.build/Debug-watchsimulator/ZhiYuWatch.build/zh-Hans.lproj/ICloud.strings (in target 'ZhiYuWatch' from project 'ZhiYu')
    cd /Users/constantine/Documents/work/code/projects/ZhiYu
    builtin-copyStrings --validate --outputencoding binary --outfilename ICloud.strings --outdir /Users/constantine/Library/Developer/Xcode/DerivedData/ZhiYu-ahhasqosjhnjphavyaflyigbvjqi/Build/Products/Debug-watchsimulator/ZhiYuWatch.app/zh-Hans.lproj -- /Users/constantine/Library/Developer/Xcode/DerivedData/ZhiYu-ahhasqosjhnjphavyaflyigbvjqi/Build/Intermediates.noindex/ZhiYu.build/Debug-watchsimulator/ZhiYuWatch.build/zh-Hans.lproj/ICloud.strings
/Users/constantine/Library/Developer/Xcode/DerivedData/ZhiYu-ahhasqosjhnjphavyaflyigbvjqi/Build/Intermediates.noindex/ZhiYu.build/Debug-watchsimulator/ZhiYuWatch.build/zh-Hans.lproj/ICloud.strings:1:1: note: detected encoding of input file as Unicode (UTF-8) (in target 'ZhiYuWatch' from project 'ZhiYu')

CopyStringsFile /Users/constantine/Library/Developer/Xcode/DerivedData/ZhiYu-ahhasqosjhnjphavyaflyigbvjqi/Build/Products/Debug-watchsimulator/ZhiYuWatch.app/zh-Hans.lproj/Actions.strings /Users/constantine/Library/Developer/Xcode/DerivedData/ZhiYu-ahhasqosjhnjphavyaflyigbvjqi/Build/Intermediates.noindex/ZhiYu.build/Debug-watchsimulator/ZhiYuWatch.build/zh-Hans.lproj/Actions.strings (in target 'ZhiYuWatch' from project 'ZhiYu')
    cd /Users/constantine/Documents/work/code/projects/ZhiYu
    builtin-copyStrings --validate --outputencoding binary --outfilename Actions.strings --outdir /Users/constantine/Library/Developer/Xcode/DerivedData/ZhiYu-ahhasqosjhnjphavyaflyigbvjqi/Build/Products/Debug-watchsimulator/ZhiYuWatch.app/zh-Hans.lproj -- /Users/constantine/Library/Developer/Xcode/DerivedData/ZhiYu-ahhasqosjhnjphavyaflyigbvjqi/Build/Intermediates.noindex/ZhiYu.build/Debug-watchsimulator/ZhiYuWatch.build/zh-Hans.lproj/Actions.strings
/Users/constantine/Library/Developer/Xcode/DerivedData/ZhiYu-ahhasqosjhnjphavyaflyigbvjqi/Build/Intermediates.noindex/ZhiYu.build/Debug-watchsimulator/ZhiYuWatch.build/zh-Hans.lproj/Actions.strings:1:1: note: detected encoding of input file as Unicode (UTF-8) (in target 'ZhiYuWatch' from project 'ZhiYu')

CopyStringsFile /Users/constantine/Library/Developer/Xcode/DerivedData/ZhiYu-ahhasqosjhnjphavyaflyigbvjqi/Build/Products/Debug-watchsimulator/ZhiYuWatch.app/en.lproj/ICloud.strings /Users/constantine/Library/Developer/Xcode/DerivedData/ZhiYu-ahhasqosjhnjphavyaflyigbvjqi/Build/Intermediates.noindex/ZhiYu.build/Debug-watchsimulator/ZhiYuWatch.build/en.lproj/ICloud.strings (in target 'ZhiYuWatch' from project 'ZhiYu')
    cd /Users/constantine/Documents/work/code/projects/ZhiYu
    builtin-copyStrings --validate --outputencoding binary --outfilename ICloud.strings --outdir /Users/constantine/Library/Developer/Xcode/DerivedData/ZhiYu-ahhasqosjhnjphavyaflyigbvjqi/Build/Products/Debug-watchsimulator/ZhiYuWatch.app/en.lproj -- /Users/constantine/Library/Developer/Xcode/DerivedData/ZhiYu-ahhasqosjhnjphavyaflyigbvjqi/Build/Intermediates.noindex/ZhiYu.build/Debug-watchsimulator/ZhiYuWatch.build/en.lproj/ICloud.strings
/Users/constantine/Library/Developer/Xcode/DerivedData/ZhiYu-ahhasqosjhnjphavyaflyigbvjqi/Build/Intermediates.noindex/ZhiYu.build/Debug-watchsimulator/ZhiYuWatch.build/en.lproj/ICloud.strings:1:1: note: detected encoding of input file as Unicode (UTF-8) (in target 'ZhiYuWatch' from project 'ZhiYu')

CopyStringsFile /Users/constantine/Library/Developer/Xcode/DerivedData/ZhiYu-ahhasqosjhnjphavyaflyigbvjqi/Build/Products/Debug-watchsimulator/ZhiYuWatch.app/en.lproj/Graph.strings /Users/constantine/Library/Developer/Xcode/DerivedData/ZhiYu-ahhasqosjhnjphavyaflyigbvjqi/Build/Intermediates.noindex/ZhiYu.build/Debug-watchsimulator/ZhiYuWatch.build/en.lproj/Graph.strings (in target 'ZhiYuWatch' from project 'ZhiYu')
    cd /Users/constantine/Documents/work/code/projects/ZhiYu
    builtin-copyStrings --validate --outputencoding binary --outfilename Graph.strings --outdir /Users/constantine/Library/Developer/Xcode/DerivedData/ZhiYu-ahhasqosjhnjphavyaflyigbvjqi/Build/Products/Debug-watchsimulator/ZhiYuWatch.app/en.lproj -- /Users/constantine/Library/Developer/Xcode/DerivedData/ZhiYu-ahhasqosjhnjphavyaflyigbvjqi/Build/Intermediates.noindex/ZhiYu.build/Debug-watchsimulator/ZhiYuWatch.build/en.lproj/Graph.strings
/Users/constantine/Library/Developer/Xcode/DerivedData/ZhiYu-ahhasqosjhnjphavyaflyigbvjqi/Build/Intermediates.noindex/ZhiYu.build/Debug-watchsimulator/ZhiYuWatch.build/en.lproj/Graph.strings:1:1: note: detected encoding of input file as Unicode (UTF-8) (in target 'ZhiYuWatch' from project 'ZhiYu')

CopyStringsFile /Users/constantine/Library/Developer/Xcode/DerivedData/ZhiYu-ahhasqosjhnjphavyaflyigbvjqi/Build/Products/Debug-watchsimulator/ZhiYuWatch.app/en.lproj/Chat.strings /Users/constantine/Library/Developer/Xcode/DerivedData/ZhiYu-ahhasqosjhnjphavyaflyigbvjqi/Build/Intermediates.noindex/ZhiYu.build/Debug-watchsimulator/ZhiYuWatch.build/en.lproj/Chat.strings (in target 'ZhiYuWatch' from project 'ZhiYu')
    cd /Users/constantine/Documents/work/code/projects/ZhiYu
    builtin-copyStrings --validate --outputencoding binary --outfilename Chat.strings --outdir /Users/constantine/Library/Developer/Xcode/DerivedData/ZhiYu-ahhasqosjhnjphavyaflyigbvjqi/Build/Products/Debug-watchsimulator/ZhiYuWatch.app/en.lproj -- /Users/constantine/Library/Developer/Xcode/DerivedData/ZhiYu-ahhasqosjhnjphavyaflyigbvjqi/Build/Intermediates.noindex/ZhiYu.build/Debug-watchsimulator/ZhiYuWatch.build/en.lproj/Chat.strings
/Users/constantine/Library/Developer/Xcode/DerivedData/ZhiYu-ahhasqosjhnjphavyaflyigbvjqi/Build/Intermediates.noindex/ZhiYu.build/Debug-watchsimulator/ZhiYuWatch.build/en.lproj/Chat.strings:1:1: note: detected encoding of input file as Unicode (UTF-8) (in target 'ZhiYuWatch' from project 'ZhiYu')

CopyStringsFile /Users/constantine/Library/Developer/Xcode/DerivedData/ZhiYu-ahhasqosjhnjphavyaflyigbvjqi/Build/Products/Debug-watchsimulator/ZhiYuWatch.app/en.lproj/Backup.strings /Users/constantine/Library/Developer/Xcode/DerivedData/ZhiYu-ahhasqosjhnjphavyaflyigbvjqi/Build/Intermediates.noindex/ZhiYu.build/Debug-watchsimulator/ZhiYuWatch.build/en.lproj/Backup.strings (in target 'ZhiYuWatch' from project 'ZhiYu')
    cd /Users/constantine/Documents/work/code/projects/ZhiYu
    builtin-copyStrings --validate --outputencoding binary --outfilename Backup.strings --outdir /Users/constantine/Library/Developer/Xcode/DerivedData/ZhiYu-ahhasqosjhnjphavyaflyigbvjqi/Build/Products/Debug-watchsimulator/ZhiYuWatch.app/en.lproj -- /Users/constantine/Library/Developer/Xcode/DerivedData/ZhiYu-ahhasqosjhnjphavyaflyigbvjqi/Build/Intermediates.noindex/ZhiYu.build/Debug-watchsimulator/ZhiYuWatch.build/en.lproj/Backup.strings
/Users/constantine/Library/Developer/Xcode/DerivedData/ZhiYu-ahhasqosjhnjphavyaflyigbvjqi/Build/Intermediates.noindex/ZhiYu.build/Debug-watchsimulator/ZhiYuWatch.build/en.lproj/Backup.strings:1:1: note: detected encoding of input file as Unicode (UTF-8) (in target 'ZhiYuWatch' from project 'ZhiYu')

CopyStringsFile /Users/constantine/Library/Developer/Xcode/DerivedData/ZhiYu-ahhasqosjhnjphavyaflyigbvjqi/Build/Products/Debug-watchsimulator/ZhiYuWatch.app/en.lproj/Actions.strings /Users/constantine/Library/Developer/Xcode/DerivedData/ZhiYu-ahhasqosjhnjphavyaflyigbvjqi/Build/Intermediates.noindex/ZhiYu.build/Debug-watchsimulator/ZhiYuWatch.build/en.lproj/Actions.strings (in target 'ZhiYuWatch' from project 'ZhiYu')
    cd /Users/constantine/Documents/work/code/projects/ZhiYu
    builtin-copyStrings --validate --outputencoding binary --outfilename Actions.strings --outdir /Users/constantine/Library/Developer/Xcode/DerivedData/ZhiYu-ahhasqosjhnjphavyaflyigbvjqi/Build/Products/Debug-watchsimulator/ZhiYuWatch.app/en.lproj -- /Users/constantine/Library/Developer/Xcode/DerivedData/ZhiYu-ahhasqosjhnjphavyaflyigbvjqi/Build/Intermediates.noindex/ZhiYu.build/Debug-watchsimulator/ZhiYuWatch.build/en.lproj/Actions.strings
/Users/constantine/Library/Developer/Xcode/DerivedData/ZhiYu-ahhasqosjhnjphavyaflyigbvjqi/Build/Intermediates.noindex/ZhiYu.build/Debug-watchsimulator/ZhiYuWatch.build/en.lproj/Actions.strings:1:1: note: detected encoding of input file as Unicode (UTF-8) (in target 'ZhiYuWatch' from project 'ZhiYu')

CopyStringsFile /Users/constantine/Library/Developer/Xcode/DerivedData/ZhiYu-ahhasqosjhnjphavyaflyigbvjqi/Build/Products/Debug-watchsimulator/ZhiYuWatch.app/zh-Hans.lproj/Dashboard.strings /Users/constantine/Library/Developer/Xcode/DerivedData/ZhiYu-ahhasqosjhnjphavyaflyigbvjqi/Build/Intermediates.noindex/ZhiYu.build/Debug-watchsimulator/ZhiYuWatch.build/zh-Hans.lproj/Dashboard.strings (in target 'ZhiYuWatch' from project 'ZhiYu')
    cd /Users/constantine/Documents/work/code/projects/ZhiYu
    builtin-copyStrings --validate --outputencoding binary --outfilename Dashboard.strings --outdir /Users/constantine/Library/Developer/Xcode/DerivedData/ZhiYu-ahhasqosjhnjphavyaflyigbvjqi/Build/Products/Debug-watchsimulator/ZhiYuWatch.app/zh-Hans.lproj -- /Users/constantine/Library/Developer/Xcode/DerivedData/ZhiYu-ahhasqosjhnjphavyaflyigbvjqi/Build/Intermediates.noindex/ZhiYu.build/Debug-watchsimulator/ZhiYuWatch.build/zh-Hans.lproj/Dashboard.strings
/Users/constantine/Library/Developer/Xcode/DerivedData/ZhiYu-ahhasqosjhnjphavyaflyigbvjqi/Build/Intermediates.noindex/ZhiYu.build/Debug-watchsimulator/ZhiYuWatch.build/zh-Hans.lproj/Dashboard.strings:1:1: note: detected encoding of input file as Unicode (UTF-8) (in target 'ZhiYuWatch' from project 'ZhiYu')

CopyStringsFile /Users/constantine/Library/Developer/Xcode/DerivedData/ZhiYu-ahhasqosjhnjphavyaflyigbvjqi/Build/Products/Debug-watchsimulator/ZhiYuWatch.app/en.lproj/Dashboard.strings /Users/constantine/Library/Developer/Xcode/DerivedData/ZhiYu-ahhasqosjhnjphavyaflyigbvjqi/Build/Intermediates.noindex/ZhiYu.build/Debug-watchsimulator/ZhiYuWatch.build/en.lproj/Dashboard.strings (in target 'ZhiYuWatch' from project 'ZhiYu')
    cd /Users/constantine/Documents/work/code/projects/ZhiYu
    builtin-copyStrings --validate --outputencoding binary --outfilename Dashboard.strings --outdir /Users/constantine/Library/Developer/Xcode/DerivedData/ZhiYu-ahhasqosjhnjphavyaflyigbvjqi/Build/Products/Debug-watchsimulator/ZhiYuWatch.app/en.lproj -- /Users/constantine/Library/Developer/Xcode/DerivedData/ZhiYu-ahhasqosjhnjphavyaflyigbvjqi/Build/Intermediates.noindex/ZhiYu.build/Debug-watchsimulator/ZhiYuWatch.build/en.lproj/Dashboard.strings
/Users/constantine/Library/Developer/Xcode/DerivedData/ZhiYu-ahhasqosjhnjphavyaflyigbvjqi/Build/Intermediates.noindex/ZhiYu.build/Debug-watchsimulator/ZhiYuWatch.build/en.lproj/Dashboard.strings:1:1: note: detected encoding of input file as Unicode (UTF-8) (in target 'ZhiYuWatch' from project 'ZhiYu')

CopyStringsFile /Users/constantine/Library/Developer/Xcode/DerivedData/ZhiYu-ahhasqosjhnjphavyaflyigbvjqi/Build/Products/Debug-watchsimulator/ZhiYuWatch.app/zh-Hans.lproj/Common.strings /Users/constantine/Library/Developer/Xcode/DerivedData/ZhiYu-ahhasqosjhnjphavyaflyigbvjqi/Build/Intermediates.noindex/ZhiYu.build/Debug-watchsimulator/ZhiYuWatch.build/zh-Hans.lproj/Common.strings (in target 'ZhiYuWatch' from project 'ZhiYu')
    cd /Users/constantine/Documents/work/code/projects/ZhiYu
    builtin-copyStrings --validate --outputencoding binary --outfilename Common.strings --outdir /Users/constantine/Library/Developer/Xcode/DerivedData/ZhiYu-ahhasqosjhnjphavyaflyigbvjqi/Build/Products/Debug-watchsimulator/ZhiYuWatch.app/zh-Hans.lproj -- /Users/constantine/Library/Developer/Xcode/DerivedData/ZhiYu-ahhasqosjhnjphavyaflyigbvjqi/Build/Intermediates.noindex/ZhiYu.build/Debug-watchsimulator/ZhiYuWatch.build/zh-Hans.lproj/Common.strings
/Users/constantine/Library/Developer/Xcode/DerivedData/ZhiYu-ahhasqosjhnjphavyaflyigbvjqi/Build/Intermediates.noindex/ZhiYu.build/Debug-watchsimulator/ZhiYuWatch.build/zh-Hans.lproj/Common.strings:1:1: note: detected encoding of input file as Unicode (UTF-8) (in target 'ZhiYuWatch' from project 'ZhiYu')

CopyStringsFile /Users/constantine/Library/Developer/Xcode/DerivedData/ZhiYu-ahhasqosjhnjphavyaflyigbvjqi/Build/Products/Debug-watchsimulator/ZhiYuWatch.app/en.lproj/AITasks.strings /Users/constantine/Library/Developer/Xcode/DerivedData/ZhiYu-ahhasqosjhnjphavyaflyigbvjqi/Build/Intermediates.noindex/ZhiYu.build/Debug-watchsimulator/ZhiYuWatch.build/en.lproj/AITasks.strings (in target 'ZhiYuWatch' from project 'ZhiYu')
    cd /Users/constantine/Documents/work/code/projects/ZhiYu
    builtin-copyStrings --validate --outputencoding binary --outfilename AITasks.strings --outdir /Users/constantine/Library/Developer/Xcode/DerivedData/ZhiYu-ahhasqosjhnjphavyaflyigbvjqi/Build/Products/Debug-watchsimulator/ZhiYuWatch.app/en.lproj -- /Users/constantine/Library/Developer/Xcode/DerivedData/ZhiYu-ahhasqosjhnjphavyaflyigbvjqi/Build/Intermediates.noindex/ZhiYu.build/Debug-watchsimulator/ZhiYuWatch.build/en.lproj/AITasks.strings
/Users/constantine/Library/Developer/Xcode/DerivedData/ZhiYu-ahhasqosjhnjphavyaflyigbvjqi/Build/Intermediates.noindex/ZhiYu.build/Debug-watchsimulator/ZhiYuWatch.build/en.lproj/AITasks.strings:1:1: note: detected encoding of input file as Unicode (UTF-8) (in target 'ZhiYuWatch' from project 'ZhiYu')

CopyStringsFile /Users/constantine/Library/Developer/Xcode/DerivedData/ZhiYu-ahhasqosjhnjphavyaflyigbvjqi/Build/Products/Debug-watchsimulator/ZhiYuWatch.app/zh-Hans.lproj/AITasks.strings /Users/constantine/Library/Developer/Xcode/DerivedData/ZhiYu-ahhasqosjhnjphavyaflyigbvjqi/Build/Intermediates.noindex/ZhiYu.build/Debug-watchsimulator/ZhiYuWatch.build/zh-Hans.lproj/AITasks.strings (in target 'ZhiYuWatch' from project 'ZhiYu')
    cd /Users/constantine/Documents/work/code/projects/ZhiYu
    builtin-copyStrings --validate --outputencoding binary --outfilename AITasks.strings --outdir /Users/constantine/Library/Developer/Xcode/DerivedData/ZhiYu-ahhasqosjhnjphavyaflyigbvjqi/Build/Products/Debug-watchsimulator/ZhiYuWatch.app/zh-Hans.lproj -- /Users/constantine/Library/Developer/Xcode/DerivedData/ZhiYu-ahhasqosjhnjphavyaflyigbvjqi/Build/Intermediates.noindex/ZhiYu.build/Debug-watchsimulator/ZhiYuWatch.build/zh-Hans.lproj/AITasks.strings
/Users/constantine/Library/Developer/Xcode/DerivedData/ZhiYu-ahhasqosjhnjphavyaflyigbvjqi/Build/Intermediates.noindex/ZhiYu.build/Debug-watchsimulator/ZhiYuWatch.build/zh-Hans.lproj/AITasks.strings:1:1: note: detected encoding of input file as Unicode (UTF-8) (in target 'ZhiYuWatch' from project 'ZhiYu')

CopyStringsFile /Users/constantine/Library/Developer/Xcode/DerivedData/ZhiYu-ahhasqosjhnjphavyaflyigbvjqi/Build/Products/Debug-watchsimulator/ZhiYuWatch.app/en.lproj/Common.strings /Users/constantine/Library/Developer/Xcode/DerivedData/ZhiYu-ahhasqosjhnjphavyaflyigbvjqi/Build/Intermediates.noindex/ZhiYu.build/Debug-watchsimulator/ZhiYuWatch.build/en.lproj/Common.strings (in target 'ZhiYuWatch' from project 'ZhiYu')
    cd /Users/constantine/Documents/work/code/projects/ZhiYu
    builtin-copyStrings --validate --outputencoding binary --outfilename Common.strings --outdir /Users/constantine/Library/Developer/Xcode/DerivedData/ZhiYu-ahhasqosjhnjphavyaflyigbvjqi/Build/Products/Debug-watchsimulator/ZhiYuWatch.app/en.lproj -- /Users/constantine/Library/Developer/Xcode/DerivedData/ZhiYu-ahhasqosjhnjphavyaflyigbvjqi/Build/Intermediates.noindex/ZhiYu.build/Debug-watchsimulator/ZhiYuWatch.build/en.lproj/Common.strings
/Users/constantine/Library/Developer/Xcode/DerivedData/ZhiYu-ahhasqosjhnjphavyaflyigbvjqi/Build/Intermediates.noindex/ZhiYu.build/Debug-watchsimulator/ZhiYuWatch.build/en.lproj/Common.strings:1:1: note: detected encoding of input file as Unicode (UTF-8) (in target 'ZhiYuWatch' from project 'ZhiYu')

CopyStringsFile /Users/constantine/Library/Developer/Xcode/DerivedData/ZhiYu-ahhasqosjhnjphavyaflyigbvjqi/Build/Products/Debug-watchsimulator/ZhiYuWatch.app/en.lproj/Ingest.strings /Users/constantine/Library/Developer/Xcode/DerivedData/ZhiYu-ahhasqosjhnjphavyaflyigbvjqi/Build/Intermediates.noindex/ZhiYu.build/Debug-watchsimulator/ZhiYuWatch.build/en.lproj/Ingest.strings (in target 'ZhiYuWatch' from project 'ZhiYu')
    cd /Users/constantine/Documents/work/code/projects/ZhiYu
    builtin-copyStrings --validate --outputencoding binary --outfilename Ingest.strings --outdir /Users/constantine/Library/Developer/Xcode/DerivedData/ZhiYu-ahhasqosjhnjphavyaflyigbvjqi/Build/Products/Debug-watchsimulator/ZhiYuWatch.app/en.lproj -- /Users/constantine/Library/Developer/Xcode/DerivedData/ZhiYu-ahhasqosjhnjphavyaflyigbvjqi/Build/Intermediates.noindex/ZhiYu.build/Debug-watchsimulator/ZhiYuWatch.build/en.lproj/Ingest.strings
/Users/constantine/Library/Developer/Xcode/DerivedData/ZhiYu-ahhasqosjhnjphavyaflyigbvjqi/Build/Intermediates.noindex/ZhiYu.build/Debug-watchsimulator/ZhiYuWatch.build/en.lproj/Ingest.strings:1:1: note: detected encoding of input file as Unicode (UTF-8) (in target 'ZhiYuWatch' from project 'ZhiYu')

CopyStringsFile /Users/constantine/Library/Developer/Xcode/DerivedData/ZhiYu-ahhasqosjhnjphavyaflyigbvjqi/Build/Products/Debug-watchsimulator/ZhiYuWatch.app/zh-Hans.lproj/Ingest.strings /Users/constantine/Library/Developer/Xcode/DerivedData/ZhiYu-ahhasqosjhnjphavyaflyigbvjqi/Build/Intermediates.noindex/ZhiYu.build/Debug-watchsimulator/ZhiYuWatch.build/zh-Hans.lproj/Ingest.strings (in target 'ZhiYuWatch' from project 'ZhiYu')
    cd /Users/constantine/Documents/work/code/projects/ZhiYu
    builtin-copyStrings --validate --outputencoding binary --outfilename Ingest.strings --outdir /Users/constantine/Library/Developer/Xcode/DerivedData/ZhiYu-ahhasqosjhnjphavyaflyigbvjqi/Build/Products/Debug-watchsimulator/ZhiYuWatch.app/zh-Hans.lproj -- /Users/constantine/Library/Developer/Xcode/DerivedData/ZhiYu-ahhasqosjhnjphavyaflyigbvjqi/Build/Intermediates.noindex/ZhiYu.build/Debug-watchsimulator/ZhiYuWatch.build/zh-Hans.lproj/Ingest.strings
/Users/constantine/Library/Developer/Xcode/DerivedData/ZhiYu-ahhasqosjhnjphavyaflyigbvjqi/Build/Intermediates.noindex/ZhiYu.build/Debug-watchsimulator/ZhiYuWatch.build/zh-Hans.lproj/Ingest.strings:1:1: note: detected encoding of input file as Unicode (UTF-8) (in target 'ZhiYuWatch' from project 'ZhiYu')

CreateUniversalBinary /Users/constantine/Library/Developer/Xcode/DerivedData/ZhiYu-ahhasqosjhnjphavyaflyigbvjqi/Build/Products/Debug-watchsimulator/ZhiYuWatch.app/__preview.dylib normal arm64\ x86_64 (in target 'ZhiYuWatch' from project 'ZhiYu')
    cd /Users/constantine/Documents/work/code/projects/ZhiYu
    /Applications/Xcode.app/Contents/Developer/Toolchains/XcodeDefault.xctoolchain/usr/bin/lipo -create /Users/constantine/Library/Developer/Xcode/DerivedData/ZhiYu-ahhasqosjhnjphavyaflyigbvjqi/Build/Intermediates.noindex/ZhiYu.build/Debug-watchsimulator/ZhiYuWatch.build/Objects-normal/arm64/Binary/__preview.dylib /Users/constantine/Library/Developer/Xcode/DerivedData/ZhiYu-ahhasqosjhnjphavyaflyigbvjqi/Build/Intermediates.noindex/ZhiYu.build/Debug-watchsimulator/ZhiYuWatch.build/Objects-normal/x86_64/Binary/__preview.dylib -output /Users/constantine/Library/Developer/Xcode/DerivedData/ZhiYu-ahhasqosjhnjphavyaflyigbvjqi/Build/Products/Debug-watchsimulator/ZhiYuWatch.app/__preview.dylib

** BUILD FAILED **


The following build commands failed:
	SwiftDriver ZhiYuWatch normal arm64 com.apple.xcode.tools.swift.compiler (in target 'ZhiYuWatch' from project 'ZhiYu')
	SwiftDriver ZhiYuWatch normal x86_64 com.apple.xcode.tools.swift.compiler (in target 'ZhiYuWatch' from project 'ZhiYu')
	Building project ZhiYu with scheme ZhiYuWatch
(3 failures)
